[0.064s] Invoking command in '/home/arc/nav2_ws/build/dwb_plugins': AMENT_PREFIX_PATH=/home/arc/nav2_ws/install/dwb_core:/home/arc/nav2_ws/install/nav2_core:/home/arc/nav2_ws/install/nav2_costmap_2d:/home/arc/nav2_ws/install/nav_2d_utils:/home/arc/nav2_ws/install/nav2_util:/home/arc/nav2_ws/install/nav2_voxel_grid:/home/arc/nav2_ws/install/nav2_msgs:/home/arc/nav2_ws/install/dwb_msgs:/home/arc/nav2_ws/install/nav_2d_msgs:/home/arc/nav2_ws/install/nav2_common:${AMENT_PREFIX_PATH} CMAKE_PREFIX_PATH=/home/arc/nav2_ws/install/dwb_core:/home/arc/nav2_ws/install/nav2_core:/home/arc/nav2_ws/install/nav2_costmap_2d:/home/arc/nav2_ws/install/nav_2d_utils:/home/arc/nav2_ws/install/nav2_util:/home/arc/nav2_ws/install/nav2_voxel_grid:/home/arc/nav2_ws/install/nav2_msgs:/home/arc/nav2_ws/install/dwb_msgs:/home/arc/nav2_ws/install/nav_2d_msgs:/home/arc/nav2_ws/install/nav2_common:/home/arc/workspace/install:/opt/ros/humble LD_LIBRARY_PATH=/home/arc/nav2_ws/install/dwb_core/lib:/home/arc/nav2_ws/install/nav2_costmap_2d/lib:/home/arc/nav2_ws/install/nav_2d_utils/lib:/home/arc/nav2_ws/install/nav2_util/lib:/home/arc/nav2_ws/install/nav2_voxel_grid/lib:/home/arc/nav2_ws/install/nav2_msgs/lib:/home/arc/nav2_ws/install/dwb_msgs/lib:/home/arc/nav2_ws/install/nav_2d_msgs/lib:${LD_LIBRARY_PATH} PYTHONPATH=/home/arc/nav2_ws/install/nav2_msgs/local/lib/python3.10/dist-packages:/home/arc/nav2_ws/install/dwb_msgs/local/lib/python3.10/dist-packages:/home/arc/nav2_ws/install/nav_2d_msgs/local/lib/python3.10/dist-packages:/home/arc/nav2_ws/install/nav2_common/local/lib/python3.10/dist-packages:${PYTHONPATH} /usr/bin/cmake /home/arc/nav2_ws/src/navigation2/nav2_dwb_controller/dwb_plugins -DCMAKE_INSTALL_PREFIX=/home/arc/nav2_ws/install/dwb_plugins
[0.089s] -- Found ament_cmake: 1.3.2 (/opt/ros/humble/share/ament_cmake/cmake)
[0.421s] -- Override CMake install command with custom implementation using symlinks instead of copying resources
[0.436s] -- Found nav2_common: 1.1.2 (/home/arc/nav2_ws/install/nav2_common/share/nav2_common/cmake)
[0.436s] -- Found angles: 1.15.0 (/opt/ros/humble/share/angles/cmake)
[0.440s] -- Found dwb_core: 1.1.2 (/home/arc/nav2_ws/install/dwb_core/share/dwb_core/cmake)
[0.517s] -- Found rosidl_generator_c: 3.1.3 (/opt/ros/humble/share/rosidl_generator_c/cmake)
[0.524s] -- Found rosidl_adapter: 3.1.3 (/opt/ros/humble/share/rosidl_adapter/cmake)
[0.537s] -- Found rosidl_generator_cpp: 3.1.3 (/opt/ros/humble/share/rosidl_generator_cpp/cmake)
[0.566s] -- Using all available rosidl_typesupport_c: rosidl_typesupport_fastrtps_c;rosidl_typesupport_introspection_c
[0.605s] -- Using all available rosidl_typesupport_cpp: rosidl_typesupport_fastrtps_cpp;rosidl_typesupport_introspection_cpp
[0.750s] -- Found rmw_implementation_cmake: 6.1.0 (/opt/ros/humble/share/rmw_implementation_cmake/cmake)
[0.756s] -- Found rmw_fastrtps_cpp: 6.2.1 (/opt/ros/humble/share/rmw_fastrtps_cpp/cmake)
[1.025s] -- Using RMW implementation 'rmw_fastrtps_cpp' as default
[4.153s] -- Ensuring Eigen3 include directory is part of orocos-kdl CMake target
[26.432s] -- Found ament_lint_auto: 0.12.4 (/opt/ros/humble/share/ament_lint_auto/cmake)
[26.593s] -- Found gtest sources under '/opt/ros/humble/src/gtest_vendor': C++ tests using 'Google Test' will be built
[26.628s] -- Added test 'cppcheck' to perform static code analysis on C / C++ code
[26.630s] -- Configured cppcheck include dirs: /home/arc/nav2_ws/src/navigation2/nav2_dwb_controller/dwb_plugins/include
[26.630s] -- Configured cppcheck exclude dirs and/or files: 
[26.633s] -- Added test 'cpplint' to check C / C++ code against the Google style
[26.633s] -- Configured cpplint exclude dirs and/or files: 
[26.635s] -- Added test 'lint_cmake' to check CMake code style
[26.638s] -- Added test 'uncrustify' to check C / C++ code style
[26.638s] -- Configured uncrustify additional arguments: 
[26.640s] -- Added test 'xmllint' to check XML markup files
[26.646s] -- Configuring done
[27.045s] -- Generating done
[27.051s] -- Build files have been written to: /home/arc/nav2_ws/build/dwb_plugins
[27.078s] Invoked command in '/home/arc/nav2_ws/build/dwb_plugins' returned '0': AMENT_PREFIX_PATH=/home/arc/nav2_ws/install/dwb_core:/home/arc/nav2_ws/install/nav2_core:/home/arc/nav2_ws/install/nav2_costmap_2d:/home/arc/nav2_ws/install/nav_2d_utils:/home/arc/nav2_ws/install/nav2_util:/home/arc/nav2_ws/install/nav2_voxel_grid:/home/arc/nav2_ws/install/nav2_msgs:/home/arc/nav2_ws/install/dwb_msgs:/home/arc/nav2_ws/install/nav_2d_msgs:/home/arc/nav2_ws/install/nav2_common:${AMENT_PREFIX_PATH} CMAKE_PREFIX_PATH=/home/arc/nav2_ws/install/dwb_core:/home/arc/nav2_ws/install/nav2_core:/home/arc/nav2_ws/install/nav2_costmap_2d:/home/arc/nav2_ws/install/nav_2d_utils:/home/arc/nav2_ws/install/nav2_util:/home/arc/nav2_ws/install/nav2_voxel_grid:/home/arc/nav2_ws/install/nav2_msgs:/home/arc/nav2_ws/install/dwb_msgs:/home/arc/nav2_ws/install/nav_2d_msgs:/home/arc/nav2_ws/install/nav2_common:/home/arc/workspace/install:/opt/ros/humble LD_LIBRARY_PATH=/home/arc/nav2_ws/install/dwb_core/lib:/home/arc/nav2_ws/install/nav2_costmap_2d/lib:/home/arc/nav2_ws/install/nav_2d_utils/lib:/home/arc/nav2_ws/install/nav2_util/lib:/home/arc/nav2_ws/install/nav2_voxel_grid/lib:/home/arc/nav2_ws/install/nav2_msgs/lib:/home/arc/nav2_ws/install/dwb_msgs/lib:/home/arc/nav2_ws/install/nav_2d_msgs/lib:${LD_LIBRARY_PATH} PYTHONPATH=/home/arc/nav2_ws/install/nav2_msgs/local/lib/python3.10/dist-packages:/home/arc/nav2_ws/install/dwb_msgs/local/lib/python3.10/dist-packages:/home/arc/nav2_ws/install/nav_2d_msgs/local/lib/python3.10/dist-packages:/home/arc/nav2_ws/install/nav2_common/local/lib/python3.10/dist-packages:${PYTHONPATH} /usr/bin/cmake /home/arc/nav2_ws/src/navigation2/nav2_dwb_controller/dwb_plugins -DCMAKE_INSTALL_PREFIX=/home/arc/nav2_ws/install/dwb_plugins
[27.080s] Invoking command in '/home/arc/nav2_ws/build/dwb_plugins': AMENT_PREFIX_PATH=/home/arc/nav2_ws/install/dwb_core:/home/arc/nav2_ws/install/nav2_core:/home/arc/nav2_ws/install/nav2_costmap_2d:/home/arc/nav2_ws/install/nav_2d_utils:/home/arc/nav2_ws/install/nav2_util:/home/arc/nav2_ws/install/nav2_voxel_grid:/home/arc/nav2_ws/install/nav2_msgs:/home/arc/nav2_ws/install/dwb_msgs:/home/arc/nav2_ws/install/nav_2d_msgs:/home/arc/nav2_ws/install/nav2_common:${AMENT_PREFIX_PATH} CMAKE_PREFIX_PATH=/home/arc/nav2_ws/install/dwb_core:/home/arc/nav2_ws/install/nav2_core:/home/arc/nav2_ws/install/nav2_costmap_2d:/home/arc/nav2_ws/install/nav_2d_utils:/home/arc/nav2_ws/install/nav2_util:/home/arc/nav2_ws/install/nav2_voxel_grid:/home/arc/nav2_ws/install/nav2_msgs:/home/arc/nav2_ws/install/dwb_msgs:/home/arc/nav2_ws/install/nav_2d_msgs:/home/arc/nav2_ws/install/nav2_common:/home/arc/workspace/install:/opt/ros/humble LD_LIBRARY_PATH=/home/arc/nav2_ws/install/dwb_core/lib:/home/arc/nav2_ws/install/nav2_costmap_2d/lib:/home/arc/nav2_ws/install/nav_2d_utils/lib:/home/arc/nav2_ws/install/nav2_util/lib:/home/arc/nav2_ws/install/nav2_voxel_grid/lib:/home/arc/nav2_ws/install/nav2_msgs/lib:/home/arc/nav2_ws/install/dwb_msgs/lib:/home/arc/nav2_ws/install/nav_2d_msgs/lib:${LD_LIBRARY_PATH} PYTHONPATH=/home/arc/nav2_ws/install/nav2_msgs/local/lib/python3.10/dist-packages:/home/arc/nav2_ws/install/dwb_msgs/local/lib/python3.10/dist-packages:/home/arc/nav2_ws/install/nav_2d_msgs/local/lib/python3.10/dist-packages:/home/arc/nav2_ws/install/nav2_common/local/lib/python3.10/dist-packages:${PYTHONPATH} /usr/bin/cmake --build /home/arc/nav2_ws/build/dwb_plugins -- -j4 -l4
[27.167s] [35m[1mConsolidate compiler generated dependencies of target standard_traj_generator[0m
[27.222s] [ 29%] Built target standard_traj_generator
[27.240s] [35m[1mConsolidate compiler generated dependencies of target gtest[0m
[27.268s] [ 41%] Built target gtest
[27.285s] [35m[1mConsolidate compiler generated dependencies of target gtest_main[0m
[27.309s] [ 52%] Built target gtest_main
[27.329s] [35m[1mConsolidate compiler generated dependencies of target vtest[0m
[27.353s] [ 64%] Built target vtest
[27.373s] [35m[1mConsolidate compiler generated dependencies of target speed_limit_test[0m
[27.410s] [ 76%] Built target speed_limit_test
[27.430s] [35m[1mConsolidate compiler generated dependencies of target kinematic_parameters_test[0m
[27.468s] [ 88%] Built target kinematic_parameters_test
[27.489s] [35m[1mConsolidate compiler generated dependencies of target twist_gen_test[0m
[27.533s] [100%] Built target twist_gen_test
[27.558s] Invoked command in '/home/arc/nav2_ws/build/dwb_plugins' returned '0': AMENT_PREFIX_PATH=/home/arc/nav2_ws/install/dwb_core:/home/arc/nav2_ws/install/nav2_core:/home/arc/nav2_ws/install/nav2_costmap_2d:/home/arc/nav2_ws/install/nav_2d_utils:/home/arc/nav2_ws/install/nav2_util:/home/arc/nav2_ws/install/nav2_voxel_grid:/home/arc/nav2_ws/install/nav2_msgs:/home/arc/nav2_ws/install/dwb_msgs:/home/arc/nav2_ws/install/nav_2d_msgs:/home/arc/nav2_ws/install/nav2_common:${AMENT_PREFIX_PATH} CMAKE_PREFIX_PATH=/home/arc/nav2_ws/install/dwb_core:/home/arc/nav2_ws/install/nav2_core:/home/arc/nav2_ws/install/nav2_costmap_2d:/home/arc/nav2_ws/install/nav_2d_utils:/home/arc/nav2_ws/install/nav2_util:/home/arc/nav2_ws/install/nav2_voxel_grid:/home/arc/nav2_ws/install/nav2_msgs:/home/arc/nav2_ws/install/dwb_msgs:/home/arc/nav2_ws/install/nav_2d_msgs:/home/arc/nav2_ws/install/nav2_common:/home/arc/workspace/install:/opt/ros/humble LD_LIBRARY_PATH=/home/arc/nav2_ws/install/dwb_core/lib:/home/arc/nav2_ws/install/nav2_costmap_2d/lib:/home/arc/nav2_ws/install/nav_2d_utils/lib:/home/arc/nav2_ws/install/nav2_util/lib:/home/arc/nav2_ws/install/nav2_voxel_grid/lib:/home/arc/nav2_ws/install/nav2_msgs/lib:/home/arc/nav2_ws/install/dwb_msgs/lib:/home/arc/nav2_ws/install/nav_2d_msgs/lib:${LD_LIBRARY_PATH} PYTHONPATH=/home/arc/nav2_ws/install/nav2_msgs/local/lib/python3.10/dist-packages:/home/arc/nav2_ws/install/dwb_msgs/local/lib/python3.10/dist-packages:/home/arc/nav2_ws/install/nav_2d_msgs/local/lib/python3.10/dist-packages:/home/arc/nav2_ws/install/nav2_common/local/lib/python3.10/dist-packages:${PYTHONPATH} /usr/bin/cmake --build /home/arc/nav2_ws/build/dwb_plugins -- -j4 -l4
[27.627s] Invoking command in '/home/arc/nav2_ws/build/dwb_plugins': AMENT_PREFIX_PATH=/home/arc/nav2_ws/install/dwb_core:/home/arc/nav2_ws/install/nav2_core:/home/arc/nav2_ws/install/nav2_costmap_2d:/home/arc/nav2_ws/install/nav_2d_utils:/home/arc/nav2_ws/install/nav2_util:/home/arc/nav2_ws/install/nav2_voxel_grid:/home/arc/nav2_ws/install/nav2_msgs:/home/arc/nav2_ws/install/dwb_msgs:/home/arc/nav2_ws/install/nav_2d_msgs:/home/arc/nav2_ws/install/nav2_common:${AMENT_PREFIX_PATH} CMAKE_PREFIX_PATH=/home/arc/nav2_ws/install/dwb_core:/home/arc/nav2_ws/install/nav2_core:/home/arc/nav2_ws/install/nav2_costmap_2d:/home/arc/nav2_ws/install/nav_2d_utils:/home/arc/nav2_ws/install/nav2_util:/home/arc/nav2_ws/install/nav2_voxel_grid:/home/arc/nav2_ws/install/nav2_msgs:/home/arc/nav2_ws/install/dwb_msgs:/home/arc/nav2_ws/install/nav_2d_msgs:/home/arc/nav2_ws/install/nav2_common:/home/arc/workspace/install:/opt/ros/humble LD_LIBRARY_PATH=/home/arc/nav2_ws/install/dwb_core/lib:/home/arc/nav2_ws/install/nav2_costmap_2d/lib:/home/arc/nav2_ws/install/nav_2d_utils/lib:/home/arc/nav2_ws/install/nav2_util/lib:/home/arc/nav2_ws/install/nav2_voxel_grid/lib:/home/arc/nav2_ws/install/nav2_msgs/lib:/home/arc/nav2_ws/install/dwb_msgs/lib:/home/arc/nav2_ws/install/nav_2d_msgs/lib:${LD_LIBRARY_PATH} PYTHONPATH=/home/arc/nav2_ws/install/nav2_msgs/local/lib/python3.10/dist-packages:/home/arc/nav2_ws/install/dwb_msgs/local/lib/python3.10/dist-packages:/home/arc/nav2_ws/install/nav_2d_msgs/local/lib/python3.10/dist-packages:/home/arc/nav2_ws/install/nav2_common/local/lib/python3.10/dist-packages:${PYTHONPATH} /usr/bin/cmake --install /home/arc/nav2_ws/build/dwb_plugins
[27.643s] -- Install configuration: "Release"
[27.644s] -- Execute custom install script
[27.645s] -- Up-to-date symlink: /home/arc/nav2_ws/install/dwb_plugins/lib/libstandard_traj_generator.so
[27.646s] -- Up-to-date symlink: /home/arc/nav2_ws/install/dwb_plugins/include//dwb_plugins/kinematic_parameters.hpp
[27.646s] -- Up-to-date symlink: /home/arc/nav2_ws/install/dwb_plugins/include//dwb_plugins/limited_accel_generator.hpp
[27.646s] -- Up-to-date symlink: /home/arc/nav2_ws/install/dwb_plugins/include//dwb_plugins/one_d_velocity_iterator.hpp
[27.647s] -- Up-to-date symlink: /home/arc/nav2_ws/install/dwb_plugins/include//dwb_plugins/standard_traj_generator.hpp
[27.647s] -- Up-to-date symlink: /home/arc/nav2_ws/install/dwb_plugins/include//dwb_plugins/velocity_iterator.hpp
[27.647s] -- Up-to-date symlink: /home/arc/nav2_ws/install/dwb_plugins/include//dwb_plugins/xy_theta_iterator.hpp
[27.647s] -- Up-to-date symlink: /home/arc/nav2_ws/install/dwb_plugins/share/dwb_plugins/plugins.xml
[27.648s] -- Up-to-date symlink: /home/arc/nav2_ws/install/dwb_plugins/share/dwb_plugins/environment/library_path.sh
[27.648s] -- Up-to-date symlink: /home/arc/nav2_ws/install/dwb_plugins/share/dwb_plugins/environment/library_path.dsv
[27.648s] -- Up-to-date symlink: /home/arc/nav2_ws/install/dwb_plugins/share/dwb_plugins//plugins.xml
[27.649s] -- Up-to-date symlink: /home/arc/nav2_ws/install/dwb_plugins/share/ament_index/resource_index/package_run_dependencies/dwb_plugins
[27.649s] -- Up-to-date symlink: /home/arc/nav2_ws/install/dwb_plugins/share/ament_index/resource_index/parent_prefix_path/dwb_plugins
[27.650s] -- Up-to-date symlink: /home/arc/nav2_ws/install/dwb_plugins/share/dwb_plugins/environment/ament_prefix_path.sh
[27.650s] -- Up-to-date symlink: /home/arc/nav2_ws/install/dwb_plugins/share/dwb_plugins/environment/ament_prefix_path.dsv
[27.651s] -- Up-to-date symlink: /home/arc/nav2_ws/install/dwb_plugins/share/dwb_plugins/environment/path.sh
[27.651s] -- Up-to-date symlink: /home/arc/nav2_ws/install/dwb_plugins/share/dwb_plugins/environment/path.dsv
[27.651s] -- Up-to-date symlink: /home/arc/nav2_ws/install/dwb_plugins/share/dwb_plugins/local_setup.bash
[27.652s] -- Up-to-date symlink: /home/arc/nav2_ws/install/dwb_plugins/share/dwb_plugins/local_setup.sh
[27.652s] -- Up-to-date symlink: /home/arc/nav2_ws/install/dwb_plugins/share/dwb_plugins/local_setup.zsh
[27.652s] -- Up-to-date symlink: /home/arc/nav2_ws/install/dwb_plugins/share/dwb_plugins/local_setup.dsv
[27.652s] -- Symlinking: /home/arc/nav2_ws/install/dwb_plugins/share/dwb_plugins/package.dsv
[27.673s] -- Up-to-date symlink: /home/arc/nav2_ws/install/dwb_plugins/share/ament_index/resource_index/packages/dwb_plugins
[27.673s] -- Up-to-date symlink: /home/arc/nav2_ws/install/dwb_plugins/share/ament_index/resource_index/dwb_core__pluginlib__plugin/dwb_plugins
[27.673s] -- Up-to-date symlink: /home/arc/nav2_ws/install/dwb_plugins/share/dwb_plugins/cmake/ament_cmake_export_include_directories-extras.cmake
[27.674s] -- Up-to-date symlink: /home/arc/nav2_ws/install/dwb_plugins/share/dwb_plugins/cmake/ament_cmake_export_libraries-extras.cmake
[27.674s] -- Up-to-date symlink: /home/arc/nav2_ws/install/dwb_plugins/share/dwb_plugins/cmake/dwb_pluginsConfig.cmake
[27.674s] -- Up-to-date symlink: /home/arc/nav2_ws/install/dwb_plugins/share/dwb_plugins/cmake/dwb_pluginsConfig-version.cmake
[27.675s] -- Up-to-date symlink: /home/arc/nav2_ws/install/dwb_plugins/share/dwb_plugins/package.xml
[27.683s] Invoked command in '/home/arc/nav2_ws/build/dwb_plugins' returned '0': AMENT_PREFIX_PATH=/home/arc/nav2_ws/install/dwb_core:/home/arc/nav2_ws/install/nav2_core:/home/arc/nav2_ws/install/nav2_costmap_2d:/home/arc/nav2_ws/install/nav_2d_utils:/home/arc/nav2_ws/install/nav2_util:/home/arc/nav2_ws/install/nav2_voxel_grid:/home/arc/nav2_ws/install/nav2_msgs:/home/arc/nav2_ws/install/dwb_msgs:/home/arc/nav2_ws/install/nav_2d_msgs:/home/arc/nav2_ws/install/nav2_common:${AMENT_PREFIX_PATH} CMAKE_PREFIX_PATH=/home/arc/nav2_ws/install/dwb_core:/home/arc/nav2_ws/install/nav2_core:/home/arc/nav2_ws/install/nav2_costmap_2d:/home/arc/nav2_ws/install/nav_2d_utils:/home/arc/nav2_ws/install/nav2_util:/home/arc/nav2_ws/install/nav2_voxel_grid:/home/arc/nav2_ws/install/nav2_msgs:/home/arc/nav2_ws/install/dwb_msgs:/home/arc/nav2_ws/install/nav_2d_msgs:/home/arc/nav2_ws/install/nav2_common:/home/arc/workspace/install:/opt/ros/humble LD_LIBRARY_PATH=/home/arc/nav2_ws/install/dwb_core/lib:/home/arc/nav2_ws/install/nav2_costmap_2d/lib:/home/arc/nav2_ws/install/nav_2d_utils/lib:/home/arc/nav2_ws/install/nav2_util/lib:/home/arc/nav2_ws/install/nav2_voxel_grid/lib:/home/arc/nav2_ws/install/nav2_msgs/lib:/home/arc/nav2_ws/install/dwb_msgs/lib:/home/arc/nav2_ws/install/nav_2d_msgs/lib:${LD_LIBRARY_PATH} PYTHONPATH=/home/arc/nav2_ws/install/nav2_msgs/local/lib/python3.10/dist-packages:/home/arc/nav2_ws/install/dwb_msgs/local/lib/python3.10/dist-packages:/home/arc/nav2_ws/install/nav_2d_msgs/local/lib/python3.10/dist-packages:/home/arc/nav2_ws/install/nav2_common/local/lib/python3.10/dist-packages:${PYTHONPATH} /usr/bin/cmake --install /home/arc/nav2_ws/build/dwb_plugins
