[0.049s] Invoking command in '/home/arc/nav2_ws/build/nav2_theta_star_planner': AMENT_PREFIX_PATH=/home/arc/nav2_ws/install/nav2_core:/home/arc/nav2_ws/install/nav2_costmap_2d:/home/arc/nav2_ws/install/nav2_util:/home/arc/nav2_ws/install/nav2_voxel_grid:/home/arc/nav2_ws/install/nav2_msgs:/home/arc/nav2_ws/install/nav2_common:${AMENT_PREFIX_PATH} CMAKE_PREFIX_PATH=/home/arc/nav2_ws/install/nav2_core:/home/arc/nav2_ws/install/nav2_costmap_2d:/home/arc/nav2_ws/install/nav2_util:/home/arc/nav2_ws/install/nav2_voxel_grid:/home/arc/nav2_ws/install/nav2_msgs:/home/arc/nav2_ws/install/nav2_common:/home/arc/workspace/install:/opt/ros/humble LD_LIBRARY_PATH=/home/arc/nav2_ws/install/nav2_costmap_2d/lib:/home/arc/nav2_ws/install/nav2_util/lib:/home/arc/nav2_ws/install/nav2_voxel_grid/lib:/home/arc/nav2_ws/install/nav2_msgs/lib:${LD_LIBRARY_PATH} PYTHONPATH=/home/arc/nav2_ws/install/nav2_msgs/local/lib/python3.10/dist-packages:/home/arc/nav2_ws/install/nav2_common/local/lib/python3.10/dist-packages:${PYTHONPATH} /usr/bin/cmake /home/arc/nav2_ws/src/navigation2/nav2_theta_star_planner -DAMENT_CMAKE_SYMLINK_INSTALL=1 -DCMAKE_INSTALL_PREFIX=/home/arc/nav2_ws/install/nav2_theta_star_planner
[0.185s] -- The C compiler identification is GNU 11.2.0
[0.309s] -- The CXX compiler identification is GNU 11.2.0
[0.324s] -- Detecting C compiler ABI info
[0.476s] -- Detecting C compiler ABI info - done
[0.501s] -- Check for working C compiler: /usr/bin/cc - skipped
[0.502s] -- Detecting C compile features
[0.503s] -- Detecting C compile features - done
[0.510s] -- Detecting CXX compiler ABI info
[0.685s] -- Detecting CXX compiler ABI info - done
[0.710s] -- Check for working CXX compiler: /usr/bin/c++ - skipped
[0.711s] -- Detecting CXX compile features
[0.712s] -- Detecting CXX compile features - done
[0.721s] -- Found ament_cmake: 1.3.2 (/opt/ros/humble/share/ament_cmake/cmake)
[2.502s] -- Found Python3: /usr/bin/python3.10 (found version "3.10.6") found components: Interpreter 
[2.659s] -- Override CMake install command with custom implementation using symlinks instead of copying resources
[2.735s] -- Found builtin_interfaces: 1.2.0 (/opt/ros/humble/share/builtin_interfaces/cmake)
[2.828s] -- Found rosidl_generator_c: 3.1.3 (/opt/ros/humble/share/rosidl_generator_c/cmake)
[2.843s] -- Found rosidl_adapter: 3.1.3 (/opt/ros/humble/share/rosidl_adapter/cmake)
[2.868s] -- Found rosidl_generator_cpp: 3.1.3 (/opt/ros/humble/share/rosidl_generator_cpp/cmake)
[2.908s] -- Using all available rosidl_typesupport_c: rosidl_typesupport_fastrtps_c;rosidl_typesupport_introspection_c
[2.966s] -- Using all available rosidl_typesupport_cpp: rosidl_typesupport_fastrtps_cpp;rosidl_typesupport_introspection_cpp
[3.016s] -- Found nav2_common: 1.1.2 (/home/arc/nav2_ws/install/nav2_common/share/nav2_common/cmake)
[3.018s] -- Found nav2_core: 1.1.2 (/home/arc/nav2_ws/install/nav2_core/share/nav2_core/cmake)
[3.204s] -- Found rmw_implementation_cmake: 6.1.0 (/opt/ros/humble/share/rmw_implementation_cmake/cmake)
[3.212s] -- Found rmw_fastrtps_cpp: 6.2.1 (/opt/ros/humble/share/rmw_fastrtps_cpp/cmake)
[3.456s] -- Found OpenSSL: /usr/lib/x86_64-linux-gnu/libcrypto.so (found version "3.0.2")  
[3.522s] -- Found FastRTPS: /opt/ros/humble/include  
[3.631s] -- Using RMW implementation 'rmw_fastrtps_cpp' as default
[6.852s] -- Found Eigen3: TRUE (found version "3.4.0") 
[6.852s] -- Ensuring Eigen3 include directory is part of orocos-kdl CMake target
[11.096s] -- Setting build type to Release as none was specified.
[21.499s] -- Found ament_lint_auto: 0.12.4 (/opt/ros/humble/share/ament_lint_auto/cmake)
[21.706s] -- Found gtest sources under '/opt/ros/humble/src/gtest_vendor': C++ tests using 'Google Test' will be built
[21.714s] -- Looking for pthread.h
[21.857s] -- Looking for pthread.h - found
[21.858s] -- Performing Test CMAKE_HAVE_LIBC_PTHREAD
[22.022s] -- Performing Test CMAKE_HAVE_LIBC_PTHREAD - Success
[22.022s] -- Found Threads: TRUE  
[32.299s] -- Added test 'copyright' to check source files copyright and LICENSE
[32.302s] -- Added test 'cppcheck' to perform static code analysis on C / C++ code
[32.303s] -- Configured cppcheck include dirs: /home/arc/nav2_ws/src/navigation2/nav2_theta_star_planner/include
[32.303s] -- Configured cppcheck exclude dirs and/or files: 
[32.305s] -- Added test 'cpplint' to check C / C++ code against the Google style
[32.306s] -- Configured cpplint exclude dirs and/or files: 
[32.307s] -- Added test 'lint_cmake' to check CMake code style
[32.311s] -- Added test 'uncrustify' to check C / C++ code style
[32.311s] -- Configured uncrustify additional arguments: 
[32.312s] -- Added test 'xmllint' to check XML markup files
[32.319s] -- Configuring done
[32.544s] -- Generating done
[32.549s] -- Build files have been written to: /home/arc/nav2_ws/build/nav2_theta_star_planner
[32.579s] Invoked command in '/home/arc/nav2_ws/build/nav2_theta_star_planner' returned '0': AMENT_PREFIX_PATH=/home/arc/nav2_ws/install/nav2_core:/home/arc/nav2_ws/install/nav2_costmap_2d:/home/arc/nav2_ws/install/nav2_util:/home/arc/nav2_ws/install/nav2_voxel_grid:/home/arc/nav2_ws/install/nav2_msgs:/home/arc/nav2_ws/install/nav2_common:${AMENT_PREFIX_PATH} CMAKE_PREFIX_PATH=/home/arc/nav2_ws/install/nav2_core:/home/arc/nav2_ws/install/nav2_costmap_2d:/home/arc/nav2_ws/install/nav2_util:/home/arc/nav2_ws/install/nav2_voxel_grid:/home/arc/nav2_ws/install/nav2_msgs:/home/arc/nav2_ws/install/nav2_common:/home/arc/workspace/install:/opt/ros/humble LD_LIBRARY_PATH=/home/arc/nav2_ws/install/nav2_costmap_2d/lib:/home/arc/nav2_ws/install/nav2_util/lib:/home/arc/nav2_ws/install/nav2_voxel_grid/lib:/home/arc/nav2_ws/install/nav2_msgs/lib:${LD_LIBRARY_PATH} PYTHONPATH=/home/arc/nav2_ws/install/nav2_msgs/local/lib/python3.10/dist-packages:/home/arc/nav2_ws/install/nav2_common/local/lib/python3.10/dist-packages:${PYTHONPATH} /usr/bin/cmake /home/arc/nav2_ws/src/navigation2/nav2_theta_star_planner -DAMENT_CMAKE_SYMLINK_INSTALL=1 -DCMAKE_INSTALL_PREFIX=/home/arc/nav2_ws/install/nav2_theta_star_planner
[32.580s] Invoking command in '/home/arc/nav2_ws/build/nav2_theta_star_planner': AMENT_PREFIX_PATH=/home/arc/nav2_ws/install/nav2_core:/home/arc/nav2_ws/install/nav2_costmap_2d:/home/arc/nav2_ws/install/nav2_util:/home/arc/nav2_ws/install/nav2_voxel_grid:/home/arc/nav2_ws/install/nav2_msgs:/home/arc/nav2_ws/install/nav2_common:${AMENT_PREFIX_PATH} CMAKE_PREFIX_PATH=/home/arc/nav2_ws/install/nav2_core:/home/arc/nav2_ws/install/nav2_costmap_2d:/home/arc/nav2_ws/install/nav2_util:/home/arc/nav2_ws/install/nav2_voxel_grid:/home/arc/nav2_ws/install/nav2_msgs:/home/arc/nav2_ws/install/nav2_common:/home/arc/workspace/install:/opt/ros/humble LD_LIBRARY_PATH=/home/arc/nav2_ws/install/nav2_costmap_2d/lib:/home/arc/nav2_ws/install/nav2_util/lib:/home/arc/nav2_ws/install/nav2_voxel_grid/lib:/home/arc/nav2_ws/install/nav2_msgs/lib:${LD_LIBRARY_PATH} PYTHONPATH=/home/arc/nav2_ws/install/nav2_msgs/local/lib/python3.10/dist-packages:/home/arc/nav2_ws/install/nav2_common/local/lib/python3.10/dist-packages:${PYTHONPATH} /usr/bin/cmake --build /home/arc/nav2_ws/build/nav2_theta_star_planner -- -j4 -l4
[32.671s] [ 11%] [32mBuilding CXX object CMakeFiles/nav2_theta_star_planner.dir/src/theta_star.cpp.o[0m
[43.659s] [ 22%] [32mBuilding CXX object CMakeFiles/nav2_theta_star_planner.dir/src/theta_star_planner.cpp.o[0m
[57.441s] [ 33%] [32m[1mLinking CXX shared library libnav2_theta_star_planner.so[0m
[57.965s] [ 33%] Built target nav2_theta_star_planner
[58.001s] [ 44%] [32mBuilding CXX object gtest/CMakeFiles/gtest.dir/src/gtest-all.cc.o[0m
[76.610s] [ 55%] [32m[1mLinking CXX static library libgtest.a[0m
[76.702s] [ 55%] Built target gtest
[76.741s] [ 66%] [32mBuilding CXX object gtest/CMakeFiles/gtest_main.dir/src/gtest_main.cc.o[0m
[79.049s] [ 77%] [32m[1mLinking CXX static library libgtest_main.a[0m
[79.111s] [ 77%] Built target gtest_main
[79.157s] [ 88%] [32mBuilding CXX object CMakeFiles/test_theta_star.dir/test/test_theta_star.cpp.o[0m
[94.175s] [100%] [32m[1mLinking CXX executable test_theta_star[0m
[95.189s] [100%] Built target test_theta_star
[95.210s] Invoked command in '/home/arc/nav2_ws/build/nav2_theta_star_planner' returned '0': AMENT_PREFIX_PATH=/home/arc/nav2_ws/install/nav2_core:/home/arc/nav2_ws/install/nav2_costmap_2d:/home/arc/nav2_ws/install/nav2_util:/home/arc/nav2_ws/install/nav2_voxel_grid:/home/arc/nav2_ws/install/nav2_msgs:/home/arc/nav2_ws/install/nav2_common:${AMENT_PREFIX_PATH} CMAKE_PREFIX_PATH=/home/arc/nav2_ws/install/nav2_core:/home/arc/nav2_ws/install/nav2_costmap_2d:/home/arc/nav2_ws/install/nav2_util:/home/arc/nav2_ws/install/nav2_voxel_grid:/home/arc/nav2_ws/install/nav2_msgs:/home/arc/nav2_ws/install/nav2_common:/home/arc/workspace/install:/opt/ros/humble LD_LIBRARY_PATH=/home/arc/nav2_ws/install/nav2_costmap_2d/lib:/home/arc/nav2_ws/install/nav2_util/lib:/home/arc/nav2_ws/install/nav2_voxel_grid/lib:/home/arc/nav2_ws/install/nav2_msgs/lib:${LD_LIBRARY_PATH} PYTHONPATH=/home/arc/nav2_ws/install/nav2_msgs/local/lib/python3.10/dist-packages:/home/arc/nav2_ws/install/nav2_common/local/lib/python3.10/dist-packages:${PYTHONPATH} /usr/bin/cmake --build /home/arc/nav2_ws/build/nav2_theta_star_planner -- -j4 -l4
[95.268s] Invoking command in '/home/arc/nav2_ws/build/nav2_theta_star_planner': AMENT_PREFIX_PATH=/home/arc/nav2_ws/install/nav2_core:/home/arc/nav2_ws/install/nav2_costmap_2d:/home/arc/nav2_ws/install/nav2_util:/home/arc/nav2_ws/install/nav2_voxel_grid:/home/arc/nav2_ws/install/nav2_msgs:/home/arc/nav2_ws/install/nav2_common:${AMENT_PREFIX_PATH} CMAKE_PREFIX_PATH=/home/arc/nav2_ws/install/nav2_core:/home/arc/nav2_ws/install/nav2_costmap_2d:/home/arc/nav2_ws/install/nav2_util:/home/arc/nav2_ws/install/nav2_voxel_grid:/home/arc/nav2_ws/install/nav2_msgs:/home/arc/nav2_ws/install/nav2_common:/home/arc/workspace/install:/opt/ros/humble LD_LIBRARY_PATH=/home/arc/nav2_ws/install/nav2_costmap_2d/lib:/home/arc/nav2_ws/install/nav2_util/lib:/home/arc/nav2_ws/install/nav2_voxel_grid/lib:/home/arc/nav2_ws/install/nav2_msgs/lib:${LD_LIBRARY_PATH} PYTHONPATH=/home/arc/nav2_ws/install/nav2_msgs/local/lib/python3.10/dist-packages:/home/arc/nav2_ws/install/nav2_common/local/lib/python3.10/dist-packages:${PYTHONPATH} /usr/bin/cmake --install /home/arc/nav2_ws/build/nav2_theta_star_planner
[95.283s] -- Install configuration: "Release"
[95.284s] -- Execute custom install script
[95.284s] -- Symlinking: /home/arc/nav2_ws/install/nav2_theta_star_planner/share/nav2_theta_star_planner//theta_star_planner.xml
[95.300s] -- Symlinking: /home/arc/nav2_ws/install/nav2_theta_star_planner/lib/libnav2_theta_star_planner.so
[95.316s] -- Symlinking: /home/arc/nav2_ws/install/nav2_theta_star_planner/include//nav2_theta_star_planner/theta_star.hpp
[95.333s] -- Symlinking: /home/arc/nav2_ws/install/nav2_theta_star_planner/include//nav2_theta_star_planner/theta_star_planner.hpp
[95.349s] -- Up-to-date symlink: /home/arc/nav2_ws/install/nav2_theta_star_planner/share/nav2_theta_star_planner/theta_star_planner.xml
[95.349s] -- Symlinking: /home/arc/nav2_ws/install/nav2_theta_star_planner/share/nav2_theta_star_planner/environment/library_path.sh
[95.365s] -- Symlinking: /home/arc/nav2_ws/install/nav2_theta_star_planner/share/nav2_theta_star_planner/environment/library_path.dsv
[95.381s] -- Symlinking: /home/arc/nav2_ws/install/nav2_theta_star_planner/share/ament_index/resource_index/package_run_dependencies/nav2_theta_star_planner
[95.397s] -- Symlinking: /home/arc/nav2_ws/install/nav2_theta_star_planner/share/ament_index/resource_index/parent_prefix_path/nav2_theta_star_planner
[95.413s] -- Symlinking: /home/arc/nav2_ws/install/nav2_theta_star_planner/share/nav2_theta_star_planner/environment/ament_prefix_path.sh
[95.428s] -- Symlinking: /home/arc/nav2_ws/install/nav2_theta_star_planner/share/nav2_theta_star_planner/environment/ament_prefix_path.dsv
[95.444s] -- Symlinking: /home/arc/nav2_ws/install/nav2_theta_star_planner/share/nav2_theta_star_planner/environment/path.sh
[95.459s] -- Symlinking: /home/arc/nav2_ws/install/nav2_theta_star_planner/share/nav2_theta_star_planner/environment/path.dsv
[95.475s] -- Symlinking: /home/arc/nav2_ws/install/nav2_theta_star_planner/share/nav2_theta_star_planner/local_setup.bash
[95.491s] -- Symlinking: /home/arc/nav2_ws/install/nav2_theta_star_planner/share/nav2_theta_star_planner/local_setup.sh
[95.507s] -- Symlinking: /home/arc/nav2_ws/install/nav2_theta_star_planner/share/nav2_theta_star_planner/local_setup.zsh
[95.523s] -- Symlinking: /home/arc/nav2_ws/install/nav2_theta_star_planner/share/nav2_theta_star_planner/local_setup.dsv
[95.540s] -- Symlinking: /home/arc/nav2_ws/install/nav2_theta_star_planner/share/nav2_theta_star_planner/package.dsv
[95.556s] -- Symlinking: /home/arc/nav2_ws/install/nav2_theta_star_planner/share/ament_index/resource_index/packages/nav2_theta_star_planner
[95.585s] -- Symlinking: /home/arc/nav2_ws/install/nav2_theta_star_planner/share/ament_index/resource_index/nav2_core__pluginlib__plugin/nav2_theta_star_planner
[95.604s] -- Symlinking: /home/arc/nav2_ws/install/nav2_theta_star_planner/share/nav2_theta_star_planner/cmake/ament_cmake_export_include_directories-extras.cmake
[95.620s] -- Symlinking: /home/arc/nav2_ws/install/nav2_theta_star_planner/share/nav2_theta_star_planner/cmake/ament_cmake_export_libraries-extras.cmake
[95.637s] -- Symlinking: /home/arc/nav2_ws/install/nav2_theta_star_planner/share/nav2_theta_star_planner/cmake/ament_cmake_export_dependencies-extras.cmake
[95.653s] -- Symlinking: /home/arc/nav2_ws/install/nav2_theta_star_planner/share/nav2_theta_star_planner/cmake/nav2_theta_star_plannerConfig.cmake
[95.672s] -- Symlinking: /home/arc/nav2_ws/install/nav2_theta_star_planner/share/nav2_theta_star_planner/cmake/nav2_theta_star_plannerConfig-version.cmake
[95.688s] -- Symlinking: /home/arc/nav2_ws/install/nav2_theta_star_planner/share/nav2_theta_star_planner/package.xml
[95.713s] Invoked command in '/home/arc/nav2_ws/build/nav2_theta_star_planner' returned '0': AMENT_PREFIX_PATH=/home/arc/nav2_ws/install/nav2_core:/home/arc/nav2_ws/install/nav2_costmap_2d:/home/arc/nav2_ws/install/nav2_util:/home/arc/nav2_ws/install/nav2_voxel_grid:/home/arc/nav2_ws/install/nav2_msgs:/home/arc/nav2_ws/install/nav2_common:${AMENT_PREFIX_PATH} CMAKE_PREFIX_PATH=/home/arc/nav2_ws/install/nav2_core:/home/arc/nav2_ws/install/nav2_costmap_2d:/home/arc/nav2_ws/install/nav2_util:/home/arc/nav2_ws/install/nav2_voxel_grid:/home/arc/nav2_ws/install/nav2_msgs:/home/arc/nav2_ws/install/nav2_common:/home/arc/workspace/install:/opt/ros/humble LD_LIBRARY_PATH=/home/arc/nav2_ws/install/nav2_costmap_2d/lib:/home/arc/nav2_ws/install/nav2_util/lib:/home/arc/nav2_ws/install/nav2_voxel_grid/lib:/home/arc/nav2_ws/install/nav2_msgs/lib:${LD_LIBRARY_PATH} PYTHONPATH=/home/arc/nav2_ws/install/nav2_msgs/local/lib/python3.10/dist-packages:/home/arc/nav2_ws/install/nav2_common/local/lib/python3.10/dist-packages:${PYTHONPATH} /usr/bin/cmake --install /home/arc/nav2_ws/build/nav2_theta_star_planner
