[0.017s] Invoking command in '/home/arc/Documents/GitHub/IGVC-Robot/GazeboR1/WorkingRobot/build/robot': CMAKE_PREFIX_PATH=${CMAKE_PREFIX_PATH}:/opt/ros/humble /usr/bin/cmake --build /home/arc/Documents/GitHub/IGVC-Robot/GazeboR1/WorkingRobot/build/robot -- -j4 -l4
[0.046s] -- Found ament_cmake: 1.3.2 (/opt/ros/humble/share/ament_cmake/cmake)
[0.232s] -- Found ament_lint_auto: 0.12.4 (/opt/ros/humble/share/ament_lint_auto/cmake)
[0.317s] -- Added test 'flake8' to check Python code syntax and style conventions
[0.318s] -- Added test 'lint_cmake' to check CMake code style
[0.318s] -- Added test 'pep257' to check Python code against some of the docstring style conventions in PEP 257
[0.320s] -- Added test 'xmllint' to check XML markup files
[0.321s] -- Configuring done
[0.326s] -- Generating done
[0.328s] -- Build files have been written to: /home/arc/Documents/GitHub/IGVC-Robot/GazeboR1/WorkingRobot/build/robot
[0.350s] Invoked command in '/home/arc/Documents/GitHub/IGVC-Robot/GazeboR1/WorkingRobot/build/robot' returned '0': CMAKE_PREFIX_PATH=${CMAKE_PREFIX_PATH}:/opt/ros/humble /usr/bin/cmake --build /home/arc/Documents/GitHub/IGVC-Robot/GazeboR1/WorkingRobot/build/robot -- -j4 -l4
[0.382s] Invoking command in '/home/arc/Documents/GitHub/IGVC-Robot/GazeboR1/WorkingRobot/build/robot': CMAKE_PREFIX_PATH=${CMAKE_PREFIX_PATH}:/opt/ros/humble /usr/bin/cmake --install /home/arc/Documents/GitHub/IGVC-Robot/GazeboR1/WorkingRobot/build/robot
[0.391s] -- Install configuration: ""
[0.391s] -- Installing: /home/arc/Documents/GitHub/IGVC-Robot/GazeboR1/WorkingRobot/install/robot/share/ament_index/resource_index/package_run_dependencies/robot
[0.391s] -- Up-to-date: /home/arc/Documents/GitHub/IGVC-Robot/GazeboR1/WorkingRobot/install/robot/share/ament_index/resource_index/parent_prefix_path/robot
[0.391s] -- Up-to-date: /home/arc/Documents/GitHub/IGVC-Robot/GazeboR1/WorkingRobot/install/robot/share/robot/environment/ament_prefix_path.sh
[0.392s] -- Installing: /home/arc/Documents/GitHub/IGVC-Robot/GazeboR1/WorkingRobot/install/robot/share/robot/environment/ament_prefix_path.dsv
[0.392s] -- Up-to-date: /home/arc/Documents/GitHub/IGVC-Robot/GazeboR1/WorkingRobot/install/robot/share/robot/environment/path.sh
[0.392s] -- Installing: /home/arc/Documents/GitHub/IGVC-Robot/GazeboR1/WorkingRobot/install/robot/share/robot/environment/path.dsv
[0.392s] -- Up-to-date: /home/arc/Documents/GitHub/IGVC-Robot/GazeboR1/WorkingRobot/install/robot/share/robot/local_setup.bash
[0.392s] -- Up-to-date: /home/arc/Documents/GitHub/IGVC-Robot/GazeboR1/WorkingRobot/install/robot/share/robot/local_setup.sh
[0.393s] -- Up-to-date: /home/arc/Documents/GitHub/IGVC-Robot/GazeboR1/WorkingRobot/install/robot/share/robot/local_setup.zsh
[0.393s] -- Installing: /home/arc/Documents/GitHub/IGVC-Robot/GazeboR1/WorkingRobot/install/robot/share/robot/local_setup.dsv
[0.393s] -- Installing: /home/arc/Documents/GitHub/IGVC-Robot/GazeboR1/WorkingRobot/install/robot/share/robot/package.dsv
[0.393s] -- Up-to-date: /home/arc/Documents/GitHub/IGVC-Robot/GazeboR1/WorkingRobot/install/robot/share/ament_index/resource_index/packages/robot
[0.393s] -- Up-to-date: /home/arc/Documents/GitHub/IGVC-Robot/GazeboR1/WorkingRobot/install/robot/share/robot/cmake/robotConfig.cmake
[0.394s] -- Up-to-date: /home/arc/Documents/GitHub/IGVC-Robot/GazeboR1/WorkingRobot/install/robot/share/robot/cmake/robotConfig-version.cmake
[0.394s] -- Installing: /home/arc/Documents/GitHub/IGVC-Robot/GazeboR1/WorkingRobot/install/robot/share/robot/package.xml
[0.396s] Invoked command in '/home/arc/Documents/GitHub/IGVC-Robot/GazeboR1/WorkingRobot/build/robot' returned '0': CMAKE_PREFIX_PATH=${CMAKE_PREFIX_PATH}:/opt/ros/humble /usr/bin/cmake --install /home/arc/Documents/GitHub/IGVC-Robot/GazeboR1/WorkingRobot/build/robot
