[6.030s] DEBUG:colcon:Command line arguments: ['/usr/bin/colcon', 'build']
[6.030s] DEBUG:colcon:Parsed command line arguments: Namespace(log_base=None, log_level=None, verb_name='build', build_base='build', install_base='install', merge_install=False, symlink_install=False, test_result_base=None, continue_on_error=False, executor='parallel', parallel_workers=4, event_handlers=None, ignore_user_meta=False, metas=['./colcon.meta'], base_paths=['.'], packages_ignore=None, packages_ignore_regex=None, paths=None, packages_up_to=None, packages_up_to_regex=None, packages_above=None, packages_above_and_dependencies=None, packages_above_depth=None, packages_select_by_dep=None, packages_skip_by_dep=None, packages_skip_up_to=None, packages_select_build_failed=False, packages_skip_build_finished=False, packages_select_test_failures=False, packages_skip_test_passed=False, packages_select=None, packages_skip=None, packages_select_regex=None, packages_skip_regex=None, packages_start=None, packages_end=None, allow_overriding=[], cmake_args=None, cmake_target=None, cmake_target_skip_unavailable=False, cmake_clean_cache=False, cmake_clean_first=False, cmake_force_configure=False, ament_cmake_args=None, catkin_cmake_args=None, catkin_skip_building_tests=False, verb_parser=<colcon_defaults.argument_parser.defaults.DefaultArgumentsDecorator object at 0x7f183a1105b0>, verb_extension=<colcon_core.verb.build.BuildVerb object at 0x7f183b653070>, main=<bound method BuildVerb.main of <colcon_core.verb.build.BuildVerb object at 0x7f183b653070>>)
[6.424s] Level 1:colcon.colcon_core.package_discovery:discover_packages(colcon_meta) check parameters
[6.424s] Level 1:colcon.colcon_core.package_discovery:discover_packages(recursive) check parameters
[6.424s] Level 1:colcon.colcon_core.package_discovery:discover_packages(ignore) check parameters
[6.425s] Level 1:colcon.colcon_core.package_discovery:discover_packages(path) check parameters
[6.425s] Level 1:colcon.colcon_core.package_discovery:discover_packages(colcon_meta) discover
[6.425s] Level 1:colcon.colcon_core.package_discovery:discover_packages(recursive) discover
[6.425s] INFO:colcon.colcon_core.package_discovery:Crawling recursively for packages in '/home/arc/Documents/GitHub/IGVC-Robot/JProperWay'
[6.425s] Level 1:colcon.colcon_core.package_identification:_identify(.) by extensions ['ignore', 'ignore_ament_install']
[6.425s] Level 1:colcon.colcon_core.package_identification:_identify(.) by extension 'ignore'
[6.426s] Level 1:colcon.colcon_core.package_identification:_identify(.) by extension 'ignore_ament_install'
[6.426s] Level 1:colcon.colcon_core.package_identification:_identify(.) by extensions ['colcon_pkg']
[6.426s] Level 1:colcon.colcon_core.package_identification:_identify(.) by extension 'colcon_pkg'
[6.426s] Level 1:colcon.colcon_core.package_identification:_identify(.) by extensions ['colcon_meta']
[6.426s] Level 1:colcon.colcon_core.package_identification:_identify(.) by extension 'colcon_meta'
[6.426s] Level 1:colcon.colcon_core.package_identification:_identify(.) by extensions ['ros']
[6.426s] Level 1:colcon.colcon_core.package_identification:_identify(.) by extension 'ros'
[6.448s] Level 1:colcon.colcon_core.package_identification:_identify(.) by extensions ['cmake', 'python']
[6.448s] Level 1:colcon.colcon_core.package_identification:_identify(.) by extension 'cmake'
[6.448s] Level 1:colcon.colcon_core.package_identification:_identify(.) by extension 'python'
[6.448s] Level 1:colcon.colcon_core.package_identification:_identify(.) by extensions ['python_setup_py']
[6.448s] Level 1:colcon.colcon_core.package_identification:_identify(.) by extension 'python_setup_py'
[6.449s] Level 1:colcon.colcon_core.package_identification:_identify(build) by extensions ['ignore', 'ignore_ament_install']
[6.449s] Level 1:colcon.colcon_core.package_identification:_identify(build) by extension 'ignore'
[6.449s] Level 1:colcon.colcon_core.package_identification:_identify(build) ignored
[6.449s] Level 1:colcon.colcon_core.package_identification:_identify(install) by extensions ['ignore', 'ignore_ament_install']
[6.449s] Level 1:colcon.colcon_core.package_identification:_identify(install) by extension 'ignore'
[6.449s] Level 1:colcon.colcon_core.package_identification:_identify(install) ignored
[6.450s] Level 1:colcon.colcon_core.package_identification:_identify(log) by extensions ['ignore', 'ignore_ament_install']
[6.450s] Level 1:colcon.colcon_core.package_identification:_identify(log) by extension 'ignore'
[6.450s] Level 1:colcon.colcon_core.package_identification:_identify(log) ignored
[6.450s] Level 1:colcon.colcon_core.package_identification:_identify(src) by extensions ['ignore', 'ignore_ament_install']
[6.450s] Level 1:colcon.colcon_core.package_identification:_identify(src) by extension 'ignore'
[6.450s] Level 1:colcon.colcon_core.package_identification:_identify(src) by extension 'ignore_ament_install'
[6.450s] Level 1:colcon.colcon_core.package_identification:_identify(src) by extensions ['colcon_pkg']
[6.450s] Level 1:colcon.colcon_core.package_identification:_identify(src) by extension 'colcon_pkg'
[6.451s] Level 1:colcon.colcon_core.package_identification:_identify(src) by extensions ['colcon_meta']
[6.451s] Level 1:colcon.colcon_core.package_identification:_identify(src) by extension 'colcon_meta'
[6.451s] Level 1:colcon.colcon_core.package_identification:_identify(src) by extensions ['ros']
[6.451s] Level 1:colcon.colcon_core.package_identification:_identify(src) by extension 'ros'
[6.451s] Level 1:colcon.colcon_core.package_identification:_identify(src) by extensions ['cmake', 'python']
[6.451s] Level 1:colcon.colcon_core.package_identification:_identify(src) by extension 'cmake'
[6.451s] Level 1:colcon.colcon_core.package_identification:_identify(src) by extension 'python'
[6.451s] Level 1:colcon.colcon_core.package_identification:_identify(src) by extensions ['python_setup_py']
[6.451s] Level 1:colcon.colcon_core.package_identification:_identify(src) by extension 'python_setup_py'
[6.451s] Level 1:colcon.colcon_core.package_identification:_identify(src/robot) by extensions ['ignore', 'ignore_ament_install']
[6.451s] Level 1:colcon.colcon_core.package_identification:_identify(src/robot) by extension 'ignore'
[6.452s] Level 1:colcon.colcon_core.package_identification:_identify(src/robot) by extension 'ignore_ament_install'
[6.452s] Level 1:colcon.colcon_core.package_identification:_identify(src/robot) by extensions ['colcon_pkg']
[6.452s] Level 1:colcon.colcon_core.package_identification:_identify(src/robot) by extension 'colcon_pkg'
[6.452s] Level 1:colcon.colcon_core.package_identification:_identify(src/robot) by extensions ['colcon_meta']
[6.452s] Level 1:colcon.colcon_core.package_identification:_identify(src/robot) by extension 'colcon_meta'
[6.452s] Level 1:colcon.colcon_core.package_identification:_identify(src/robot) by extensions ['ros']
[6.452s] Level 1:colcon.colcon_core.package_identification:_identify(src/robot) by extension 'ros'
[6.488s] DEBUG:colcon.colcon_core.package_identification:Package 'src/robot' with type 'ros.ament_cmake' and name 'robot'
[6.488s] Level 1:colcon.colcon_core.package_discovery:discover_packages(recursive) using defaults
[6.489s] Level 1:colcon.colcon_core.package_discovery:discover_packages(ignore) discover
[6.489s] Level 1:colcon.colcon_core.package_discovery:discover_packages(ignore) using defaults
[6.489s] Level 1:colcon.colcon_core.package_discovery:discover_packages(path) discover
[6.489s] Level 1:colcon.colcon_core.package_discovery:discover_packages(path) using defaults
[6.791s] Level 1:colcon.colcon_core.package_discovery:discover_packages(prefix_path) check parameters
[6.791s] Level 1:colcon.colcon_core.package_discovery:discover_packages(prefix_path) discover
[6.810s] DEBUG:colcon.colcon_installed_package_information.package_discovery:Found 37 installed packages in /home/arc/nav2_ws/install
[6.817s] DEBUG:colcon.colcon_installed_package_information.package_discovery:Found 4 installed packages in /home/arc/workspace/install
[6.820s] DEBUG:colcon.colcon_installed_package_information.package_discovery:Found 324 installed packages in /opt/ros/humble
[6.823s] Level 1:colcon.colcon_core.package_discovery:discover_packages(prefix_path) using defaults
[8.021s] Level 5:colcon.colcon_core.verb:set package 'robot' build argument 'cmake_args' from command line to 'None'
[8.021s] Level 5:colcon.colcon_core.verb:set package 'robot' build argument 'cmake_target' from command line to 'None'
[8.021s] Level 5:colcon.colcon_core.verb:set package 'robot' build argument 'cmake_target_skip_unavailable' from command line to 'False'
[8.021s] Level 5:colcon.colcon_core.verb:set package 'robot' build argument 'cmake_clean_cache' from command line to 'False'
[8.021s] Level 5:colcon.colcon_core.verb:set package 'robot' build argument 'cmake_clean_first' from command line to 'False'
[8.021s] Level 5:colcon.colcon_core.verb:set package 'robot' build argument 'cmake_force_configure' from command line to 'False'
[8.021s] Level 5:colcon.colcon_core.verb:set package 'robot' build argument 'ament_cmake_args' from command line to 'None'
[8.021s] Level 5:colcon.colcon_core.verb:set package 'robot' build argument 'catkin_cmake_args' from command line to 'None'
[8.021s] Level 5:colcon.colcon_core.verb:set package 'robot' build argument 'catkin_skip_building_tests' from command line to 'False'
[8.021s] DEBUG:colcon.colcon_core.verb:Building package 'robot' with the following arguments: {'ament_cmake_args': None, 'build_base': '/home/arc/Documents/GitHub/IGVC-Robot/JProperWay/build/robot', 'catkin_cmake_args': None, 'catkin_skip_building_tests': False, 'cmake_args': None, 'cmake_clean_cache': False, 'cmake_clean_first': False, 'cmake_force_configure': False, 'cmake_target': None, 'cmake_target_skip_unavailable': False, 'install_base': '/home/arc/Documents/GitHub/IGVC-Robot/JProperWay/install/robot', 'merge_install': False, 'path': '/home/arc/Documents/GitHub/IGVC-Robot/JProperWay/src/robot', 'symlink_install': False, 'test_result_base': None}
[8.022s] INFO:colcon.colcon_core.executor:Executing jobs using 'parallel' executor
[8.026s] DEBUG:colcon.colcon_parallel_executor.executor.parallel:run_until_complete
[8.026s] INFO:colcon.colcon_ros.task.ament_cmake.build:Building ROS package in '/home/arc/Documents/GitHub/IGVC-Robot/JProperWay/src/robot' with build type 'ament_cmake'
[8.026s] INFO:colcon.colcon_cmake.task.cmake.build:Building CMake package in '/home/arc/Documents/GitHub/IGVC-Robot/JProperWay/src/robot'
[8.131s] INFO:colcon.colcon_core.plugin_system:Skipping extension 'colcon_core.shell.bat': Not used on non-Windows systems
[8.131s] INFO:colcon.colcon_core.shell:Skip shell extension 'powershell' for command environment: Not usable outside of PowerShell
[8.131s] DEBUG:colcon.colcon_core.shell:Skip shell extension 'dsv' for command environment
[8.161s] DEBUG:colcon.colcon_core.event_handler.log_command:Invoking command in '/home/arc/Documents/GitHub/IGVC-Robot/JProperWay/build/robot': CMAKE_PREFIX_PATH=${CMAKE_PREFIX_PATH}:/home/arc/nav2_ws/install/nav2_simple_commander:/opt/ros/humble /usr/bin/cmake /home/arc/Documents/GitHub/IGVC-Robot/JProperWay/src/robot -DCMAKE_INSTALL_PREFIX=/home/arc/Documents/GitHub/IGVC-Robot/JProperWay/install/robot
[14.076s] DEBUG:colcon.colcon_core.event_handler.log_command:Invoked command in '/home/arc/Documents/GitHub/IGVC-Robot/JProperWay/build/robot' returned '0': CMAKE_PREFIX_PATH=${CMAKE_PREFIX_PATH}:/home/arc/nav2_ws/install/nav2_simple_commander:/opt/ros/humble /usr/bin/cmake /home/arc/Documents/GitHub/IGVC-Robot/JProperWay/src/robot -DCMAKE_INSTALL_PREFIX=/home/arc/Documents/GitHub/IGVC-Robot/JProperWay/install/robot
[14.079s] DEBUG:colcon.colcon_core.event_handler.log_command:Invoking command in '/home/arc/Documents/GitHub/IGVC-Robot/JProperWay/build/robot': CMAKE_PREFIX_PATH=${CMAKE_PREFIX_PATH}:/home/arc/nav2_ws/install/nav2_simple_commander:/opt/ros/humble /usr/bin/cmake --build /home/arc/Documents/GitHub/IGVC-Robot/JProperWay/build/robot -- -j4 -l4
[14.130s] DEBUG:colcon.colcon_core.event_handler.log_command:Invoked command in '/home/arc/Documents/GitHub/IGVC-Robot/JProperWay/build/robot' returned '0': CMAKE_PREFIX_PATH=${CMAKE_PREFIX_PATH}:/home/arc/nav2_ws/install/nav2_simple_commander:/opt/ros/humble /usr/bin/cmake --build /home/arc/Documents/GitHub/IGVC-Robot/JProperWay/build/robot -- -j4 -l4
[14.180s] DEBUG:colcon.colcon_core.event_handler.log_command:Invoking command in '/home/arc/Documents/GitHub/IGVC-Robot/JProperWay/build/robot': CMAKE_PREFIX_PATH=${CMAKE_PREFIX_PATH}:/home/arc/nav2_ws/install/nav2_simple_commander:/opt/ros/humble /usr/bin/cmake --install /home/arc/Documents/GitHub/IGVC-Robot/JProperWay/build/robot
[14.196s] Level 1:colcon.colcon_core.environment:create_environment_scripts_only(robot)
[14.197s] DEBUG:colcon.colcon_core.event_handler.log_command:Invoked command in '/home/arc/Documents/GitHub/IGVC-Robot/JProperWay/build/robot' returned '0': CMAKE_PREFIX_PATH=${CMAKE_PREFIX_PATH}:/home/arc/nav2_ws/install/nav2_simple_commander:/opt/ros/humble /usr/bin/cmake --install /home/arc/Documents/GitHub/IGVC-Robot/JProperWay/build/robot
[14.266s] Level 1:colcon.colcon_core.environment:checking '/home/arc/Documents/GitHub/IGVC-Robot/JProperWay/install/robot' for CMake module files
[14.267s] Level 1:colcon.colcon_core.environment:checking '/home/arc/Documents/GitHub/IGVC-Robot/JProperWay/install/robot' for CMake config files
[14.267s] Level 1:colcon.colcon_core.shell:create_environment_hook('robot', 'cmake_prefix_path')
[14.269s] INFO:colcon.colcon_core.shell:Creating environment hook '/home/arc/Documents/GitHub/IGVC-Robot/JProperWay/install/robot/share/robot/hook/cmake_prefix_path.ps1'
[14.287s] INFO:colcon.colcon_core.shell:Creating environment descriptor '/home/arc/Documents/GitHub/IGVC-Robot/JProperWay/install/robot/share/robot/hook/cmake_prefix_path.dsv'
[14.308s] INFO:colcon.colcon_core.shell:Creating environment hook '/home/arc/Documents/GitHub/IGVC-Robot/JProperWay/install/robot/share/robot/hook/cmake_prefix_path.sh'
[14.309s] Level 1:colcon.colcon_core.environment:checking '/home/arc/Documents/GitHub/IGVC-Robot/JProperWay/install/robot/bin'
[14.309s] Level 1:colcon.colcon_core.environment:checking '/home/arc/Documents/GitHub/IGVC-Robot/JProperWay/install/robot/lib/pkgconfig/robot.pc'
[14.310s] Level 1:colcon.colcon_core.environment:checking '/home/arc/Documents/GitHub/IGVC-Robot/JProperWay/install/robot/lib/python3.10/site-packages'
[14.310s] Level 1:colcon.colcon_core.environment:checking '/home/arc/Documents/GitHub/IGVC-Robot/JProperWay/install/robot/bin'
[14.312s] INFO:colcon.colcon_core.shell:Creating package script '/home/arc/Documents/GitHub/IGVC-Robot/JProperWay/install/robot/share/robot/package.ps1'
[14.312s] INFO:colcon.colcon_core.shell:Creating package descriptor '/home/arc/Documents/GitHub/IGVC-Robot/JProperWay/install/robot/share/robot/package.dsv'
[14.313s] INFO:colcon.colcon_core.shell:Creating package script '/home/arc/Documents/GitHub/IGVC-Robot/JProperWay/install/robot/share/robot/package.sh'
[14.314s] INFO:colcon.colcon_core.shell:Creating package script '/home/arc/Documents/GitHub/IGVC-Robot/JProperWay/install/robot/share/robot/package.bash'
[14.337s] INFO:colcon.colcon_core.shell:Creating package script '/home/arc/Documents/GitHub/IGVC-Robot/JProperWay/install/robot/share/robot/package.zsh'
[14.353s] Level 1:colcon.colcon_core.environment:create_file_with_runtime_dependencies(/home/arc/Documents/GitHub/IGVC-Robot/JProperWay/install/robot/share/colcon-core/packages/robot)
[14.391s] Level 1:colcon.colcon_core.environment:create_environment_scripts_only(robot)
[14.393s] Level 1:colcon.colcon_core.environment:checking '/home/arc/Documents/GitHub/IGVC-Robot/JProperWay/install/robot' for CMake module files
[14.394s] Level 1:colcon.colcon_core.environment:checking '/home/arc/Documents/GitHub/IGVC-Robot/JProperWay/install/robot' for CMake config files
[14.394s] Level 1:colcon.colcon_core.shell:create_environment_hook('robot', 'cmake_prefix_path')
[14.395s] INFO:colcon.colcon_core.shell:Creating environment hook '/home/arc/Documents/GitHub/IGVC-Robot/JProperWay/install/robot/share/robot/hook/cmake_prefix_path.ps1'
[14.396s] INFO:colcon.colcon_core.shell:Creating environment descriptor '/home/arc/Documents/GitHub/IGVC-Robot/JProperWay/install/robot/share/robot/hook/cmake_prefix_path.dsv'
[14.396s] INFO:colcon.colcon_core.shell:Creating environment hook '/home/arc/Documents/GitHub/IGVC-Robot/JProperWay/install/robot/share/robot/hook/cmake_prefix_path.sh'
[14.397s] Level 1:colcon.colcon_core.environment:checking '/home/arc/Documents/GitHub/IGVC-Robot/JProperWay/install/robot/bin'
[14.397s] Level 1:colcon.colcon_core.environment:checking '/home/arc/Documents/GitHub/IGVC-Robot/JProperWay/install/robot/lib/pkgconfig/robot.pc'
[14.397s] Level 1:colcon.colcon_core.environment:checking '/home/arc/Documents/GitHub/IGVC-Robot/JProperWay/install/robot/lib/python3.10/site-packages'
[14.397s] Level 1:colcon.colcon_core.environment:checking '/home/arc/Documents/GitHub/IGVC-Robot/JProperWay/install/robot/bin'
[14.399s] INFO:colcon.colcon_core.shell:Creating package script '/home/arc/Documents/GitHub/IGVC-Robot/JProperWay/install/robot/share/robot/package.ps1'
[14.399s] INFO:colcon.colcon_core.shell:Creating package descriptor '/home/arc/Documents/GitHub/IGVC-Robot/JProperWay/install/robot/share/robot/package.dsv'
[14.400s] INFO:colcon.colcon_core.shell:Creating package script '/home/arc/Documents/GitHub/IGVC-Robot/JProperWay/install/robot/share/robot/package.sh'
[14.400s] INFO:colcon.colcon_core.shell:Creating package script '/home/arc/Documents/GitHub/IGVC-Robot/JProperWay/install/robot/share/robot/package.bash'
[14.400s] INFO:colcon.colcon_core.shell:Creating package script '/home/arc/Documents/GitHub/IGVC-Robot/JProperWay/install/robot/share/robot/package.zsh'
[14.401s] Level 1:colcon.colcon_core.environment:create_file_with_runtime_dependencies(/home/arc/Documents/GitHub/IGVC-Robot/JProperWay/install/robot/share/colcon-core/packages/robot)
[14.401s] DEBUG:colcon.colcon_parallel_executor.executor.parallel:closing loop
[14.402s] DEBUG:colcon.colcon_parallel_executor.executor.parallel:loop closed
[14.402s] DEBUG:colcon.colcon_parallel_executor.executor.parallel:run_until_complete finished with '0'
[14.402s] DEBUG:colcon.colcon_core.event_reactor:joining thread
[14.442s] INFO:colcon.colcon_core.plugin_system:Skipping extension 'colcon_notification.desktop_notification.terminal_notifier': Not used on non-Darwin systems
[14.442s] INFO:colcon.colcon_core.plugin_system:Skipping extension 'colcon_notification.desktop_notification.win32': Not used on non-Windows systems
[14.442s] INFO:colcon.colcon_notification.desktop_notification:Sending desktop notification using 'notify2'
[14.465s] DEBUG:colcon.colcon_core.event_reactor:joined thread
[14.468s] INFO:colcon.colcon_core.shell:Creating prefix script '/home/arc/Documents/GitHub/IGVC-Robot/JProperWay/install/local_setup.ps1'
[14.476s] INFO:colcon.colcon_core.shell:Creating prefix util module '/home/arc/Documents/GitHub/IGVC-Robot/JProperWay/install/_local_setup_util_ps1.py'
[14.510s] INFO:colcon.colcon_core.shell:Creating prefix chain script '/home/arc/Documents/GitHub/IGVC-Robot/JProperWay/install/setup.ps1'
[14.513s] INFO:colcon.colcon_core.shell:Creating prefix script '/home/arc/Documents/GitHub/IGVC-Robot/JProperWay/install/local_setup.sh'
[14.514s] INFO:colcon.colcon_core.shell:Creating prefix util module '/home/arc/Documents/GitHub/IGVC-Robot/JProperWay/install/_local_setup_util_sh.py'
[14.514s] INFO:colcon.colcon_core.shell:Creating prefix chain script '/home/arc/Documents/GitHub/IGVC-Robot/JProperWay/install/setup.sh'
[14.518s] INFO:colcon.colcon_core.shell:Creating prefix script '/home/arc/Documents/GitHub/IGVC-Robot/JProperWay/install/local_setup.bash'
[14.534s] INFO:colcon.colcon_core.shell:Creating prefix chain script '/home/arc/Documents/GitHub/IGVC-Robot/JProperWay/install/setup.bash'
[14.538s] INFO:colcon.colcon_core.shell:Creating prefix script '/home/arc/Documents/GitHub/IGVC-Robot/JProperWay/install/local_setup.zsh'
[14.538s] INFO:colcon.colcon_core.shell:Creating prefix chain script '/home/arc/Documents/GitHub/IGVC-Robot/JProperWay/install/setup.zsh'
