[0.013s] Invoking command in '/home/arc/nav2_ws/build/dwb_msgs': AMENT_PREFIX_PATH=/home/arc/nav2_ws/install/nav_2d_msgs:${AMENT_PREFIX_PATH} CMAKE_PREFIX_PATH=/home/arc/nav2_ws/install/nav_2d_msgs:/home/arc/workspace/install:/opt/ros/humble LD_LIBRARY_PATH=/home/arc/nav2_ws/install/nav_2d_msgs/lib:${LD_LIBRARY_PATH} PYTHONPATH=/home/arc/nav2_ws/install/nav_2d_msgs/local/lib/python3.10/dist-packages:${PYTHONPATH} /usr/bin/cmake /home/arc/nav2_ws/src/navigation2/nav2_dwb_controller/dwb_msgs -DCMAKE_INSTALL_PREFIX=/home/arc/nav2_ws/install/dwb_msgs
[0.027s] -- Found builtin_interfaces: 1.2.0 (/opt/ros/humble/share/builtin_interfaces/cmake)
[0.215s] -- Override CMake install command with custom implementation using symlinks instead of copying resources
[0.262s] -- Found rosidl_generator_c: 3.1.3 (/opt/ros/humble/share/rosidl_generator_c/cmake)
[0.266s] -- Found rosidl_adapter: 3.1.3 (/opt/ros/humble/share/rosidl_adapter/cmake)
[0.275s] -- Found rosidl_generator_cpp: 3.1.3 (/opt/ros/humble/share/rosidl_generator_cpp/cmake)
[0.290s] -- Using all available rosidl_typesupport_c: rosidl_typesupport_fastrtps_c;rosidl_typesupport_introspection_c
[0.313s] -- Using all available rosidl_typesupport_cpp: rosidl_typesupport_fastrtps_cpp;rosidl_typesupport_introspection_cpp
[0.332s] -- Found geometry_msgs: 4.2.2 (/opt/ros/humble/share/geometry_msgs/cmake)
[0.472s] -- Found nav_2d_msgs: 1.1.2 (/home/arc/nav2_ws/install/nav_2d_msgs/share/nav_2d_msgs/cmake)
[0.565s] -- Found nav_msgs: 4.2.2 (/opt/ros/humble/share/nav_msgs/cmake)
[0.679s] -- Found rosidl_default_generators: 1.2.0 (/opt/ros/humble/share/rosidl_default_generators/cmake)
[1.362s] -- Found ament_cmake_ros: 0.10.0 (/opt/ros/humble/share/ament_cmake_ros/cmake)
[2.032s] -- Using all available rosidl_typesupport_c: rosidl_typesupport_fastrtps_c;rosidl_typesupport_introspection_c
[2.285s] -- Using all available rosidl_typesupport_cpp: rosidl_typesupport_fastrtps_cpp;rosidl_typesupport_introspection_cpp
[2.316s] -- Found python_cmake_module: 0.10.0 (/opt/ros/humble/share/python_cmake_module/cmake)
[2.349s] -- Using PYTHON_EXECUTABLE: /usr/bin/python3
[2.349s] -- Using PYTHON_INCLUDE_DIRS: /usr/include/python3.10
[2.349s] -- Using PYTHON_LIBRARIES: /usr/lib/x86_64-linux-gnu/libpython3.10.so
[2.450s] -- Configuring done
[2.550s] -- Generating done
[2.555s] -- Build files have been written to: /home/arc/nav2_ws/build/dwb_msgs
[2.567s] Invoked command in '/home/arc/nav2_ws/build/dwb_msgs' returned '0': AMENT_PREFIX_PATH=/home/arc/nav2_ws/install/nav_2d_msgs:${AMENT_PREFIX_PATH} CMAKE_PREFIX_PATH=/home/arc/nav2_ws/install/nav_2d_msgs:/home/arc/workspace/install:/opt/ros/humble LD_LIBRARY_PATH=/home/arc/nav2_ws/install/nav_2d_msgs/lib:${LD_LIBRARY_PATH} PYTHONPATH=/home/arc/nav2_ws/install/nav_2d_msgs/local/lib/python3.10/dist-packages:${PYTHONPATH} /usr/bin/cmake /home/arc/nav2_ws/src/navigation2/nav2_dwb_controller/dwb_msgs -DCMAKE_INSTALL_PREFIX=/home/arc/nav2_ws/install/dwb_msgs
[2.569s] Invoking command in '/home/arc/nav2_ws/build/dwb_msgs': AMENT_PREFIX_PATH=/home/arc/nav2_ws/install/nav_2d_msgs:${AMENT_PREFIX_PATH} CMAKE_PREFIX_PATH=/home/arc/nav2_ws/install/nav_2d_msgs:/home/arc/workspace/install:/opt/ros/humble LD_LIBRARY_PATH=/home/arc/nav2_ws/install/nav_2d_msgs/lib:${LD_LIBRARY_PATH} PYTHONPATH=/home/arc/nav2_ws/install/nav_2d_msgs/local/lib/python3.10/dist-packages:${PYTHONPATH} /usr/bin/cmake --build /home/arc/nav2_ws/build/dwb_msgs -- -j4 -l4
[2.624s] [35m[1mConsolidate compiler generated dependencies of target dwb_msgs__rosidl_generator_c[0m
[2.638s] [  1%] Built target dwb_msgs__cpp
[2.651s] [ 12%] Built target dwb_msgs__rosidl_generator_c
[2.652s] [ 12%] Built target ament_cmake_python_symlink_dwb_msgs
[2.668s] [35m[1mConsolidate compiler generated dependencies of target dwb_msgs__rosidl_typesupport_cpp[0m
[2.671s] [35m[1mConsolidate compiler generated dependencies of target dwb_msgs__rosidl_typesupport_introspection_cpp[0m
[2.674s] [35m[1mConsolidate compiler generated dependencies of target dwb_msgs__rosidl_typesupport_fastrtps_cpp[0m
[2.708s] [ 24%] Built target dwb_msgs__rosidl_typesupport_cpp
[2.709s] [ 35%] Built target dwb_msgs__rosidl_typesupport_introspection_cpp
[2.717s] [ 47%] Built target dwb_msgs__rosidl_typesupport_fastrtps_cpp
[2.732s] [35m[1mConsolidate compiler generated dependencies of target dwb_msgs__rosidl_typesupport_introspection_c[0m
[2.739s] [35m[1mConsolidate compiler generated dependencies of target dwb_msgs__rosidl_typesupport_fastrtps_c[0m
[2.760s] [35m[1mConsolidate compiler generated dependencies of target dwb_msgs__rosidl_typesupport_c[0m
[2.762s] [ 58%] Built target dwb_msgs__rosidl_typesupport_introspection_c
[2.782s] [ 70%] Built target dwb_msgs__rosidl_typesupport_c
[2.787s] [ 82%] Built target dwb_msgs__rosidl_typesupport_fastrtps_c
[2.818s] [ 82%] Built target dwb_msgs
[2.854s] [ 83%] Built target dwb_msgs__py
[2.871s] [35m[1mConsolidate compiler generated dependencies of target dwb_msgs__rosidl_generator_py[0m
[2.903s] [ 93%] Built target dwb_msgs__rosidl_generator_py
[2.919s] [35m[1mConsolidate compiler generated dependencies of target dwb_msgs__rosidl_typesupport_fastrtps_c__pyext[0m
[2.927s] [35m[1mConsolidate compiler generated dependencies of target dwb_msgs__rosidl_typesupport_introspection_c__pyext[0m
[2.927s] [35m[1mConsolidate compiler generated dependencies of target dwb_msgs__rosidl_typesupport_c__pyext[0m
[2.951s] [ 95%] Built target dwb_msgs__rosidl_typesupport_fastrtps_c__pyext
[2.952s] [ 97%] Built target dwb_msgs__rosidl_typesupport_introspection_c__pyext
[2.960s] [100%] Built target dwb_msgs__rosidl_typesupport_c__pyext
[3.240s] running egg_info
[3.259s] writing dwb_msgs.egg-info/PKG-INFO
[3.259s] writing dependency_links to dwb_msgs.egg-info/dependency_links.txt
[3.259s] writing top-level names to dwb_msgs.egg-info/top_level.txt
[3.313s] reading manifest file 'dwb_msgs.egg-info/SOURCES.txt'
[3.315s] writing manifest file 'dwb_msgs.egg-info/SOURCES.txt'
[3.397s] [100%] Built target ament_cmake_python_build_dwb_msgs_egg
[3.996s] Invoked command in '/home/arc/nav2_ws/build/dwb_msgs' returned '0': AMENT_PREFIX_PATH=/home/arc/nav2_ws/install/nav_2d_msgs:${AMENT_PREFIX_PATH} CMAKE_PREFIX_PATH=/home/arc/nav2_ws/install/nav_2d_msgs:/home/arc/workspace/install:/opt/ros/humble LD_LIBRARY_PATH=/home/arc/nav2_ws/install/nav_2d_msgs/lib:${LD_LIBRARY_PATH} PYTHONPATH=/home/arc/nav2_ws/install/nav_2d_msgs/local/lib/python3.10/dist-packages:${PYTHONPATH} /usr/bin/cmake --build /home/arc/nav2_ws/build/dwb_msgs -- -j4 -l4
[4.304s] Invoking command in '/home/arc/nav2_ws/build/dwb_msgs': AMENT_PREFIX_PATH=/home/arc/nav2_ws/install/nav_2d_msgs:${AMENT_PREFIX_PATH} CMAKE_PREFIX_PATH=/home/arc/nav2_ws/install/nav_2d_msgs:/home/arc/workspace/install:/opt/ros/humble LD_LIBRARY_PATH=/home/arc/nav2_ws/install/nav_2d_msgs/lib:${LD_LIBRARY_PATH} PYTHONPATH=/home/arc/nav2_ws/install/nav_2d_msgs/local/lib/python3.10/dist-packages:${PYTHONPATH} /usr/bin/cmake --install /home/arc/nav2_ws/build/dwb_msgs
[4.322s] -- Install configuration: ""
[4.324s] -- Execute custom install script
[4.324s] -- Up-to-date symlink: /home/arc/nav2_ws/install/dwb_msgs/share/ament_index/resource_index/rosidl_interfaces/dwb_msgs
[4.325s] -- Up-to-date symlink: /home/arc/nav2_ws/install/dwb_msgs/include/dwb_msgs/dwb_msgs/msg/critic_score.h
[4.326s] -- Up-to-date symlink: /home/arc/nav2_ws/install/dwb_msgs/include/dwb_msgs/dwb_msgs/msg/detail/critic_score__functions.h
[4.328s] -- Up-to-date symlink: /home/arc/nav2_ws/install/dwb_msgs/include/dwb_msgs/dwb_msgs/msg/detail/critic_score__struct.h
[4.328s] -- Up-to-date symlink: /home/arc/nav2_ws/install/dwb_msgs/include/dwb_msgs/dwb_msgs/msg/detail/critic_score__type_support.h
[4.328s] -- Up-to-date symlink: /home/arc/nav2_ws/install/dwb_msgs/include/dwb_msgs/dwb_msgs/msg/detail/local_plan_evaluation__functions.h
[4.328s] -- Up-to-date symlink: /home/arc/nav2_ws/install/dwb_msgs/include/dwb_msgs/dwb_msgs/msg/detail/local_plan_evaluation__struct.h
[4.328s] -- Up-to-date symlink: /home/arc/nav2_ws/install/dwb_msgs/include/dwb_msgs/dwb_msgs/msg/detail/local_plan_evaluation__type_support.h
[4.329s] -- Up-to-date symlink: /home/arc/nav2_ws/install/dwb_msgs/include/dwb_msgs/dwb_msgs/msg/detail/trajectory2_d__functions.h
[4.329s] -- Up-to-date symlink: /home/arc/nav2_ws/install/dwb_msgs/include/dwb_msgs/dwb_msgs/msg/detail/trajectory2_d__struct.h
[4.329s] -- Up-to-date symlink: /home/arc/nav2_ws/install/dwb_msgs/include/dwb_msgs/dwb_msgs/msg/detail/trajectory2_d__type_support.h
[4.329s] -- Up-to-date symlink: /home/arc/nav2_ws/install/dwb_msgs/include/dwb_msgs/dwb_msgs/msg/detail/trajectory_score__functions.h
[4.329s] -- Up-to-date symlink: /home/arc/nav2_ws/install/dwb_msgs/include/dwb_msgs/dwb_msgs/msg/detail/trajectory_score__struct.h
[4.330s] -- Up-to-date symlink: /home/arc/nav2_ws/install/dwb_msgs/include/dwb_msgs/dwb_msgs/msg/detail/trajectory_score__type_support.h
[4.330s] -- Up-to-date symlink: /home/arc/nav2_ws/install/dwb_msgs/include/dwb_msgs/dwb_msgs/msg/local_plan_evaluation.h
[4.330s] -- Up-to-date symlink: /home/arc/nav2_ws/install/dwb_msgs/include/dwb_msgs/dwb_msgs/msg/rosidl_generator_c__visibility_control.h
[4.330s] -- Up-to-date symlink: /home/arc/nav2_ws/install/dwb_msgs/include/dwb_msgs/dwb_msgs/msg/trajectory2_d.h
[4.330s] -- Up-to-date symlink: /home/arc/nav2_ws/install/dwb_msgs/include/dwb_msgs/dwb_msgs/msg/trajectory_score.h
[4.331s] -- Up-to-date symlink: /home/arc/nav2_ws/install/dwb_msgs/include/dwb_msgs/dwb_msgs/srv/debug_local_plan.h
[4.331s] -- Up-to-date symlink: /home/arc/nav2_ws/install/dwb_msgs/include/dwb_msgs/dwb_msgs/srv/detail/debug_local_plan__functions.h
[4.331s] -- Up-to-date symlink: /home/arc/nav2_ws/install/dwb_msgs/include/dwb_msgs/dwb_msgs/srv/detail/debug_local_plan__struct.h
[4.331s] -- Up-to-date symlink: /home/arc/nav2_ws/install/dwb_msgs/include/dwb_msgs/dwb_msgs/srv/detail/debug_local_plan__type_support.h
[4.331s] -- Up-to-date symlink: /home/arc/nav2_ws/install/dwb_msgs/include/dwb_msgs/dwb_msgs/srv/detail/generate_trajectory__functions.h
[4.331s] -- Up-to-date symlink: /home/arc/nav2_ws/install/dwb_msgs/include/dwb_msgs/dwb_msgs/srv/detail/generate_trajectory__struct.h
[4.332s] -- Up-to-date symlink: /home/arc/nav2_ws/install/dwb_msgs/include/dwb_msgs/dwb_msgs/srv/detail/generate_trajectory__type_support.h
[4.332s] -- Up-to-date symlink: /home/arc/nav2_ws/install/dwb_msgs/include/dwb_msgs/dwb_msgs/srv/detail/generate_twists__functions.h
[4.332s] -- Up-to-date symlink: /home/arc/nav2_ws/install/dwb_msgs/include/dwb_msgs/dwb_msgs/srv/detail/generate_twists__struct.h
[4.332s] -- Up-to-date symlink: /home/arc/nav2_ws/install/dwb_msgs/include/dwb_msgs/dwb_msgs/srv/detail/generate_twists__type_support.h
[4.332s] -- Up-to-date symlink: /home/arc/nav2_ws/install/dwb_msgs/include/dwb_msgs/dwb_msgs/srv/detail/get_critic_score__functions.h
[4.332s] -- Up-to-date symlink: /home/arc/nav2_ws/install/dwb_msgs/include/dwb_msgs/dwb_msgs/srv/detail/get_critic_score__struct.h
[4.333s] -- Up-to-date symlink: /home/arc/nav2_ws/install/dwb_msgs/include/dwb_msgs/dwb_msgs/srv/detail/get_critic_score__type_support.h
[4.333s] -- Up-to-date symlink: /home/arc/nav2_ws/install/dwb_msgs/include/dwb_msgs/dwb_msgs/srv/detail/score_trajectory__functions.h
[4.333s] -- Up-to-date symlink: /home/arc/nav2_ws/install/dwb_msgs/include/dwb_msgs/dwb_msgs/srv/detail/score_trajectory__struct.h
[4.334s] -- Up-to-date symlink: /home/arc/nav2_ws/install/dwb_msgs/include/dwb_msgs/dwb_msgs/srv/detail/score_trajectory__type_support.h
[4.334s] -- Up-to-date symlink: /home/arc/nav2_ws/install/dwb_msgs/include/dwb_msgs/dwb_msgs/srv/generate_trajectory.h
[4.334s] -- Up-to-date symlink: /home/arc/nav2_ws/install/dwb_msgs/include/dwb_msgs/dwb_msgs/srv/generate_twists.h
[4.335s] -- Up-to-date symlink: /home/arc/nav2_ws/install/dwb_msgs/include/dwb_msgs/dwb_msgs/srv/get_critic_score.h
[4.335s] -- Up-to-date symlink: /home/arc/nav2_ws/install/dwb_msgs/include/dwb_msgs/dwb_msgs/srv/score_trajectory.h
[4.336s] -- Up-to-date symlink: /home/arc/nav2_ws/install/dwb_msgs/share/dwb_msgs/environment/library_path.sh
[4.336s] -- Up-to-date symlink: /home/arc/nav2_ws/install/dwb_msgs/share/dwb_msgs/environment/library_path.dsv
[4.337s] -- Up-to-date symlink: /home/arc/nav2_ws/install/dwb_msgs/include/dwb_msgs/dwb_msgs/msg/detail/critic_score__rosidl_typesupport_fastrtps_c.h
[4.337s] -- Up-to-date symlink: /home/arc/nav2_ws/install/dwb_msgs/include/dwb_msgs/dwb_msgs/msg/detail/local_plan_evaluation__rosidl_typesupport_fastrtps_c.h
[4.337s] -- Up-to-date symlink: /home/arc/nav2_ws/install/dwb_msgs/include/dwb_msgs/dwb_msgs/msg/detail/trajectory2_d__rosidl_typesupport_fastrtps_c.h
[4.337s] -- Up-to-date symlink: /home/arc/nav2_ws/install/dwb_msgs/include/dwb_msgs/dwb_msgs/msg/detail/trajectory_score__rosidl_typesupport_fastrtps_c.h
[4.338s] -- Up-to-date symlink: /home/arc/nav2_ws/install/dwb_msgs/include/dwb_msgs/dwb_msgs/msg/rosidl_typesupport_fastrtps_c__visibility_control.h
[4.338s] -- Up-to-date symlink: /home/arc/nav2_ws/install/dwb_msgs/include/dwb_msgs/dwb_msgs/srv/detail/debug_local_plan__rosidl_typesupport_fastrtps_c.h
[4.338s] -- Up-to-date symlink: /home/arc/nav2_ws/install/dwb_msgs/include/dwb_msgs/dwb_msgs/srv/detail/generate_trajectory__rosidl_typesupport_fastrtps_c.h
[4.338s] -- Up-to-date symlink: /home/arc/nav2_ws/install/dwb_msgs/include/dwb_msgs/dwb_msgs/srv/detail/generate_twists__rosidl_typesupport_fastrtps_c.h
[4.339s] -- Up-to-date symlink: /home/arc/nav2_ws/install/dwb_msgs/include/dwb_msgs/dwb_msgs/srv/detail/get_critic_score__rosidl_typesupport_fastrtps_c.h
[4.339s] -- Up-to-date symlink: /home/arc/nav2_ws/install/dwb_msgs/include/dwb_msgs/dwb_msgs/srv/detail/score_trajectory__rosidl_typesupport_fastrtps_c.h
[4.342s] -- Up-to-date symlink: /home/arc/nav2_ws/install/dwb_msgs/include/dwb_msgs/dwb_msgs/msg/critic_score.hpp
[4.342s] -- Up-to-date symlink: /home/arc/nav2_ws/install/dwb_msgs/include/dwb_msgs/dwb_msgs/msg/detail/critic_score__builder.hpp
[4.342s] -- Up-to-date symlink: /home/arc/nav2_ws/install/dwb_msgs/include/dwb_msgs/dwb_msgs/msg/detail/critic_score__struct.hpp
[4.342s] -- Up-to-date symlink: /home/arc/nav2_ws/install/dwb_msgs/include/dwb_msgs/dwb_msgs/msg/detail/critic_score__traits.hpp
[4.343s] -- Up-to-date symlink: /home/arc/nav2_ws/install/dwb_msgs/include/dwb_msgs/dwb_msgs/msg/detail/local_plan_evaluation__builder.hpp
[4.343s] -- Up-to-date symlink: /home/arc/nav2_ws/install/dwb_msgs/include/dwb_msgs/dwb_msgs/msg/detail/local_plan_evaluation__struct.hpp
[4.343s] -- Up-to-date symlink: /home/arc/nav2_ws/install/dwb_msgs/include/dwb_msgs/dwb_msgs/msg/detail/local_plan_evaluation__traits.hpp
[4.343s] -- Up-to-date symlink: /home/arc/nav2_ws/install/dwb_msgs/include/dwb_msgs/dwb_msgs/msg/detail/trajectory2_d__builder.hpp
[4.344s] -- Up-to-date symlink: /home/arc/nav2_ws/install/dwb_msgs/include/dwb_msgs/dwb_msgs/msg/detail/trajectory2_d__struct.hpp
[4.344s] -- Up-to-date symlink: /home/arc/nav2_ws/install/dwb_msgs/include/dwb_msgs/dwb_msgs/msg/detail/trajectory2_d__traits.hpp
[4.344s] -- Up-to-date symlink: /home/arc/nav2_ws/install/dwb_msgs/include/dwb_msgs/dwb_msgs/msg/detail/trajectory_score__builder.hpp
[4.345s] -- Up-to-date symlink: /home/arc/nav2_ws/install/dwb_msgs/include/dwb_msgs/dwb_msgs/msg/detail/trajectory_score__struct.hpp
[4.345s] -- Up-to-date symlink: /home/arc/nav2_ws/install/dwb_msgs/include/dwb_msgs/dwb_msgs/msg/detail/trajectory_score__traits.hpp
[4.345s] -- Up-to-date symlink: /home/arc/nav2_ws/install/dwb_msgs/include/dwb_msgs/dwb_msgs/msg/local_plan_evaluation.hpp
[4.345s] -- Up-to-date symlink: /home/arc/nav2_ws/install/dwb_msgs/include/dwb_msgs/dwb_msgs/msg/trajectory2_d.hpp
[4.346s] -- Up-to-date symlink: /home/arc/nav2_ws/install/dwb_msgs/include/dwb_msgs/dwb_msgs/msg/trajectory_score.hpp
[4.346s] -- Up-to-date symlink: /home/arc/nav2_ws/install/dwb_msgs/include/dwb_msgs/dwb_msgs/srv/debug_local_plan.hpp
[4.346s] -- Up-to-date symlink: /home/arc/nav2_ws/install/dwb_msgs/include/dwb_msgs/dwb_msgs/srv/detail/debug_local_plan__builder.hpp
[4.346s] -- Up-to-date symlink: /home/arc/nav2_ws/install/dwb_msgs/include/dwb_msgs/dwb_msgs/srv/detail/debug_local_plan__struct.hpp
[4.347s] -- Up-to-date symlink: /home/arc/nav2_ws/install/dwb_msgs/include/dwb_msgs/dwb_msgs/srv/detail/debug_local_plan__traits.hpp
[4.347s] -- Up-to-date symlink: /home/arc/nav2_ws/install/dwb_msgs/include/dwb_msgs/dwb_msgs/srv/detail/generate_trajectory__builder.hpp
[4.347s] -- Up-to-date symlink: /home/arc/nav2_ws/install/dwb_msgs/include/dwb_msgs/dwb_msgs/srv/detail/generate_trajectory__struct.hpp
[4.347s] -- Up-to-date symlink: /home/arc/nav2_ws/install/dwb_msgs/include/dwb_msgs/dwb_msgs/srv/detail/generate_trajectory__traits.hpp
[4.347s] -- Up-to-date symlink: /home/arc/nav2_ws/install/dwb_msgs/include/dwb_msgs/dwb_msgs/srv/detail/generate_twists__builder.hpp
[4.347s] -- Up-to-date symlink: /home/arc/nav2_ws/install/dwb_msgs/include/dwb_msgs/dwb_msgs/srv/detail/generate_twists__struct.hpp
[4.348s] -- Up-to-date symlink: /home/arc/nav2_ws/install/dwb_msgs/include/dwb_msgs/dwb_msgs/srv/detail/generate_twists__traits.hpp
[4.348s] -- Up-to-date symlink: /home/arc/nav2_ws/install/dwb_msgs/include/dwb_msgs/dwb_msgs/srv/detail/get_critic_score__builder.hpp
[4.348s] -- Up-to-date symlink: /home/arc/nav2_ws/install/dwb_msgs/include/dwb_msgs/dwb_msgs/srv/detail/get_critic_score__struct.hpp
[4.348s] -- Up-to-date symlink: /home/arc/nav2_ws/install/dwb_msgs/include/dwb_msgs/dwb_msgs/srv/detail/get_critic_score__traits.hpp
[4.349s] -- Up-to-date symlink: /home/arc/nav2_ws/install/dwb_msgs/include/dwb_msgs/dwb_msgs/srv/detail/score_trajectory__builder.hpp
[4.349s] -- Up-to-date symlink: /home/arc/nav2_ws/install/dwb_msgs/include/dwb_msgs/dwb_msgs/srv/detail/score_trajectory__struct.hpp
[4.349s] -- Up-to-date symlink: /home/arc/nav2_ws/install/dwb_msgs/include/dwb_msgs/dwb_msgs/srv/detail/score_trajectory__traits.hpp
[4.349s] -- Up-to-date symlink: /home/arc/nav2_ws/install/dwb_msgs/include/dwb_msgs/dwb_msgs/srv/generate_trajectory.hpp
[4.349s] -- Up-to-date symlink: /home/arc/nav2_ws/install/dwb_msgs/include/dwb_msgs/dwb_msgs/srv/generate_twists.hpp
[4.349s] -- Up-to-date symlink: /home/arc/nav2_ws/install/dwb_msgs/include/dwb_msgs/dwb_msgs/srv/get_critic_score.hpp
[4.350s] -- Up-to-date symlink: /home/arc/nav2_ws/install/dwb_msgs/include/dwb_msgs/dwb_msgs/srv/score_trajectory.hpp
[4.351s] -- Up-to-date symlink: /home/arc/nav2_ws/install/dwb_msgs/include/dwb_msgs/dwb_msgs/msg/detail/critic_score__rosidl_typesupport_fastrtps_cpp.hpp
[4.351s] -- Up-to-date symlink: /home/arc/nav2_ws/install/dwb_msgs/include/dwb_msgs/dwb_msgs/msg/detail/local_plan_evaluation__rosidl_typesupport_fastrtps_cpp.hpp
[4.351s] -- Up-to-date symlink: /home/arc/nav2_ws/install/dwb_msgs/include/dwb_msgs/dwb_msgs/msg/detail/trajectory2_d__rosidl_typesupport_fastrtps_cpp.hpp
[4.351s] -- Up-to-date symlink: /home/arc/nav2_ws/install/dwb_msgs/include/dwb_msgs/dwb_msgs/msg/detail/trajectory_score__rosidl_typesupport_fastrtps_cpp.hpp
[4.352s] -- Up-to-date symlink: /home/arc/nav2_ws/install/dwb_msgs/include/dwb_msgs/dwb_msgs/msg/rosidl_typesupport_fastrtps_cpp__visibility_control.h
[4.352s] -- Up-to-date symlink: /home/arc/nav2_ws/install/dwb_msgs/include/dwb_msgs/dwb_msgs/srv/detail/debug_local_plan__rosidl_typesupport_fastrtps_cpp.hpp
[4.352s] -- Up-to-date symlink: /home/arc/nav2_ws/install/dwb_msgs/include/dwb_msgs/dwb_msgs/srv/detail/generate_trajectory__rosidl_typesupport_fastrtps_cpp.hpp
[4.352s] -- Up-to-date symlink: /home/arc/nav2_ws/install/dwb_msgs/include/dwb_msgs/dwb_msgs/srv/detail/generate_twists__rosidl_typesupport_fastrtps_cpp.hpp
[4.353s] -- Up-to-date symlink: /home/arc/nav2_ws/install/dwb_msgs/include/dwb_msgs/dwb_msgs/srv/detail/get_critic_score__rosidl_typesupport_fastrtps_cpp.hpp
[4.354s] -- Up-to-date symlink: /home/arc/nav2_ws/install/dwb_msgs/include/dwb_msgs/dwb_msgs/srv/detail/score_trajectory__rosidl_typesupport_fastrtps_cpp.hpp
[4.355s] -- Up-to-date symlink: /home/arc/nav2_ws/install/dwb_msgs/include/dwb_msgs/dwb_msgs/msg/detail/critic_score__rosidl_typesupport_introspection_c.h
[4.355s] -- Up-to-date symlink: /home/arc/nav2_ws/install/dwb_msgs/include/dwb_msgs/dwb_msgs/msg/detail/local_plan_evaluation__rosidl_typesupport_introspection_c.h
[4.356s] -- Up-to-date symlink: /home/arc/nav2_ws/install/dwb_msgs/include/dwb_msgs/dwb_msgs/msg/detail/trajectory2_d__rosidl_typesupport_introspection_c.h
[4.356s] -- Up-to-date symlink: /home/arc/nav2_ws/install/dwb_msgs/include/dwb_msgs/dwb_msgs/msg/detail/trajectory_score__rosidl_typesupport_introspection_c.h
[4.356s] -- Up-to-date symlink: /home/arc/nav2_ws/install/dwb_msgs/include/dwb_msgs/dwb_msgs/msg/rosidl_typesupport_introspection_c__visibility_control.h
[4.356s] -- Up-to-date symlink: /home/arc/nav2_ws/install/dwb_msgs/include/dwb_msgs/dwb_msgs/srv/detail/debug_local_plan__rosidl_typesupport_introspection_c.h
[4.357s] -- Up-to-date symlink: /home/arc/nav2_ws/install/dwb_msgs/include/dwb_msgs/dwb_msgs/srv/detail/generate_trajectory__rosidl_typesupport_introspection_c.h
[4.357s] -- Up-to-date symlink: /home/arc/nav2_ws/install/dwb_msgs/include/dwb_msgs/dwb_msgs/srv/detail/generate_twists__rosidl_typesupport_introspection_c.h
[4.357s] -- Up-to-date symlink: /home/arc/nav2_ws/install/dwb_msgs/include/dwb_msgs/dwb_msgs/srv/detail/get_critic_score__rosidl_typesupport_introspection_c.h
[4.358s] -- Up-to-date symlink: /home/arc/nav2_ws/install/dwb_msgs/include/dwb_msgs/dwb_msgs/srv/detail/score_trajectory__rosidl_typesupport_introspection_c.h
[4.358s] -- Up-to-date symlink: /home/arc/nav2_ws/install/dwb_msgs/include/dwb_msgs/dwb_msgs/msg/detail/critic_score__rosidl_typesupport_introspection_cpp.hpp
[4.358s] -- Up-to-date symlink: /home/arc/nav2_ws/install/dwb_msgs/include/dwb_msgs/dwb_msgs/msg/detail/local_plan_evaluation__rosidl_typesupport_introspection_cpp.hpp
[4.358s] -- Up-to-date symlink: /home/arc/nav2_ws/install/dwb_msgs/include/dwb_msgs/dwb_msgs/msg/detail/trajectory2_d__rosidl_typesupport_introspection_cpp.hpp
[4.359s] -- Up-to-date symlink: /home/arc/nav2_ws/install/dwb_msgs/include/dwb_msgs/dwb_msgs/msg/detail/trajectory_score__rosidl_typesupport_introspection_cpp.hpp
[4.359s] -- Up-to-date symlink: /home/arc/nav2_ws/install/dwb_msgs/include/dwb_msgs/dwb_msgs/srv/detail/debug_local_plan__rosidl_typesupport_introspection_cpp.hpp
[4.359s] -- Up-to-date symlink: /home/arc/nav2_ws/install/dwb_msgs/include/dwb_msgs/dwb_msgs/srv/detail/generate_trajectory__rosidl_typesupport_introspection_cpp.hpp
[4.359s] -- Up-to-date symlink: /home/arc/nav2_ws/install/dwb_msgs/include/dwb_msgs/dwb_msgs/srv/detail/generate_twists__rosidl_typesupport_introspection_cpp.hpp
[4.359s] -- Up-to-date symlink: /home/arc/nav2_ws/install/dwb_msgs/include/dwb_msgs/dwb_msgs/srv/detail/get_critic_score__rosidl_typesupport_introspection_cpp.hpp
[4.360s] -- Up-to-date symlink: /home/arc/nav2_ws/install/dwb_msgs/include/dwb_msgs/dwb_msgs/srv/detail/score_trajectory__rosidl_typesupport_introspection_cpp.hpp
[4.360s] -- Up-to-date symlink: /home/arc/nav2_ws/install/dwb_msgs/share/dwb_msgs/environment/pythonpath.sh
[4.360s] -- Up-to-date symlink: /home/arc/nav2_ws/install/dwb_msgs/share/dwb_msgs/environment/pythonpath.dsv
[4.360s] -- Up-to-date symlink: /home/arc/nav2_ws/install/dwb_msgs/local/lib/python3.10/dist-packages/dwb_msgs-1.1.2-py3.10.egg-info/PKG-INFO
[4.360s] -- Up-to-date symlink: /home/arc/nav2_ws/install/dwb_msgs/local/lib/python3.10/dist-packages/dwb_msgs-1.1.2-py3.10.egg-info/SOURCES.txt
[4.361s] -- Up-to-date symlink: /home/arc/nav2_ws/install/dwb_msgs/local/lib/python3.10/dist-packages/dwb_msgs-1.1.2-py3.10.egg-info/dependency_links.txt
[4.361s] -- Up-to-date symlink: /home/arc/nav2_ws/install/dwb_msgs/local/lib/python3.10/dist-packages/dwb_msgs-1.1.2-py3.10.egg-info/top_level.txt
[4.362s] -- Up-to-date symlink: /home/arc/nav2_ws/install/dwb_msgs/local/lib/python3.10/dist-packages/dwb_msgs/__init__.py
[4.362s] -- Up-to-date symlink: /home/arc/nav2_ws/install/dwb_msgs/local/lib/python3.10/dist-packages/dwb_msgs/_dwb_msgs_s.ep.rosidl_typesupport_c.c
[4.362s] -- Up-to-date symlink: /home/arc/nav2_ws/install/dwb_msgs/local/lib/python3.10/dist-packages/dwb_msgs/_dwb_msgs_s.ep.rosidl_typesupport_fastrtps_c.c
[4.362s] -- Up-to-date symlink: /home/arc/nav2_ws/install/dwb_msgs/local/lib/python3.10/dist-packages/dwb_msgs/_dwb_msgs_s.ep.rosidl_typesupport_introspection_c.c
[4.363s] -- Up-to-date symlink: /home/arc/nav2_ws/install/dwb_msgs/local/lib/python3.10/dist-packages/dwb_msgs/dwb_msgs_s__rosidl_typesupport_c.cpython-310-x86_64-linux-gnu.so
[4.363s] -- Up-to-date symlink: /home/arc/nav2_ws/install/dwb_msgs/local/lib/python3.10/dist-packages/dwb_msgs/dwb_msgs_s__rosidl_typesupport_fastrtps_c.cpython-310-x86_64-linux-gnu.so
[4.363s] -- Up-to-date symlink: /home/arc/nav2_ws/install/dwb_msgs/local/lib/python3.10/dist-packages/dwb_msgs/dwb_msgs_s__rosidl_typesupport_introspection_c.cpython-310-x86_64-linux-gnu.so
[4.363s] -- Up-to-date symlink: /home/arc/nav2_ws/install/dwb_msgs/local/lib/python3.10/dist-packages/dwb_msgs/libdwb_msgs__rosidl_generator_py.so
[4.363s] -- Up-to-date symlink: /home/arc/nav2_ws/install/dwb_msgs/local/lib/python3.10/dist-packages/dwb_msgs/msg/__init__.py
[4.363s] -- Up-to-date symlink: /home/arc/nav2_ws/install/dwb_msgs/local/lib/python3.10/dist-packages/dwb_msgs/msg/_critic_score.py
[4.364s] -- Up-to-date symlink: /home/arc/nav2_ws/install/dwb_msgs/local/lib/python3.10/dist-packages/dwb_msgs/msg/_critic_score_s.c
[4.364s] -- Up-to-date symlink: /home/arc/nav2_ws/install/dwb_msgs/local/lib/python3.10/dist-packages/dwb_msgs/msg/_local_plan_evaluation.py
[4.364s] -- Up-to-date symlink: /home/arc/nav2_ws/install/dwb_msgs/local/lib/python3.10/dist-packages/dwb_msgs/msg/_local_plan_evaluation_s.c
[4.364s] -- Up-to-date symlink: /home/arc/nav2_ws/install/dwb_msgs/local/lib/python3.10/dist-packages/dwb_msgs/msg/_trajectory2_d.py
[4.364s] -- Up-to-date symlink: /home/arc/nav2_ws/install/dwb_msgs/local/lib/python3.10/dist-packages/dwb_msgs/msg/_trajectory2_d_s.c
[4.365s] -- Up-to-date symlink: /home/arc/nav2_ws/install/dwb_msgs/local/lib/python3.10/dist-packages/dwb_msgs/msg/_trajectory_score.py
[4.365s] -- Up-to-date symlink: /home/arc/nav2_ws/install/dwb_msgs/local/lib/python3.10/dist-packages/dwb_msgs/msg/_trajectory_score_s.c
[4.368s] -- Up-to-date symlink: /home/arc/nav2_ws/install/dwb_msgs/local/lib/python3.10/dist-packages/dwb_msgs/srv/__init__.py
[4.368s] -- Up-to-date symlink: /home/arc/nav2_ws/install/dwb_msgs/local/lib/python3.10/dist-packages/dwb_msgs/srv/_debug_local_plan.py
[4.369s] -- Up-to-date symlink: /home/arc/nav2_ws/install/dwb_msgs/local/lib/python3.10/dist-packages/dwb_msgs/srv/_debug_local_plan_s.c
[4.369s] -- Up-to-date symlink: /home/arc/nav2_ws/install/dwb_msgs/local/lib/python3.10/dist-packages/dwb_msgs/srv/_generate_trajectory.py
[4.369s] -- Up-to-date symlink: /home/arc/nav2_ws/install/dwb_msgs/local/lib/python3.10/dist-packages/dwb_msgs/srv/_generate_trajectory_s.c
[4.369s] -- Up-to-date symlink: /home/arc/nav2_ws/install/dwb_msgs/local/lib/python3.10/dist-packages/dwb_msgs/srv/_generate_twists.py
[4.369s] -- Up-to-date symlink: /home/arc/nav2_ws/install/dwb_msgs/local/lib/python3.10/dist-packages/dwb_msgs/srv/_generate_twists_s.c
[4.370s] -- Up-to-date symlink: /home/arc/nav2_ws/install/dwb_msgs/local/lib/python3.10/dist-packages/dwb_msgs/srv/_get_critic_score.py
[4.370s] -- Up-to-date symlink: /home/arc/nav2_ws/install/dwb_msgs/local/lib/python3.10/dist-packages/dwb_msgs/srv/_get_critic_score_s.c
[4.370s] -- Up-to-date symlink: /home/arc/nav2_ws/install/dwb_msgs/local/lib/python3.10/dist-packages/dwb_msgs/srv/_score_trajectory.py
[4.371s] -- Up-to-date symlink: /home/arc/nav2_ws/install/dwb_msgs/local/lib/python3.10/dist-packages/dwb_msgs/srv/_score_trajectory_s.c
[4.371s] -- Up-to-date symlink: /home/arc/nav2_ws/install/dwb_msgs/local/lib/python3.10/dist-packages/dwb_msgs/dwb_msgs_s__rosidl_typesupport_fastrtps_c.cpython-310-x86_64-linux-gnu.so
[4.372s] -- Up-to-date symlink: /home/arc/nav2_ws/install/dwb_msgs/local/lib/python3.10/dist-packages/dwb_msgs/dwb_msgs_s__rosidl_typesupport_introspection_c.cpython-310-x86_64-linux-gnu.so
[4.373s] -- Up-to-date symlink: /home/arc/nav2_ws/install/dwb_msgs/local/lib/python3.10/dist-packages/dwb_msgs/dwb_msgs_s__rosidl_typesupport_c.cpython-310-x86_64-linux-gnu.so
[4.373s] -- Up-to-date symlink: /home/arc/nav2_ws/install/dwb_msgs/share/dwb_msgs/msg/CriticScore.idl
[4.373s] -- Up-to-date symlink: /home/arc/nav2_ws/install/dwb_msgs/share/dwb_msgs/msg/LocalPlanEvaluation.idl
[4.374s] -- Up-to-date symlink: /home/arc/nav2_ws/install/dwb_msgs/share/dwb_msgs/msg/Trajectory2D.idl
[4.374s] -- Up-to-date symlink: /home/arc/nav2_ws/install/dwb_msgs/share/dwb_msgs/msg/TrajectoryScore.idl
[4.375s] -- Up-to-date symlink: /home/arc/nav2_ws/install/dwb_msgs/share/dwb_msgs/srv/DebugLocalPlan.idl
[4.375s] -- Up-to-date symlink: /home/arc/nav2_ws/install/dwb_msgs/share/dwb_msgs/srv/GenerateTrajectory.idl
[4.375s] -- Up-to-date symlink: /home/arc/nav2_ws/install/dwb_msgs/share/dwb_msgs/srv/GenerateTwists.idl
[4.376s] -- Up-to-date symlink: /home/arc/nav2_ws/install/dwb_msgs/share/dwb_msgs/srv/GetCriticScore.idl
[4.376s] -- Up-to-date symlink: /home/arc/nav2_ws/install/dwb_msgs/share/dwb_msgs/srv/ScoreTrajectory.idl
[4.378s] -- Up-to-date symlink: /home/arc/nav2_ws/install/dwb_msgs/share/dwb_msgs/msg/CriticScore.msg
[4.379s] -- Up-to-date symlink: /home/arc/nav2_ws/install/dwb_msgs/share/dwb_msgs/msg/LocalPlanEvaluation.msg
[4.380s] -- Up-to-date symlink: /home/arc/nav2_ws/install/dwb_msgs/share/dwb_msgs/msg/Trajectory2D.msg
[4.380s] -- Up-to-date symlink: /home/arc/nav2_ws/install/dwb_msgs/share/dwb_msgs/msg/TrajectoryScore.msg
[4.381s] -- Up-to-date symlink: /home/arc/nav2_ws/install/dwb_msgs/share/dwb_msgs/srv/DebugLocalPlan.srv
[4.381s] -- Up-to-date symlink: /home/arc/nav2_ws/install/dwb_msgs/share/dwb_msgs/srv/DebugLocalPlan_Request.msg
[4.381s] -- Up-to-date symlink: /home/arc/nav2_ws/install/dwb_msgs/share/dwb_msgs/srv/DebugLocalPlan_Response.msg
[4.382s] -- Up-to-date symlink: /home/arc/nav2_ws/install/dwb_msgs/share/dwb_msgs/srv/GenerateTrajectory.srv
[4.383s] -- Up-to-date symlink: /home/arc/nav2_ws/install/dwb_msgs/share/dwb_msgs/srv/GenerateTrajectory_Request.msg
[4.383s] -- Up-to-date symlink: /home/arc/nav2_ws/install/dwb_msgs/share/dwb_msgs/srv/GenerateTrajectory_Response.msg
[4.384s] -- Up-to-date symlink: /home/arc/nav2_ws/install/dwb_msgs/share/dwb_msgs/srv/GenerateTwists.srv
[4.385s] -- Up-to-date symlink: /home/arc/nav2_ws/install/dwb_msgs/share/dwb_msgs/srv/GenerateTwists_Request.msg
[4.385s] -- Up-to-date symlink: /home/arc/nav2_ws/install/dwb_msgs/share/dwb_msgs/srv/GenerateTwists_Response.msg
[4.385s] -- Up-to-date symlink: /home/arc/nav2_ws/install/dwb_msgs/share/dwb_msgs/srv/GetCriticScore.srv
[4.385s] -- Up-to-date symlink: /home/arc/nav2_ws/install/dwb_msgs/share/dwb_msgs/srv/GetCriticScore_Request.msg
[4.386s] -- Up-to-date symlink: /home/arc/nav2_ws/install/dwb_msgs/share/dwb_msgs/srv/GetCriticScore_Response.msg
[4.386s] -- Up-to-date symlink: /home/arc/nav2_ws/install/dwb_msgs/share/dwb_msgs/srv/ScoreTrajectory.srv
[4.386s] -- Up-to-date symlink: /home/arc/nav2_ws/install/dwb_msgs/share/dwb_msgs/srv/ScoreTrajectory_Request.msg
[4.387s] -- Up-to-date symlink: /home/arc/nav2_ws/install/dwb_msgs/share/dwb_msgs/srv/ScoreTrajectory_Response.msg
[4.387s] -- Up-to-date symlink: /home/arc/nav2_ws/install/dwb_msgs/share/ament_index/resource_index/package_run_dependencies/dwb_msgs
[4.388s] -- Up-to-date symlink: /home/arc/nav2_ws/install/dwb_msgs/share/ament_index/resource_index/parent_prefix_path/dwb_msgs
[4.388s] -- Up-to-date symlink: /home/arc/nav2_ws/install/dwb_msgs/share/dwb_msgs/environment/ament_prefix_path.sh
[4.389s] -- Up-to-date symlink: /home/arc/nav2_ws/install/dwb_msgs/share/dwb_msgs/environment/ament_prefix_path.dsv
[4.389s] -- Up-to-date symlink: /home/arc/nav2_ws/install/dwb_msgs/share/dwb_msgs/environment/path.sh
[4.389s] -- Up-to-date symlink: /home/arc/nav2_ws/install/dwb_msgs/share/dwb_msgs/environment/path.dsv
[4.390s] -- Up-to-date symlink: /home/arc/nav2_ws/install/dwb_msgs/share/dwb_msgs/local_setup.bash
[4.390s] -- Up-to-date symlink: /home/arc/nav2_ws/install/dwb_msgs/share/dwb_msgs/local_setup.sh
[4.391s] -- Up-to-date symlink: /home/arc/nav2_ws/install/dwb_msgs/share/dwb_msgs/local_setup.zsh
[4.391s] -- Up-to-date symlink: /home/arc/nav2_ws/install/dwb_msgs/share/dwb_msgs/local_setup.dsv
[4.391s] -- Symlinking: /home/arc/nav2_ws/install/dwb_msgs/share/dwb_msgs/package.dsv
[4.405s] -- Up-to-date symlink: /home/arc/nav2_ws/install/dwb_msgs/share/ament_index/resource_index/packages/dwb_msgs
[4.405s] -- Up-to-date symlink: /home/arc/nav2_ws/install/dwb_msgs/share/dwb_msgs/cmake/rosidl_cmake-extras.cmake
[4.406s] -- Up-to-date symlink: /home/arc/nav2_ws/install/dwb_msgs/share/dwb_msgs/cmake/ament_cmake_export_dependencies-extras.cmake
[4.406s] -- Up-to-date symlink: /home/arc/nav2_ws/install/dwb_msgs/share/dwb_msgs/cmake/ament_cmake_export_include_directories-extras.cmake
[4.407s] -- Up-to-date symlink: /home/arc/nav2_ws/install/dwb_msgs/share/dwb_msgs/cmake/ament_cmake_export_libraries-extras.cmake
[4.407s] -- Up-to-date symlink: /home/arc/nav2_ws/install/dwb_msgs/share/dwb_msgs/cmake/ament_cmake_export_targets-extras.cmake
[4.407s] -- Up-to-date symlink: /home/arc/nav2_ws/install/dwb_msgs/share/dwb_msgs/cmake/rosidl_cmake_export_typesupport_targets-extras.cmake
[4.408s] -- Up-to-date symlink: /home/arc/nav2_ws/install/dwb_msgs/share/dwb_msgs/cmake/rosidl_cmake_export_typesupport_libraries-extras.cmake
[4.408s] -- Up-to-date symlink: /home/arc/nav2_ws/install/dwb_msgs/share/dwb_msgs/cmake/dwb_msgsConfig.cmake
[4.408s] -- Up-to-date symlink: /home/arc/nav2_ws/install/dwb_msgs/share/dwb_msgs/cmake/dwb_msgsConfig-version.cmake
[4.409s] -- Up-to-date symlink: /home/arc/nav2_ws/install/dwb_msgs/share/dwb_msgs/package.xml
[4.409s] -- Up-to-date: /home/arc/nav2_ws/install/dwb_msgs/lib/libdwb_msgs__rosidl_generator_c.so
[4.410s] -- Up-to-date: /home/arc/nav2_ws/install/dwb_msgs/lib/libdwb_msgs__rosidl_typesupport_fastrtps_c.so
[4.411s] -- Up-to-date: /home/arc/nav2_ws/install/dwb_msgs/lib/libdwb_msgs__rosidl_typesupport_fastrtps_cpp.so
[4.411s] -- Up-to-date: /home/arc/nav2_ws/install/dwb_msgs/lib/libdwb_msgs__rosidl_typesupport_introspection_c.so
[4.412s] -- Up-to-date: /home/arc/nav2_ws/install/dwb_msgs/lib/libdwb_msgs__rosidl_typesupport_c.so
[4.413s] -- Up-to-date: /home/arc/nav2_ws/install/dwb_msgs/lib/libdwb_msgs__rosidl_typesupport_introspection_cpp.so
[4.413s] -- Up-to-date: /home/arc/nav2_ws/install/dwb_msgs/lib/libdwb_msgs__rosidl_typesupport_cpp.so
[4.480s] Listing '/home/arc/nav2_ws/install/dwb_msgs/local/lib/python3.10/dist-packages/dwb_msgs'...
[4.481s] Compiling '/home/arc/nav2_ws/install/dwb_msgs/local/lib/python3.10/dist-packages/dwb_msgs/__init__.py'...
[4.481s] Listing '/home/arc/nav2_ws/install/dwb_msgs/local/lib/python3.10/dist-packages/dwb_msgs/msg'...
[4.481s] Listing '/home/arc/nav2_ws/install/dwb_msgs/local/lib/python3.10/dist-packages/dwb_msgs/srv'...
[4.490s] -- Up-to-date: /home/arc/nav2_ws/install/dwb_msgs/lib/libdwb_msgs__rosidl_generator_py.so
[4.490s] -- Up-to-date: /home/arc/nav2_ws/install/dwb_msgs/share/dwb_msgs/cmake/export_dwb_msgs__rosidl_generator_cExport.cmake
[4.491s] -- Up-to-date: /home/arc/nav2_ws/install/dwb_msgs/share/dwb_msgs/cmake/export_dwb_msgs__rosidl_generator_cExport-noconfig.cmake
[4.491s] -- Up-to-date: /home/arc/nav2_ws/install/dwb_msgs/share/dwb_msgs/cmake/export_dwb_msgs__rosidl_typesupport_fastrtps_cExport.cmake
[4.491s] -- Up-to-date: /home/arc/nav2_ws/install/dwb_msgs/share/dwb_msgs/cmake/export_dwb_msgs__rosidl_typesupport_fastrtps_cExport-noconfig.cmake
[4.491s] -- Up-to-date: /home/arc/nav2_ws/install/dwb_msgs/share/dwb_msgs/cmake/export_dwb_msgs__rosidl_generator_cppExport.cmake
[4.491s] -- Up-to-date: /home/arc/nav2_ws/install/dwb_msgs/share/dwb_msgs/cmake/export_dwb_msgs__rosidl_typesupport_fastrtps_cppExport.cmake
[4.492s] -- Up-to-date: /home/arc/nav2_ws/install/dwb_msgs/share/dwb_msgs/cmake/export_dwb_msgs__rosidl_typesupport_fastrtps_cppExport-noconfig.cmake
[4.492s] -- Up-to-date: /home/arc/nav2_ws/install/dwb_msgs/share/dwb_msgs/cmake/dwb_msgs__rosidl_typesupport_introspection_cExport.cmake
[4.492s] -- Up-to-date: /home/arc/nav2_ws/install/dwb_msgs/share/dwb_msgs/cmake/dwb_msgs__rosidl_typesupport_introspection_cExport-noconfig.cmake
[4.492s] -- Up-to-date: /home/arc/nav2_ws/install/dwb_msgs/share/dwb_msgs/cmake/dwb_msgs__rosidl_typesupport_cExport.cmake
[4.492s] -- Up-to-date: /home/arc/nav2_ws/install/dwb_msgs/share/dwb_msgs/cmake/dwb_msgs__rosidl_typesupport_cExport-noconfig.cmake
[4.493s] -- Up-to-date: /home/arc/nav2_ws/install/dwb_msgs/share/dwb_msgs/cmake/dwb_msgs__rosidl_typesupport_introspection_cppExport.cmake
[4.493s] -- Up-to-date: /home/arc/nav2_ws/install/dwb_msgs/share/dwb_msgs/cmake/dwb_msgs__rosidl_typesupport_introspection_cppExport-noconfig.cmake
[4.493s] -- Up-to-date: /home/arc/nav2_ws/install/dwb_msgs/share/dwb_msgs/cmake/dwb_msgs__rosidl_typesupport_cppExport.cmake
[4.493s] -- Up-to-date: /home/arc/nav2_ws/install/dwb_msgs/share/dwb_msgs/cmake/dwb_msgs__rosidl_typesupport_cppExport-noconfig.cmake
[4.493s] -- Up-to-date: /home/arc/nav2_ws/install/dwb_msgs/share/dwb_msgs/cmake/export_dwb_msgs__rosidl_generator_pyExport.cmake
[4.493s] -- Up-to-date: /home/arc/nav2_ws/install/dwb_msgs/share/dwb_msgs/cmake/export_dwb_msgs__rosidl_generator_pyExport-noconfig.cmake
[4.501s] Invoked command in '/home/arc/nav2_ws/build/dwb_msgs' returned '0': AMENT_PREFIX_PATH=/home/arc/nav2_ws/install/nav_2d_msgs:${AMENT_PREFIX_PATH} CMAKE_PREFIX_PATH=/home/arc/nav2_ws/install/nav_2d_msgs:/home/arc/workspace/install:/opt/ros/humble LD_LIBRARY_PATH=/home/arc/nav2_ws/install/nav_2d_msgs/lib:${LD_LIBRARY_PATH} PYTHONPATH=/home/arc/nav2_ws/install/nav_2d_msgs/local/lib/python3.10/dist-packages:${PYTHONPATH} /usr/bin/cmake --install /home/arc/nav2_ws/build/dwb_msgs
