[0.041s] Invoking command in '/home/arc/nav2_ws/build/nav_2d_utils': AMENT_PREFIX_PATH=/home/arc/nav2_ws/install/nav2_util:/home/arc/nav2_ws/install/nav2_msgs:/home/arc/nav2_ws/install/nav_2d_msgs:/home/arc/nav2_ws/install/nav2_common:${AMENT_PREFIX_PATH} CMAKE_PREFIX_PATH=/home/arc/nav2_ws/install/nav2_util:/home/arc/nav2_ws/install/nav2_msgs:/home/arc/nav2_ws/install/nav_2d_msgs:/home/arc/nav2_ws/install/nav2_common:/home/arc/workspace/install:/opt/ros/humble LD_LIBRARY_PATH=/home/arc/nav2_ws/install/nav2_util/lib:/home/arc/nav2_ws/install/nav2_msgs/lib:/home/arc/nav2_ws/install/nav_2d_msgs/lib:${LD_LIBRARY_PATH} PYTHONPATH=/home/arc/nav2_ws/install/nav2_msgs/local/lib/python3.10/dist-packages:/home/arc/nav2_ws/install/nav_2d_msgs/local/lib/python3.10/dist-packages:/home/arc/nav2_ws/install/nav2_common/local/lib/python3.10/dist-packages:${PYTHONPATH} /usr/bin/cmake /home/arc/nav2_ws/src/navigation2/nav2_dwb_controller/nav_2d_utils -DAMENT_CMAKE_SYMLINK_INSTALL=1 -DCMAKE_INSTALL_PREFIX=/home/arc/nav2_ws/install/nav_2d_utils
[0.149s] -- The C compiler identification is GNU 11.2.0
[0.274s] -- The CXX compiler identification is GNU 11.2.0
[0.289s] -- Detecting C compiler ABI info
[0.411s] -- Detecting C compiler ABI info - done
[0.432s] -- Check for working C compiler: /usr/bin/cc - skipped
[0.442s] -- Detecting C compile features
[0.442s] -- Detecting C compile features - done
[0.442s] -- Detecting CXX compiler ABI info
[0.602s] -- Detecting CXX compiler ABI info - done
[0.613s] -- Check for working CXX compiler: /usr/bin/c++ - skipped
[0.614s] -- Detecting CXX compile features
[0.615s] -- Detecting CXX compile features - done
[0.625s] -- Found ament_cmake: 1.3.2 (/opt/ros/humble/share/ament_cmake/cmake)
[2.356s] -- Found Python3: /usr/bin/python3.10 (found version "3.10.6") found components: Interpreter 
[2.503s] -- Override CMake install command with custom implementation using symlinks instead of copying resources
[2.566s] -- Found nav2_common: 1.1.2 (/home/arc/nav2_ws/install/nav2_common/share/nav2_common/cmake)
[2.570s] -- Found geometry_msgs: 4.2.2 (/opt/ros/humble/share/geometry_msgs/cmake)
[2.664s] -- Found rosidl_generator_c: 3.1.3 (/opt/ros/humble/share/rosidl_generator_c/cmake)
[2.677s] -- Found rosidl_adapter: 3.1.3 (/opt/ros/humble/share/rosidl_adapter/cmake)
[2.700s] -- Found rosidl_generator_cpp: 3.1.3 (/opt/ros/humble/share/rosidl_generator_cpp/cmake)
[2.738s] -- Using all available rosidl_typesupport_c: rosidl_typesupport_fastrtps_c;rosidl_typesupport_introspection_c
[2.788s] -- Using all available rosidl_typesupport_cpp: rosidl_typesupport_fastrtps_cpp;rosidl_typesupport_introspection_cpp
[3.093s] -- Found nav_2d_msgs: 1.1.2 (/home/arc/nav2_ws/install/nav_2d_msgs/share/nav_2d_msgs/cmake)
[3.281s] -- Found nav_msgs: 4.2.2 (/opt/ros/humble/share/nav_msgs/cmake)
[3.502s] -- Found rclcpp: 16.0.1 (/opt/ros/humble/share/rclcpp/cmake)
[3.653s] -- Found rmw_implementation_cmake: 6.1.0 (/opt/ros/humble/share/rmw_implementation_cmake/cmake)
[3.659s] -- Found rmw_fastrtps_cpp: 6.2.1 (/opt/ros/humble/share/rmw_fastrtps_cpp/cmake)
[3.856s] -- Found OpenSSL: /usr/lib/x86_64-linux-gnu/libcrypto.so (found version "3.0.2")  
[3.913s] -- Found FastRTPS: /opt/ros/humble/include  
[4.012s] -- Using RMW implementation 'rmw_fastrtps_cpp' as default
[4.339s] -- Found tf2: 0.25.1 (/opt/ros/humble/share/tf2/cmake)
[4.372s] -- Found tf2_geometry_msgs: 0.25.1 (/opt/ros/humble/share/tf2_geometry_msgs/cmake)
[4.407s] -- Found eigen3_cmake_module: 0.1.1 (/opt/ros/humble/share/eigen3_cmake_module/cmake)
[4.411s] -- Found Eigen3: TRUE (found version "3.4.0") 
[4.411s] -- Ensuring Eigen3 include directory is part of orocos-kdl CMake target
[5.286s] -- Found nav2_msgs: 1.1.2 (/home/arc/nav2_ws/install/nav2_msgs/share/nav2_msgs/cmake)
[5.699s] -- Found nav2_util: 1.1.2 (/home/arc/nav2_ws/install/nav2_util/share/nav2_util/cmake)
[6.210s] -- Setting build type to Release as none was specified.
[8.397s] -- Found ament_lint_auto: 0.12.4 (/opt/ros/humble/share/ament_lint_auto/cmake)
[8.572s] -- Found gtest sources under '/opt/ros/humble/src/gtest_vendor': C++ tests using 'Google Test' will be built
[8.576s] -- Looking for pthread.h
[8.703s] -- Looking for pthread.h - found
[8.703s] -- Performing Test CMAKE_HAVE_LIBC_PTHREAD
[8.834s] -- Performing Test CMAKE_HAVE_LIBC_PTHREAD - Success
[8.836s] -- Found Threads: TRUE  
[8.856s] -- Added test 'cppcheck' to perform static code analysis on C / C++ code
[8.858s] -- Configured cppcheck include dirs: /home/arc/nav2_ws/src/navigation2/nav2_dwb_controller/nav_2d_utils/include
[8.858s] -- Configured cppcheck exclude dirs and/or files: 
[8.860s] -- Added test 'cpplint' to check C / C++ code against the Google style
[8.861s] -- Configured cpplint exclude dirs and/or files: 
[8.863s] -- Added test 'lint_cmake' to check CMake code style
[8.865s] -- Added test 'uncrustify' to check C / C++ code style
[8.866s] -- Configured uncrustify additional arguments: 
[8.867s] -- Added test 'xmllint' to check XML markup files
[8.874s] -- Configuring done
[9.167s] -- Generating done
[9.174s] -- Build files have been written to: /home/arc/nav2_ws/build/nav_2d_utils
[9.202s] Invoked command in '/home/arc/nav2_ws/build/nav_2d_utils' returned '0': AMENT_PREFIX_PATH=/home/arc/nav2_ws/install/nav2_util:/home/arc/nav2_ws/install/nav2_msgs:/home/arc/nav2_ws/install/nav_2d_msgs:/home/arc/nav2_ws/install/nav2_common:${AMENT_PREFIX_PATH} CMAKE_PREFIX_PATH=/home/arc/nav2_ws/install/nav2_util:/home/arc/nav2_ws/install/nav2_msgs:/home/arc/nav2_ws/install/nav_2d_msgs:/home/arc/nav2_ws/install/nav2_common:/home/arc/workspace/install:/opt/ros/humble LD_LIBRARY_PATH=/home/arc/nav2_ws/install/nav2_util/lib:/home/arc/nav2_ws/install/nav2_msgs/lib:/home/arc/nav2_ws/install/nav_2d_msgs/lib:${LD_LIBRARY_PATH} PYTHONPATH=/home/arc/nav2_ws/install/nav2_msgs/local/lib/python3.10/dist-packages:/home/arc/nav2_ws/install/nav_2d_msgs/local/lib/python3.10/dist-packages:/home/arc/nav2_ws/install/nav2_common/local/lib/python3.10/dist-packages:${PYTHONPATH} /usr/bin/cmake /home/arc/nav2_ws/src/navigation2/nav2_dwb_controller/nav_2d_utils -DAMENT_CMAKE_SYMLINK_INSTALL=1 -DCMAKE_INSTALL_PREFIX=/home/arc/nav2_ws/install/nav_2d_utils
[9.203s] Invoking command in '/home/arc/nav2_ws/build/nav_2d_utils': AMENT_PREFIX_PATH=/home/arc/nav2_ws/install/nav2_util:/home/arc/nav2_ws/install/nav2_msgs:/home/arc/nav2_ws/install/nav_2d_msgs:/home/arc/nav2_ws/install/nav2_common:${AMENT_PREFIX_PATH} CMAKE_PREFIX_PATH=/home/arc/nav2_ws/install/nav2_util:/home/arc/nav2_ws/install/nav2_msgs:/home/arc/nav2_ws/install/nav_2d_msgs:/home/arc/nav2_ws/install/nav2_common:/home/arc/workspace/install:/opt/ros/humble LD_LIBRARY_PATH=/home/arc/nav2_ws/install/nav2_util/lib:/home/arc/nav2_ws/install/nav2_msgs/lib:/home/arc/nav2_ws/install/nav_2d_msgs/lib:${LD_LIBRARY_PATH} PYTHONPATH=/home/arc/nav2_ws/install/nav2_msgs/local/lib/python3.10/dist-packages:/home/arc/nav2_ws/install/nav_2d_msgs/local/lib/python3.10/dist-packages:/home/arc/nav2_ws/install/nav2_common/local/lib/python3.10/dist-packages:${PYTHONPATH} /usr/bin/cmake --build /home/arc/nav2_ws/build/nav_2d_utils -- -j4 -l4
[9.303s] [  6%] [32mBuilding CXX object CMakeFiles/conversions.dir/src/conversions.cpp.o[0m
[9.359s] [ 12%] [32mBuilding CXX object CMakeFiles/path_ops.dir/src/path_ops.cpp.o[0m
[9.363s] [ 18%] [32mBuilding CXX object gtest/CMakeFiles/gtest_main.dir/src/gtest_main.cc.o[0m
[11.359s] [ 25%] [32m[1mLinking CXX shared library libpath_ops.so[0m
[12.746s] [ 31%] [32m[1mLinking CXX static library libgtest_main.a[0m
[12.928s] [ 31%] Built target gtest_main
[13.051s] [ 37%] [32mBuilding CXX object gtest/CMakeFiles/gtest.dir/src/gtest-all.cc.o[0m
[18.127s] [ 37%] Built target path_ops
[19.193s] [ 43%] [32m[1mLinking CXX shared library libconversions.so[0m
[19.652s] [ 43%] Built target conversions
[32.323s] [ 50%] [32m[1mLinking CXX static library libgtest.a[0m
[32.412s] [ 50%] Built target gtest
[32.454s] [ 56%] [32mBuilding CXX object CMakeFiles/tf_help.dir/src/tf_help.cpp.o[0m
[39.988s] [ 62%] [32m[1mLinking CXX shared library libtf_help.so[0m
[40.433s] [ 62%] Built target tf_help
[40.470s] [ 68%] [32mBuilding CXX object test/CMakeFiles/path_ops_tests.dir/path_ops_test.cpp.o[0m
[43.527s] [ 75%] [32m[1mLinking CXX executable path_ops_tests[0m
[44.386s] [ 75%] Built target path_ops_tests
[44.423s] [ 81%] [32mBuilding CXX object test/CMakeFiles/tf_help_tests.dir/tf_help_test.cpp.o[0m
[54.429s] [ 87%] [32m[1mLinking CXX executable tf_help_tests[0m
[54.848s] [ 87%] Built target tf_help_tests
[54.885s] [ 93%] [32mBuilding CXX object test/CMakeFiles/2d_utils_tests.dir/2d_utils_test.cpp.o[0m
[65.488s] [100%] [32m[1mLinking CXX executable 2d_utils_tests[0m
[65.909s] [100%] Built target 2d_utils_tests
[65.928s] Invoked command in '/home/arc/nav2_ws/build/nav_2d_utils' returned '0': AMENT_PREFIX_PATH=/home/arc/nav2_ws/install/nav2_util:/home/arc/nav2_ws/install/nav2_msgs:/home/arc/nav2_ws/install/nav_2d_msgs:/home/arc/nav2_ws/install/nav2_common:${AMENT_PREFIX_PATH} CMAKE_PREFIX_PATH=/home/arc/nav2_ws/install/nav2_util:/home/arc/nav2_ws/install/nav2_msgs:/home/arc/nav2_ws/install/nav_2d_msgs:/home/arc/nav2_ws/install/nav2_common:/home/arc/workspace/install:/opt/ros/humble LD_LIBRARY_PATH=/home/arc/nav2_ws/install/nav2_util/lib:/home/arc/nav2_ws/install/nav2_msgs/lib:/home/arc/nav2_ws/install/nav_2d_msgs/lib:${LD_LIBRARY_PATH} PYTHONPATH=/home/arc/nav2_ws/install/nav2_msgs/local/lib/python3.10/dist-packages:/home/arc/nav2_ws/install/nav_2d_msgs/local/lib/python3.10/dist-packages:/home/arc/nav2_ws/install/nav2_common/local/lib/python3.10/dist-packages:${PYTHONPATH} /usr/bin/cmake --build /home/arc/nav2_ws/build/nav_2d_utils -- -j4 -l4
[65.989s] Invoking command in '/home/arc/nav2_ws/build/nav_2d_utils': AMENT_PREFIX_PATH=/home/arc/nav2_ws/install/nav2_util:/home/arc/nav2_ws/install/nav2_msgs:/home/arc/nav2_ws/install/nav_2d_msgs:/home/arc/nav2_ws/install/nav2_common:${AMENT_PREFIX_PATH} CMAKE_PREFIX_PATH=/home/arc/nav2_ws/install/nav2_util:/home/arc/nav2_ws/install/nav2_msgs:/home/arc/nav2_ws/install/nav_2d_msgs:/home/arc/nav2_ws/install/nav2_common:/home/arc/workspace/install:/opt/ros/humble LD_LIBRARY_PATH=/home/arc/nav2_ws/install/nav2_util/lib:/home/arc/nav2_ws/install/nav2_msgs/lib:/home/arc/nav2_ws/install/nav_2d_msgs/lib:${LD_LIBRARY_PATH} PYTHONPATH=/home/arc/nav2_ws/install/nav2_msgs/local/lib/python3.10/dist-packages:/home/arc/nav2_ws/install/nav_2d_msgs/local/lib/python3.10/dist-packages:/home/arc/nav2_ws/install/nav2_common/local/lib/python3.10/dist-packages:${PYTHONPATH} /usr/bin/cmake --install /home/arc/nav2_ws/build/nav_2d_utils
[66.004s] -- Install configuration: "Release"
[66.004s] -- Execute custom install script
[66.005s] -- Symlinking: /home/arc/nav2_ws/install/nav_2d_utils/lib/libconversions.so
[66.020s] -- Symlinking: /home/arc/nav2_ws/install/nav_2d_utils/lib/libpath_ops.so
[66.036s] -- Symlinking: /home/arc/nav2_ws/install/nav_2d_utils/lib/libtf_help.so
[66.051s] -- Symlinking: /home/arc/nav2_ws/install/nav_2d_utils/include//nav_2d_utils/conversions.hpp
[66.067s] -- Symlinking: /home/arc/nav2_ws/install/nav_2d_utils/include//nav_2d_utils/odom_subscriber.hpp
[66.082s] -- Symlinking: /home/arc/nav2_ws/install/nav_2d_utils/include//nav_2d_utils/parameters.hpp
[66.098s] -- Symlinking: /home/arc/nav2_ws/install/nav_2d_utils/include//nav_2d_utils/path_ops.hpp
[66.113s] -- Symlinking: /home/arc/nav2_ws/install/nav_2d_utils/include//nav_2d_utils/tf_help.hpp
[66.129s] -- Symlinking: /home/arc/nav2_ws/install/nav_2d_utils/share/nav_2d_utils/environment/library_path.sh
[66.145s] -- Symlinking: /home/arc/nav2_ws/install/nav_2d_utils/share/nav_2d_utils/environment/library_path.dsv
[66.161s] -- Symlinking: /home/arc/nav2_ws/install/nav_2d_utils/share/ament_index/resource_index/package_run_dependencies/nav_2d_utils
[66.177s] -- Symlinking: /home/arc/nav2_ws/install/nav_2d_utils/share/ament_index/resource_index/parent_prefix_path/nav_2d_utils
[66.192s] -- Symlinking: /home/arc/nav2_ws/install/nav_2d_utils/share/nav_2d_utils/environment/ament_prefix_path.sh
[66.208s] -- Symlinking: /home/arc/nav2_ws/install/nav_2d_utils/share/nav_2d_utils/environment/ament_prefix_path.dsv
[66.223s] -- Symlinking: /home/arc/nav2_ws/install/nav_2d_utils/share/nav_2d_utils/environment/path.sh
[66.238s] -- Symlinking: /home/arc/nav2_ws/install/nav_2d_utils/share/nav_2d_utils/environment/path.dsv
[66.253s] -- Symlinking: /home/arc/nav2_ws/install/nav_2d_utils/share/nav_2d_utils/local_setup.bash
[66.269s] -- Symlinking: /home/arc/nav2_ws/install/nav_2d_utils/share/nav_2d_utils/local_setup.sh
[66.283s] -- Symlinking: /home/arc/nav2_ws/install/nav_2d_utils/share/nav_2d_utils/local_setup.zsh
[66.299s] -- Symlinking: /home/arc/nav2_ws/install/nav_2d_utils/share/nav_2d_utils/local_setup.dsv
[66.314s] -- Symlinking: /home/arc/nav2_ws/install/nav_2d_utils/share/nav_2d_utils/package.dsv
[66.331s] -- Symlinking: /home/arc/nav2_ws/install/nav_2d_utils/share/ament_index/resource_index/packages/nav_2d_utils
[66.346s] -- Symlinking: /home/arc/nav2_ws/install/nav_2d_utils/share/nav_2d_utils/cmake/ament_cmake_export_include_directories-extras.cmake
[66.362s] -- Symlinking: /home/arc/nav2_ws/install/nav_2d_utils/share/nav_2d_utils/cmake/ament_cmake_export_libraries-extras.cmake
[66.377s] -- Symlinking: /home/arc/nav2_ws/install/nav_2d_utils/share/nav_2d_utils/cmake/ament_cmake_export_dependencies-extras.cmake
[66.393s] -- Symlinking: /home/arc/nav2_ws/install/nav_2d_utils/share/nav_2d_utils/cmake/nav_2d_utilsConfig.cmake
[66.408s] -- Symlinking: /home/arc/nav2_ws/install/nav_2d_utils/share/nav_2d_utils/cmake/nav_2d_utilsConfig-version.cmake
[66.424s] -- Symlinking: /home/arc/nav2_ws/install/nav_2d_utils/share/nav_2d_utils/package.xml
[66.447s] Invoked command in '/home/arc/nav2_ws/build/nav_2d_utils' returned '0': AMENT_PREFIX_PATH=/home/arc/nav2_ws/install/nav2_util:/home/arc/nav2_ws/install/nav2_msgs:/home/arc/nav2_ws/install/nav_2d_msgs:/home/arc/nav2_ws/install/nav2_common:${AMENT_PREFIX_PATH} CMAKE_PREFIX_PATH=/home/arc/nav2_ws/install/nav2_util:/home/arc/nav2_ws/install/nav2_msgs:/home/arc/nav2_ws/install/nav_2d_msgs:/home/arc/nav2_ws/install/nav2_common:/home/arc/workspace/install:/opt/ros/humble LD_LIBRARY_PATH=/home/arc/nav2_ws/install/nav2_util/lib:/home/arc/nav2_ws/install/nav2_msgs/lib:/home/arc/nav2_ws/install/nav_2d_msgs/lib:${LD_LIBRARY_PATH} PYTHONPATH=/home/arc/nav2_ws/install/nav2_msgs/local/lib/python3.10/dist-packages:/home/arc/nav2_ws/install/nav_2d_msgs/local/lib/python3.10/dist-packages:/home/arc/nav2_ws/install/nav2_common/local/lib/python3.10/dist-packages:${PYTHONPATH} /usr/bin/cmake --install /home/arc/nav2_ws/build/nav_2d_utils
