[0.048s] Invoking command in '/home/arc/nav2_ws/build/nav2_smac_planner': AMENT_PREFIX_PATH=/home/arc/nav2_ws/install/nav2_core:/home/arc/nav2_ws/install/nav2_costmap_2d:/home/arc/nav2_ws/install/nav2_util:/home/arc/nav2_ws/install/nav2_voxel_grid:/home/arc/nav2_ws/install/nav2_msgs:/home/arc/nav2_ws/install/nav2_common:${AMENT_PREFIX_PATH} CMAKE_PREFIX_PATH=/home/arc/nav2_ws/install/nav2_core:/home/arc/nav2_ws/install/nav2_costmap_2d:/home/arc/nav2_ws/install/nav2_util:/home/arc/nav2_ws/install/nav2_voxel_grid:/home/arc/nav2_ws/install/nav2_msgs:/home/arc/nav2_ws/install/nav2_common:/home/arc/workspace/install:/opt/ros/humble LD_LIBRARY_PATH=/home/arc/nav2_ws/install/nav2_costmap_2d/lib:/home/arc/nav2_ws/install/nav2_util/lib:/home/arc/nav2_ws/install/nav2_voxel_grid/lib:/home/arc/nav2_ws/install/nav2_msgs/lib:${LD_LIBRARY_PATH} PYTHONPATH=/home/arc/nav2_ws/install/nav2_msgs/local/lib/python3.10/dist-packages:/home/arc/nav2_ws/install/nav2_common/local/lib/python3.10/dist-packages:${PYTHONPATH} /usr/bin/cmake /home/arc/nav2_ws/src/navigation2/nav2_smac_planner -DCMAKE_INSTALL_PREFIX=/home/arc/nav2_ws/install/nav2_smac_planner
[0.076s] -- Found ament_cmake: 1.3.2 (/opt/ros/humble/share/ament_cmake/cmake)
[0.397s] -- Override CMake install command with custom implementation using symlinks instead of copying resources
[0.413s] -- Found nav2_common: 1.1.2 (/home/arc/nav2_ws/install/nav2_common/share/nav2_common/cmake)
[0.414s] -- Found rclcpp: 16.0.1 (/opt/ros/humble/share/rclcpp/cmake)
[0.489s] -- Found rosidl_generator_c: 3.1.3 (/opt/ros/humble/share/rosidl_generator_c/cmake)
[0.496s] -- Found rosidl_adapter: 3.1.3 (/opt/ros/humble/share/rosidl_adapter/cmake)
[0.515s] -- Found rosidl_generator_cpp: 3.1.3 (/opt/ros/humble/share/rosidl_generator_cpp/cmake)
[0.544s] -- Using all available rosidl_typesupport_c: rosidl_typesupport_fastrtps_c;rosidl_typesupport_introspection_c
[0.584s] -- Using all available rosidl_typesupport_cpp: rosidl_typesupport_fastrtps_cpp;rosidl_typesupport_introspection_cpp
[0.738s] -- Found rmw_implementation_cmake: 6.1.0 (/opt/ros/humble/share/rmw_implementation_cmake/cmake)
[0.742s] -- Found rmw_fastrtps_cpp: 6.2.1 (/opt/ros/humble/share/rmw_fastrtps_cpp/cmake)
[1.024s] -- Using RMW implementation 'rmw_fastrtps_cpp' as default
[1.440s] -- Found rclcpp_action: 16.0.1 (/opt/ros/humble/share/rclcpp_action/cmake)
[1.680s] -- Found rclcpp_lifecycle: 16.0.1 (/opt/ros/humble/share/rclcpp_lifecycle/cmake)
[1.781s] -- Found visualization_msgs: 4.2.2 (/opt/ros/humble/share/visualization_msgs/cmake)
[2.467s] -- Found nav2_util: 1.1.2 (/home/arc/nav2_ws/install/nav2_util/share/nav2_util/cmake)
[3.861s] -- Found eigen3_cmake_module: 0.1.1 (/opt/ros/humble/share/eigen3_cmake_module/cmake)
[3.864s] -- Ensuring Eigen3 include directory is part of orocos-kdl CMake target
[4.331s] -- Found nav2_core: 1.1.2 (/home/arc/nav2_ws/install/nav2_core/share/nav2_core/cmake)
[8.448s] -- Found OpenMP_C: -fopenmp (found version "4.5") 
[8.449s] -- Found OpenMP_CXX: -fopenmp (found version "4.5") 
[8.454s] -- Found OpenMP_C: -fopenmp (found version "4.5") 
[8.455s] -- Found OpenMP_CXX: -fopenmp (found version "4.5") 
[40.873s] -- Found ament_lint_auto: 0.12.4 (/opt/ros/humble/share/ament_lint_auto/cmake)
[41.038s] -- Found gtest sources under '/opt/ros/humble/src/gtest_vendor': C++ tests using 'Google Test' will be built
[134.690s] -- Added test 'copyright' to check source files copyright and LICENSE
[134.694s] -- Added test 'cppcheck' to perform static code analysis on C / C++ code
[134.695s] -- Configured cppcheck include dirs: /home/arc/nav2_ws/src/navigation2/nav2_smac_planner/include
[134.696s] -- Configured cppcheck exclude dirs and/or files: 
[134.700s] -- Added test 'cpplint' to check C / C++ code against the Google style
[134.700s] -- Configured cpplint exclude dirs and/or files: 
[134.701s] -- Added test 'flake8' to check Python code syntax and style conventions
[134.702s] -- Added test 'lint_cmake' to check CMake code style
[134.703s] -- Added test 'pep257' to check Python code against some of the docstring style conventions in PEP 257
[134.707s] -- Added test 'uncrustify' to check C / C++ code style
[134.707s] -- Configured uncrustify additional arguments: 
[134.708s] -- Added test 'xmllint' to check XML markup files
[134.711s] -- Configuring done
[135.496s] -- Generating done
[135.504s] -- Build files have been written to: /home/arc/nav2_ws/build/nav2_smac_planner
[135.523s] Invoked command in '/home/arc/nav2_ws/build/nav2_smac_planner' returned '0': AMENT_PREFIX_PATH=/home/arc/nav2_ws/install/nav2_core:/home/arc/nav2_ws/install/nav2_costmap_2d:/home/arc/nav2_ws/install/nav2_util:/home/arc/nav2_ws/install/nav2_voxel_grid:/home/arc/nav2_ws/install/nav2_msgs:/home/arc/nav2_ws/install/nav2_common:${AMENT_PREFIX_PATH} CMAKE_PREFIX_PATH=/home/arc/nav2_ws/install/nav2_core:/home/arc/nav2_ws/install/nav2_costmap_2d:/home/arc/nav2_ws/install/nav2_util:/home/arc/nav2_ws/install/nav2_voxel_grid:/home/arc/nav2_ws/install/nav2_msgs:/home/arc/nav2_ws/install/nav2_common:/home/arc/workspace/install:/opt/ros/humble LD_LIBRARY_PATH=/home/arc/nav2_ws/install/nav2_costmap_2d/lib:/home/arc/nav2_ws/install/nav2_util/lib:/home/arc/nav2_ws/install/nav2_voxel_grid/lib:/home/arc/nav2_ws/install/nav2_msgs/lib:${LD_LIBRARY_PATH} PYTHONPATH=/home/arc/nav2_ws/install/nav2_msgs/local/lib/python3.10/dist-packages:/home/arc/nav2_ws/install/nav2_common/local/lib/python3.10/dist-packages:${PYTHONPATH} /usr/bin/cmake /home/arc/nav2_ws/src/navigation2/nav2_smac_planner -DCMAKE_INSTALL_PREFIX=/home/arc/nav2_ws/install/nav2_smac_planner
[135.526s] Invoking command in '/home/arc/nav2_ws/build/nav2_smac_planner': AMENT_PREFIX_PATH=/home/arc/nav2_ws/install/nav2_core:/home/arc/nav2_ws/install/nav2_costmap_2d:/home/arc/nav2_ws/install/nav2_util:/home/arc/nav2_ws/install/nav2_voxel_grid:/home/arc/nav2_ws/install/nav2_msgs:/home/arc/nav2_ws/install/nav2_common:${AMENT_PREFIX_PATH} CMAKE_PREFIX_PATH=/home/arc/nav2_ws/install/nav2_core:/home/arc/nav2_ws/install/nav2_costmap_2d:/home/arc/nav2_ws/install/nav2_util:/home/arc/nav2_ws/install/nav2_voxel_grid:/home/arc/nav2_ws/install/nav2_msgs:/home/arc/nav2_ws/install/nav2_common:/home/arc/workspace/install:/opt/ros/humble LD_LIBRARY_PATH=/home/arc/nav2_ws/install/nav2_costmap_2d/lib:/home/arc/nav2_ws/install/nav2_util/lib:/home/arc/nav2_ws/install/nav2_voxel_grid/lib:/home/arc/nav2_ws/install/nav2_msgs/lib:${LD_LIBRARY_PATH} PYTHONPATH=/home/arc/nav2_ws/install/nav2_msgs/local/lib/python3.10/dist-packages:/home/arc/nav2_ws/install/nav2_common/local/lib/python3.10/dist-packages:${PYTHONPATH} /usr/bin/cmake --build /home/arc/nav2_ws/build/nav2_smac_planner -- -j4 -l4
[135.579s] [35m[1mConsolidate compiler generated dependencies of target gtest[0m
[135.604s] [  3%] Built target gtest
[135.605s] [35m[1mConsolidate compiler generated dependencies of target nav2_smac_planner[0m
[135.606s] [35m[1mConsolidate compiler generated dependencies of target nav2_smac_planner_lattice[0m
[135.607s] [35m[1mConsolidate compiler generated dependencies of target nav2_smac_planner_2d[0m
[135.621s] [35m[1mConsolidate compiler generated dependencies of target gtest_main[0m
[135.644s] [  6%] Built target gtest_main
[135.725s] [ 25%] Built target nav2_smac_planner_2d
[135.728s] [ 44%] Built target nav2_smac_planner
[135.744s] [ 62%] Built target nav2_smac_planner_lattice
[135.747s] [35m[1mConsolidate compiler generated dependencies of target test_smac_2d[0m
[135.749s] [35m[1mConsolidate compiler generated dependencies of target test_node2d[0m
[135.750s] [35m[1mConsolidate compiler generated dependencies of target test_costmap_downsampler[0m
[135.767s] [35m[1mConsolidate compiler generated dependencies of target test_nodehybrid[0m
[135.792s] [ 66%] Built target test_costmap_downsampler
[135.796s] [ 69%] Built target test_node2d
[135.806s] [ 72%] Built target test_smac_2d
[135.814s] [ 76%] Built target test_nodehybrid
[135.817s] [35m[1mConsolidate compiler generated dependencies of target test_nodebasic[0m
[135.818s] [35m[1mConsolidate compiler generated dependencies of target test_collision_checker[0m
[135.828s] [35m[1mConsolidate compiler generated dependencies of target test_a_star[0m
[135.836s] [35m[1mConsolidate compiler generated dependencies of target test_smac_hybrid[0m
[135.857s] [ 79%] Built target test_collision_checker
[135.865s] [ 83%] Built target test_nodebasic
[135.874s] [ 86%] Built target test_a_star
[135.881s] [35m[1mConsolidate compiler generated dependencies of target test_smac_lattice[0m
[135.889s] [35m[1mConsolidate compiler generated dependencies of target test_smoother[0m
[135.893s] [ 89%] Built target test_smac_hybrid
[135.898s] [35m[1mConsolidate compiler generated dependencies of target test_lattice_node[0m
[135.929s] [ 93%] Built target test_smoother
[135.939s] [100%] Built target test_smac_lattice
[135.939s] [100%] Built target test_lattice_node
[135.951s] Invoked command in '/home/arc/nav2_ws/build/nav2_smac_planner' returned '0': AMENT_PREFIX_PATH=/home/arc/nav2_ws/install/nav2_core:/home/arc/nav2_ws/install/nav2_costmap_2d:/home/arc/nav2_ws/install/nav2_util:/home/arc/nav2_ws/install/nav2_voxel_grid:/home/arc/nav2_ws/install/nav2_msgs:/home/arc/nav2_ws/install/nav2_common:${AMENT_PREFIX_PATH} CMAKE_PREFIX_PATH=/home/arc/nav2_ws/install/nav2_core:/home/arc/nav2_ws/install/nav2_costmap_2d:/home/arc/nav2_ws/install/nav2_util:/home/arc/nav2_ws/install/nav2_voxel_grid:/home/arc/nav2_ws/install/nav2_msgs:/home/arc/nav2_ws/install/nav2_common:/home/arc/workspace/install:/opt/ros/humble LD_LIBRARY_PATH=/home/arc/nav2_ws/install/nav2_costmap_2d/lib:/home/arc/nav2_ws/install/nav2_util/lib:/home/arc/nav2_ws/install/nav2_voxel_grid/lib:/home/arc/nav2_ws/install/nav2_msgs/lib:${LD_LIBRARY_PATH} PYTHONPATH=/home/arc/nav2_ws/install/nav2_msgs/local/lib/python3.10/dist-packages:/home/arc/nav2_ws/install/nav2_common/local/lib/python3.10/dist-packages:${PYTHONPATH} /usr/bin/cmake --build /home/arc/nav2_ws/build/nav2_smac_planner -- -j4 -l4
[136.011s] Invoking command in '/home/arc/nav2_ws/build/nav2_smac_planner': AMENT_PREFIX_PATH=/home/arc/nav2_ws/install/nav2_core:/home/arc/nav2_ws/install/nav2_costmap_2d:/home/arc/nav2_ws/install/nav2_util:/home/arc/nav2_ws/install/nav2_voxel_grid:/home/arc/nav2_ws/install/nav2_msgs:/home/arc/nav2_ws/install/nav2_common:${AMENT_PREFIX_PATH} CMAKE_PREFIX_PATH=/home/arc/nav2_ws/install/nav2_core:/home/arc/nav2_ws/install/nav2_costmap_2d:/home/arc/nav2_ws/install/nav2_util:/home/arc/nav2_ws/install/nav2_voxel_grid:/home/arc/nav2_ws/install/nav2_msgs:/home/arc/nav2_ws/install/nav2_common:/home/arc/workspace/install:/opt/ros/humble LD_LIBRARY_PATH=/home/arc/nav2_ws/install/nav2_costmap_2d/lib:/home/arc/nav2_ws/install/nav2_util/lib:/home/arc/nav2_ws/install/nav2_voxel_grid/lib:/home/arc/nav2_ws/install/nav2_msgs/lib:${LD_LIBRARY_PATH} PYTHONPATH=/home/arc/nav2_ws/install/nav2_msgs/local/lib/python3.10/dist-packages:/home/arc/nav2_ws/install/nav2_common/local/lib/python3.10/dist-packages:${PYTHONPATH} /usr/bin/cmake --install /home/arc/nav2_ws/build/nav2_smac_planner
[136.019s] -- Install configuration: "Release"
[136.020s] -- Execute custom install script
[136.020s] -- Up-to-date symlink: /home/arc/nav2_ws/install/nav2_smac_planner/share/nav2_smac_planner//smac_plugin_hybrid.xml
[136.020s] -- Up-to-date symlink: /home/arc/nav2_ws/install/nav2_smac_planner/share/nav2_smac_planner//smac_plugin_2d.xml
[136.020s] -- Up-to-date symlink: /home/arc/nav2_ws/install/nav2_smac_planner/share/nav2_smac_planner//smac_plugin_lattice.xml
[136.021s] -- Up-to-date symlink: /home/arc/nav2_ws/install/nav2_smac_planner/lib/libnav2_smac_planner.so
[136.021s] -- Up-to-date symlink: /home/arc/nav2_ws/install/nav2_smac_planner/lib/libnav2_smac_planner_2d.so
[136.021s] -- Up-to-date symlink: /home/arc/nav2_ws/install/nav2_smac_planner/lib/libnav2_smac_planner_lattice.so
[136.022s] -- Up-to-date symlink: /home/arc/nav2_ws/install/nav2_smac_planner/include//nav2_smac_planner/a_star.hpp
[136.022s] -- Up-to-date symlink: /home/arc/nav2_ws/install/nav2_smac_planner/include//nav2_smac_planner/analytic_expansion.hpp
[136.022s] -- Up-to-date symlink: /home/arc/nav2_ws/install/nav2_smac_planner/include//nav2_smac_planner/collision_checker.hpp
[136.023s] -- Up-to-date symlink: /home/arc/nav2_ws/install/nav2_smac_planner/include//nav2_smac_planner/constants.hpp
[136.023s] -- Up-to-date symlink: /home/arc/nav2_ws/install/nav2_smac_planner/include//nav2_smac_planner/costmap_downsampler.hpp
[136.024s] -- Up-to-date symlink: /home/arc/nav2_ws/install/nav2_smac_planner/include//nav2_smac_planner/node_2d.hpp
[136.024s] -- Up-to-date symlink: /home/arc/nav2_ws/install/nav2_smac_planner/include//nav2_smac_planner/node_basic.hpp
[136.024s] -- Up-to-date symlink: /home/arc/nav2_ws/install/nav2_smac_planner/include//nav2_smac_planner/node_hybrid.hpp
[136.024s] -- Up-to-date symlink: /home/arc/nav2_ws/install/nav2_smac_planner/include//nav2_smac_planner/node_lattice.hpp
[136.024s] -- Up-to-date symlink: /home/arc/nav2_ws/install/nav2_smac_planner/include//nav2_smac_planner/smac_planner_2d.hpp
[136.024s] -- Up-to-date symlink: /home/arc/nav2_ws/install/nav2_smac_planner/include//nav2_smac_planner/smac_planner_hybrid.hpp
[136.024s] -- Up-to-date symlink: /home/arc/nav2_ws/install/nav2_smac_planner/include//nav2_smac_planner/smac_planner_lattice.hpp
[136.024s] -- Up-to-date symlink: /home/arc/nav2_ws/install/nav2_smac_planner/include//nav2_smac_planner/smoother.hpp
[136.025s] -- Up-to-date symlink: /home/arc/nav2_ws/install/nav2_smac_planner/include//nav2_smac_planner/types.hpp
[136.025s] -- Up-to-date symlink: /home/arc/nav2_ws/install/nav2_smac_planner/include//nav2_smac_planner/utils.hpp
[136.025s] -- Up-to-date symlink: /home/arc/nav2_ws/install/nav2_smac_planner/share/nav2_smac_planner/sample_primitives/5cm_resolution/0.5m_turning_radius/ackermann/output.json
[136.026s] -- Up-to-date symlink: /home/arc/nav2_ws/install/nav2_smac_planner/share/nav2_smac_planner/sample_primitives/5cm_resolution/0.5m_turning_radius/all_trajectories.png
[136.026s] -- Up-to-date symlink: /home/arc/nav2_ws/install/nav2_smac_planner/share/nav2_smac_planner/sample_primitives/5cm_resolution/0.5m_turning_radius/diff/output.json
[136.026s] -- Up-to-date symlink: /home/arc/nav2_ws/install/nav2_smac_planner/share/nav2_smac_planner/sample_primitives/5cm_resolution/0.5m_turning_radius/omni/output.json
[136.026s] -- Up-to-date symlink: /home/arc/nav2_ws/install/nav2_smac_planner/share/nav2_smac_planner/sample_primitives/5cm_resolution/1m_turning_radius/ackermann/output.json
[136.026s] -- Up-to-date symlink: /home/arc/nav2_ws/install/nav2_smac_planner/share/nav2_smac_planner/sample_primitives/5cm_resolution/1m_turning_radius/all_trajectories.png
[136.027s] -- Up-to-date symlink: /home/arc/nav2_ws/install/nav2_smac_planner/share/nav2_smac_planner/sample_primitives/5cm_resolution/1m_turning_radius/diff/output.json
[136.027s] -- Up-to-date symlink: /home/arc/nav2_ws/install/nav2_smac_planner/share/nav2_smac_planner/sample_primitives/5cm_resolution/1m_turning_radius/omni/output.json
[136.027s] -- Up-to-date symlink: /home/arc/nav2_ws/install/nav2_smac_planner/share/nav2_smac_planner/environment/library_path.sh
[136.027s] -- Up-to-date symlink: /home/arc/nav2_ws/install/nav2_smac_planner/share/nav2_smac_planner/environment/library_path.dsv
[136.028s] -- Up-to-date symlink: /home/arc/nav2_ws/install/nav2_smac_planner/share/ament_index/resource_index/package_run_dependencies/nav2_smac_planner
[136.028s] -- Up-to-date symlink: /home/arc/nav2_ws/install/nav2_smac_planner/share/ament_index/resource_index/parent_prefix_path/nav2_smac_planner
[136.028s] -- Up-to-date symlink: /home/arc/nav2_ws/install/nav2_smac_planner/share/nav2_smac_planner/environment/ament_prefix_path.sh
[136.028s] -- Up-to-date symlink: /home/arc/nav2_ws/install/nav2_smac_planner/share/nav2_smac_planner/environment/ament_prefix_path.dsv
[136.029s] -- Up-to-date symlink: /home/arc/nav2_ws/install/nav2_smac_planner/share/nav2_smac_planner/environment/path.sh
[136.029s] -- Up-to-date symlink: /home/arc/nav2_ws/install/nav2_smac_planner/share/nav2_smac_planner/environment/path.dsv
[136.029s] -- Up-to-date symlink: /home/arc/nav2_ws/install/nav2_smac_planner/share/nav2_smac_planner/local_setup.bash
[136.030s] -- Up-to-date symlink: /home/arc/nav2_ws/install/nav2_smac_planner/share/nav2_smac_planner/local_setup.sh
[136.030s] -- Up-to-date symlink: /home/arc/nav2_ws/install/nav2_smac_planner/share/nav2_smac_planner/local_setup.zsh
[136.030s] -- Up-to-date symlink: /home/arc/nav2_ws/install/nav2_smac_planner/share/nav2_smac_planner/local_setup.dsv
[136.030s] -- Symlinking: /home/arc/nav2_ws/install/nav2_smac_planner/share/nav2_smac_planner/package.dsv
[136.039s] -- Up-to-date symlink: /home/arc/nav2_ws/install/nav2_smac_planner/share/ament_index/resource_index/packages/nav2_smac_planner
[136.040s] -- Up-to-date symlink: /home/arc/nav2_ws/install/nav2_smac_planner/share/ament_index/resource_index/nav2_core__pluginlib__plugin/nav2_smac_planner
[136.040s] -- Up-to-date symlink: /home/arc/nav2_ws/install/nav2_smac_planner/share/nav2_smac_planner/cmake/ament_cmake_export_include_directories-extras.cmake
[136.040s] -- Up-to-date symlink: /home/arc/nav2_ws/install/nav2_smac_planner/share/nav2_smac_planner/cmake/ament_cmake_export_libraries-extras.cmake
[136.040s] -- Up-to-date symlink: /home/arc/nav2_ws/install/nav2_smac_planner/share/nav2_smac_planner/cmake/ament_cmake_export_dependencies-extras.cmake
[136.041s] -- Up-to-date symlink: /home/arc/nav2_ws/install/nav2_smac_planner/share/nav2_smac_planner/cmake/nav2_smac_plannerConfig.cmake
[136.041s] -- Up-to-date symlink: /home/arc/nav2_ws/install/nav2_smac_planner/share/nav2_smac_planner/cmake/nav2_smac_plannerConfig-version.cmake
[136.041s] -- Up-to-date symlink: /home/arc/nav2_ws/install/nav2_smac_planner/share/nav2_smac_planner/package.xml
[136.044s] Invoked command in '/home/arc/nav2_ws/build/nav2_smac_planner' returned '0': AMENT_PREFIX_PATH=/home/arc/nav2_ws/install/nav2_core:/home/arc/nav2_ws/install/nav2_costmap_2d:/home/arc/nav2_ws/install/nav2_util:/home/arc/nav2_ws/install/nav2_voxel_grid:/home/arc/nav2_ws/install/nav2_msgs:/home/arc/nav2_ws/install/nav2_common:${AMENT_PREFIX_PATH} CMAKE_PREFIX_PATH=/home/arc/nav2_ws/install/nav2_core:/home/arc/nav2_ws/install/nav2_costmap_2d:/home/arc/nav2_ws/install/nav2_util:/home/arc/nav2_ws/install/nav2_voxel_grid:/home/arc/nav2_ws/install/nav2_msgs:/home/arc/nav2_ws/install/nav2_common:/home/arc/workspace/install:/opt/ros/humble LD_LIBRARY_PATH=/home/arc/nav2_ws/install/nav2_costmap_2d/lib:/home/arc/nav2_ws/install/nav2_util/lib:/home/arc/nav2_ws/install/nav2_voxel_grid/lib:/home/arc/nav2_ws/install/nav2_msgs/lib:${LD_LIBRARY_PATH} PYTHONPATH=/home/arc/nav2_ws/install/nav2_msgs/local/lib/python3.10/dist-packages:/home/arc/nav2_ws/install/nav2_common/local/lib/python3.10/dist-packages:${PYTHONPATH} /usr/bin/cmake --install /home/arc/nav2_ws/build/nav2_smac_planner
