[0.074s] Invoking command in '/home/arc/nav2_ws/build/nav2_smac_planner': AMENT_PREFIX_PATH=/home/arc/nav2_ws/install/nav2_core:/home/arc/nav2_ws/install/nav2_costmap_2d:/home/arc/nav2_ws/install/nav2_util:/home/arc/nav2_ws/install/nav2_voxel_grid:/home/arc/nav2_ws/install/nav2_msgs:/home/arc/nav2_ws/install/nav2_common:${AMENT_PREFIX_PATH} CMAKE_PREFIX_PATH=/home/arc/nav2_ws/install/nav2_core:/home/arc/nav2_ws/install/nav2_costmap_2d:/home/arc/nav2_ws/install/nav2_util:/home/arc/nav2_ws/install/nav2_voxel_grid:/home/arc/nav2_ws/install/nav2_msgs:/home/arc/nav2_ws/install/nav2_common:/home/arc/workspace/install:/opt/ros/humble LD_LIBRARY_PATH=/home/arc/nav2_ws/install/nav2_costmap_2d/lib:/home/arc/nav2_ws/install/nav2_util/lib:/home/arc/nav2_ws/install/nav2_voxel_grid/lib:/home/arc/nav2_ws/install/nav2_msgs/lib:${LD_LIBRARY_PATH} PYTHONPATH=/home/arc/nav2_ws/install/nav2_msgs/local/lib/python3.10/dist-packages:/home/arc/nav2_ws/install/nav2_common/local/lib/python3.10/dist-packages:${PYTHONPATH} /usr/bin/cmake /home/arc/nav2_ws/src/navigation2/nav2_smac_planner -DAMENT_CMAKE_SYMLINK_INSTALL=1 -DCMAKE_INSTALL_PREFIX=/home/arc/nav2_ws/install/nav2_smac_planner
[0.184s] -- The C compiler identification is GNU 11.2.0
[0.300s] -- The CXX compiler identification is GNU 11.2.0
[0.315s] -- Detecting C compiler ABI info
[0.448s] -- Detecting C compiler ABI info - done
[0.470s] -- Check for working C compiler: /usr/bin/cc - skipped
[0.470s] -- Detecting C compile features
[0.472s] -- Detecting C compile features - done
[0.479s] -- Detecting CXX compiler ABI info
[0.642s] -- Detecting CXX compiler ABI info - done
[0.663s] -- Check for working CXX compiler: /usr/bin/c++ - skipped
[0.664s] -- Detecting CXX compile features
[0.666s] -- Detecting CXX compile features - done
[0.672s] -- Found ament_cmake: 1.3.2 (/opt/ros/humble/share/ament_cmake/cmake)
[2.448s] -- Found Python3: /usr/bin/python3.10 (found version "3.10.6") found components: Interpreter 
[2.604s] -- Override CMake install command with custom implementation using symlinks instead of copying resources
[2.675s] -- Found nav2_common: 1.1.2 (/home/arc/nav2_ws/install/nav2_common/share/nav2_common/cmake)
[2.681s] -- Found rclcpp: 16.0.1 (/opt/ros/humble/share/rclcpp/cmake)
[2.807s] -- Found rosidl_generator_c: 3.1.3 (/opt/ros/humble/share/rosidl_generator_c/cmake)
[2.822s] -- Found rosidl_adapter: 3.1.3 (/opt/ros/humble/share/rosidl_adapter/cmake)
[2.847s] -- Found rosidl_generator_cpp: 3.1.3 (/opt/ros/humble/share/rosidl_generator_cpp/cmake)
[2.886s] -- Using all available rosidl_typesupport_c: rosidl_typesupport_fastrtps_c;rosidl_typesupport_introspection_c
[2.939s] -- Using all available rosidl_typesupport_cpp: rosidl_typesupport_fastrtps_cpp;rosidl_typesupport_introspection_cpp
[3.135s] -- Found rmw_implementation_cmake: 6.1.0 (/opt/ros/humble/share/rmw_implementation_cmake/cmake)
[3.143s] -- Found rmw_fastrtps_cpp: 6.2.1 (/opt/ros/humble/share/rmw_fastrtps_cpp/cmake)
[3.368s] -- Found OpenSSL: /usr/lib/x86_64-linux-gnu/libcrypto.so (found version "3.0.2")  
[3.431s] -- Found FastRTPS: /opt/ros/humble/include  
[3.539s] -- Using RMW implementation 'rmw_fastrtps_cpp' as default
[3.979s] -- Found rclcpp_action: 16.0.1 (/opt/ros/humble/share/rclcpp_action/cmake)
[4.248s] -- Found rclcpp_lifecycle: 16.0.1 (/opt/ros/humble/share/rclcpp_lifecycle/cmake)
[4.372s] -- Found visualization_msgs: 4.2.2 (/opt/ros/humble/share/visualization_msgs/cmake)
[5.093s] -- Found nav2_util: 1.1.2 (/home/arc/nav2_ws/install/nav2_util/share/nav2_util/cmake)
[6.556s] -- Found eigen3_cmake_module: 0.1.1 (/opt/ros/humble/share/eigen3_cmake_module/cmake)
[6.559s] -- Found Eigen3: TRUE (found version "3.4.0") 
[6.560s] -- Ensuring Eigen3 include directory is part of orocos-kdl CMake target
[7.018s] -- Found nav2_core: 1.1.2 (/home/arc/nav2_ws/install/nav2_core/share/nav2_core/cmake)
[11.111s] -- Found ompl: /opt/ros/humble/include/ompl-1.5;/usr/include;/usr/include/eigen3  
[11.669s] -- Found OpenMP_C: -fopenmp (found version "4.5") 
[11.853s] -- Found OpenMP_CXX: -fopenmp (found version "4.5") 
[11.854s] -- Found OpenMP: TRUE (found version "4.5")  
[11.859s] -- Found OpenMP_C: -fopenmp (found version "4.5") 
[11.861s] -- Found OpenMP_CXX: -fopenmp (found version "4.5") 
[44.019s] -- Found ament_lint_auto: 0.12.4 (/opt/ros/humble/share/ament_lint_auto/cmake)
[44.233s] -- Found gtest sources under '/opt/ros/humble/src/gtest_vendor': C++ tests using 'Google Test' will be built
[44.238s] -- Looking for pthread.h
[44.376s] -- Looking for pthread.h - found
[44.376s] -- Performing Test CMAKE_HAVE_LIBC_PTHREAD
[44.524s] -- Performing Test CMAKE_HAVE_LIBC_PTHREAD - Success
[44.526s] -- Found Threads: TRUE  
[160.777s] -- Added test 'copyright' to check source files copyright and LICENSE
[160.787s] -- Added test 'cppcheck' to perform static code analysis on C / C++ code
[160.791s] -- Configured cppcheck include dirs: /home/arc/nav2_ws/src/navigation2/nav2_smac_planner/include
[160.791s] -- Configured cppcheck exclude dirs and/or files: 
[160.799s] -- Added test 'cpplint' to check C / C++ code against the Google style
[160.799s] -- Configured cpplint exclude dirs and/or files: 
[160.801s] -- Added test 'flake8' to check Python code syntax and style conventions
[160.804s] -- Added test 'lint_cmake' to check CMake code style
[160.806s] -- Added test 'pep257' to check Python code against some of the docstring style conventions in PEP 257
[160.814s] -- Added test 'uncrustify' to check C / C++ code style
[160.814s] -- Configured uncrustify additional arguments: 
[160.816s] -- Added test 'xmllint' to check XML markup files
[160.824s] -- Configuring done
[162.319s] -- Generating done
[162.327s] -- Build files have been written to: /home/arc/nav2_ws/build/nav2_smac_planner
[162.365s] Invoked command in '/home/arc/nav2_ws/build/nav2_smac_planner' returned '0': AMENT_PREFIX_PATH=/home/arc/nav2_ws/install/nav2_core:/home/arc/nav2_ws/install/nav2_costmap_2d:/home/arc/nav2_ws/install/nav2_util:/home/arc/nav2_ws/install/nav2_voxel_grid:/home/arc/nav2_ws/install/nav2_msgs:/home/arc/nav2_ws/install/nav2_common:${AMENT_PREFIX_PATH} CMAKE_PREFIX_PATH=/home/arc/nav2_ws/install/nav2_core:/home/arc/nav2_ws/install/nav2_costmap_2d:/home/arc/nav2_ws/install/nav2_util:/home/arc/nav2_ws/install/nav2_voxel_grid:/home/arc/nav2_ws/install/nav2_msgs:/home/arc/nav2_ws/install/nav2_common:/home/arc/workspace/install:/opt/ros/humble LD_LIBRARY_PATH=/home/arc/nav2_ws/install/nav2_costmap_2d/lib:/home/arc/nav2_ws/install/nav2_util/lib:/home/arc/nav2_ws/install/nav2_voxel_grid/lib:/home/arc/nav2_ws/install/nav2_msgs/lib:${LD_LIBRARY_PATH} PYTHONPATH=/home/arc/nav2_ws/install/nav2_msgs/local/lib/python3.10/dist-packages:/home/arc/nav2_ws/install/nav2_common/local/lib/python3.10/dist-packages:${PYTHONPATH} /usr/bin/cmake /home/arc/nav2_ws/src/navigation2/nav2_smac_planner -DAMENT_CMAKE_SYMLINK_INSTALL=1 -DCMAKE_INSTALL_PREFIX=/home/arc/nav2_ws/install/nav2_smac_planner
[162.365s] Invoking command in '/home/arc/nav2_ws/build/nav2_smac_planner': AMENT_PREFIX_PATH=/home/arc/nav2_ws/install/nav2_core:/home/arc/nav2_ws/install/nav2_costmap_2d:/home/arc/nav2_ws/install/nav2_util:/home/arc/nav2_ws/install/nav2_voxel_grid:/home/arc/nav2_ws/install/nav2_msgs:/home/arc/nav2_ws/install/nav2_common:${AMENT_PREFIX_PATH} CMAKE_PREFIX_PATH=/home/arc/nav2_ws/install/nav2_core:/home/arc/nav2_ws/install/nav2_costmap_2d:/home/arc/nav2_ws/install/nav2_util:/home/arc/nav2_ws/install/nav2_voxel_grid:/home/arc/nav2_ws/install/nav2_msgs:/home/arc/nav2_ws/install/nav2_common:/home/arc/workspace/install:/opt/ros/humble LD_LIBRARY_PATH=/home/arc/nav2_ws/install/nav2_costmap_2d/lib:/home/arc/nav2_ws/install/nav2_util/lib:/home/arc/nav2_ws/install/nav2_voxel_grid/lib:/home/arc/nav2_ws/install/nav2_msgs/lib:${LD_LIBRARY_PATH} PYTHONPATH=/home/arc/nav2_ws/install/nav2_msgs/local/lib/python3.10/dist-packages:/home/arc/nav2_ws/install/nav2_common/local/lib/python3.10/dist-packages:${PYTHONPATH} /usr/bin/cmake --build /home/arc/nav2_ws/build/nav2_smac_planner -- -j4 -l4
[162.468s] [  1%] [32mBuilding CXX object CMakeFiles/nav2_smac_planner.dir/src/smac_planner_hybrid.cpp.o[0m
[190.328s] [  3%] [32mBuilding CXX object CMakeFiles/nav2_smac_planner.dir/src/a_star.cpp.o[0m
[206.953s] [  5%] [32mBuilding CXX object CMakeFiles/nav2_smac_planner.dir/src/collision_checker.cpp.o[0m
[215.033s] [  6%] [32mBuilding CXX object CMakeFiles/nav2_smac_planner.dir/src/smoother.cpp.o[0m
[229.014s] [  8%] [32mBuilding CXX object CMakeFiles/nav2_smac_planner.dir/src/analytic_expansion.cpp.o[0m
[245.883s] [ 10%] [32mBuilding CXX object CMakeFiles/nav2_smac_planner.dir/src/node_hybrid.cpp.o[0m
[262.928s] [ 11%] [32mBuilding CXX object CMakeFiles/nav2_smac_planner.dir/src/node_lattice.cpp.o[0m
[288.622s] [ 13%] [32mBuilding CXX object CMakeFiles/nav2_smac_planner.dir/src/costmap_downsampler.cpp.o[0m
[299.939s] [ 15%] [32mBuilding CXX object CMakeFiles/nav2_smac_planner.dir/src/node_2d.cpp.o[0m
[311.620s] [ 16%] [32mBuilding CXX object CMakeFiles/nav2_smac_planner.dir/src/node_basic.cpp.o[0m
[324.934s] [ 18%] [32m[1mLinking CXX shared library libnav2_smac_planner.so[0m
[326.363s] [ 18%] Built target nav2_smac_planner
[326.402s] [ 20%] [32mBuilding CXX object gtest/CMakeFiles/gtest_main.dir/src/gtest_main.cc.o[0m
[328.580s] [ 22%] [32m[1mLinking CXX static library libgtest_main.a[0m
[328.636s] [ 22%] Built target gtest_main
[328.674s] [ 23%] [32mBuilding CXX object gtest/CMakeFiles/gtest.dir/src/gtest-all.cc.o[0m
[346.425s] [ 25%] [32m[1mLinking CXX static library libgtest.a[0m
[346.493s] [ 25%] Built target gtest
[346.528s] [ 27%] [32mBuilding CXX object CMakeFiles/nav2_smac_planner_lattice.dir/src/smac_planner_lattice.cpp.o[0m
[369.142s] [ 28%] [32mBuilding CXX object CMakeFiles/nav2_smac_planner_lattice.dir/src/a_star.cpp.o[0m
[380.677s] [ 30%] [32mBuilding CXX object CMakeFiles/nav2_smac_planner_lattice.dir/src/smoother.cpp.o[0m
[392.923s] [ 32%] [32mBuilding CXX object CMakeFiles/nav2_smac_planner_lattice.dir/src/collision_checker.cpp.o[0m
[399.914s] [ 33%] [32mBuilding CXX object CMakeFiles/nav2_smac_planner_lattice.dir/src/analytic_expansion.cpp.o[0m
[413.185s] [ 35%] [32mBuilding CXX object CMakeFiles/nav2_smac_planner_lattice.dir/src/node_hybrid.cpp.o[0m
[420.611s] [ 37%] [32mBuilding CXX object test/CMakeFiles/test_node2d.dir/test_node2d.cpp.o[0m
[421.639s] [ 38%] [32mBuilding CXX object test/CMakeFiles/test_costmap_downsampler.dir/test_costmap_downsampler.cpp.o[0m
[423.298s] [ 40%] [32mBuilding CXX object CMakeFiles/nav2_smac_planner_lattice.dir/src/node_lattice.cpp.o[0m
[423.663s] [ 42%] [32mBuilding CXX object CMakeFiles/nav2_smac_planner_2d.dir/src/smac_planner_2d.cpp.o[0m
[433.842s] [ 44%] [32m[1mLinking CXX executable test_costmap_downsampler[0m
[434.837s] [ 44%] Built target test_costmap_downsampler
[435.129s] [ 45%] [32m[1mLinking CXX executable test_node2d[0m
[435.812s] [ 45%] Built target test_node2d
[442.956s] [ 47%] [32mBuilding CXX object CMakeFiles/nav2_smac_planner_2d.dir/src/a_star.cpp.o[0m
[443.297s] [ 49%] [32mBuilding CXX object CMakeFiles/nav2_smac_planner_lattice.dir/src/costmap_downsampler.cpp.o[0m
[445.989s] [ 50%] [32mBuilding CXX object test/CMakeFiles/test_nodebasic.dir/test_nodebasic.cpp.o[0m
[448.015s] [ 52%] [32mBuilding CXX object test/CMakeFiles/test_nodehybrid.dir/test_nodehybrid.cpp.o[0m
[452.181s] [ 54%] [32mBuilding CXX object CMakeFiles/nav2_smac_planner_lattice.dir/src/node_2d.cpp.o[0m
[456.434s] [ 55%] [32mBuilding CXX object CMakeFiles/nav2_smac_planner_2d.dir/src/smoother.cpp.o[0m
[462.147s] [ 57%] [32m[1mLinking CXX executable test_nodebasic[0m
[462.753s] [ 57%] Built target test_nodebasic
[464.622s] [ 59%] [32mBuilding CXX object CMakeFiles/nav2_smac_planner_lattice.dir/src/node_basic.cpp.o[0m
[465.091s] [ 61%] [32m[1mLinking CXX executable test_nodehybrid[0m
[466.042s] [ 61%] Built target test_nodehybrid
[467.761s] [ 62%] [32mBuilding CXX object CMakeFiles/nav2_smac_planner_2d.dir/src/collision_checker.cpp.o[0m
[470.790s] [ 64%] [32mBuilding CXX object test/CMakeFiles/test_a_star.dir/test_a_star.cpp.o[0m
[472.511s] [ 66%] [32mBuilding CXX object CMakeFiles/nav2_smac_planner_2d.dir/src/analytic_expansion.cpp.o[0m
[472.815s] [ 67%] [32mBuilding CXX object test/CMakeFiles/test_collision_checker.dir/test_collision_checker.cpp.o[0m
[474.321s] [ 69%] [32m[1mLinking CXX shared library libnav2_smac_planner_lattice.so[0m
[475.551s] [ 69%] Built target nav2_smac_planner_lattice
[481.839s] [ 71%] [32m[1mLinking CXX executable test_collision_checker[0m
[482.594s] [ 71%] Built target test_collision_checker
[485.613s] [ 72%] [32mBuilding CXX object CMakeFiles/nav2_smac_planner_2d.dir/src/node_hybrid.cpp.o[0m
[485.635s] [ 74%] [32mBuilding CXX object test/CMakeFiles/test_smac_hybrid.dir/test_smac_hybrid.cpp.o[0m
[485.710s] [ 76%] [32m[1mLinking CXX executable test_a_star[0m
[486.730s] [ 77%] [32mBuilding CXX object CMakeFiles/nav2_smac_planner_2d.dir/src/node_lattice.cpp.o[0m
[486.745s] [ 77%] Built target test_a_star
[486.789s] [ 79%] [32mBuilding CXX object test/CMakeFiles/test_smac_lattice.dir/test_smac_lattice.cpp.o[0m
[505.528s] [ 81%] [32mBuilding CXX object CMakeFiles/nav2_smac_planner_2d.dir/src/costmap_downsampler.cpp.o[0m
[508.460s] [ 83%] [32m[1mLinking CXX executable test_smac_hybrid[0m
[508.934s] [ 84%] [32m[1mLinking CXX executable test_smac_lattice[0m
[509.569s] [ 84%] Built target test_smac_hybrid
[509.588s] [ 86%] [32mBuilding CXX object CMakeFiles/nav2_smac_planner_2d.dir/src/node_2d.cpp.o[0m
[510.002s] [ 86%] Built target test_smac_lattice
[510.040s] [ 88%] [32mBuilding CXX object test/CMakeFiles/test_lattice_node.dir/test_nodelattice.cpp.o[0m
[510.737s] [ 89%] [32mBuilding CXX object CMakeFiles/nav2_smac_planner_2d.dir/src/node_basic.cpp.o[0m
[522.622s] [ 91%] [32m[1mLinking CXX shared library libnav2_smac_planner_2d.so[0m
[523.285s] [ 91%] Built target nav2_smac_planner_2d
[523.310s] [ 93%] [32mBuilding CXX object test/CMakeFiles/test_smac_2d.dir/test_smac_2d.cpp.o[0m
[528.721s] [ 94%] [32m[1mLinking CXX executable test_lattice_node[0m
[529.210s] [ 94%] Built target test_lattice_node
[535.806s] [ 96%] [32m[1mLinking CXX executable test_smac_2d[0m
[536.311s] [ 96%] Built target test_smac_2d
[536.333s] [ 98%] [32mBuilding CXX object test/CMakeFiles/test_smoother.dir/test_smoother.cpp.o[0m
[548.223s] [100%] [32m[1mLinking CXX executable test_smoother[0m
[548.758s] [100%] Built target test_smoother
[548.770s] Invoked command in '/home/arc/nav2_ws/build/nav2_smac_planner' returned '0': AMENT_PREFIX_PATH=/home/arc/nav2_ws/install/nav2_core:/home/arc/nav2_ws/install/nav2_costmap_2d:/home/arc/nav2_ws/install/nav2_util:/home/arc/nav2_ws/install/nav2_voxel_grid:/home/arc/nav2_ws/install/nav2_msgs:/home/arc/nav2_ws/install/nav2_common:${AMENT_PREFIX_PATH} CMAKE_PREFIX_PATH=/home/arc/nav2_ws/install/nav2_core:/home/arc/nav2_ws/install/nav2_costmap_2d:/home/arc/nav2_ws/install/nav2_util:/home/arc/nav2_ws/install/nav2_voxel_grid:/home/arc/nav2_ws/install/nav2_msgs:/home/arc/nav2_ws/install/nav2_common:/home/arc/workspace/install:/opt/ros/humble LD_LIBRARY_PATH=/home/arc/nav2_ws/install/nav2_costmap_2d/lib:/home/arc/nav2_ws/install/nav2_util/lib:/home/arc/nav2_ws/install/nav2_voxel_grid/lib:/home/arc/nav2_ws/install/nav2_msgs/lib:${LD_LIBRARY_PATH} PYTHONPATH=/home/arc/nav2_ws/install/nav2_msgs/local/lib/python3.10/dist-packages:/home/arc/nav2_ws/install/nav2_common/local/lib/python3.10/dist-packages:${PYTHONPATH} /usr/bin/cmake --build /home/arc/nav2_ws/build/nav2_smac_planner -- -j4 -l4
[548.829s] Invoking command in '/home/arc/nav2_ws/build/nav2_smac_planner': AMENT_PREFIX_PATH=/home/arc/nav2_ws/install/nav2_core:/home/arc/nav2_ws/install/nav2_costmap_2d:/home/arc/nav2_ws/install/nav2_util:/home/arc/nav2_ws/install/nav2_voxel_grid:/home/arc/nav2_ws/install/nav2_msgs:/home/arc/nav2_ws/install/nav2_common:${AMENT_PREFIX_PATH} CMAKE_PREFIX_PATH=/home/arc/nav2_ws/install/nav2_core:/home/arc/nav2_ws/install/nav2_costmap_2d:/home/arc/nav2_ws/install/nav2_util:/home/arc/nav2_ws/install/nav2_voxel_grid:/home/arc/nav2_ws/install/nav2_msgs:/home/arc/nav2_ws/install/nav2_common:/home/arc/workspace/install:/opt/ros/humble LD_LIBRARY_PATH=/home/arc/nav2_ws/install/nav2_costmap_2d/lib:/home/arc/nav2_ws/install/nav2_util/lib:/home/arc/nav2_ws/install/nav2_voxel_grid/lib:/home/arc/nav2_ws/install/nav2_msgs/lib:${LD_LIBRARY_PATH} PYTHONPATH=/home/arc/nav2_ws/install/nav2_msgs/local/lib/python3.10/dist-packages:/home/arc/nav2_ws/install/nav2_common/local/lib/python3.10/dist-packages:${PYTHONPATH} /usr/bin/cmake --install /home/arc/nav2_ws/build/nav2_smac_planner
[548.837s] -- Install configuration: "Release"
[548.837s] -- Execute custom install script
[548.838s] -- Symlinking: /home/arc/nav2_ws/install/nav2_smac_planner/share/nav2_smac_planner//smac_plugin_hybrid.xml
[548.847s] -- Symlinking: /home/arc/nav2_ws/install/nav2_smac_planner/share/nav2_smac_planner//smac_plugin_2d.xml
[548.856s] -- Symlinking: /home/arc/nav2_ws/install/nav2_smac_planner/share/nav2_smac_planner//smac_plugin_lattice.xml
[548.865s] -- Symlinking: /home/arc/nav2_ws/install/nav2_smac_planner/lib/libnav2_smac_planner.so
[548.874s] -- Symlinking: /home/arc/nav2_ws/install/nav2_smac_planner/lib/libnav2_smac_planner_2d.so
[548.883s] -- Symlinking: /home/arc/nav2_ws/install/nav2_smac_planner/lib/libnav2_smac_planner_lattice.so
[548.892s] -- Symlinking: /home/arc/nav2_ws/install/nav2_smac_planner/include//nav2_smac_planner/a_star.hpp
[548.901s] -- Symlinking: /home/arc/nav2_ws/install/nav2_smac_planner/include//nav2_smac_planner/analytic_expansion.hpp
[548.910s] -- Symlinking: /home/arc/nav2_ws/install/nav2_smac_planner/include//nav2_smac_planner/collision_checker.hpp
[548.920s] -- Symlinking: /home/arc/nav2_ws/install/nav2_smac_planner/include//nav2_smac_planner/constants.hpp
[548.929s] -- Symlinking: /home/arc/nav2_ws/install/nav2_smac_planner/include//nav2_smac_planner/costmap_downsampler.hpp
[548.938s] -- Symlinking: /home/arc/nav2_ws/install/nav2_smac_planner/include//nav2_smac_planner/node_2d.hpp
[548.947s] -- Symlinking: /home/arc/nav2_ws/install/nav2_smac_planner/include//nav2_smac_planner/node_basic.hpp
[548.956s] -- Symlinking: /home/arc/nav2_ws/install/nav2_smac_planner/include//nav2_smac_planner/node_hybrid.hpp
[548.965s] -- Symlinking: /home/arc/nav2_ws/install/nav2_smac_planner/include//nav2_smac_planner/node_lattice.hpp
[548.973s] -- Symlinking: /home/arc/nav2_ws/install/nav2_smac_planner/include//nav2_smac_planner/smac_planner_2d.hpp
[548.983s] -- Symlinking: /home/arc/nav2_ws/install/nav2_smac_planner/include//nav2_smac_planner/smac_planner_hybrid.hpp
[548.992s] -- Symlinking: /home/arc/nav2_ws/install/nav2_smac_planner/include//nav2_smac_planner/smac_planner_lattice.hpp
[549.001s] -- Symlinking: /home/arc/nav2_ws/install/nav2_smac_planner/include//nav2_smac_planner/smoother.hpp
[549.010s] -- Symlinking: /home/arc/nav2_ws/install/nav2_smac_planner/include//nav2_smac_planner/types.hpp
[549.019s] -- Symlinking: /home/arc/nav2_ws/install/nav2_smac_planner/include//nav2_smac_planner/utils.hpp
[549.029s] -- Symlinking: /home/arc/nav2_ws/install/nav2_smac_planner/share/nav2_smac_planner/sample_primitives/5cm_resolution/0.5m_turning_radius/ackermann/output.json
[549.040s] -- Symlinking: /home/arc/nav2_ws/install/nav2_smac_planner/share/nav2_smac_planner/sample_primitives/5cm_resolution/0.5m_turning_radius/all_trajectories.png
[549.049s] -- Symlinking: /home/arc/nav2_ws/install/nav2_smac_planner/share/nav2_smac_planner/sample_primitives/5cm_resolution/0.5m_turning_radius/diff/output.json
[549.058s] -- Symlinking: /home/arc/nav2_ws/install/nav2_smac_planner/share/nav2_smac_planner/sample_primitives/5cm_resolution/0.5m_turning_radius/omni/output.json
[549.066s] -- Symlinking: /home/arc/nav2_ws/install/nav2_smac_planner/share/nav2_smac_planner/sample_primitives/5cm_resolution/1m_turning_radius/ackermann/output.json
[549.075s] -- Symlinking: /home/arc/nav2_ws/install/nav2_smac_planner/share/nav2_smac_planner/sample_primitives/5cm_resolution/1m_turning_radius/all_trajectories.png
[549.085s] -- Symlinking: /home/arc/nav2_ws/install/nav2_smac_planner/share/nav2_smac_planner/sample_primitives/5cm_resolution/1m_turning_radius/diff/output.json
[549.094s] -- Symlinking: /home/arc/nav2_ws/install/nav2_smac_planner/share/nav2_smac_planner/sample_primitives/5cm_resolution/1m_turning_radius/omni/output.json
[549.103s] -- Symlinking: /home/arc/nav2_ws/install/nav2_smac_planner/share/nav2_smac_planner/environment/library_path.sh
[549.112s] -- Symlinking: /home/arc/nav2_ws/install/nav2_smac_planner/share/nav2_smac_planner/environment/library_path.dsv
[549.121s] -- Symlinking: /home/arc/nav2_ws/install/nav2_smac_planner/share/ament_index/resource_index/package_run_dependencies/nav2_smac_planner
[549.131s] -- Symlinking: /home/arc/nav2_ws/install/nav2_smac_planner/share/ament_index/resource_index/parent_prefix_path/nav2_smac_planner
[549.140s] -- Symlinking: /home/arc/nav2_ws/install/nav2_smac_planner/share/nav2_smac_planner/environment/ament_prefix_path.sh
[549.149s] -- Symlinking: /home/arc/nav2_ws/install/nav2_smac_planner/share/nav2_smac_planner/environment/ament_prefix_path.dsv
[549.158s] -- Symlinking: /home/arc/nav2_ws/install/nav2_smac_planner/share/nav2_smac_planner/environment/path.sh
[549.168s] -- Symlinking: /home/arc/nav2_ws/install/nav2_smac_planner/share/nav2_smac_planner/environment/path.dsv
[549.176s] -- Symlinking: /home/arc/nav2_ws/install/nav2_smac_planner/share/nav2_smac_planner/local_setup.bash
[549.185s] -- Symlinking: /home/arc/nav2_ws/install/nav2_smac_planner/share/nav2_smac_planner/local_setup.sh
[549.195s] -- Symlinking: /home/arc/nav2_ws/install/nav2_smac_planner/share/nav2_smac_planner/local_setup.zsh
[549.204s] -- Symlinking: /home/arc/nav2_ws/install/nav2_smac_planner/share/nav2_smac_planner/local_setup.dsv
[549.213s] -- Symlinking: /home/arc/nav2_ws/install/nav2_smac_planner/share/nav2_smac_planner/package.dsv
[549.222s] -- Symlinking: /home/arc/nav2_ws/install/nav2_smac_planner/share/ament_index/resource_index/packages/nav2_smac_planner
[549.232s] -- Symlinking: /home/arc/nav2_ws/install/nav2_smac_planner/share/ament_index/resource_index/nav2_core__pluginlib__plugin/nav2_smac_planner
[549.240s] -- Symlinking: /home/arc/nav2_ws/install/nav2_smac_planner/share/nav2_smac_planner/cmake/ament_cmake_export_include_directories-extras.cmake
[549.250s] -- Symlinking: /home/arc/nav2_ws/install/nav2_smac_planner/share/nav2_smac_planner/cmake/ament_cmake_export_libraries-extras.cmake
[549.260s] -- Symlinking: /home/arc/nav2_ws/install/nav2_smac_planner/share/nav2_smac_planner/cmake/ament_cmake_export_dependencies-extras.cmake
[549.268s] -- Symlinking: /home/arc/nav2_ws/install/nav2_smac_planner/share/nav2_smac_planner/cmake/nav2_smac_plannerConfig.cmake
[549.277s] -- Symlinking: /home/arc/nav2_ws/install/nav2_smac_planner/share/nav2_smac_planner/cmake/nav2_smac_plannerConfig-version.cmake
[549.286s] -- Symlinking: /home/arc/nav2_ws/install/nav2_smac_planner/share/nav2_smac_planner/package.xml
[549.301s] Invoked command in '/home/arc/nav2_ws/build/nav2_smac_planner' returned '0': AMENT_PREFIX_PATH=/home/arc/nav2_ws/install/nav2_core:/home/arc/nav2_ws/install/nav2_costmap_2d:/home/arc/nav2_ws/install/nav2_util:/home/arc/nav2_ws/install/nav2_voxel_grid:/home/arc/nav2_ws/install/nav2_msgs:/home/arc/nav2_ws/install/nav2_common:${AMENT_PREFIX_PATH} CMAKE_PREFIX_PATH=/home/arc/nav2_ws/install/nav2_core:/home/arc/nav2_ws/install/nav2_costmap_2d:/home/arc/nav2_ws/install/nav2_util:/home/arc/nav2_ws/install/nav2_voxel_grid:/home/arc/nav2_ws/install/nav2_msgs:/home/arc/nav2_ws/install/nav2_common:/home/arc/workspace/install:/opt/ros/humble LD_LIBRARY_PATH=/home/arc/nav2_ws/install/nav2_costmap_2d/lib:/home/arc/nav2_ws/install/nav2_util/lib:/home/arc/nav2_ws/install/nav2_voxel_grid/lib:/home/arc/nav2_ws/install/nav2_msgs/lib:${LD_LIBRARY_PATH} PYTHONPATH=/home/arc/nav2_ws/install/nav2_msgs/local/lib/python3.10/dist-packages:/home/arc/nav2_ws/install/nav2_common/local/lib/python3.10/dist-packages:${PYTHONPATH} /usr/bin/cmake --install /home/arc/nav2_ws/build/nav2_smac_planner
