[0.023s] Invoking command in '/home/arc/nav2_ws/build/nav2_voxel_grid': AMENT_PREFIX_PATH=/home/arc/nav2_ws/install/nav2_common:${AMENT_PREFIX_PATH} CMAKE_PREFIX_PATH=/home/arc/nav2_ws/install/nav2_common:/home/arc/workspace/install:/opt/ros/humble PYTHONPATH=/home/arc/nav2_ws/install/nav2_common/local/lib/python3.10/dist-packages:${PYTHONPATH} /usr/bin/cmake /home/arc/nav2_ws/src/navigation2/nav2_voxel_grid -DCMAKE_INSTALL_PREFIX=/home/arc/nav2_ws/install/nav2_voxel_grid
[0.043s] -- Found ament_cmake: 1.3.2 (/opt/ros/humble/share/ament_cmake/cmake)
[0.265s] -- Override CMake install command with custom implementation using symlinks instead of copying resources
[0.280s] -- Found nav2_common: 1.1.2 (/home/arc/nav2_ws/install/nav2_common/share/nav2_common/cmake)
[0.280s] -- Found rclcpp: 16.0.1 (/opt/ros/humble/share/rclcpp/cmake)
[0.350s] -- Found rosidl_generator_c: 3.1.3 (/opt/ros/humble/share/rosidl_generator_c/cmake)
[0.356s] -- Found rosidl_adapter: 3.1.3 (/opt/ros/humble/share/rosidl_adapter/cmake)
[0.371s] -- Found rosidl_generator_cpp: 3.1.3 (/opt/ros/humble/share/rosidl_generator_cpp/cmake)
[0.397s] -- Using all available rosidl_typesupport_c: rosidl_typesupport_fastrtps_c;rosidl_typesupport_introspection_c
[0.436s] -- Using all available rosidl_typesupport_cpp: rosidl_typesupport_fastrtps_cpp;rosidl_typesupport_introspection_cpp
[0.582s] -- Found rmw_implementation_cmake: 6.1.0 (/opt/ros/humble/share/rmw_implementation_cmake/cmake)
[0.584s] -- Found rmw_fastrtps_cpp: 6.2.1 (/opt/ros/humble/share/rmw_fastrtps_cpp/cmake)
[0.832s] -- Using RMW implementation 'rmw_fastrtps_cpp' as default
[1.219s] -- Found ament_lint_auto: 0.12.4 (/opt/ros/humble/share/ament_lint_auto/cmake)
[1.381s] -- Found gtest sources under '/opt/ros/humble/src/gtest_vendor': C++ tests using 'Google Test' will be built
[1.403s] -- Added test 'cppcheck' to perform static code analysis on C / C++ code
[1.404s] -- Configured cppcheck include dirs: /home/arc/nav2_ws/src/navigation2/nav2_voxel_grid/include
[1.404s] -- Configured cppcheck exclude dirs and/or files: 
[1.405s] -- Added test 'cpplint' to check C / C++ code against the Google style
[1.406s] -- Configured cpplint exclude dirs and/or files: 
[1.407s] -- Added test 'lint_cmake' to check CMake code style
[1.409s] -- Added test 'uncrustify' to check C / C++ code style
[1.409s] -- Configured uncrustify additional arguments: 
[1.410s] -- Added test 'xmllint' to check XML markup files
[1.415s] -- Configuring done
[1.450s] -- Generating done
[1.454s] -- Build files have been written to: /home/arc/nav2_ws/build/nav2_voxel_grid
[1.471s] Invoked command in '/home/arc/nav2_ws/build/nav2_voxel_grid' returned '0': AMENT_PREFIX_PATH=/home/arc/nav2_ws/install/nav2_common:${AMENT_PREFIX_PATH} CMAKE_PREFIX_PATH=/home/arc/nav2_ws/install/nav2_common:/home/arc/workspace/install:/opt/ros/humble PYTHONPATH=/home/arc/nav2_ws/install/nav2_common/local/lib/python3.10/dist-packages:${PYTHONPATH} /usr/bin/cmake /home/arc/nav2_ws/src/navigation2/nav2_voxel_grid -DCMAKE_INSTALL_PREFIX=/home/arc/nav2_ws/install/nav2_voxel_grid
[1.472s] Invoking command in '/home/arc/nav2_ws/build/nav2_voxel_grid': AMENT_PREFIX_PATH=/home/arc/nav2_ws/install/nav2_common:${AMENT_PREFIX_PATH} CMAKE_PREFIX_PATH=/home/arc/nav2_ws/install/nav2_common:/home/arc/workspace/install:/opt/ros/humble PYTHONPATH=/home/arc/nav2_ws/install/nav2_common/local/lib/python3.10/dist-packages:${PYTHONPATH} /usr/bin/cmake --build /home/arc/nav2_ws/build/nav2_voxel_grid -- -j4 -l4
[1.542s] [35m[1mConsolidate compiler generated dependencies of target voxel_grid[0m
[1.543s] [35m[1mConsolidate compiler generated dependencies of target gtest_main[0m
[1.570s] [35m[1mConsolidate compiler generated dependencies of target gtest[0m
[1.580s] [ 20%] Built target gtest_main
[1.589s] [ 40%] Built target voxel_grid
[1.602s] [ 60%] Built target gtest
[1.619s] [35m[1mConsolidate compiler generated dependencies of target voxel_grid_bresenham_3d[0m
[1.619s] [35m[1mConsolidate compiler generated dependencies of target voxel_grid_tests[0m
[1.651s] [100%] Built target voxel_grid_tests
[1.651s] [100%] Built target voxel_grid_bresenham_3d
[1.672s] Invoked command in '/home/arc/nav2_ws/build/nav2_voxel_grid' returned '0': AMENT_PREFIX_PATH=/home/arc/nav2_ws/install/nav2_common:${AMENT_PREFIX_PATH} CMAKE_PREFIX_PATH=/home/arc/nav2_ws/install/nav2_common:/home/arc/workspace/install:/opt/ros/humble PYTHONPATH=/home/arc/nav2_ws/install/nav2_common/local/lib/python3.10/dist-packages:${PYTHONPATH} /usr/bin/cmake --build /home/arc/nav2_ws/build/nav2_voxel_grid -- -j4 -l4
[1.714s] Invoking command in '/home/arc/nav2_ws/build/nav2_voxel_grid': AMENT_PREFIX_PATH=/home/arc/nav2_ws/install/nav2_common:${AMENT_PREFIX_PATH} CMAKE_PREFIX_PATH=/home/arc/nav2_ws/install/nav2_common:/home/arc/workspace/install:/opt/ros/humble PYTHONPATH=/home/arc/nav2_ws/install/nav2_common/local/lib/python3.10/dist-packages:${PYTHONPATH} /usr/bin/cmake --install /home/arc/nav2_ws/build/nav2_voxel_grid
[1.726s] -- Install configuration: "Release"
[1.728s] -- Execute custom install script
[1.728s] -- Up-to-date symlink: /home/arc/nav2_ws/install/nav2_voxel_grid/lib/libvoxel_grid.so
[1.730s] -- Up-to-date symlink: /home/arc/nav2_ws/install/nav2_voxel_grid/include/nav2_voxel_grid/voxel_grid.hpp
[1.731s] -- Up-to-date symlink: /home/arc/nav2_ws/install/nav2_voxel_grid/share/nav2_voxel_grid/environment/library_path.sh
[1.732s] -- Up-to-date symlink: /home/arc/nav2_ws/install/nav2_voxel_grid/share/nav2_voxel_grid/environment/library_path.dsv
[1.732s] -- Up-to-date symlink: /home/arc/nav2_ws/install/nav2_voxel_grid/share/ament_index/resource_index/package_run_dependencies/nav2_voxel_grid
[1.733s] -- Up-to-date symlink: /home/arc/nav2_ws/install/nav2_voxel_grid/share/ament_index/resource_index/parent_prefix_path/nav2_voxel_grid
[1.734s] -- Up-to-date symlink: /home/arc/nav2_ws/install/nav2_voxel_grid/share/nav2_voxel_grid/environment/ament_prefix_path.sh
[1.734s] -- Up-to-date symlink: /home/arc/nav2_ws/install/nav2_voxel_grid/share/nav2_voxel_grid/environment/ament_prefix_path.dsv
[1.735s] -- Up-to-date symlink: /home/arc/nav2_ws/install/nav2_voxel_grid/share/nav2_voxel_grid/environment/path.sh
[1.736s] -- Up-to-date symlink: /home/arc/nav2_ws/install/nav2_voxel_grid/share/nav2_voxel_grid/environment/path.dsv
[1.736s] -- Up-to-date symlink: /home/arc/nav2_ws/install/nav2_voxel_grid/share/nav2_voxel_grid/local_setup.bash
[1.737s] -- Up-to-date symlink: /home/arc/nav2_ws/install/nav2_voxel_grid/share/nav2_voxel_grid/local_setup.sh
[1.738s] -- Up-to-date symlink: /home/arc/nav2_ws/install/nav2_voxel_grid/share/nav2_voxel_grid/local_setup.zsh
[1.738s] -- Up-to-date symlink: /home/arc/nav2_ws/install/nav2_voxel_grid/share/nav2_voxel_grid/local_setup.dsv
[1.739s] -- Symlinking: /home/arc/nav2_ws/install/nav2_voxel_grid/share/nav2_voxel_grid/package.dsv
[1.754s] -- Up-to-date symlink: /home/arc/nav2_ws/install/nav2_voxel_grid/share/ament_index/resource_index/packages/nav2_voxel_grid
[1.755s] -- Up-to-date symlink: /home/arc/nav2_ws/install/nav2_voxel_grid/share/nav2_voxel_grid/cmake/ament_cmake_export_dependencies-extras.cmake
[1.755s] -- Up-to-date symlink: /home/arc/nav2_ws/install/nav2_voxel_grid/share/nav2_voxel_grid/cmake/ament_cmake_export_include_directories-extras.cmake
[1.756s] -- Up-to-date symlink: /home/arc/nav2_ws/install/nav2_voxel_grid/share/nav2_voxel_grid/cmake/ament_cmake_export_libraries-extras.cmake
[1.756s] -- Up-to-date symlink: /home/arc/nav2_ws/install/nav2_voxel_grid/share/nav2_voxel_grid/cmake/nav2_voxel_gridConfig.cmake
[1.756s] -- Up-to-date symlink: /home/arc/nav2_ws/install/nav2_voxel_grid/share/nav2_voxel_grid/cmake/nav2_voxel_gridConfig-version.cmake
[1.757s] -- Up-to-date symlink: /home/arc/nav2_ws/install/nav2_voxel_grid/share/nav2_voxel_grid/package.xml
[1.767s] Invoked command in '/home/arc/nav2_ws/build/nav2_voxel_grid' returned '0': AMENT_PREFIX_PATH=/home/arc/nav2_ws/install/nav2_common:${AMENT_PREFIX_PATH} CMAKE_PREFIX_PATH=/home/arc/nav2_ws/install/nav2_common:/home/arc/workspace/install:/opt/ros/humble PYTHONPATH=/home/arc/nav2_ws/install/nav2_common/local/lib/python3.10/dist-packages:${PYTHONPATH} /usr/bin/cmake --install /home/arc/nav2_ws/build/nav2_voxel_grid
