[2.010s] Invoking command in '/home/arc/nav2_ws/build/nav2_simple_commander': AMENT_PREFIX_PATH=/home/arc/nav2_ws/install/nav2_msgs:${AMENT_PREFIX_PATH} CMAKE_PREFIX_PATH=/home/arc/nav2_ws/install/nav2_msgs:${CMAKE_PREFIX_PATH} LD_LIBRARY_PATH=/home/arc/nav2_ws/install/nav2_msgs/lib:${LD_LIBRARY_PATH} PYTHONPATH=/home/arc/nav2_ws/install/nav2_simple_commander/lib/python3.10/site-packages:/home/arc/nav2_ws/install/nav2_msgs/local/lib/python3.10/dist-packages:${PYTHONPATH} /usr/bin/python3 setup.py develop --prefix /home/arc/nav2_ws/install/nav2_simple_commander --editable --build-directory /home/arc/nav2_ws/build/nav2_simple_commander/build --no-deps install_data --install-dir /home/arc/nav2_ws/install/nav2_simple_commander
[2.699s] running develop
[2.721s] /home/arc/.local/lib/python3.10/site-packages/setuptools/command/easy_install.py:144: EasyInstallDeprecationWarning: easy_install command is deprecated. Use build and pip and other standards-based tools.
[2.721s]   warnings.warn(
[2.768s] /home/arc/.local/lib/python3.10/site-packages/setuptools/command/install.py:34: SetuptoolsDeprecationWarning: setup.py install is deprecated. Use build and pip and other standards-based tools.
[2.768s]   warnings.warn(
[2.937s] /home/arc/.local/lib/python3.10/site-packages/pkg_resources/__init__.py:123: PkgResourcesDeprecationWarning: 0.1.43ubuntu1 is an invalid version and will not be supported in a future release
[2.937s]   warnings.warn(
[2.938s] /home/arc/.local/lib/python3.10/site-packages/pkg_resources/__init__.py:123: PkgResourcesDeprecationWarning: 1.1build1 is an invalid version and will not be supported in a future release
[2.938s]   warnings.warn(
[3.131s] running egg_info
[3.131s] creating nav2_simple_commander.egg-info
[3.157s] writing nav2_simple_commander.egg-info/PKG-INFO
[3.157s] writing dependency_links to nav2_simple_commander.egg-info/dependency_links.txt
[3.158s] writing entry points to nav2_simple_commander.egg-info/entry_points.txt
[3.158s] writing requirements to nav2_simple_commander.egg-info/requires.txt
[3.158s] writing top-level names to nav2_simple_commander.egg-info/top_level.txt
[3.158s] writing manifest file 'nav2_simple_commander.egg-info/SOURCES.txt'
[3.216s] reading manifest file 'nav2_simple_commander.egg-info/SOURCES.txt'
[3.217s] writing manifest file 'nav2_simple_commander.egg-info/SOURCES.txt'
[3.251s] running build_ext
[3.251s] Creating /home/arc/nav2_ws/install/nav2_simple_commander/lib/python3.10/site-packages/nav2-simple-commander.egg-link (link to .)
[3.252s] Installing demo_inspection script to /home/arc/nav2_ws/install/nav2_simple_commander/lib/nav2_simple_commander
[3.252s] Installing demo_picking script to /home/arc/nav2_ws/install/nav2_simple_commander/lib/nav2_simple_commander
[3.253s] Installing demo_recoveries script to /home/arc/nav2_ws/install/nav2_simple_commander/lib/nav2_simple_commander
[3.253s] Installing demo_security script to /home/arc/nav2_ws/install/nav2_simple_commander/lib/nav2_simple_commander
[3.253s] Installing example_follow_path script to /home/arc/nav2_ws/install/nav2_simple_commander/lib/nav2_simple_commander
[3.253s] Installing example_nav_through_poses script to /home/arc/nav2_ws/install/nav2_simple_commander/lib/nav2_simple_commander
[3.254s] Installing example_nav_to_pose script to /home/arc/nav2_ws/install/nav2_simple_commander/lib/nav2_simple_commander
[3.254s] Installing example_waypoint_follower script to /home/arc/nav2_ws/install/nav2_simple_commander/lib/nav2_simple_commander
[3.254s] 
[3.254s] Installed /home/arc/nav2_ws/build/nav2_simple_commander
[3.255s] running install_data
[3.255s] creating /home/arc/nav2_ws/install/nav2_simple_commander/share/ament_index
[3.257s] creating /home/arc/nav2_ws/install/nav2_simple_commander/share/ament_index/resource_index
[3.258s] creating /home/arc/nav2_ws/install/nav2_simple_commander/share/ament_index/resource_index/packages
[3.258s] copying resource/nav2_simple_commander -> /home/arc/nav2_ws/install/nav2_simple_commander/share/ament_index/resource_index/packages
[3.258s] copying package.xml -> /home/arc/nav2_ws/install/nav2_simple_commander/share/nav2_simple_commander
[3.258s] copying launch/picking_demo_launch.py -> /home/arc/nav2_ws/install/nav2_simple_commander/share/nav2_simple_commander
[3.258s] copying launch/nav_through_poses_example_launch.py -> /home/arc/nav2_ws/install/nav2_simple_commander/share/nav2_simple_commander
[3.259s] copying launch/warehouse.world -> /home/arc/nav2_ws/install/nav2_simple_commander/share/nav2_simple_commander
[3.259s] copying launch/follow_path_example_launch.py -> /home/arc/nav2_ws/install/nav2_simple_commander/share/nav2_simple_commander
[3.259s] copying launch/nav_to_pose_example_launch.py -> /home/arc/nav2_ws/install/nav2_simple_commander/share/nav2_simple_commander
[3.260s] copying launch/security_demo_launch.py -> /home/arc/nav2_ws/install/nav2_simple_commander/share/nav2_simple_commander
[3.260s] copying launch/recoveries_example_launch.py -> /home/arc/nav2_ws/install/nav2_simple_commander/share/nav2_simple_commander
[3.260s] copying launch/waypoint_follower_example_launch.py -> /home/arc/nav2_ws/install/nav2_simple_commander/share/nav2_simple_commander
[3.260s] copying launch/inspection_demo_launch.py -> /home/arc/nav2_ws/install/nav2_simple_commander/share/nav2_simple_commander
[3.379s] Invoked command in '/home/arc/nav2_ws/build/nav2_simple_commander' returned '0': AMENT_PREFIX_PATH=/home/arc/nav2_ws/install/nav2_msgs:${AMENT_PREFIX_PATH} CMAKE_PREFIX_PATH=/home/arc/nav2_ws/install/nav2_msgs:${CMAKE_PREFIX_PATH} LD_LIBRARY_PATH=/home/arc/nav2_ws/install/nav2_msgs/lib:${LD_LIBRARY_PATH} PYTHONPATH=/home/arc/nav2_ws/install/nav2_simple_commander/lib/python3.10/site-packages:/home/arc/nav2_ws/install/nav2_msgs/local/lib/python3.10/dist-packages:${PYTHONPATH} /usr/bin/python3 setup.py develop --prefix /home/arc/nav2_ws/install/nav2_simple_commander --editable --build-directory /home/arc/nav2_ws/build/nav2_simple_commander/build --no-deps install_data --install-dir /home/arc/nav2_ws/install/nav2_simple_commander
