[0.068s] Invoking command in '/home/arc/nav2_ws/build/dwb_core': AMENT_PREFIX_PATH=/home/arc/nav2_ws/install/nav2_core:/home/arc/nav2_ws/install/nav2_costmap_2d:/home/arc/nav2_ws/install/nav_2d_utils:/home/arc/nav2_ws/install/nav2_util:/home/arc/nav2_ws/install/nav2_voxel_grid:/home/arc/nav2_ws/install/nav2_msgs:/home/arc/nav2_ws/install/dwb_msgs:/home/arc/nav2_ws/install/nav_2d_msgs:/home/arc/nav2_ws/install/nav2_common:${AMENT_PREFIX_PATH} CMAKE_PREFIX_PATH=/home/arc/nav2_ws/install/nav2_core:/home/arc/nav2_ws/install/nav2_costmap_2d:/home/arc/nav2_ws/install/nav_2d_utils:/home/arc/nav2_ws/install/nav2_util:/home/arc/nav2_ws/install/nav2_voxel_grid:/home/arc/nav2_ws/install/nav2_msgs:/home/arc/nav2_ws/install/dwb_msgs:/home/arc/nav2_ws/install/nav_2d_msgs:/home/arc/nav2_ws/install/nav2_common:/home/arc/workspace/install:/opt/ros/humble LD_LIBRARY_PATH=/home/arc/nav2_ws/install/nav2_costmap_2d/lib:/home/arc/nav2_ws/install/nav_2d_utils/lib:/home/arc/nav2_ws/install/nav2_util/lib:/home/arc/nav2_ws/install/nav2_voxel_grid/lib:/home/arc/nav2_ws/install/nav2_msgs/lib:/home/arc/nav2_ws/install/dwb_msgs/lib:/home/arc/nav2_ws/install/nav_2d_msgs/lib:${LD_LIBRARY_PATH} PYTHONPATH=/home/arc/nav2_ws/install/nav2_msgs/local/lib/python3.10/dist-packages:/home/arc/nav2_ws/install/dwb_msgs/local/lib/python3.10/dist-packages:/home/arc/nav2_ws/install/nav_2d_msgs/local/lib/python3.10/dist-packages:/home/arc/nav2_ws/install/nav2_common/local/lib/python3.10/dist-packages:${PYTHONPATH} /usr/bin/cmake /home/arc/nav2_ws/src/navigation2/nav2_dwb_controller/dwb_core -DAMENT_CMAKE_SYMLINK_INSTALL=1 -DCMAKE_INSTALL_PREFIX=/home/arc/nav2_ws/install/dwb_core
[0.189s] -- The C compiler identification is GNU 11.2.0
[0.306s] -- The CXX compiler identification is GNU 11.2.0
[0.320s] -- Detecting C compiler ABI info
[0.452s] -- Detecting C compiler ABI info - done
[0.471s] -- Check for working C compiler: /usr/bin/cc - skipped
[0.472s] -- Detecting C compile features
[0.473s] -- Detecting C compile features - done
[0.480s] -- Detecting CXX compiler ABI info
[0.650s] -- Detecting CXX compiler ABI info - done
[0.659s] -- Check for working CXX compiler: /usr/bin/c++ - skipped
[0.659s] -- Detecting CXX compile features
[0.661s] -- Detecting CXX compile features - done
[0.667s] -- Found ament_cmake: 1.3.2 (/opt/ros/humble/share/ament_cmake/cmake)
[2.334s] -- Found Python3: /usr/bin/python3.10 (found version "3.10.6") found components: Interpreter 
[2.472s] -- Override CMake install command with custom implementation using symlinks instead of copying resources
[2.547s] -- Found nav2_common: 1.1.2 (/home/arc/nav2_ws/install/nav2_common/share/nav2_common/cmake)
[2.553s] -- Found rclcpp: 16.0.1 (/opt/ros/humble/share/rclcpp/cmake)
[2.687s] -- Found rosidl_generator_c: 3.1.3 (/opt/ros/humble/share/rosidl_generator_c/cmake)
[2.702s] -- Found rosidl_adapter: 3.1.3 (/opt/ros/humble/share/rosidl_adapter/cmake)
[2.724s] -- Found rosidl_generator_cpp: 3.1.3 (/opt/ros/humble/share/rosidl_generator_cpp/cmake)
[2.765s] -- Using all available rosidl_typesupport_c: rosidl_typesupport_fastrtps_c;rosidl_typesupport_introspection_c
[2.820s] -- Using all available rosidl_typesupport_cpp: rosidl_typesupport_fastrtps_cpp;rosidl_typesupport_introspection_cpp
[3.013s] -- Found rmw_implementation_cmake: 6.1.0 (/opt/ros/humble/share/rmw_implementation_cmake/cmake)
[3.021s] -- Found rmw_fastrtps_cpp: 6.2.1 (/opt/ros/humble/share/rmw_fastrtps_cpp/cmake)
[3.252s] -- Found OpenSSL: /usr/lib/x86_64-linux-gnu/libcrypto.so (found version "3.0.2")  
[3.318s] -- Found FastRTPS: /opt/ros/humble/include  
[3.432s] -- Using RMW implementation 'rmw_fastrtps_cpp' as default
[3.883s] -- Found geometry_msgs: 4.2.2 (/opt/ros/humble/share/geometry_msgs/cmake)
[3.997s] -- Found nav_2d_msgs: 1.1.2 (/home/arc/nav2_ws/install/nav_2d_msgs/share/nav_2d_msgs/cmake)
[4.172s] -- Found dwb_msgs: 1.1.2 (/home/arc/nav2_ws/install/dwb_msgs/share/dwb_msgs/cmake)
[4.741s] -- Found nav2_costmap_2d: 1.1.2 (/home/arc/nav2_ws/install/nav2_costmap_2d/share/nav2_costmap_2d/cmake)
[6.768s] -- Found Eigen3: TRUE (found version "3.4.0") 
[6.768s] -- Ensuring Eigen3 include directory is part of orocos-kdl CMake target
[8.685s] -- Found nav_2d_utils: 1.1.2 (/home/arc/nav2_ws/install/nav_2d_utils/share/nav_2d_utils/cmake)
[9.690s] -- Found nav2_core: 1.1.2 (/home/arc/nav2_ws/install/nav2_core/share/nav2_core/cmake)
[11.599s] -- Setting build type to Release as none was specified.
[26.943s] -- Found ament_lint_auto: 0.12.4 (/opt/ros/humble/share/ament_lint_auto/cmake)
[27.149s] -- Found gtest sources under '/opt/ros/humble/src/gtest_vendor': C++ tests using 'Google Test' will be built
[27.156s] -- Looking for pthread.h
[27.433s] -- Looking for pthread.h - found
[27.434s] -- Performing Test CMAKE_HAVE_LIBC_PTHREAD
[27.657s] -- Performing Test CMAKE_HAVE_LIBC_PTHREAD - Success
[27.660s] -- Found Threads: TRUE  
[27.678s] -- Added test 'cppcheck' to perform static code analysis on C / C++ code
[27.679s] -- Configured cppcheck include dirs: /home/arc/nav2_ws/src/navigation2/nav2_dwb_controller/dwb_core/include
[27.680s] -- Configured cppcheck exclude dirs and/or files: 
[27.686s] -- Added test 'cpplint' to check C / C++ code against the Google style
[27.686s] -- Configured cpplint exclude dirs and/or files: 
[27.691s] -- Added test 'lint_cmake' to check CMake code style
[27.694s] -- Added test 'uncrustify' to check C / C++ code style
[27.694s] -- Configured uncrustify additional arguments: 
[27.698s] -- Added test 'xmllint' to check XML markup files
[27.705s] -- Configuring done
[27.876s] -- Generating done
[27.928s] -- Build files have been written to: /home/arc/nav2_ws/build/dwb_core
[27.962s] Invoked command in '/home/arc/nav2_ws/build/dwb_core' returned '0': AMENT_PREFIX_PATH=/home/arc/nav2_ws/install/nav2_core:/home/arc/nav2_ws/install/nav2_costmap_2d:/home/arc/nav2_ws/install/nav_2d_utils:/home/arc/nav2_ws/install/nav2_util:/home/arc/nav2_ws/install/nav2_voxel_grid:/home/arc/nav2_ws/install/nav2_msgs:/home/arc/nav2_ws/install/dwb_msgs:/home/arc/nav2_ws/install/nav_2d_msgs:/home/arc/nav2_ws/install/nav2_common:${AMENT_PREFIX_PATH} CMAKE_PREFIX_PATH=/home/arc/nav2_ws/install/nav2_core:/home/arc/nav2_ws/install/nav2_costmap_2d:/home/arc/nav2_ws/install/nav_2d_utils:/home/arc/nav2_ws/install/nav2_util:/home/arc/nav2_ws/install/nav2_voxel_grid:/home/arc/nav2_ws/install/nav2_msgs:/home/arc/nav2_ws/install/dwb_msgs:/home/arc/nav2_ws/install/nav_2d_msgs:/home/arc/nav2_ws/install/nav2_common:/home/arc/workspace/install:/opt/ros/humble LD_LIBRARY_PATH=/home/arc/nav2_ws/install/nav2_costmap_2d/lib:/home/arc/nav2_ws/install/nav_2d_utils/lib:/home/arc/nav2_ws/install/nav2_util/lib:/home/arc/nav2_ws/install/nav2_voxel_grid/lib:/home/arc/nav2_ws/install/nav2_msgs/lib:/home/arc/nav2_ws/install/dwb_msgs/lib:/home/arc/nav2_ws/install/nav_2d_msgs/lib:${LD_LIBRARY_PATH} PYTHONPATH=/home/arc/nav2_ws/install/nav2_msgs/local/lib/python3.10/dist-packages:/home/arc/nav2_ws/install/dwb_msgs/local/lib/python3.10/dist-packages:/home/arc/nav2_ws/install/nav_2d_msgs/local/lib/python3.10/dist-packages:/home/arc/nav2_ws/install/nav2_common/local/lib/python3.10/dist-packages:${PYTHONPATH} /usr/bin/cmake /home/arc/nav2_ws/src/navigation2/nav2_dwb_controller/dwb_core -DAMENT_CMAKE_SYMLINK_INSTALL=1 -DCMAKE_INSTALL_PREFIX=/home/arc/nav2_ws/install/dwb_core
[27.963s] Invoking command in '/home/arc/nav2_ws/build/dwb_core': AMENT_PREFIX_PATH=/home/arc/nav2_ws/install/nav2_core:/home/arc/nav2_ws/install/nav2_costmap_2d:/home/arc/nav2_ws/install/nav_2d_utils:/home/arc/nav2_ws/install/nav2_util:/home/arc/nav2_ws/install/nav2_voxel_grid:/home/arc/nav2_ws/install/nav2_msgs:/home/arc/nav2_ws/install/dwb_msgs:/home/arc/nav2_ws/install/nav_2d_msgs:/home/arc/nav2_ws/install/nav2_common:${AMENT_PREFIX_PATH} CMAKE_PREFIX_PATH=/home/arc/nav2_ws/install/nav2_core:/home/arc/nav2_ws/install/nav2_costmap_2d:/home/arc/nav2_ws/install/nav_2d_utils:/home/arc/nav2_ws/install/nav2_util:/home/arc/nav2_ws/install/nav2_voxel_grid:/home/arc/nav2_ws/install/nav2_msgs:/home/arc/nav2_ws/install/dwb_msgs:/home/arc/nav2_ws/install/nav_2d_msgs:/home/arc/nav2_ws/install/nav2_common:/home/arc/workspace/install:/opt/ros/humble LD_LIBRARY_PATH=/home/arc/nav2_ws/install/nav2_costmap_2d/lib:/home/arc/nav2_ws/install/nav_2d_utils/lib:/home/arc/nav2_ws/install/nav2_util/lib:/home/arc/nav2_ws/install/nav2_voxel_grid/lib:/home/arc/nav2_ws/install/nav2_msgs/lib:/home/arc/nav2_ws/install/dwb_msgs/lib:/home/arc/nav2_ws/install/nav_2d_msgs/lib:${LD_LIBRARY_PATH} PYTHONPATH=/home/arc/nav2_ws/install/nav2_msgs/local/lib/python3.10/dist-packages:/home/arc/nav2_ws/install/dwb_msgs/local/lib/python3.10/dist-packages:/home/arc/nav2_ws/install/nav_2d_msgs/local/lib/python3.10/dist-packages:/home/arc/nav2_ws/install/nav2_common/local/lib/python3.10/dist-packages:${PYTHONPATH} /usr/bin/cmake --build /home/arc/nav2_ws/build/dwb_core -- -j4 -l4
[28.062s] [  9%] [32mBuilding CXX object CMakeFiles/dwb_core.dir/src/dwb_local_planner.cpp.o[0m
[56.179s] [ 18%] [32mBuilding CXX object CMakeFiles/dwb_core.dir/src/publisher.cpp.o[0m
[79.592s] [ 27%] [32mBuilding CXX object CMakeFiles/dwb_core.dir/src/illegal_trajectory_tracker.cpp.o[0m
[81.444s] [ 36%] [32mBuilding CXX object CMakeFiles/dwb_core.dir/src/trajectory_utils.cpp.o[0m
[88.329s] [ 45%] [32m[1mLinking CXX shared library libdwb_core.so[0m
[89.094s] [ 45%] Built target dwb_core
[89.136s] [ 54%] [32mBuilding CXX object gtest/CMakeFiles/gtest_main.dir/src/gtest_main.cc.o[0m
[91.215s] [ 63%] [32m[1mLinking CXX static library libgtest_main.a[0m
[91.276s] [ 63%] Built target gtest_main
[91.315s] [ 72%] [32mBuilding CXX object gtest/CMakeFiles/gtest.dir/src/gtest-all.cc.o[0m
[109.687s] [ 81%] [32m[1mLinking CXX static library libgtest.a[0m
[109.754s] [ 81%] Built target gtest
[109.792s] [ 90%] [32mBuilding CXX object test/CMakeFiles/utils_test.dir/utils_test.cpp.o[0m
[119.331s] [100%] [32m[1mLinking CXX executable utils_test[0m
[119.948s] [100%] Built target utils_test
[119.984s] Invoked command in '/home/arc/nav2_ws/build/dwb_core' returned '0': AMENT_PREFIX_PATH=/home/arc/nav2_ws/install/nav2_core:/home/arc/nav2_ws/install/nav2_costmap_2d:/home/arc/nav2_ws/install/nav_2d_utils:/home/arc/nav2_ws/install/nav2_util:/home/arc/nav2_ws/install/nav2_voxel_grid:/home/arc/nav2_ws/install/nav2_msgs:/home/arc/nav2_ws/install/dwb_msgs:/home/arc/nav2_ws/install/nav_2d_msgs:/home/arc/nav2_ws/install/nav2_common:${AMENT_PREFIX_PATH} CMAKE_PREFIX_PATH=/home/arc/nav2_ws/install/nav2_core:/home/arc/nav2_ws/install/nav2_costmap_2d:/home/arc/nav2_ws/install/nav_2d_utils:/home/arc/nav2_ws/install/nav2_util:/home/arc/nav2_ws/install/nav2_voxel_grid:/home/arc/nav2_ws/install/nav2_msgs:/home/arc/nav2_ws/install/dwb_msgs:/home/arc/nav2_ws/install/nav_2d_msgs:/home/arc/nav2_ws/install/nav2_common:/home/arc/workspace/install:/opt/ros/humble LD_LIBRARY_PATH=/home/arc/nav2_ws/install/nav2_costmap_2d/lib:/home/arc/nav2_ws/install/nav_2d_utils/lib:/home/arc/nav2_ws/install/nav2_util/lib:/home/arc/nav2_ws/install/nav2_voxel_grid/lib:/home/arc/nav2_ws/install/nav2_msgs/lib:/home/arc/nav2_ws/install/dwb_msgs/lib:/home/arc/nav2_ws/install/nav_2d_msgs/lib:${LD_LIBRARY_PATH} PYTHONPATH=/home/arc/nav2_ws/install/nav2_msgs/local/lib/python3.10/dist-packages:/home/arc/nav2_ws/install/dwb_msgs/local/lib/python3.10/dist-packages:/home/arc/nav2_ws/install/nav_2d_msgs/local/lib/python3.10/dist-packages:/home/arc/nav2_ws/install/nav2_common/local/lib/python3.10/dist-packages:${PYTHONPATH} /usr/bin/cmake --build /home/arc/nav2_ws/build/dwb_core -- -j4 -l4
[120.043s] Invoking command in '/home/arc/nav2_ws/build/dwb_core': AMENT_PREFIX_PATH=/home/arc/nav2_ws/install/nav2_core:/home/arc/nav2_ws/install/nav2_costmap_2d:/home/arc/nav2_ws/install/nav_2d_utils:/home/arc/nav2_ws/install/nav2_util:/home/arc/nav2_ws/install/nav2_voxel_grid:/home/arc/nav2_ws/install/nav2_msgs:/home/arc/nav2_ws/install/dwb_msgs:/home/arc/nav2_ws/install/nav_2d_msgs:/home/arc/nav2_ws/install/nav2_common:${AMENT_PREFIX_PATH} CMAKE_PREFIX_PATH=/home/arc/nav2_ws/install/nav2_core:/home/arc/nav2_ws/install/nav2_costmap_2d:/home/arc/nav2_ws/install/nav_2d_utils:/home/arc/nav2_ws/install/nav2_util:/home/arc/nav2_ws/install/nav2_voxel_grid:/home/arc/nav2_ws/install/nav2_msgs:/home/arc/nav2_ws/install/dwb_msgs:/home/arc/nav2_ws/install/nav_2d_msgs:/home/arc/nav2_ws/install/nav2_common:/home/arc/workspace/install:/opt/ros/humble LD_LIBRARY_PATH=/home/arc/nav2_ws/install/nav2_costmap_2d/lib:/home/arc/nav2_ws/install/nav_2d_utils/lib:/home/arc/nav2_ws/install/nav2_util/lib:/home/arc/nav2_ws/install/nav2_voxel_grid/lib:/home/arc/nav2_ws/install/nav2_msgs/lib:/home/arc/nav2_ws/install/dwb_msgs/lib:/home/arc/nav2_ws/install/nav_2d_msgs/lib:${LD_LIBRARY_PATH} PYTHONPATH=/home/arc/nav2_ws/install/nav2_msgs/local/lib/python3.10/dist-packages:/home/arc/nav2_ws/install/dwb_msgs/local/lib/python3.10/dist-packages:/home/arc/nav2_ws/install/nav_2d_msgs/local/lib/python3.10/dist-packages:/home/arc/nav2_ws/install/nav2_common/local/lib/python3.10/dist-packages:${PYTHONPATH} /usr/bin/cmake --install /home/arc/nav2_ws/build/dwb_core
[120.058s] -- Install configuration: "Release"
[120.059s] -- Execute custom install script
[120.060s] -- Symlinking: /home/arc/nav2_ws/install/dwb_core/lib/libdwb_core.so
[120.079s] -- Symlinking: /home/arc/nav2_ws/install/dwb_core/include//dwb_core/dwb_local_planner.hpp
[120.098s] -- Symlinking: /home/arc/nav2_ws/install/dwb_core/include//dwb_core/exceptions.hpp
[120.114s] -- Symlinking: /home/arc/nav2_ws/install/dwb_core/include//dwb_core/illegal_trajectory_tracker.hpp
[120.132s] -- Symlinking: /home/arc/nav2_ws/install/dwb_core/include//dwb_core/publisher.hpp
[120.149s] -- Symlinking: /home/arc/nav2_ws/install/dwb_core/include//dwb_core/trajectory_critic.hpp
[120.169s] -- Symlinking: /home/arc/nav2_ws/install/dwb_core/include//dwb_core/trajectory_generator.hpp
[120.185s] -- Symlinking: /home/arc/nav2_ws/install/dwb_core/include//dwb_core/trajectory_utils.hpp
[120.202s] -- Symlinking: /home/arc/nav2_ws/install/dwb_core/share/dwb_core/environment/library_path.sh
[120.219s] -- Symlinking: /home/arc/nav2_ws/install/dwb_core/share/dwb_core/environment/library_path.dsv
[120.237s] -- Symlinking: /home/arc/nav2_ws/install/dwb_core/share/dwb_core//local_planner_plugin.xml
[120.254s] -- Symlinking: /home/arc/nav2_ws/install/dwb_core/share/ament_index/resource_index/package_run_dependencies/dwb_core
[120.275s] -- Symlinking: /home/arc/nav2_ws/install/dwb_core/share/ament_index/resource_index/parent_prefix_path/dwb_core
[120.292s] -- Symlinking: /home/arc/nav2_ws/install/dwb_core/share/dwb_core/environment/ament_prefix_path.sh
[120.308s] -- Symlinking: /home/arc/nav2_ws/install/dwb_core/share/dwb_core/environment/ament_prefix_path.dsv
[120.325s] -- Symlinking: /home/arc/nav2_ws/install/dwb_core/share/dwb_core/environment/path.sh
[120.343s] -- Symlinking: /home/arc/nav2_ws/install/dwb_core/share/dwb_core/environment/path.dsv
[120.361s] -- Symlinking: /home/arc/nav2_ws/install/dwb_core/share/dwb_core/local_setup.bash
[120.379s] -- Symlinking: /home/arc/nav2_ws/install/dwb_core/share/dwb_core/local_setup.sh
[120.397s] -- Symlinking: /home/arc/nav2_ws/install/dwb_core/share/dwb_core/local_setup.zsh
[120.413s] -- Symlinking: /home/arc/nav2_ws/install/dwb_core/share/dwb_core/local_setup.dsv
[120.429s] -- Symlinking: /home/arc/nav2_ws/install/dwb_core/share/dwb_core/package.dsv
[120.446s] -- Symlinking: /home/arc/nav2_ws/install/dwb_core/share/ament_index/resource_index/packages/dwb_core
[120.462s] -- Symlinking: /home/arc/nav2_ws/install/dwb_core/share/ament_index/resource_index/nav2_core__pluginlib__plugin/dwb_core
[120.477s] -- Symlinking: /home/arc/nav2_ws/install/dwb_core/share/dwb_core/cmake/ament_cmake_export_include_directories-extras.cmake
[120.493s] -- Symlinking: /home/arc/nav2_ws/install/dwb_core/share/dwb_core/cmake/ament_cmake_export_libraries-extras.cmake
[120.509s] -- Symlinking: /home/arc/nav2_ws/install/dwb_core/share/dwb_core/cmake/ament_cmake_export_dependencies-extras.cmake
[120.524s] -- Symlinking: /home/arc/nav2_ws/install/dwb_core/share/dwb_core/cmake/dwb_coreConfig.cmake
[120.540s] -- Symlinking: /home/arc/nav2_ws/install/dwb_core/share/dwb_core/cmake/dwb_coreConfig-version.cmake
[120.555s] -- Symlinking: /home/arc/nav2_ws/install/dwb_core/share/dwb_core/package.xml
[120.580s] Invoked command in '/home/arc/nav2_ws/build/dwb_core' returned '0': AMENT_PREFIX_PATH=/home/arc/nav2_ws/install/nav2_core:/home/arc/nav2_ws/install/nav2_costmap_2d:/home/arc/nav2_ws/install/nav_2d_utils:/home/arc/nav2_ws/install/nav2_util:/home/arc/nav2_ws/install/nav2_voxel_grid:/home/arc/nav2_ws/install/nav2_msgs:/home/arc/nav2_ws/install/dwb_msgs:/home/arc/nav2_ws/install/nav_2d_msgs:/home/arc/nav2_ws/install/nav2_common:${AMENT_PREFIX_PATH} CMAKE_PREFIX_PATH=/home/arc/nav2_ws/install/nav2_core:/home/arc/nav2_ws/install/nav2_costmap_2d:/home/arc/nav2_ws/install/nav_2d_utils:/home/arc/nav2_ws/install/nav2_util:/home/arc/nav2_ws/install/nav2_voxel_grid:/home/arc/nav2_ws/install/nav2_msgs:/home/arc/nav2_ws/install/dwb_msgs:/home/arc/nav2_ws/install/nav_2d_msgs:/home/arc/nav2_ws/install/nav2_common:/home/arc/workspace/install:/opt/ros/humble LD_LIBRARY_PATH=/home/arc/nav2_ws/install/nav2_costmap_2d/lib:/home/arc/nav2_ws/install/nav_2d_utils/lib:/home/arc/nav2_ws/install/nav2_util/lib:/home/arc/nav2_ws/install/nav2_voxel_grid/lib:/home/arc/nav2_ws/install/nav2_msgs/lib:/home/arc/nav2_ws/install/dwb_msgs/lib:/home/arc/nav2_ws/install/nav_2d_msgs/lib:${LD_LIBRARY_PATH} PYTHONPATH=/home/arc/nav2_ws/install/nav2_msgs/local/lib/python3.10/dist-packages:/home/arc/nav2_ws/install/dwb_msgs/local/lib/python3.10/dist-packages:/home/arc/nav2_ws/install/nav_2d_msgs/local/lib/python3.10/dist-packages:/home/arc/nav2_ws/install/nav2_common/local/lib/python3.10/dist-packages:${PYTHONPATH} /usr/bin/cmake --install /home/arc/nav2_ws/build/dwb_core
