[0.040s] Invoking command in '/home/arc/nav2_ws/build/nav_2d_utils': AMENT_PREFIX_PATH=/home/arc/nav2_ws/install/nav2_util:/home/arc/nav2_ws/install/nav2_msgs:/home/arc/nav2_ws/install/nav_2d_msgs:/home/arc/nav2_ws/install/nav2_common:${AMENT_PREFIX_PATH} CMAKE_PREFIX_PATH=/home/arc/nav2_ws/install/nav2_util:/home/arc/nav2_ws/install/nav2_msgs:/home/arc/nav2_ws/install/nav_2d_msgs:/home/arc/nav2_ws/install/nav2_common:/home/arc/workspace/install:/opt/ros/humble LD_LIBRARY_PATH=/home/arc/nav2_ws/install/nav2_util/lib:/home/arc/nav2_ws/install/nav2_msgs/lib:/home/arc/nav2_ws/install/nav_2d_msgs/lib:${LD_LIBRARY_PATH} PYTHONPATH=/home/arc/nav2_ws/install/nav2_msgs/local/lib/python3.10/dist-packages:/home/arc/nav2_ws/install/nav_2d_msgs/local/lib/python3.10/dist-packages:/home/arc/nav2_ws/install/nav2_common/local/lib/python3.10/dist-packages:${PYTHONPATH} /usr/bin/cmake /home/arc/nav2_ws/src/navigation2/nav2_dwb_controller/nav_2d_utils -DCMAKE_INSTALL_PREFIX=/home/arc/nav2_ws/install/nav_2d_utils
[0.072s] -- Found ament_cmake: 1.3.2 (/opt/ros/humble/share/ament_cmake/cmake)
[0.410s] -- Override CMake install command with custom implementation using symlinks instead of copying resources
[0.425s] -- Found nav2_common: 1.1.2 (/home/arc/nav2_ws/install/nav2_common/share/nav2_common/cmake)
[0.425s] -- Found geometry_msgs: 4.2.2 (/opt/ros/humble/share/geometry_msgs/cmake)
[0.486s] -- Found rosidl_generator_c: 3.1.3 (/opt/ros/humble/share/rosidl_generator_c/cmake)
[0.492s] -- Found rosidl_adapter: 3.1.3 (/opt/ros/humble/share/rosidl_adapter/cmake)
[0.506s] -- Found rosidl_generator_cpp: 3.1.3 (/opt/ros/humble/share/rosidl_generator_cpp/cmake)
[0.536s] -- Using all available rosidl_typesupport_c: rosidl_typesupport_fastrtps_c;rosidl_typesupport_introspection_c
[0.579s] -- Using all available rosidl_typesupport_cpp: rosidl_typesupport_fastrtps_cpp;rosidl_typesupport_introspection_cpp
[0.895s] -- Found nav_2d_msgs: 1.1.2 (/home/arc/nav2_ws/install/nav_2d_msgs/share/nav_2d_msgs/cmake)
[1.076s] -- Found nav_msgs: 4.2.2 (/opt/ros/humble/share/nav_msgs/cmake)
[1.292s] -- Found rclcpp: 16.0.1 (/opt/ros/humble/share/rclcpp/cmake)
[1.431s] -- Found rmw_implementation_cmake: 6.1.0 (/opt/ros/humble/share/rmw_implementation_cmake/cmake)
[1.432s] -- Found rmw_fastrtps_cpp: 6.2.1 (/opt/ros/humble/share/rmw_fastrtps_cpp/cmake)
[1.701s] -- Using RMW implementation 'rmw_fastrtps_cpp' as default
[2.022s] -- Found tf2: 0.25.1 (/opt/ros/humble/share/tf2/cmake)
[2.043s] -- Found tf2_geometry_msgs: 0.25.1 (/opt/ros/humble/share/tf2_geometry_msgs/cmake)
[2.055s] -- Found eigen3_cmake_module: 0.1.1 (/opt/ros/humble/share/eigen3_cmake_module/cmake)
[2.058s] -- Ensuring Eigen3 include directory is part of orocos-kdl CMake target
[2.917s] -- Found nav2_msgs: 1.1.2 (/home/arc/nav2_ws/install/nav2_msgs/share/nav2_msgs/cmake)
[3.352s] -- Found nav2_util: 1.1.2 (/home/arc/nav2_ws/install/nav2_util/share/nav2_util/cmake)
[6.017s] -- Found ament_lint_auto: 0.12.4 (/opt/ros/humble/share/ament_lint_auto/cmake)
[6.172s] -- Found gtest sources under '/opt/ros/humble/src/gtest_vendor': C++ tests using 'Google Test' will be built
[6.197s] -- Added test 'cppcheck' to perform static code analysis on C / C++ code
[6.199s] -- Configured cppcheck include dirs: /home/arc/nav2_ws/src/navigation2/nav2_dwb_controller/nav_2d_utils/include
[6.199s] -- Configured cppcheck exclude dirs and/or files: 
[6.201s] -- Added test 'cpplint' to check C / C++ code against the Google style
[6.201s] -- Configured cpplint exclude dirs and/or files: 
[6.202s] -- Added test 'lint_cmake' to check CMake code style
[6.207s] -- Added test 'uncrustify' to check C / C++ code style
[6.207s] -- Configured uncrustify additional arguments: 
[6.207s] -- Added test 'xmllint' to check XML markup files
[6.212s] -- Configuring done
[6.503s] -- Generating done
[6.508s] -- Build files have been written to: /home/arc/nav2_ws/build/nav_2d_utils
[6.529s] Invoked command in '/home/arc/nav2_ws/build/nav_2d_utils' returned '0': AMENT_PREFIX_PATH=/home/arc/nav2_ws/install/nav2_util:/home/arc/nav2_ws/install/nav2_msgs:/home/arc/nav2_ws/install/nav_2d_msgs:/home/arc/nav2_ws/install/nav2_common:${AMENT_PREFIX_PATH} CMAKE_PREFIX_PATH=/home/arc/nav2_ws/install/nav2_util:/home/arc/nav2_ws/install/nav2_msgs:/home/arc/nav2_ws/install/nav_2d_msgs:/home/arc/nav2_ws/install/nav2_common:/home/arc/workspace/install:/opt/ros/humble LD_LIBRARY_PATH=/home/arc/nav2_ws/install/nav2_util/lib:/home/arc/nav2_ws/install/nav2_msgs/lib:/home/arc/nav2_ws/install/nav_2d_msgs/lib:${LD_LIBRARY_PATH} PYTHONPATH=/home/arc/nav2_ws/install/nav2_msgs/local/lib/python3.10/dist-packages:/home/arc/nav2_ws/install/nav_2d_msgs/local/lib/python3.10/dist-packages:/home/arc/nav2_ws/install/nav2_common/local/lib/python3.10/dist-packages:${PYTHONPATH} /usr/bin/cmake /home/arc/nav2_ws/src/navigation2/nav2_dwb_controller/nav_2d_utils -DCMAKE_INSTALL_PREFIX=/home/arc/nav2_ws/install/nav_2d_utils
[6.530s] Invoking command in '/home/arc/nav2_ws/build/nav_2d_utils': AMENT_PREFIX_PATH=/home/arc/nav2_ws/install/nav2_util:/home/arc/nav2_ws/install/nav2_msgs:/home/arc/nav2_ws/install/nav_2d_msgs:/home/arc/nav2_ws/install/nav2_common:${AMENT_PREFIX_PATH} CMAKE_PREFIX_PATH=/home/arc/nav2_ws/install/nav2_util:/home/arc/nav2_ws/install/nav2_msgs:/home/arc/nav2_ws/install/nav_2d_msgs:/home/arc/nav2_ws/install/nav2_common:/home/arc/workspace/install:/opt/ros/humble LD_LIBRARY_PATH=/home/arc/nav2_ws/install/nav2_util/lib:/home/arc/nav2_ws/install/nav2_msgs/lib:/home/arc/nav2_ws/install/nav_2d_msgs/lib:${LD_LIBRARY_PATH} PYTHONPATH=/home/arc/nav2_ws/install/nav2_msgs/local/lib/python3.10/dist-packages:/home/arc/nav2_ws/install/nav_2d_msgs/local/lib/python3.10/dist-packages:/home/arc/nav2_ws/install/nav2_common/local/lib/python3.10/dist-packages:${PYTHONPATH} /usr/bin/cmake --build /home/arc/nav2_ws/build/nav_2d_utils -- -j4 -l4
[6.601s] [35m[1mConsolidate compiler generated dependencies of target conversions[0m
[6.638s] [35m[1mConsolidate compiler generated dependencies of target path_ops[0m
[6.647s] [35m[1mConsolidate compiler generated dependencies of target gtest_main[0m
[6.663s] [35m[1mConsolidate compiler generated dependencies of target gtest[0m
[6.665s] [ 12%] Built target conversions
[6.687s] [ 25%] Built target path_ops
[6.701s] [ 37%] Built target gtest_main
[6.715s] [ 50%] Built target gtest
[6.733s] [35m[1mConsolidate compiler generated dependencies of target tf_help[0m
[6.756s] [35m[1mConsolidate compiler generated dependencies of target 2d_utils_tests[0m
[6.787s] [35m[1mConsolidate compiler generated dependencies of target path_ops_tests[0m
[6.829s] [ 62%] Built target 2d_utils_tests
[6.836s] [ 81%] Built target path_ops_tests
[6.836s] [ 87%] Built target tf_help
[6.860s] [35m[1mConsolidate compiler generated dependencies of target tf_help_tests[0m
[6.895s] [100%] Built target tf_help_tests
[6.914s] Invoked command in '/home/arc/nav2_ws/build/nav_2d_utils' returned '0': AMENT_PREFIX_PATH=/home/arc/nav2_ws/install/nav2_util:/home/arc/nav2_ws/install/nav2_msgs:/home/arc/nav2_ws/install/nav_2d_msgs:/home/arc/nav2_ws/install/nav2_common:${AMENT_PREFIX_PATH} CMAKE_PREFIX_PATH=/home/arc/nav2_ws/install/nav2_util:/home/arc/nav2_ws/install/nav2_msgs:/home/arc/nav2_ws/install/nav_2d_msgs:/home/arc/nav2_ws/install/nav2_common:/home/arc/workspace/install:/opt/ros/humble LD_LIBRARY_PATH=/home/arc/nav2_ws/install/nav2_util/lib:/home/arc/nav2_ws/install/nav2_msgs/lib:/home/arc/nav2_ws/install/nav_2d_msgs/lib:${LD_LIBRARY_PATH} PYTHONPATH=/home/arc/nav2_ws/install/nav2_msgs/local/lib/python3.10/dist-packages:/home/arc/nav2_ws/install/nav_2d_msgs/local/lib/python3.10/dist-packages:/home/arc/nav2_ws/install/nav2_common/local/lib/python3.10/dist-packages:${PYTHONPATH} /usr/bin/cmake --build /home/arc/nav2_ws/build/nav_2d_utils -- -j4 -l4
[6.973s] Invoking command in '/home/arc/nav2_ws/build/nav_2d_utils': AMENT_PREFIX_PATH=/home/arc/nav2_ws/install/nav2_util:/home/arc/nav2_ws/install/nav2_msgs:/home/arc/nav2_ws/install/nav_2d_msgs:/home/arc/nav2_ws/install/nav2_common:${AMENT_PREFIX_PATH} CMAKE_PREFIX_PATH=/home/arc/nav2_ws/install/nav2_util:/home/arc/nav2_ws/install/nav2_msgs:/home/arc/nav2_ws/install/nav_2d_msgs:/home/arc/nav2_ws/install/nav2_common:/home/arc/workspace/install:/opt/ros/humble LD_LIBRARY_PATH=/home/arc/nav2_ws/install/nav2_util/lib:/home/arc/nav2_ws/install/nav2_msgs/lib:/home/arc/nav2_ws/install/nav_2d_msgs/lib:${LD_LIBRARY_PATH} PYTHONPATH=/home/arc/nav2_ws/install/nav2_msgs/local/lib/python3.10/dist-packages:/home/arc/nav2_ws/install/nav_2d_msgs/local/lib/python3.10/dist-packages:/home/arc/nav2_ws/install/nav2_common/local/lib/python3.10/dist-packages:${PYTHONPATH} /usr/bin/cmake --install /home/arc/nav2_ws/build/nav_2d_utils
[6.987s] -- Install configuration: "Release"
[6.988s] -- Execute custom install script
[6.989s] -- Up-to-date symlink: /home/arc/nav2_ws/install/nav_2d_utils/lib/libconversions.so
[6.990s] -- Up-to-date symlink: /home/arc/nav2_ws/install/nav_2d_utils/lib/libpath_ops.so
[6.990s] -- Up-to-date symlink: /home/arc/nav2_ws/install/nav_2d_utils/lib/libtf_help.so
[6.992s] -- Up-to-date symlink: /home/arc/nav2_ws/install/nav_2d_utils/include//nav_2d_utils/conversions.hpp
[6.992s] -- Up-to-date symlink: /home/arc/nav2_ws/install/nav_2d_utils/include//nav_2d_utils/odom_subscriber.hpp
[6.993s] -- Up-to-date symlink: /home/arc/nav2_ws/install/nav_2d_utils/include//nav_2d_utils/parameters.hpp
[6.993s] -- Up-to-date symlink: /home/arc/nav2_ws/install/nav_2d_utils/include//nav_2d_utils/path_ops.hpp
[6.994s] -- Up-to-date symlink: /home/arc/nav2_ws/install/nav_2d_utils/include//nav_2d_utils/tf_help.hpp
[6.994s] -- Up-to-date symlink: /home/arc/nav2_ws/install/nav_2d_utils/share/nav_2d_utils/environment/library_path.sh
[6.995s] -- Up-to-date symlink: /home/arc/nav2_ws/install/nav_2d_utils/share/nav_2d_utils/environment/library_path.dsv
[6.996s] -- Up-to-date symlink: /home/arc/nav2_ws/install/nav_2d_utils/share/ament_index/resource_index/package_run_dependencies/nav_2d_utils
[6.996s] -- Up-to-date symlink: /home/arc/nav2_ws/install/nav_2d_utils/share/ament_index/resource_index/parent_prefix_path/nav_2d_utils
[6.997s] -- Up-to-date symlink: /home/arc/nav2_ws/install/nav_2d_utils/share/nav_2d_utils/environment/ament_prefix_path.sh
[6.997s] -- Up-to-date symlink: /home/arc/nav2_ws/install/nav_2d_utils/share/nav_2d_utils/environment/ament_prefix_path.dsv
[6.998s] -- Up-to-date symlink: /home/arc/nav2_ws/install/nav_2d_utils/share/nav_2d_utils/environment/path.sh
[6.999s] -- Up-to-date symlink: /home/arc/nav2_ws/install/nav_2d_utils/share/nav_2d_utils/environment/path.dsv
[6.999s] -- Up-to-date symlink: /home/arc/nav2_ws/install/nav_2d_utils/share/nav_2d_utils/local_setup.bash
[7.000s] -- Up-to-date symlink: /home/arc/nav2_ws/install/nav_2d_utils/share/nav_2d_utils/local_setup.sh
[7.001s] -- Up-to-date symlink: /home/arc/nav2_ws/install/nav_2d_utils/share/nav_2d_utils/local_setup.zsh
[7.001s] -- Up-to-date symlink: /home/arc/nav2_ws/install/nav_2d_utils/share/nav_2d_utils/local_setup.dsv
[7.002s] -- Symlinking: /home/arc/nav2_ws/install/nav_2d_utils/share/nav_2d_utils/package.dsv
[7.016s] -- Up-to-date symlink: /home/arc/nav2_ws/install/nav_2d_utils/share/ament_index/resource_index/packages/nav_2d_utils
[7.017s] -- Up-to-date symlink: /home/arc/nav2_ws/install/nav_2d_utils/share/nav_2d_utils/cmake/ament_cmake_export_include_directories-extras.cmake
[7.017s] -- Up-to-date symlink: /home/arc/nav2_ws/install/nav_2d_utils/share/nav_2d_utils/cmake/ament_cmake_export_libraries-extras.cmake
[7.018s] -- Up-to-date symlink: /home/arc/nav2_ws/install/nav_2d_utils/share/nav_2d_utils/cmake/ament_cmake_export_dependencies-extras.cmake
[7.019s] -- Up-to-date symlink: /home/arc/nav2_ws/install/nav_2d_utils/share/nav_2d_utils/cmake/nav_2d_utilsConfig.cmake
[7.019s] -- Up-to-date symlink: /home/arc/nav2_ws/install/nav_2d_utils/share/nav_2d_utils/cmake/nav_2d_utilsConfig-version.cmake
[7.020s] -- Up-to-date symlink: /home/arc/nav2_ws/install/nav_2d_utils/share/nav_2d_utils/package.xml
[7.032s] Invoked command in '/home/arc/nav2_ws/build/nav_2d_utils' returned '0': AMENT_PREFIX_PATH=/home/arc/nav2_ws/install/nav2_util:/home/arc/nav2_ws/install/nav2_msgs:/home/arc/nav2_ws/install/nav_2d_msgs:/home/arc/nav2_ws/install/nav2_common:${AMENT_PREFIX_PATH} CMAKE_PREFIX_PATH=/home/arc/nav2_ws/install/nav2_util:/home/arc/nav2_ws/install/nav2_msgs:/home/arc/nav2_ws/install/nav_2d_msgs:/home/arc/nav2_ws/install/nav2_common:/home/arc/workspace/install:/opt/ros/humble LD_LIBRARY_PATH=/home/arc/nav2_ws/install/nav2_util/lib:/home/arc/nav2_ws/install/nav2_msgs/lib:/home/arc/nav2_ws/install/nav_2d_msgs/lib:${LD_LIBRARY_PATH} PYTHONPATH=/home/arc/nav2_ws/install/nav2_msgs/local/lib/python3.10/dist-packages:/home/arc/nav2_ws/install/nav_2d_msgs/local/lib/python3.10/dist-packages:/home/arc/nav2_ws/install/nav2_common/local/lib/python3.10/dist-packages:${PYTHONPATH} /usr/bin/cmake --install /home/arc/nav2_ws/build/nav_2d_utils
