[0.038s] Invoking command in '/home/arc/nav2_ws/build/nav2_core': AMENT_PREFIX_PATH=/home/arc/nav2_ws/install/nav2_costmap_2d:/home/arc/nav2_ws/install/nav2_util:/home/arc/nav2_ws/install/nav2_voxel_grid:/home/arc/nav2_ws/install/nav2_msgs:/home/arc/nav2_ws/install/nav2_common:${AMENT_PREFIX_PATH} CMAKE_PREFIX_PATH=/home/arc/nav2_ws/install/nav2_costmap_2d:/home/arc/nav2_ws/install/nav2_util:/home/arc/nav2_ws/install/nav2_voxel_grid:/home/arc/nav2_ws/install/nav2_msgs:/home/arc/nav2_ws/install/nav2_common:/home/arc/workspace/install:/opt/ros/humble LD_LIBRARY_PATH=/home/arc/nav2_ws/install/nav2_costmap_2d/lib:/home/arc/nav2_ws/install/nav2_util/lib:/home/arc/nav2_ws/install/nav2_voxel_grid/lib:/home/arc/nav2_ws/install/nav2_msgs/lib:${LD_LIBRARY_PATH} PYTHONPATH=/home/arc/nav2_ws/install/nav2_msgs/local/lib/python3.10/dist-packages:/home/arc/nav2_ws/install/nav2_common/local/lib/python3.10/dist-packages:${PYTHONPATH} /usr/bin/cmake /home/arc/nav2_ws/src/navigation2/nav2_core -DCMAKE_INSTALL_PREFIX=/home/arc/nav2_ws/install/nav2_core
[0.063s] -- Found ament_cmake: 1.3.2 (/opt/ros/humble/share/ament_cmake/cmake)
[0.384s] -- Override CMake install command with custom implementation using symlinks instead of copying resources
[0.398s] -- Found nav2_common: 1.1.2 (/home/arc/nav2_ws/install/nav2_common/share/nav2_common/cmake)
[0.399s] -- Found rclcpp: 16.0.1 (/opt/ros/humble/share/rclcpp/cmake)
[0.477s] -- Found rosidl_generator_c: 3.1.3 (/opt/ros/humble/share/rosidl_generator_c/cmake)
[0.483s] -- Found rosidl_adapter: 3.1.3 (/opt/ros/humble/share/rosidl_adapter/cmake)
[0.500s] -- Found rosidl_generator_cpp: 3.1.3 (/opt/ros/humble/share/rosidl_generator_cpp/cmake)
[0.528s] -- Using all available rosidl_typesupport_c: rosidl_typesupport_fastrtps_c;rosidl_typesupport_introspection_c
[0.572s] -- Using all available rosidl_typesupport_cpp: rosidl_typesupport_fastrtps_cpp;rosidl_typesupport_introspection_cpp
[0.730s] -- Found rmw_implementation_cmake: 6.1.0 (/opt/ros/humble/share/rmw_implementation_cmake/cmake)
[0.733s] -- Found rmw_fastrtps_cpp: 6.2.1 (/opt/ros/humble/share/rmw_fastrtps_cpp/cmake)
[1.028s] -- Using RMW implementation 'rmw_fastrtps_cpp' as default
[1.479s] -- Found rclcpp_lifecycle: 16.0.1 (/opt/ros/humble/share/rclcpp_lifecycle/cmake)
[1.581s] -- Found geometry_msgs: 4.2.2 (/opt/ros/humble/share/geometry_msgs/cmake)
[1.696s] -- Found nav2_costmap_2d: 1.1.2 (/home/arc/nav2_ws/install/nav2_costmap_2d/share/nav2_costmap_2d/cmake)
[3.991s] -- Ensuring Eigen3 include directory is part of orocos-kdl CMake target
[6.148s] -- Found ament_lint_auto: 0.12.4 (/opt/ros/humble/share/ament_lint_auto/cmake)
[6.342s] -- Added test 'cppcheck' to perform static code analysis on C / C++ code
[6.342s] -- Configured cppcheck include dirs: 
[6.342s] -- Configured cppcheck exclude dirs and/or files: 
[6.344s] -- Added test 'cpplint' to check C / C++ code against the Google style
[6.344s] -- Configured cpplint exclude dirs and/or files: 
[6.345s] -- Added test 'lint_cmake' to check CMake code style
[6.347s] -- Added test 'uncrustify' to check C / C++ code style
[6.347s] -- Configured uncrustify additional arguments: 
[6.348s] -- Added test 'xmllint' to check XML markup files
[6.352s] -- Configuring done
[6.363s] -- Generating done
[6.368s] -- Build files have been written to: /home/arc/nav2_ws/build/nav2_core
[6.391s] Invoked command in '/home/arc/nav2_ws/build/nav2_core' returned '0': AMENT_PREFIX_PATH=/home/arc/nav2_ws/install/nav2_costmap_2d:/home/arc/nav2_ws/install/nav2_util:/home/arc/nav2_ws/install/nav2_voxel_grid:/home/arc/nav2_ws/install/nav2_msgs:/home/arc/nav2_ws/install/nav2_common:${AMENT_PREFIX_PATH} CMAKE_PREFIX_PATH=/home/arc/nav2_ws/install/nav2_costmap_2d:/home/arc/nav2_ws/install/nav2_util:/home/arc/nav2_ws/install/nav2_voxel_grid:/home/arc/nav2_ws/install/nav2_msgs:/home/arc/nav2_ws/install/nav2_common:/home/arc/workspace/install:/opt/ros/humble LD_LIBRARY_PATH=/home/arc/nav2_ws/install/nav2_costmap_2d/lib:/home/arc/nav2_ws/install/nav2_util/lib:/home/arc/nav2_ws/install/nav2_voxel_grid/lib:/home/arc/nav2_ws/install/nav2_msgs/lib:${LD_LIBRARY_PATH} PYTHONPATH=/home/arc/nav2_ws/install/nav2_msgs/local/lib/python3.10/dist-packages:/home/arc/nav2_ws/install/nav2_common/local/lib/python3.10/dist-packages:${PYTHONPATH} /usr/bin/cmake /home/arc/nav2_ws/src/navigation2/nav2_core -DCMAKE_INSTALL_PREFIX=/home/arc/nav2_ws/install/nav2_core
[6.397s] Invoking command in '/home/arc/nav2_ws/build/nav2_core': AMENT_PREFIX_PATH=/home/arc/nav2_ws/install/nav2_costmap_2d:/home/arc/nav2_ws/install/nav2_util:/home/arc/nav2_ws/install/nav2_voxel_grid:/home/arc/nav2_ws/install/nav2_msgs:/home/arc/nav2_ws/install/nav2_common:${AMENT_PREFIX_PATH} CMAKE_PREFIX_PATH=/home/arc/nav2_ws/install/nav2_costmap_2d:/home/arc/nav2_ws/install/nav2_util:/home/arc/nav2_ws/install/nav2_voxel_grid:/home/arc/nav2_ws/install/nav2_msgs:/home/arc/nav2_ws/install/nav2_common:/home/arc/workspace/install:/opt/ros/humble LD_LIBRARY_PATH=/home/arc/nav2_ws/install/nav2_costmap_2d/lib:/home/arc/nav2_ws/install/nav2_util/lib:/home/arc/nav2_ws/install/nav2_voxel_grid/lib:/home/arc/nav2_ws/install/nav2_msgs/lib:${LD_LIBRARY_PATH} PYTHONPATH=/home/arc/nav2_ws/install/nav2_msgs/local/lib/python3.10/dist-packages:/home/arc/nav2_ws/install/nav2_common/local/lib/python3.10/dist-packages:${PYTHONPATH} /usr/bin/cmake --build /home/arc/nav2_ws/build/nav2_core -- -j4 -l4
[6.496s] Invoked command in '/home/arc/nav2_ws/build/nav2_core' returned '0': AMENT_PREFIX_PATH=/home/arc/nav2_ws/install/nav2_costmap_2d:/home/arc/nav2_ws/install/nav2_util:/home/arc/nav2_ws/install/nav2_voxel_grid:/home/arc/nav2_ws/install/nav2_msgs:/home/arc/nav2_ws/install/nav2_common:${AMENT_PREFIX_PATH} CMAKE_PREFIX_PATH=/home/arc/nav2_ws/install/nav2_costmap_2d:/home/arc/nav2_ws/install/nav2_util:/home/arc/nav2_ws/install/nav2_voxel_grid:/home/arc/nav2_ws/install/nav2_msgs:/home/arc/nav2_ws/install/nav2_common:/home/arc/workspace/install:/opt/ros/humble LD_LIBRARY_PATH=/home/arc/nav2_ws/install/nav2_costmap_2d/lib:/home/arc/nav2_ws/install/nav2_util/lib:/home/arc/nav2_ws/install/nav2_voxel_grid/lib:/home/arc/nav2_ws/install/nav2_msgs/lib:${LD_LIBRARY_PATH} PYTHONPATH=/home/arc/nav2_ws/install/nav2_msgs/local/lib/python3.10/dist-packages:/home/arc/nav2_ws/install/nav2_common/local/lib/python3.10/dist-packages:${PYTHONPATH} /usr/bin/cmake --build /home/arc/nav2_ws/build/nav2_core -- -j4 -l4
[6.538s] Invoking command in '/home/arc/nav2_ws/build/nav2_core': AMENT_PREFIX_PATH=/home/arc/nav2_ws/install/nav2_costmap_2d:/home/arc/nav2_ws/install/nav2_util:/home/arc/nav2_ws/install/nav2_voxel_grid:/home/arc/nav2_ws/install/nav2_msgs:/home/arc/nav2_ws/install/nav2_common:${AMENT_PREFIX_PATH} CMAKE_PREFIX_PATH=/home/arc/nav2_ws/install/nav2_costmap_2d:/home/arc/nav2_ws/install/nav2_util:/home/arc/nav2_ws/install/nav2_voxel_grid:/home/arc/nav2_ws/install/nav2_msgs:/home/arc/nav2_ws/install/nav2_common:/home/arc/workspace/install:/opt/ros/humble LD_LIBRARY_PATH=/home/arc/nav2_ws/install/nav2_costmap_2d/lib:/home/arc/nav2_ws/install/nav2_util/lib:/home/arc/nav2_ws/install/nav2_voxel_grid/lib:/home/arc/nav2_ws/install/nav2_msgs/lib:${LD_LIBRARY_PATH} PYTHONPATH=/home/arc/nav2_ws/install/nav2_msgs/local/lib/python3.10/dist-packages:/home/arc/nav2_ws/install/nav2_common/local/lib/python3.10/dist-packages:${PYTHONPATH} /usr/bin/cmake --install /home/arc/nav2_ws/build/nav2_core
[6.551s] -- Install configuration: "Release"
[6.552s] -- Execute custom install script
[6.553s] -- Up-to-date symlink: /home/arc/nav2_ws/install/nav2_core/include//nav2_core/behavior.hpp
[6.553s] -- Up-to-date symlink: /home/arc/nav2_ws/install/nav2_core/include//nav2_core/controller.hpp
[6.553s] -- Up-to-date symlink: /home/arc/nav2_ws/install/nav2_core/include//nav2_core/exceptions.hpp
[6.554s] -- Up-to-date symlink: /home/arc/nav2_ws/install/nav2_core/include//nav2_core/global_planner.hpp
[6.554s] -- Up-to-date symlink: /home/arc/nav2_ws/install/nav2_core/include//nav2_core/goal_checker.hpp
[6.554s] -- Up-to-date symlink: /home/arc/nav2_ws/install/nav2_core/include//nav2_core/progress_checker.hpp
[6.554s] -- Up-to-date symlink: /home/arc/nav2_ws/install/nav2_core/include//nav2_core/smoother.hpp
[6.555s] -- Up-to-date symlink: /home/arc/nav2_ws/install/nav2_core/include//nav2_core/waypoint_task_executor.hpp
[6.555s] -- Up-to-date symlink: /home/arc/nav2_ws/install/nav2_core/share/ament_index/resource_index/package_run_dependencies/nav2_core
[6.555s] -- Up-to-date symlink: /home/arc/nav2_ws/install/nav2_core/share/ament_index/resource_index/parent_prefix_path/nav2_core
[6.556s] -- Up-to-date symlink: /home/arc/nav2_ws/install/nav2_core/share/nav2_core/environment/ament_prefix_path.sh
[6.556s] -- Up-to-date symlink: /home/arc/nav2_ws/install/nav2_core/share/nav2_core/environment/ament_prefix_path.dsv
[6.556s] -- Up-to-date symlink: /home/arc/nav2_ws/install/nav2_core/share/nav2_core/environment/path.sh
[6.559s] -- Up-to-date symlink: /home/arc/nav2_ws/install/nav2_core/share/nav2_core/environment/path.dsv
[6.559s] -- Up-to-date symlink: /home/arc/nav2_ws/install/nav2_core/share/nav2_core/local_setup.bash
[6.559s] -- Up-to-date symlink: /home/arc/nav2_ws/install/nav2_core/share/nav2_core/local_setup.sh
[6.559s] -- Up-to-date symlink: /home/arc/nav2_ws/install/nav2_core/share/nav2_core/local_setup.zsh
[6.560s] -- Up-to-date symlink: /home/arc/nav2_ws/install/nav2_core/share/nav2_core/local_setup.dsv
[6.560s] -- Symlinking: /home/arc/nav2_ws/install/nav2_core/share/nav2_core/package.dsv
[6.574s] -- Up-to-date symlink: /home/arc/nav2_ws/install/nav2_core/share/ament_index/resource_index/packages/nav2_core
[6.575s] -- Up-to-date symlink: /home/arc/nav2_ws/install/nav2_core/share/nav2_core/cmake/ament_cmake_export_include_directories-extras.cmake
[6.575s] -- Up-to-date symlink: /home/arc/nav2_ws/install/nav2_core/share/nav2_core/cmake/ament_cmake_export_dependencies-extras.cmake
[6.575s] -- Up-to-date symlink: /home/arc/nav2_ws/install/nav2_core/share/nav2_core/cmake/nav2_coreConfig.cmake
[6.575s] -- Up-to-date symlink: /home/arc/nav2_ws/install/nav2_core/share/nav2_core/cmake/nav2_coreConfig-version.cmake
[6.576s] -- Up-to-date symlink: /home/arc/nav2_ws/install/nav2_core/share/nav2_core/package.xml
[6.584s] Invoked command in '/home/arc/nav2_ws/build/nav2_core' returned '0': AMENT_PREFIX_PATH=/home/arc/nav2_ws/install/nav2_costmap_2d:/home/arc/nav2_ws/install/nav2_util:/home/arc/nav2_ws/install/nav2_voxel_grid:/home/arc/nav2_ws/install/nav2_msgs:/home/arc/nav2_ws/install/nav2_common:${AMENT_PREFIX_PATH} CMAKE_PREFIX_PATH=/home/arc/nav2_ws/install/nav2_costmap_2d:/home/arc/nav2_ws/install/nav2_util:/home/arc/nav2_ws/install/nav2_voxel_grid:/home/arc/nav2_ws/install/nav2_msgs:/home/arc/nav2_ws/install/nav2_common:/home/arc/workspace/install:/opt/ros/humble LD_LIBRARY_PATH=/home/arc/nav2_ws/install/nav2_costmap_2d/lib:/home/arc/nav2_ws/install/nav2_util/lib:/home/arc/nav2_ws/install/nav2_voxel_grid/lib:/home/arc/nav2_ws/install/nav2_msgs/lib:${LD_LIBRARY_PATH} PYTHONPATH=/home/arc/nav2_ws/install/nav2_msgs/local/lib/python3.10/dist-packages:/home/arc/nav2_ws/install/nav2_common/local/lib/python3.10/dist-packages:${PYTHONPATH} /usr/bin/cmake --install /home/arc/nav2_ws/build/nav2_core
