[0.069s] Invoking command in '/home/arc/nav2_ws/build/nav2_controller': AMENT_PREFIX_PATH=/home/arc/nav2_ws/install/nav2_core:/home/arc/nav2_ws/install/nav2_costmap_2d:/home/arc/nav2_ws/install/nav_2d_utils:/home/arc/nav2_ws/install/nav2_util:/home/arc/nav2_ws/install/nav2_voxel_grid:/home/arc/nav2_ws/install/nav2_msgs:/home/arc/nav2_ws/install/nav_2d_msgs:/home/arc/nav2_ws/install/nav2_common:${AMENT_PREFIX_PATH} CMAKE_PREFIX_PATH=/home/arc/nav2_ws/install/nav2_core:/home/arc/nav2_ws/install/nav2_costmap_2d:/home/arc/nav2_ws/install/nav_2d_utils:/home/arc/nav2_ws/install/nav2_util:/home/arc/nav2_ws/install/nav2_voxel_grid:/home/arc/nav2_ws/install/nav2_msgs:/home/arc/nav2_ws/install/nav_2d_msgs:/home/arc/nav2_ws/install/nav2_common:/home/arc/workspace/install:/opt/ros/humble LD_LIBRARY_PATH=/home/arc/nav2_ws/install/nav2_costmap_2d/lib:/home/arc/nav2_ws/install/nav_2d_utils/lib:/home/arc/nav2_ws/install/nav2_util/lib:/home/arc/nav2_ws/install/nav2_voxel_grid/lib:/home/arc/nav2_ws/install/nav2_msgs/lib:/home/arc/nav2_ws/install/nav_2d_msgs/lib:${LD_LIBRARY_PATH} PYTHONPATH=/home/arc/nav2_ws/install/nav2_msgs/local/lib/python3.10/dist-packages:/home/arc/nav2_ws/install/nav_2d_msgs/local/lib/python3.10/dist-packages:/home/arc/nav2_ws/install/nav2_common/local/lib/python3.10/dist-packages:${PYTHONPATH} /usr/bin/cmake /home/arc/nav2_ws/src/navigation2/nav2_controller -DAMENT_CMAKE_SYMLINK_INSTALL=1 -DCMAKE_INSTALL_PREFIX=/home/arc/nav2_ws/install/nav2_controller
[0.186s] -- The C compiler identification is GNU 11.2.0
[0.311s] -- The CXX compiler identification is GNU 11.2.0
[0.327s] -- Detecting C compiler ABI info
[0.471s] -- Detecting C compiler ABI info - done
[0.493s] -- Check for working C compiler: /usr/bin/cc - skipped
[0.494s] -- Detecting C compile features
[0.495s] -- Detecting C compile features - done
[0.502s] -- Detecting CXX compiler ABI info
[0.669s] -- Detecting CXX compiler ABI info - done
[0.691s] -- Check for working CXX compiler: /usr/bin/c++ - skipped
[0.693s] -- Detecting CXX compile features
[0.694s] -- Detecting CXX compile features - done
[0.701s] -- Found ament_cmake: 1.3.2 (/opt/ros/humble/share/ament_cmake/cmake)
[2.550s] -- Found Python3: /usr/bin/python3.10 (found version "3.10.6") found components: Interpreter 
[2.700s] -- Override CMake install command with custom implementation using symlinks instead of copying resources
[2.773s] -- Found nav2_core: 1.1.2 (/home/arc/nav2_ws/install/nav2_core/share/nav2_core/cmake)
[2.911s] -- Found rosidl_generator_c: 3.1.3 (/opt/ros/humble/share/rosidl_generator_c/cmake)
[2.926s] -- Found rosidl_adapter: 3.1.3 (/opt/ros/humble/share/rosidl_adapter/cmake)
[2.950s] -- Found rosidl_generator_cpp: 3.1.3 (/opt/ros/humble/share/rosidl_generator_cpp/cmake)
[2.988s] -- Using all available rosidl_typesupport_c: rosidl_typesupport_fastrtps_c;rosidl_typesupport_introspection_c
[3.040s] -- Using all available rosidl_typesupport_cpp: rosidl_typesupport_fastrtps_cpp;rosidl_typesupport_introspection_cpp
[3.238s] -- Found rmw_implementation_cmake: 6.1.0 (/opt/ros/humble/share/rmw_implementation_cmake/cmake)
[3.247s] -- Found rmw_fastrtps_cpp: 6.2.1 (/opt/ros/humble/share/rmw_fastrtps_cpp/cmake)
[3.489s] -- Found OpenSSL: /usr/lib/x86_64-linux-gnu/libcrypto.so (found version "3.0.2")  
[3.556s] -- Found FastRTPS: /opt/ros/humble/include  
[3.672s] -- Using RMW implementation 'rmw_fastrtps_cpp' as default
[6.920s] -- Found Eigen3: TRUE (found version "3.4.0") 
[6.920s] -- Ensuring Eigen3 include directory is part of orocos-kdl CMake target
[11.207s] -- Found nav2_common: 1.1.2 (/home/arc/nav2_ws/install/nav2_common/share/nav2_common/cmake)
[11.213s] -- Found nav_2d_utils: 1.1.2 (/home/arc/nav2_ws/install/nav_2d_utils/share/nav_2d_utils/cmake)
[12.824s] -- Setting build type to Release as none was specified.
[46.865s] -- Found ament_lint_auto: 0.12.4 (/opt/ros/humble/share/ament_lint_auto/cmake)
[47.107s] -- Found gtest sources under '/opt/ros/humble/src/gtest_vendor': C++ tests using 'Google Test' will be built
[47.115s] -- Looking for pthread.h
[47.264s] -- Looking for pthread.h - found
[47.265s] -- Performing Test CMAKE_HAVE_LIBC_PTHREAD
[47.417s] -- Performing Test CMAKE_HAVE_LIBC_PTHREAD - Success
[47.420s] -- Found Threads: TRUE  
[55.882s] -- Found gtest sources under '/opt/ros/humble/src/gtest_vendor': C++ tests using 'Google Test' will be built
[64.117s] -- Added test 'cppcheck' to perform static code analysis on C / C++ code
[64.122s] -- Configured cppcheck include dirs: /home/arc/nav2_ws/src/navigation2/nav2_controller/include
[64.122s] -- Configured cppcheck exclude dirs and/or files: 
[64.126s] -- Added test 'cpplint' to check C / C++ code against the Google style
[64.126s] -- Configured cpplint exclude dirs and/or files: 
[64.129s] -- Added test 'lint_cmake' to check CMake code style
[64.133s] -- Added test 'uncrustify' to check C / C++ code style
[64.133s] -- Configured uncrustify additional arguments: 
[64.135s] -- Added test 'xmllint' to check XML markup files
[64.145s] -- Configuring done
[64.959s] -- Generating done
[64.966s] -- Build files have been written to: /home/arc/nav2_ws/build/nav2_controller
[65.006s] Invoked command in '/home/arc/nav2_ws/build/nav2_controller' returned '0': AMENT_PREFIX_PATH=/home/arc/nav2_ws/install/nav2_core:/home/arc/nav2_ws/install/nav2_costmap_2d:/home/arc/nav2_ws/install/nav_2d_utils:/home/arc/nav2_ws/install/nav2_util:/home/arc/nav2_ws/install/nav2_voxel_grid:/home/arc/nav2_ws/install/nav2_msgs:/home/arc/nav2_ws/install/nav_2d_msgs:/home/arc/nav2_ws/install/nav2_common:${AMENT_PREFIX_PATH} CMAKE_PREFIX_PATH=/home/arc/nav2_ws/install/nav2_core:/home/arc/nav2_ws/install/nav2_costmap_2d:/home/arc/nav2_ws/install/nav_2d_utils:/home/arc/nav2_ws/install/nav2_util:/home/arc/nav2_ws/install/nav2_voxel_grid:/home/arc/nav2_ws/install/nav2_msgs:/home/arc/nav2_ws/install/nav_2d_msgs:/home/arc/nav2_ws/install/nav2_common:/home/arc/workspace/install:/opt/ros/humble LD_LIBRARY_PATH=/home/arc/nav2_ws/install/nav2_costmap_2d/lib:/home/arc/nav2_ws/install/nav_2d_utils/lib:/home/arc/nav2_ws/install/nav2_util/lib:/home/arc/nav2_ws/install/nav2_voxel_grid/lib:/home/arc/nav2_ws/install/nav2_msgs/lib:/home/arc/nav2_ws/install/nav_2d_msgs/lib:${LD_LIBRARY_PATH} PYTHONPATH=/home/arc/nav2_ws/install/nav2_msgs/local/lib/python3.10/dist-packages:/home/arc/nav2_ws/install/nav_2d_msgs/local/lib/python3.10/dist-packages:/home/arc/nav2_ws/install/nav2_common/local/lib/python3.10/dist-packages:${PYTHONPATH} /usr/bin/cmake /home/arc/nav2_ws/src/navigation2/nav2_controller -DAMENT_CMAKE_SYMLINK_INSTALL=1 -DCMAKE_INSTALL_PREFIX=/home/arc/nav2_ws/install/nav2_controller
[65.007s] Invoking command in '/home/arc/nav2_ws/build/nav2_controller': AMENT_PREFIX_PATH=/home/arc/nav2_ws/install/nav2_core:/home/arc/nav2_ws/install/nav2_costmap_2d:/home/arc/nav2_ws/install/nav_2d_utils:/home/arc/nav2_ws/install/nav2_util:/home/arc/nav2_ws/install/nav2_voxel_grid:/home/arc/nav2_ws/install/nav2_msgs:/home/arc/nav2_ws/install/nav_2d_msgs:/home/arc/nav2_ws/install/nav2_common:${AMENT_PREFIX_PATH} CMAKE_PREFIX_PATH=/home/arc/nav2_ws/install/nav2_core:/home/arc/nav2_ws/install/nav2_costmap_2d:/home/arc/nav2_ws/install/nav_2d_utils:/home/arc/nav2_ws/install/nav2_util:/home/arc/nav2_ws/install/nav2_voxel_grid:/home/arc/nav2_ws/install/nav2_msgs:/home/arc/nav2_ws/install/nav_2d_msgs:/home/arc/nav2_ws/install/nav2_common:/home/arc/workspace/install:/opt/ros/humble LD_LIBRARY_PATH=/home/arc/nav2_ws/install/nav2_costmap_2d/lib:/home/arc/nav2_ws/install/nav_2d_utils/lib:/home/arc/nav2_ws/install/nav2_util/lib:/home/arc/nav2_ws/install/nav2_voxel_grid/lib:/home/arc/nav2_ws/install/nav2_msgs/lib:/home/arc/nav2_ws/install/nav_2d_msgs/lib:${LD_LIBRARY_PATH} PYTHONPATH=/home/arc/nav2_ws/install/nav2_msgs/local/lib/python3.10/dist-packages:/home/arc/nav2_ws/install/nav_2d_msgs/local/lib/python3.10/dist-packages:/home/arc/nav2_ws/install/nav2_common/local/lib/python3.10/dist-packages:${PYTHONPATH} /usr/bin/cmake --build /home/arc/nav2_ws/build/nav2_controller -- -j4 -l4
[65.116s] [  5%] [32mBuilding CXX object CMakeFiles/controller_server_core.dir/src/controller_server.cpp.o[0m
[129.806s] [ 10%] [32m[1mLinking CXX shared library libcontroller_server_core.so[0m
[130.918s] [ 10%] Built target controller_server_core
[130.960s] [ 15%] [32mBuilding CXX object gtest/CMakeFiles/gtest.dir/src/gtest-all.cc.o[0m
[148.853s] [ 20%] [32m[1mLinking CXX static library libgtest.a[0m
[148.939s] [ 20%] Built target gtest
[148.983s] [ 25%] [32mBuilding CXX object gtest/CMakeFiles/gtest_main.dir/src/gtest_main.cc.o[0m
[151.340s] [ 30%] [32m[1mLinking CXX static library libgtest_main.a[0m
[151.400s] [ 30%] Built target gtest_main
[151.445s] [ 35%] [32mBuilding CXX object CMakeFiles/controller_server.dir/src/main.cpp.o[0m
[168.832s] [ 40%] [32m[1mLinking CXX executable controller_server[0m
[169.773s] [ 40%] Built target controller_server
[169.818s] [ 45%] [32mBuilding CXX object test/CMakeFiles/test_dynamic_parameters.dir/test_dynamic_parameters.cpp.o[0m
[191.885s] [ 50%] [32m[1mLinking CXX executable test_dynamic_parameters[0m
[193.032s] [ 50%] Built target test_dynamic_parameters
[193.078s] [ 55%] [32mBuilding CXX object CMakeFiles/simple_goal_checker.dir/plugins/simple_goal_checker.cpp.o[0m
[205.636s] [ 60%] [32m[1mLinking CXX shared library libsimple_goal_checker.so[0m
[206.105s] [ 60%] Built target simple_goal_checker
[206.150s] [ 65%] [32mBuilding CXX object CMakeFiles/simple_progress_checker.dir/plugins/simple_progress_checker.cpp.o[0m
[214.955s] [ 70%] [32m[1mLinking CXX shared library libsimple_progress_checker.so[0m
[215.478s] [ 70%] Built target simple_progress_checker
[215.523s] [ 75%] [32mBuilding CXX object CMakeFiles/stopped_goal_checker.dir/plugins/stopped_goal_checker.cpp.o[0m
[227.782s] [ 80%] [32m[1mLinking CXX shared library libstopped_goal_checker.so[0m
[228.245s] [ 80%] Built target stopped_goal_checker
[228.285s] [ 85%] [32mBuilding CXX object plugins/test/CMakeFiles/pctest.dir/progress_checker.cpp.o[0m
[238.086s] [ 90%] [32m[1mLinking CXX executable pctest[0m
[238.655s] [ 90%] Built target pctest
[238.694s] [ 95%] [32mBuilding CXX object plugins/test/CMakeFiles/gctest.dir/goal_checker.cpp.o[0m
[254.152s] [100%] [32m[1mLinking CXX executable gctest[0m
[254.824s] [100%] Built target gctest
[254.859s] Invoked command in '/home/arc/nav2_ws/build/nav2_controller' returned '0': AMENT_PREFIX_PATH=/home/arc/nav2_ws/install/nav2_core:/home/arc/nav2_ws/install/nav2_costmap_2d:/home/arc/nav2_ws/install/nav_2d_utils:/home/arc/nav2_ws/install/nav2_util:/home/arc/nav2_ws/install/nav2_voxel_grid:/home/arc/nav2_ws/install/nav2_msgs:/home/arc/nav2_ws/install/nav_2d_msgs:/home/arc/nav2_ws/install/nav2_common:${AMENT_PREFIX_PATH} CMAKE_PREFIX_PATH=/home/arc/nav2_ws/install/nav2_core:/home/arc/nav2_ws/install/nav2_costmap_2d:/home/arc/nav2_ws/install/nav_2d_utils:/home/arc/nav2_ws/install/nav2_util:/home/arc/nav2_ws/install/nav2_voxel_grid:/home/arc/nav2_ws/install/nav2_msgs:/home/arc/nav2_ws/install/nav_2d_msgs:/home/arc/nav2_ws/install/nav2_common:/home/arc/workspace/install:/opt/ros/humble LD_LIBRARY_PATH=/home/arc/nav2_ws/install/nav2_costmap_2d/lib:/home/arc/nav2_ws/install/nav_2d_utils/lib:/home/arc/nav2_ws/install/nav2_util/lib:/home/arc/nav2_ws/install/nav2_voxel_grid/lib:/home/arc/nav2_ws/install/nav2_msgs/lib:/home/arc/nav2_ws/install/nav_2d_msgs/lib:${LD_LIBRARY_PATH} PYTHONPATH=/home/arc/nav2_ws/install/nav2_msgs/local/lib/python3.10/dist-packages:/home/arc/nav2_ws/install/nav_2d_msgs/local/lib/python3.10/dist-packages:/home/arc/nav2_ws/install/nav2_common/local/lib/python3.10/dist-packages:${PYTHONPATH} /usr/bin/cmake --build /home/arc/nav2_ws/build/nav2_controller -- -j4 -l4
[254.938s] Invoking command in '/home/arc/nav2_ws/build/nav2_controller': AMENT_PREFIX_PATH=/home/arc/nav2_ws/install/nav2_core:/home/arc/nav2_ws/install/nav2_costmap_2d:/home/arc/nav2_ws/install/nav_2d_utils:/home/arc/nav2_ws/install/nav2_util:/home/arc/nav2_ws/install/nav2_voxel_grid:/home/arc/nav2_ws/install/nav2_msgs:/home/arc/nav2_ws/install/nav_2d_msgs:/home/arc/nav2_ws/install/nav2_common:${AMENT_PREFIX_PATH} CMAKE_PREFIX_PATH=/home/arc/nav2_ws/install/nav2_core:/home/arc/nav2_ws/install/nav2_costmap_2d:/home/arc/nav2_ws/install/nav_2d_utils:/home/arc/nav2_ws/install/nav2_util:/home/arc/nav2_ws/install/nav2_voxel_grid:/home/arc/nav2_ws/install/nav2_msgs:/home/arc/nav2_ws/install/nav_2d_msgs:/home/arc/nav2_ws/install/nav2_common:/home/arc/workspace/install:/opt/ros/humble LD_LIBRARY_PATH=/home/arc/nav2_ws/install/nav2_costmap_2d/lib:/home/arc/nav2_ws/install/nav_2d_utils/lib:/home/arc/nav2_ws/install/nav2_util/lib:/home/arc/nav2_ws/install/nav2_voxel_grid/lib:/home/arc/nav2_ws/install/nav2_msgs/lib:/home/arc/nav2_ws/install/nav_2d_msgs/lib:${LD_LIBRARY_PATH} PYTHONPATH=/home/arc/nav2_ws/install/nav2_msgs/local/lib/python3.10/dist-packages:/home/arc/nav2_ws/install/nav_2d_msgs/local/lib/python3.10/dist-packages:/home/arc/nav2_ws/install/nav2_common/local/lib/python3.10/dist-packages:${PYTHONPATH} /usr/bin/cmake --install /home/arc/nav2_ws/build/nav2_controller
[254.954s] -- Install configuration: "Release"
[254.955s] -- Execute custom install script
[254.956s] -- Symlinking: /home/arc/nav2_ws/install/nav2_controller/lib/libsimple_progress_checker.so
[254.973s] -- Symlinking: /home/arc/nav2_ws/install/nav2_controller/lib/libsimple_goal_checker.so
[254.990s] -- Symlinking: /home/arc/nav2_ws/install/nav2_controller/lib/libstopped_goal_checker.so
[255.007s] -- Symlinking: /home/arc/nav2_ws/install/nav2_controller/lib/libcontroller_server_core.so
[255.025s] -- Symlinking: /home/arc/nav2_ws/install/nav2_controller/lib/nav2_controller/controller_server
[255.042s] -- Symlinking: /home/arc/nav2_ws/install/nav2_controller/include//nav2_controller/controller_server.hpp
[255.059s] -- Symlinking: /home/arc/nav2_ws/install/nav2_controller/include//nav2_controller/plugins/simple_goal_checker.hpp
[255.076s] -- Symlinking: /home/arc/nav2_ws/install/nav2_controller/include//nav2_controller/plugins/simple_progress_checker.hpp
[255.093s] -- Symlinking: /home/arc/nav2_ws/install/nav2_controller/include//nav2_controller/plugins/stopped_goal_checker.hpp
[255.110s] -- Symlinking: /home/arc/nav2_ws/install/nav2_controller/share/nav2_controller/environment/library_path.sh
[255.128s] -- Symlinking: /home/arc/nav2_ws/install/nav2_controller/share/nav2_controller/environment/library_path.dsv
[255.145s] -- Symlinking: /home/arc/nav2_ws/install/nav2_controller/share/nav2_controller//plugins.xml
[255.162s] -- Symlinking: /home/arc/nav2_ws/install/nav2_controller/share/ament_index/resource_index/package_run_dependencies/nav2_controller
[255.179s] -- Symlinking: /home/arc/nav2_ws/install/nav2_controller/share/ament_index/resource_index/parent_prefix_path/nav2_controller
[255.196s] -- Symlinking: /home/arc/nav2_ws/install/nav2_controller/share/nav2_controller/environment/ament_prefix_path.sh
[255.213s] -- Symlinking: /home/arc/nav2_ws/install/nav2_controller/share/nav2_controller/environment/ament_prefix_path.dsv
[255.230s] -- Symlinking: /home/arc/nav2_ws/install/nav2_controller/share/nav2_controller/environment/path.sh
[255.247s] -- Symlinking: /home/arc/nav2_ws/install/nav2_controller/share/nav2_controller/environment/path.dsv
[255.264s] -- Symlinking: /home/arc/nav2_ws/install/nav2_controller/share/nav2_controller/local_setup.bash
[255.281s] -- Symlinking: /home/arc/nav2_ws/install/nav2_controller/share/nav2_controller/local_setup.sh
[255.299s] -- Symlinking: /home/arc/nav2_ws/install/nav2_controller/share/nav2_controller/local_setup.zsh
[255.315s] -- Symlinking: /home/arc/nav2_ws/install/nav2_controller/share/nav2_controller/local_setup.dsv
[255.331s] -- Symlinking: /home/arc/nav2_ws/install/nav2_controller/share/nav2_controller/package.dsv
[255.348s] -- Symlinking: /home/arc/nav2_ws/install/nav2_controller/share/ament_index/resource_index/packages/nav2_controller
[255.366s] -- Symlinking: /home/arc/nav2_ws/install/nav2_controller/share/ament_index/resource_index/nav2_core__pluginlib__plugin/nav2_controller
[255.384s] -- Symlinking: /home/arc/nav2_ws/install/nav2_controller/share/ament_index/resource_index/rclcpp_components/nav2_controller
[255.401s] -- Symlinking: /home/arc/nav2_ws/install/nav2_controller/share/nav2_controller/cmake/ament_cmake_export_include_directories-extras.cmake
[255.418s] -- Symlinking: /home/arc/nav2_ws/install/nav2_controller/share/nav2_controller/cmake/ament_cmake_export_libraries-extras.cmake
[255.435s] -- Symlinking: /home/arc/nav2_ws/install/nav2_controller/share/nav2_controller/cmake/ament_cmake_export_dependencies-extras.cmake
[255.453s] -- Symlinking: /home/arc/nav2_ws/install/nav2_controller/share/nav2_controller/cmake/nav2_controllerConfig.cmake
[255.469s] -- Symlinking: /home/arc/nav2_ws/install/nav2_controller/share/nav2_controller/cmake/nav2_controllerConfig-version.cmake
[255.485s] -- Symlinking: /home/arc/nav2_ws/install/nav2_controller/share/nav2_controller/package.xml
[255.510s] Invoked command in '/home/arc/nav2_ws/build/nav2_controller' returned '0': AMENT_PREFIX_PATH=/home/arc/nav2_ws/install/nav2_core:/home/arc/nav2_ws/install/nav2_costmap_2d:/home/arc/nav2_ws/install/nav_2d_utils:/home/arc/nav2_ws/install/nav2_util:/home/arc/nav2_ws/install/nav2_voxel_grid:/home/arc/nav2_ws/install/nav2_msgs:/home/arc/nav2_ws/install/nav_2d_msgs:/home/arc/nav2_ws/install/nav2_common:${AMENT_PREFIX_PATH} CMAKE_PREFIX_PATH=/home/arc/nav2_ws/install/nav2_core:/home/arc/nav2_ws/install/nav2_costmap_2d:/home/arc/nav2_ws/install/nav_2d_utils:/home/arc/nav2_ws/install/nav2_util:/home/arc/nav2_ws/install/nav2_voxel_grid:/home/arc/nav2_ws/install/nav2_msgs:/home/arc/nav2_ws/install/nav_2d_msgs:/home/arc/nav2_ws/install/nav2_common:/home/arc/workspace/install:/opt/ros/humble LD_LIBRARY_PATH=/home/arc/nav2_ws/install/nav2_costmap_2d/lib:/home/arc/nav2_ws/install/nav_2d_utils/lib:/home/arc/nav2_ws/install/nav2_util/lib:/home/arc/nav2_ws/install/nav2_voxel_grid/lib:/home/arc/nav2_ws/install/nav2_msgs/lib:/home/arc/nav2_ws/install/nav_2d_msgs/lib:${LD_LIBRARY_PATH} PYTHONPATH=/home/arc/nav2_ws/install/nav2_msgs/local/lib/python3.10/dist-packages:/home/arc/nav2_ws/install/nav_2d_msgs/local/lib/python3.10/dist-packages:/home/arc/nav2_ws/install/nav2_common/local/lib/python3.10/dist-packages:${PYTHONPATH} /usr/bin/cmake --install /home/arc/nav2_ws/build/nav2_controller
