[0.011s] Invoking command in '/home/arc/Documents/GitHub/IGVC-Robot/GazeboR1/FullAttempt/PreliminaryDesignR1/build/PreliminaryDesignR1': /usr/bin/cmake /home/arc/Documents/GitHub/IGVC-Robot/GazeboR1/FullAttempt/PreliminaryDesignR1 -DCATKIN_INSTALL_INTO_PREFIX_ROOT=0 -DCMAKE_INSTALL_PREFIX=/home/arc/Documents/GitHub/IGVC-Robot/GazeboR1/FullAttempt/PreliminaryDesignR1/install/PreliminaryDesignR1
[0.044s] [0mCMake Deprecation Warning at CMakeLists.txt:1 (cmake_minimum_required):
[0.044s]   Compatibility with CMake < 2.8.12 will be removed from a future version of
[0.044s]   CMake.
[0.044s] 
[0.044s]   Update the VERSION argument <min> value or use a ...<max> suffix to tell
[0.044s]   CMake that the project does not need compatibility with older versions.
[0.044s] 
[0.045s] [0m
[0.989s] -- The C compiler identification is GNU 11.2.0
[1.085s] -- The CXX compiler identification is GNU 11.2.0
[1.095s] -- Detecting C compiler ABI info
[1.244s] -- Detecting C compiler ABI info - done
[1.254s] -- Check for working C compiler: /usr/bin/cc - skipped
[1.255s] -- Detecting C compile features
[1.255s] -- Detecting C compile features - done
[1.259s] -- Detecting CXX compiler ABI info
[1.344s] -- Detecting CXX compiler ABI info - done
[1.355s] -- Check for working CXX compiler: /usr/bin/c++ - skipped
[1.356s] -- Detecting CXX compile features
[1.356s] -- Detecting CXX compile features - done
[1.367s] [31mCMake Error at CMakeLists.txt:5 (find_package):
[1.367s]   By not providing "Findcatkin.cmake" in CMAKE_MODULE_PATH this project has
[1.367s]   asked CMake to find a package configuration file provided by "catkin", but
[1.367s]   CMake did not find one.
[1.367s] 
[1.367s]   Could not find a package configuration file provided by "catkin" with any
[1.368s]   of the following names:
[1.368s] 
[1.368s]     catkinConfig.cmake
[1.368s]     catkin-config.cmake
[1.368s] 
[1.368s]   Add the installation prefix of "catkin" to CMAKE_PREFIX_PATH or set
[1.368s]   "catkin_DIR" to a directory containing one of the above files.  If "catkin"
[1.369s]   provides a separate development package or SDK, be sure it has been
[1.369s]   installed.
[1.369s] 
[1.369s] [0m
[1.369s] -- Configuring incomplete, errors occurred!
[1.369s] See also "/home/arc/Documents/GitHub/IGVC-Robot/GazeboR1/FullAttempt/PreliminaryDesignR1/build/PreliminaryDesignR1/CMakeFiles/CMakeOutput.log".
[1.371s] Invoked command in '/home/arc/Documents/GitHub/IGVC-Robot/GazeboR1/FullAttempt/PreliminaryDesignR1/build/PreliminaryDesignR1' returned '1': /usr/bin/cmake /home/arc/Documents/GitHub/IGVC-Robot/GazeboR1/FullAttempt/PreliminaryDesignR1 -DCATKIN_INSTALL_INTO_PREFIX_ROOT=0 -DCMAKE_INSTALL_PREFIX=/home/arc/Documents/GitHub/IGVC-Robot/GazeboR1/FullAttempt/PreliminaryDesignR1/install/PreliminaryDesignR1
