-- The C compiler identification is GNU 11.2.0
-- The CXX compiler identification is GNU 11.2.0
-- Detecting C compiler ABI info
-- Detecting C compiler ABI info - done
-- Check for working C compiler: /usr/bin/cc - skipped
-- Detecting C compile features
-- Detecting C compile features - done
-- Detecting CXX compiler ABI info
-- Detecting CXX compiler ABI info - done
-- Check for working CXX compiler: /usr/bin/c++ - skipped
-- Detecting CXX compile features
-- Detecting CXX compile features - done
-- Found ament_cmake: 1.3.2 (/opt/ros/humble/share/ament_cmake/cmake)
-- Found Python3: /usr/bin/python3.10 (found version "3.10.6") found components: Interpreter 
-- Found ament_lint_auto: 0.12.4 (/opt/ros/humble/share/ament_lint_auto/cmake)
-- Added test 'lint_cmake' to check CMake code style
-- Added test 'xmllint' to check XML markup files
-- Configuring done
-- Generating done
-- Build files have been written to: /home/arc/Documents/GitHub/IGVC-Robot/GazeboR1/WorkingRobot/build/basic_mobile_robot
-- Install configuration: ""
-- Installing: /home/arc/Documents/GitHub/IGVC-Robot/GazeboR1/WorkingRobot/install/basic_mobile_robot/share/ament_index/resource_index/package_run_dependencies/basic_mobile_robot
-- Installing: /home/arc/Documents/GitHub/IGVC-Robot/GazeboR1/WorkingRobot/install/basic_mobile_robot/share/ament_index/resource_index/parent_prefix_path/basic_mobile_robot
-- Installing: /home/arc/Documents/GitHub/IGVC-Robot/GazeboR1/WorkingRobot/install/basic_mobile_robot/share/basic_mobile_robot/environment/ament_prefix_path.sh
-- Installing: /home/arc/Documents/GitHub/IGVC-Robot/GazeboR1/WorkingRobot/install/basic_mobile_robot/share/basic_mobile_robot/environment/ament_prefix_path.dsv
-- Installing: /home/arc/Documents/GitHub/IGVC-Robot/GazeboR1/WorkingRobot/install/basic_mobile_robot/share/basic_mobile_robot/environment/path.sh
-- Installing: /home/arc/Documents/GitHub/IGVC-Robot/GazeboR1/WorkingRobot/install/basic_mobile_robot/share/basic_mobile_robot/environment/path.dsv
-- Installing: /home/arc/Documents/GitHub/IGVC-Robot/GazeboR1/WorkingRobot/install/basic_mobile_robot/share/basic_mobile_robot/local_setup.bash
-- Installing: /home/arc/Documents/GitHub/IGVC-Robot/GazeboR1/WorkingRobot/install/basic_mobile_robot/share/basic_mobile_robot/local_setup.sh
-- Installing: /home/arc/Documents/GitHub/IGVC-Robot/GazeboR1/WorkingRobot/install/basic_mobile_robot/share/basic_mobile_robot/local_setup.zsh
-- Installing: /home/arc/Documents/GitHub/IGVC-Robot/GazeboR1/WorkingRobot/install/basic_mobile_robot/share/basic_mobile_robot/local_setup.dsv
-- Installing: /home/arc/Documents/GitHub/IGVC-Robot/GazeboR1/WorkingRobot/install/basic_mobile_robot/share/basic_mobile_robot/package.dsv
-- Installing: /home/arc/Documents/GitHub/IGVC-Robot/GazeboR1/WorkingRobot/install/basic_mobile_robot/share/ament_index/resource_index/packages/basic_mobile_robot
-- Installing: /home/arc/Documents/GitHub/IGVC-Robot/GazeboR1/WorkingRobot/install/basic_mobile_robot/share/basic_mobile_robot/cmake/basic_mobile_robotConfig.cmake
-- Installing: /home/arc/Documents/GitHub/IGVC-Robot/GazeboR1/WorkingRobot/install/basic_mobile_robot/share/basic_mobile_robot/cmake/basic_mobile_robotConfig-version.cmake
-- Installing: /home/arc/Documents/GitHub/IGVC-Robot/GazeboR1/WorkingRobot/install/basic_mobile_robot/share/basic_mobile_robot/package.xml
