[0.015s] Invoking command in '/home/arc/Documents/GitHub/IGVC-Robot/GazeboR1/WorkingRobot/build/basic_mobile_robot': CMAKE_PREFIX_PATH=${CMAKE_PREFIX_PATH}:/opt/ros/humble /usr/bin/cmake /home/arc/Documents/GitHub/IGVC-Robot/GazeboR1/WorkingRobot/src/basic_mobile_robot -DCMAKE_INSTALL_PREFIX=/home/arc/Documents/GitHub/IGVC-Robot/GazeboR1/WorkingRobot/install/basic_mobile_robot
[0.082s] -- The C compiler identification is GNU 11.2.0
[0.150s] -- The CXX compiler identification is GNU 11.2.0
[0.158s] -- Detecting C compiler ABI info
[0.235s] -- Detecting C compiler ABI info - done
[0.246s] -- Check for working C compiler: /usr/bin/cc - skipped
[0.246s] -- Detecting C compile features
[0.247s] -- Detecting C compile features - done
[0.251s] -- Detecting CXX compiler ABI info
[0.340s] -- Detecting CXX compiler ABI info - done
[0.351s] -- Check for working CXX compiler: /usr/bin/c++ - skipped
[0.351s] -- Detecting CXX compile features
[0.351s] -- Detecting CXX compile features - done
[0.354s] -- Found ament_cmake: 1.3.2 (/opt/ros/humble/share/ament_cmake/cmake)
[1.283s] -- Found Python3: /usr/bin/python3.10 (found version "3.10.6") found components: Interpreter 
[1.394s] -- Found ament_lint_auto: 0.12.4 (/opt/ros/humble/share/ament_lint_auto/cmake)
[1.491s] -- Added test 'lint_cmake' to check CMake code style
[1.493s] -- Added test 'xmllint' to check XML markup files
[1.495s] -- Configuring done
[1.498s] -- Generating done
[1.499s] -- Build files have been written to: /home/arc/Documents/GitHub/IGVC-Robot/GazeboR1/WorkingRobot/build/basic_mobile_robot
[1.504s] Invoked command in '/home/arc/Documents/GitHub/IGVC-Robot/GazeboR1/WorkingRobot/build/basic_mobile_robot' returned '0': CMAKE_PREFIX_PATH=${CMAKE_PREFIX_PATH}:/opt/ros/humble /usr/bin/cmake /home/arc/Documents/GitHub/IGVC-Robot/GazeboR1/WorkingRobot/src/basic_mobile_robot -DCMAKE_INSTALL_PREFIX=/home/arc/Documents/GitHub/IGVC-Robot/GazeboR1/WorkingRobot/install/basic_mobile_robot
[1.508s] Invoking command in '/home/arc/Documents/GitHub/IGVC-Robot/GazeboR1/WorkingRobot/build/basic_mobile_robot': CMAKE_PREFIX_PATH=${CMAKE_PREFIX_PATH}:/opt/ros/humble /usr/bin/cmake --build /home/arc/Documents/GitHub/IGVC-Robot/GazeboR1/WorkingRobot/build/basic_mobile_robot -- -j4 -l4
[1.551s] Invoked command in '/home/arc/Documents/GitHub/IGVC-Robot/GazeboR1/WorkingRobot/build/basic_mobile_robot' returned '0': CMAKE_PREFIX_PATH=${CMAKE_PREFIX_PATH}:/opt/ros/humble /usr/bin/cmake --build /home/arc/Documents/GitHub/IGVC-Robot/GazeboR1/WorkingRobot/build/basic_mobile_robot -- -j4 -l4
[1.584s] Invoking command in '/home/arc/Documents/GitHub/IGVC-Robot/GazeboR1/WorkingRobot/build/basic_mobile_robot': CMAKE_PREFIX_PATH=${CMAKE_PREFIX_PATH}:/opt/ros/humble /usr/bin/cmake --install /home/arc/Documents/GitHub/IGVC-Robot/GazeboR1/WorkingRobot/build/basic_mobile_robot
[1.591s] -- Install configuration: ""
[1.592s] -- Installing: /home/arc/Documents/GitHub/IGVC-Robot/GazeboR1/WorkingRobot/install/basic_mobile_robot/share/ament_index/resource_index/package_run_dependencies/basic_mobile_robot
[1.592s] -- Installing: /home/arc/Documents/GitHub/IGVC-Robot/GazeboR1/WorkingRobot/install/basic_mobile_robot/share/ament_index/resource_index/parent_prefix_path/basic_mobile_robot
[1.592s] -- Installing: /home/arc/Documents/GitHub/IGVC-Robot/GazeboR1/WorkingRobot/install/basic_mobile_robot/share/basic_mobile_robot/environment/ament_prefix_path.sh
[1.592s] -- Installing: /home/arc/Documents/GitHub/IGVC-Robot/GazeboR1/WorkingRobot/install/basic_mobile_robot/share/basic_mobile_robot/environment/ament_prefix_path.dsv
[1.593s] -- Installing: /home/arc/Documents/GitHub/IGVC-Robot/GazeboR1/WorkingRobot/install/basic_mobile_robot/share/basic_mobile_robot/environment/path.sh
[1.593s] -- Installing: /home/arc/Documents/GitHub/IGVC-Robot/GazeboR1/WorkingRobot/install/basic_mobile_robot/share/basic_mobile_robot/environment/path.dsv
[1.593s] -- Installing: /home/arc/Documents/GitHub/IGVC-Robot/GazeboR1/WorkingRobot/install/basic_mobile_robot/share/basic_mobile_robot/local_setup.bash
[1.593s] -- Installing: /home/arc/Documents/GitHub/IGVC-Robot/GazeboR1/WorkingRobot/install/basic_mobile_robot/share/basic_mobile_robot/local_setup.sh
[1.593s] -- Installing: /home/arc/Documents/GitHub/IGVC-Robot/GazeboR1/WorkingRobot/install/basic_mobile_robot/share/basic_mobile_robot/local_setup.zsh
[1.593s] -- Installing: /home/arc/Documents/GitHub/IGVC-Robot/GazeboR1/WorkingRobot/install/basic_mobile_robot/share/basic_mobile_robot/local_setup.dsv
[1.594s] -- Installing: /home/arc/Documents/GitHub/IGVC-Robot/GazeboR1/WorkingRobot/install/basic_mobile_robot/share/basic_mobile_robot/package.dsv
[1.594s] -- Installing: /home/arc/Documents/GitHub/IGVC-Robot/GazeboR1/WorkingRobot/install/basic_mobile_robot/share/ament_index/resource_index/packages/basic_mobile_robot
[1.594s] -- Installing: /home/arc/Documents/GitHub/IGVC-Robot/GazeboR1/WorkingRobot/install/basic_mobile_robot/share/basic_mobile_robot/cmake/basic_mobile_robotConfig.cmake
[1.594s] -- Installing: /home/arc/Documents/GitHub/IGVC-Robot/GazeboR1/WorkingRobot/install/basic_mobile_robot/share/basic_mobile_robot/cmake/basic_mobile_robotConfig-version.cmake
[1.594s] -- Installing: /home/arc/Documents/GitHub/IGVC-Robot/GazeboR1/WorkingRobot/install/basic_mobile_robot/share/basic_mobile_robot/package.xml
[1.597s] Invoked command in '/home/arc/Documents/GitHub/IGVC-Robot/GazeboR1/WorkingRobot/build/basic_mobile_robot' returned '0': CMAKE_PREFIX_PATH=${CMAKE_PREFIX_PATH}:/opt/ros/humble /usr/bin/cmake --install /home/arc/Documents/GitHub/IGVC-Robot/GazeboR1/WorkingRobot/build/basic_mobile_robot
