[0.467s] DEBUG:colcon:Command line arguments: ['/usr/bin/colcon', 'build']
[0.468s] DEBUG:colcon:Parsed command line arguments: Namespace(log_base=None, log_level=None, verb_name='build', build_base='build', install_base='install', merge_install=False, symlink_install=False, test_result_base=None, continue_on_error=False, executor='parallel', parallel_workers=4, event_handlers=None, ignore_user_meta=False, metas=['./colcon.meta'], base_paths=['.'], packages_ignore=None, packages_ignore_regex=None, paths=None, packages_up_to=None, packages_up_to_regex=None, packages_above=None, packages_above_and_dependencies=None, packages_above_depth=None, packages_select_by_dep=None, packages_skip_by_dep=None, packages_skip_up_to=None, packages_select_build_failed=False, packages_skip_build_finished=False, packages_select_test_failures=False, packages_skip_test_passed=False, packages_select=None, packages_skip=None, packages_select_regex=None, packages_skip_regex=None, packages_start=None, packages_end=None, allow_overriding=[], cmake_args=None, cmake_target=None, cmake_target_skip_unavailable=False, cmake_clean_cache=False, cmake_clean_first=False, cmake_force_configure=False, ament_cmake_args=None, catkin_cmake_args=None, catkin_skip_building_tests=False, verb_parser=<colcon_defaults.argument_parser.defaults.DefaultArgumentsDecorator object at 0x7feba9de7fd0>, verb_extension=<colcon_core.verb.build.BuildVerb object at 0x7febaa69c3a0>, main=<bound method BuildVerb.main of <colcon_core.verb.build.BuildVerb object at 0x7febaa69c3a0>>)
[0.541s] Level 1:colcon.colcon_core.package_discovery:discover_packages(colcon_meta) check parameters
[0.541s] Level 1:colcon.colcon_core.package_discovery:discover_packages(recursive) check parameters
[0.541s] Level 1:colcon.colcon_core.package_discovery:discover_packages(ignore) check parameters
[0.541s] Level 1:colcon.colcon_core.package_discovery:discover_packages(path) check parameters
[0.541s] Level 1:colcon.colcon_core.package_discovery:discover_packages(colcon_meta) discover
[0.541s] Level 1:colcon.colcon_core.package_discovery:discover_packages(recursive) discover
[0.541s] INFO:colcon.colcon_core.package_discovery:Crawling recursively for packages in '/home/arc/Documents/GitHub/IGVC-Robot/GazeboR1/WorkingRobot'
[0.542s] Level 1:colcon.colcon_core.package_identification:_identify(.) by extensions ['ignore', 'ignore_ament_install']
[0.542s] Level 1:colcon.colcon_core.package_identification:_identify(.) by extension 'ignore'
[0.542s] Level 1:colcon.colcon_core.package_identification:_identify(.) by extension 'ignore_ament_install'
[0.542s] Level 1:colcon.colcon_core.package_identification:_identify(.) by extensions ['colcon_pkg']
[0.542s] Level 1:colcon.colcon_core.package_identification:_identify(.) by extension 'colcon_pkg'
[0.542s] Level 1:colcon.colcon_core.package_identification:_identify(.) by extensions ['colcon_meta']
[0.542s] Level 1:colcon.colcon_core.package_identification:_identify(.) by extension 'colcon_meta'
[0.542s] Level 1:colcon.colcon_core.package_identification:_identify(.) by extensions ['ros']
[0.542s] Level 1:colcon.colcon_core.package_identification:_identify(.) by extension 'ros'
[0.561s] Level 1:colcon.colcon_core.package_identification:_identify(.) by extensions ['cmake', 'python']
[0.561s] Level 1:colcon.colcon_core.package_identification:_identify(.) by extension 'cmake'
[0.561s] Level 1:colcon.colcon_core.package_identification:_identify(.) by extension 'python'
[0.561s] Level 1:colcon.colcon_core.package_identification:_identify(.) by extensions ['python_setup_py']
[0.561s] Level 1:colcon.colcon_core.package_identification:_identify(.) by extension 'python_setup_py'
[0.561s] Level 1:colcon.colcon_core.package_identification:_identify(build) by extensions ['ignore', 'ignore_ament_install']
[0.561s] Level 1:colcon.colcon_core.package_identification:_identify(build) by extension 'ignore'
[0.561s] Level 1:colcon.colcon_core.package_identification:_identify(build) ignored
[0.562s] Level 1:colcon.colcon_core.package_identification:_identify(install) by extensions ['ignore', 'ignore_ament_install']
[0.562s] Level 1:colcon.colcon_core.package_identification:_identify(install) by extension 'ignore'
[0.562s] Level 1:colcon.colcon_core.package_identification:_identify(install) ignored
[0.562s] Level 1:colcon.colcon_core.package_identification:_identify(log) by extensions ['ignore', 'ignore_ament_install']
[0.562s] Level 1:colcon.colcon_core.package_identification:_identify(log) by extension 'ignore'
[0.562s] Level 1:colcon.colcon_core.package_identification:_identify(log) ignored
[0.562s] Level 1:colcon.colcon_core.package_identification:_identify(src) by extensions ['ignore', 'ignore_ament_install']
[0.562s] Level 1:colcon.colcon_core.package_identification:_identify(src) by extension 'ignore'
[0.562s] Level 1:colcon.colcon_core.package_identification:_identify(src) by extension 'ignore_ament_install'
[0.562s] Level 1:colcon.colcon_core.package_identification:_identify(src) by extensions ['colcon_pkg']
[0.562s] Level 1:colcon.colcon_core.package_identification:_identify(src) by extension 'colcon_pkg'
[0.563s] Level 1:colcon.colcon_core.package_identification:_identify(src) by extensions ['colcon_meta']
[0.563s] Level 1:colcon.colcon_core.package_identification:_identify(src) by extension 'colcon_meta'
[0.563s] Level 1:colcon.colcon_core.package_identification:_identify(src) by extensions ['ros']
[0.563s] Level 1:colcon.colcon_core.package_identification:_identify(src) by extension 'ros'
[0.563s] Level 1:colcon.colcon_core.package_identification:_identify(src) by extensions ['cmake', 'python']
[0.563s] Level 1:colcon.colcon_core.package_identification:_identify(src) by extension 'cmake'
[0.563s] Level 1:colcon.colcon_core.package_identification:_identify(src) by extension 'python'
[0.563s] Level 1:colcon.colcon_core.package_identification:_identify(src) by extensions ['python_setup_py']
[0.563s] Level 1:colcon.colcon_core.package_identification:_identify(src) by extension 'python_setup_py'
[0.563s] Level 1:colcon.colcon_core.package_identification:_identify(src/robot) by extensions ['ignore', 'ignore_ament_install']
[0.563s] Level 1:colcon.colcon_core.package_identification:_identify(src/robot) by extension 'ignore'
[0.563s] Level 1:colcon.colcon_core.package_identification:_identify(src/robot) by extension 'ignore_ament_install'
[0.563s] Level 1:colcon.colcon_core.package_identification:_identify(src/robot) by extensions ['colcon_pkg']
[0.563s] Level 1:colcon.colcon_core.package_identification:_identify(src/robot) by extension 'colcon_pkg'
[0.563s] Level 1:colcon.colcon_core.package_identification:_identify(src/robot) by extensions ['colcon_meta']
[0.563s] Level 1:colcon.colcon_core.package_identification:_identify(src/robot) by extension 'colcon_meta'
[0.563s] Level 1:colcon.colcon_core.package_identification:_identify(src/robot) by extensions ['ros']
[0.563s] Level 1:colcon.colcon_core.package_identification:_identify(src/robot) by extension 'ros'
[0.567s] DEBUG:colcon.colcon_core.package_identification:Package 'src/robot' with type 'ros.ament_cmake' and name 'robot'
[0.567s] Level 1:colcon.colcon_core.package_discovery:discover_packages(recursive) using defaults
[0.567s] Level 1:colcon.colcon_core.package_discovery:discover_packages(ignore) discover
[0.567s] Level 1:colcon.colcon_core.package_discovery:discover_packages(ignore) using defaults
[0.567s] Level 1:colcon.colcon_core.package_discovery:discover_packages(path) discover
[0.567s] Level 1:colcon.colcon_core.package_discovery:discover_packages(path) using defaults
[0.597s] Level 1:colcon.colcon_core.package_discovery:discover_packages(prefix_path) check parameters
[0.597s] Level 1:colcon.colcon_core.package_discovery:discover_packages(prefix_path) discover
[0.599s] DEBUG:colcon.colcon_installed_package_information.package_discovery:Found 4 installed packages in /home/arc/workspace/install
[0.602s] DEBUG:colcon.colcon_installed_package_information.package_discovery:Found 324 installed packages in /opt/ros/humble
[0.604s] Level 1:colcon.colcon_core.package_discovery:discover_packages(prefix_path) using defaults
[0.694s] Level 5:colcon.colcon_core.verb:set package 'robot' build argument 'cmake_args' from command line to 'None'
[0.695s] Level 5:colcon.colcon_core.verb:set package 'robot' build argument 'cmake_target' from command line to 'None'
[0.695s] Level 5:colcon.colcon_core.verb:set package 'robot' build argument 'cmake_target_skip_unavailable' from command line to 'False'
[0.695s] Level 5:colcon.colcon_core.verb:set package 'robot' build argument 'cmake_clean_cache' from command line to 'False'
[0.695s] Level 5:colcon.colcon_core.verb:set package 'robot' build argument 'cmake_clean_first' from command line to 'False'
[0.695s] Level 5:colcon.colcon_core.verb:set package 'robot' build argument 'cmake_force_configure' from command line to 'False'
[0.695s] Level 5:colcon.colcon_core.verb:set package 'robot' build argument 'ament_cmake_args' from command line to 'None'
[0.695s] Level 5:colcon.colcon_core.verb:set package 'robot' build argument 'catkin_cmake_args' from command line to 'None'
[0.695s] Level 5:colcon.colcon_core.verb:set package 'robot' build argument 'catkin_skip_building_tests' from command line to 'False'
[0.695s] DEBUG:colcon.colcon_core.verb:Building package 'robot' with the following arguments: {'ament_cmake_args': None, 'build_base': '/home/arc/Documents/GitHub/IGVC-Robot/GazeboR1/WorkingRobot/build/robot', 'catkin_cmake_args': None, 'catkin_skip_building_tests': False, 'cmake_args': None, 'cmake_clean_cache': False, 'cmake_clean_first': False, 'cmake_force_configure': False, 'cmake_target': None, 'cmake_target_skip_unavailable': False, 'install_base': '/home/arc/Documents/GitHub/IGVC-Robot/GazeboR1/WorkingRobot/install/robot', 'merge_install': False, 'path': '/home/arc/Documents/GitHub/IGVC-Robot/GazeboR1/WorkingRobot/src/robot', 'symlink_install': False, 'test_result_base': None}
[0.696s] INFO:colcon.colcon_core.executor:Executing jobs using 'parallel' executor
[0.700s] DEBUG:colcon.colcon_parallel_executor.executor.parallel:run_until_complete
[0.701s] INFO:colcon.colcon_ros.task.ament_cmake.build:Building ROS package in '/home/arc/Documents/GitHub/IGVC-Robot/GazeboR1/WorkingRobot/src/robot' with build type 'ament_cmake'
[0.701s] INFO:colcon.colcon_cmake.task.cmake.build:Building CMake package in '/home/arc/Documents/GitHub/IGVC-Robot/GazeboR1/WorkingRobot/src/robot'
[0.707s] INFO:colcon.colcon_core.plugin_system:Skipping extension 'colcon_core.shell.bat': Not used on non-Windows systems
[0.707s] INFO:colcon.colcon_core.shell:Skip shell extension 'powershell' for command environment: Not usable outside of PowerShell
[0.707s] DEBUG:colcon.colcon_core.shell:Skip shell extension 'dsv' for command environment
[0.717s] DEBUG:colcon.colcon_core.event_handler.log_command:Invoking command in '/home/arc/Documents/GitHub/IGVC-Robot/GazeboR1/WorkingRobot/build/robot': CMAKE_PREFIX_PATH=${CMAKE_PREFIX_PATH}:/opt/ros/humble /usr/bin/cmake /home/arc/Documents/GitHub/IGVC-Robot/GazeboR1/WorkingRobot/src/robot -DCMAKE_INSTALL_PREFIX=/home/arc/Documents/GitHub/IGVC-Robot/GazeboR1/WorkingRobot/install/robot
[2.199s] DEBUG:colcon.colcon_core.event_handler.log_command:Invoked command in '/home/arc/Documents/GitHub/IGVC-Robot/GazeboR1/WorkingRobot/build/robot' returned '0': CMAKE_PREFIX_PATH=${CMAKE_PREFIX_PATH}:/opt/ros/humble /usr/bin/cmake /home/arc/Documents/GitHub/IGVC-Robot/GazeboR1/WorkingRobot/src/robot -DCMAKE_INSTALL_PREFIX=/home/arc/Documents/GitHub/IGVC-Robot/GazeboR1/WorkingRobot/install/robot
[2.202s] DEBUG:colcon.colcon_core.event_handler.log_command:Invoking command in '/home/arc/Documents/GitHub/IGVC-Robot/GazeboR1/WorkingRobot/build/robot': CMAKE_PREFIX_PATH=${CMAKE_PREFIX_PATH}:/opt/ros/humble /usr/bin/cmake --build /home/arc/Documents/GitHub/IGVC-Robot/GazeboR1/WorkingRobot/build/robot -- -j4 -l4
[2.249s] DEBUG:colcon.colcon_core.event_handler.log_command:Invoked command in '/home/arc/Documents/GitHub/IGVC-Robot/GazeboR1/WorkingRobot/build/robot' returned '0': CMAKE_PREFIX_PATH=${CMAKE_PREFIX_PATH}:/opt/ros/humble /usr/bin/cmake --build /home/arc/Documents/GitHub/IGVC-Robot/GazeboR1/WorkingRobot/build/robot -- -j4 -l4
[2.286s] DEBUG:colcon.colcon_core.event_handler.log_command:Invoking command in '/home/arc/Documents/GitHub/IGVC-Robot/GazeboR1/WorkingRobot/build/robot': CMAKE_PREFIX_PATH=${CMAKE_PREFIX_PATH}:/opt/ros/humble /usr/bin/cmake --install /home/arc/Documents/GitHub/IGVC-Robot/GazeboR1/WorkingRobot/build/robot
[2.300s] Level 1:colcon.colcon_core.environment:create_environment_scripts_only(robot)
[2.301s] DEBUG:colcon.colcon_core.event_handler.log_command:Invoked command in '/home/arc/Documents/GitHub/IGVC-Robot/GazeboR1/WorkingRobot/build/robot' returned '0': CMAKE_PREFIX_PATH=${CMAKE_PREFIX_PATH}:/opt/ros/humble /usr/bin/cmake --install /home/arc/Documents/GitHub/IGVC-Robot/GazeboR1/WorkingRobot/build/robot
[2.308s] Level 1:colcon.colcon_core.environment:checking '/home/arc/Documents/GitHub/IGVC-Robot/GazeboR1/WorkingRobot/install/robot' for CMake module files
[2.309s] Level 1:colcon.colcon_core.environment:checking '/home/arc/Documents/GitHub/IGVC-Robot/GazeboR1/WorkingRobot/install/robot' for CMake config files
[2.309s] Level 1:colcon.colcon_core.shell:create_environment_hook('robot', 'cmake_prefix_path')
[2.311s] INFO:colcon.colcon_core.shell:Creating environment hook '/home/arc/Documents/GitHub/IGVC-Robot/GazeboR1/WorkingRobot/install/robot/share/robot/hook/cmake_prefix_path.ps1'
[2.312s] INFO:colcon.colcon_core.shell:Creating environment descriptor '/home/arc/Documents/GitHub/IGVC-Robot/GazeboR1/WorkingRobot/install/robot/share/robot/hook/cmake_prefix_path.dsv'
[2.312s] INFO:colcon.colcon_core.shell:Creating environment hook '/home/arc/Documents/GitHub/IGVC-Robot/GazeboR1/WorkingRobot/install/robot/share/robot/hook/cmake_prefix_path.sh'
[2.313s] Level 1:colcon.colcon_core.environment:checking '/home/arc/Documents/GitHub/IGVC-Robot/GazeboR1/WorkingRobot/install/robot/bin'
[2.314s] Level 1:colcon.colcon_core.environment:checking '/home/arc/Documents/GitHub/IGVC-Robot/GazeboR1/WorkingRobot/install/robot/lib/pkgconfig/robot.pc'
[2.314s] Level 1:colcon.colcon_core.environment:checking '/home/arc/Documents/GitHub/IGVC-Robot/GazeboR1/WorkingRobot/install/robot/lib/python3.10/site-packages'
[2.315s] Level 1:colcon.colcon_core.environment:checking '/home/arc/Documents/GitHub/IGVC-Robot/GazeboR1/WorkingRobot/install/robot/bin'
[2.316s] INFO:colcon.colcon_core.shell:Creating package script '/home/arc/Documents/GitHub/IGVC-Robot/GazeboR1/WorkingRobot/install/robot/share/robot/package.ps1'
[2.318s] INFO:colcon.colcon_core.shell:Creating package descriptor '/home/arc/Documents/GitHub/IGVC-Robot/GazeboR1/WorkingRobot/install/robot/share/robot/package.dsv'
[2.319s] INFO:colcon.colcon_core.shell:Creating package script '/home/arc/Documents/GitHub/IGVC-Robot/GazeboR1/WorkingRobot/install/robot/share/robot/package.sh'
[2.320s] INFO:colcon.colcon_core.shell:Creating package script '/home/arc/Documents/GitHub/IGVC-Robot/GazeboR1/WorkingRobot/install/robot/share/robot/package.bash'
[2.321s] INFO:colcon.colcon_core.shell:Creating package script '/home/arc/Documents/GitHub/IGVC-Robot/GazeboR1/WorkingRobot/install/robot/share/robot/package.zsh'
[2.322s] Level 1:colcon.colcon_core.environment:create_file_with_runtime_dependencies(/home/arc/Documents/GitHub/IGVC-Robot/GazeboR1/WorkingRobot/install/robot/share/colcon-core/packages/robot)
[2.354s] Level 1:colcon.colcon_core.environment:create_environment_scripts_only(robot)
[2.358s] Level 1:colcon.colcon_core.environment:checking '/home/arc/Documents/GitHub/IGVC-Robot/GazeboR1/WorkingRobot/install/robot' for CMake module files
[2.359s] Level 1:colcon.colcon_core.environment:checking '/home/arc/Documents/GitHub/IGVC-Robot/GazeboR1/WorkingRobot/install/robot' for CMake config files
[2.360s] Level 1:colcon.colcon_core.shell:create_environment_hook('robot', 'cmake_prefix_path')
[2.363s] INFO:colcon.colcon_core.shell:Creating environment hook '/home/arc/Documents/GitHub/IGVC-Robot/GazeboR1/WorkingRobot/install/robot/share/robot/hook/cmake_prefix_path.ps1'
[2.364s] INFO:colcon.colcon_core.shell:Creating environment descriptor '/home/arc/Documents/GitHub/IGVC-Robot/GazeboR1/WorkingRobot/install/robot/share/robot/hook/cmake_prefix_path.dsv'
[2.364s] INFO:colcon.colcon_core.shell:Creating environment hook '/home/arc/Documents/GitHub/IGVC-Robot/GazeboR1/WorkingRobot/install/robot/share/robot/hook/cmake_prefix_path.sh'
[2.365s] Level 1:colcon.colcon_core.environment:checking '/home/arc/Documents/GitHub/IGVC-Robot/GazeboR1/WorkingRobot/install/robot/bin'
[2.366s] Level 1:colcon.colcon_core.environment:checking '/home/arc/Documents/GitHub/IGVC-Robot/GazeboR1/WorkingRobot/install/robot/lib/pkgconfig/robot.pc'
[2.366s] Level 1:colcon.colcon_core.environment:checking '/home/arc/Documents/GitHub/IGVC-Robot/GazeboR1/WorkingRobot/install/robot/lib/python3.10/site-packages'
[2.367s] Level 1:colcon.colcon_core.environment:checking '/home/arc/Documents/GitHub/IGVC-Robot/GazeboR1/WorkingRobot/install/robot/bin'
[2.369s] INFO:colcon.colcon_core.shell:Creating package script '/home/arc/Documents/GitHub/IGVC-Robot/GazeboR1/WorkingRobot/install/robot/share/robot/package.ps1'
[2.369s] INFO:colcon.colcon_core.shell:Creating package descriptor '/home/arc/Documents/GitHub/IGVC-Robot/GazeboR1/WorkingRobot/install/robot/share/robot/package.dsv'
[2.370s] INFO:colcon.colcon_core.shell:Creating package script '/home/arc/Documents/GitHub/IGVC-Robot/GazeboR1/WorkingRobot/install/robot/share/robot/package.sh'
[2.371s] INFO:colcon.colcon_core.shell:Creating package script '/home/arc/Documents/GitHub/IGVC-Robot/GazeboR1/WorkingRobot/install/robot/share/robot/package.bash'
[2.371s] INFO:colcon.colcon_core.shell:Creating package script '/home/arc/Documents/GitHub/IGVC-Robot/GazeboR1/WorkingRobot/install/robot/share/robot/package.zsh'
[2.372s] Level 1:colcon.colcon_core.environment:create_file_with_runtime_dependencies(/home/arc/Documents/GitHub/IGVC-Robot/GazeboR1/WorkingRobot/install/robot/share/colcon-core/packages/robot)
[2.372s] DEBUG:colcon.colcon_parallel_executor.executor.parallel:closing loop
[2.372s] DEBUG:colcon.colcon_parallel_executor.executor.parallel:loop closed
[2.373s] DEBUG:colcon.colcon_parallel_executor.executor.parallel:run_until_complete finished with '0'
[2.373s] DEBUG:colcon.colcon_core.event_reactor:joining thread
[2.385s] INFO:colcon.colcon_core.plugin_system:Skipping extension 'colcon_notification.desktop_notification.terminal_notifier': Not used on non-Darwin systems
[2.386s] INFO:colcon.colcon_core.plugin_system:Skipping extension 'colcon_notification.desktop_notification.win32': Not used on non-Windows systems
[2.386s] INFO:colcon.colcon_notification.desktop_notification:Sending desktop notification using 'notify2'
[2.403s] DEBUG:colcon.colcon_core.event_reactor:joined thread
[2.405s] INFO:colcon.colcon_core.shell:Creating prefix script '/home/arc/Documents/GitHub/IGVC-Robot/GazeboR1/WorkingRobot/install/local_setup.ps1'
[2.406s] INFO:colcon.colcon_core.shell:Creating prefix util module '/home/arc/Documents/GitHub/IGVC-Robot/GazeboR1/WorkingRobot/install/_local_setup_util_ps1.py'
[2.410s] INFO:colcon.colcon_core.shell:Creating prefix chain script '/home/arc/Documents/GitHub/IGVC-Robot/GazeboR1/WorkingRobot/install/setup.ps1'
[2.412s] INFO:colcon.colcon_core.shell:Creating prefix script '/home/arc/Documents/GitHub/IGVC-Robot/GazeboR1/WorkingRobot/install/local_setup.sh'
[2.413s] INFO:colcon.colcon_core.shell:Creating prefix util module '/home/arc/Documents/GitHub/IGVC-Robot/GazeboR1/WorkingRobot/install/_local_setup_util_sh.py'
[2.415s] INFO:colcon.colcon_core.shell:Creating prefix chain script '/home/arc/Documents/GitHub/IGVC-Robot/GazeboR1/WorkingRobot/install/setup.sh'
[2.420s] INFO:colcon.colcon_core.shell:Creating prefix script '/home/arc/Documents/GitHub/IGVC-Robot/GazeboR1/WorkingRobot/install/local_setup.bash'
[2.421s] INFO:colcon.colcon_core.shell:Creating prefix chain script '/home/arc/Documents/GitHub/IGVC-Robot/GazeboR1/WorkingRobot/install/setup.bash'
[2.423s] INFO:colcon.colcon_core.shell:Creating prefix script '/home/arc/Documents/GitHub/IGVC-Robot/GazeboR1/WorkingRobot/install/local_setup.zsh'
[2.424s] INFO:colcon.colcon_core.shell:Creating prefix chain script '/home/arc/Documents/GitHub/IGVC-Robot/GazeboR1/WorkingRobot/install/setup.zsh'
