[0.049s] Invoking command in '/home/arc/nav2_ws/build/nav2_smoother': AMENT_PREFIX_PATH=/home/arc/nav2_ws/install/nav2_core:/home/arc/nav2_ws/install/nav2_costmap_2d:/home/arc/nav2_ws/install/nav_2d_utils:/home/arc/nav2_ws/install/nav2_util:/home/arc/nav2_ws/install/nav2_voxel_grid:/home/arc/nav2_ws/install/nav2_msgs:/home/arc/nav2_ws/install/nav_2d_msgs:/home/arc/nav2_ws/install/nav2_common:${AMENT_PREFIX_PATH} CMAKE_PREFIX_PATH=/home/arc/nav2_ws/install/nav2_core:/home/arc/nav2_ws/install/nav2_costmap_2d:/home/arc/nav2_ws/install/nav_2d_utils:/home/arc/nav2_ws/install/nav2_util:/home/arc/nav2_ws/install/nav2_voxel_grid:/home/arc/nav2_ws/install/nav2_msgs:/home/arc/nav2_ws/install/nav_2d_msgs:/home/arc/nav2_ws/install/nav2_common:/home/arc/workspace/install:/opt/ros/humble LD_LIBRARY_PATH=/home/arc/nav2_ws/install/nav2_costmap_2d/lib:/home/arc/nav2_ws/install/nav_2d_utils/lib:/home/arc/nav2_ws/install/nav2_util/lib:/home/arc/nav2_ws/install/nav2_voxel_grid/lib:/home/arc/nav2_ws/install/nav2_msgs/lib:/home/arc/nav2_ws/install/nav_2d_msgs/lib:${LD_LIBRARY_PATH} PYTHONPATH=/home/arc/nav2_ws/install/nav2_msgs/local/lib/python3.10/dist-packages:/home/arc/nav2_ws/install/nav_2d_msgs/local/lib/python3.10/dist-packages:/home/arc/nav2_ws/install/nav2_common/local/lib/python3.10/dist-packages:${PYTHONPATH} /usr/bin/cmake /home/arc/nav2_ws/src/navigation2/nav2_smoother -DCMAKE_INSTALL_PREFIX=/home/arc/nav2_ws/install/nav2_smoother
[0.075s] -- Found ament_cmake: 1.3.2 (/opt/ros/humble/share/ament_cmake/cmake)
[0.389s] -- Override CMake install command with custom implementation using symlinks instead of copying resources
[0.405s] -- Found nav2_core: 1.1.2 (/home/arc/nav2_ws/install/nav2_core/share/nav2_core/cmake)
[0.486s] -- Found rosidl_generator_c: 3.1.3 (/opt/ros/humble/share/rosidl_generator_c/cmake)
[0.493s] -- Found rosidl_adapter: 3.1.3 (/opt/ros/humble/share/rosidl_adapter/cmake)
[0.509s] -- Found rosidl_generator_cpp: 3.1.3 (/opt/ros/humble/share/rosidl_generator_cpp/cmake)
[0.539s] -- Using all available rosidl_typesupport_c: rosidl_typesupport_fastrtps_c;rosidl_typesupport_introspection_c
[0.580s] -- Using all available rosidl_typesupport_cpp: rosidl_typesupport_fastrtps_cpp;rosidl_typesupport_introspection_cpp
[0.739s] -- Found rmw_implementation_cmake: 6.1.0 (/opt/ros/humble/share/rmw_implementation_cmake/cmake)
[0.743s] -- Found rmw_fastrtps_cpp: 6.2.1 (/opt/ros/humble/share/rmw_fastrtps_cpp/cmake)
[1.026s] -- Using RMW implementation 'rmw_fastrtps_cpp' as default
[4.057s] -- Ensuring Eigen3 include directory is part of orocos-kdl CMake target
[8.356s] -- Found nav2_common: 1.1.2 (/home/arc/nav2_ws/install/nav2_common/share/nav2_common/cmake)
[8.361s] -- Found nav_2d_utils: 1.1.2 (/home/arc/nav2_ws/install/nav_2d_utils/share/nav_2d_utils/cmake)
[37.001s] -- Found ament_lint_auto: 0.12.4 (/opt/ros/humble/share/ament_lint_auto/cmake)
[37.186s] -- Found gtest sources under '/opt/ros/humble/src/gtest_vendor': C++ tests using 'Google Test' will be built
[55.116s] -- Added test 'cppcheck' to perform static code analysis on C / C++ code
[55.119s] -- Configured cppcheck include dirs: /home/arc/nav2_ws/src/navigation2/nav2_smoother/include
[55.119s] -- Configured cppcheck exclude dirs and/or files: 
[55.122s] -- Added test 'cpplint' to check C / C++ code against the Google style
[55.122s] -- Configured cpplint exclude dirs and/or files: 
[55.124s] -- Added test 'lint_cmake' to check CMake code style
[55.126s] -- Added test 'uncrustify' to check C / C++ code style
[55.127s] -- Configured uncrustify additional arguments: 
[55.128s] -- Added test 'xmllint' to check XML markup files
[55.136s] -- Configuring done
[55.676s] -- Generating done
[55.683s] -- Build files have been written to: /home/arc/nav2_ws/build/nav2_smoother
[55.718s] Invoked command in '/home/arc/nav2_ws/build/nav2_smoother' returned '0': AMENT_PREFIX_PATH=/home/arc/nav2_ws/install/nav2_core:/home/arc/nav2_ws/install/nav2_costmap_2d:/home/arc/nav2_ws/install/nav_2d_utils:/home/arc/nav2_ws/install/nav2_util:/home/arc/nav2_ws/install/nav2_voxel_grid:/home/arc/nav2_ws/install/nav2_msgs:/home/arc/nav2_ws/install/nav_2d_msgs:/home/arc/nav2_ws/install/nav2_common:${AMENT_PREFIX_PATH} CMAKE_PREFIX_PATH=/home/arc/nav2_ws/install/nav2_core:/home/arc/nav2_ws/install/nav2_costmap_2d:/home/arc/nav2_ws/install/nav_2d_utils:/home/arc/nav2_ws/install/nav2_util:/home/arc/nav2_ws/install/nav2_voxel_grid:/home/arc/nav2_ws/install/nav2_msgs:/home/arc/nav2_ws/install/nav_2d_msgs:/home/arc/nav2_ws/install/nav2_common:/home/arc/workspace/install:/opt/ros/humble LD_LIBRARY_PATH=/home/arc/nav2_ws/install/nav2_costmap_2d/lib:/home/arc/nav2_ws/install/nav_2d_utils/lib:/home/arc/nav2_ws/install/nav2_util/lib:/home/arc/nav2_ws/install/nav2_voxel_grid/lib:/home/arc/nav2_ws/install/nav2_msgs/lib:/home/arc/nav2_ws/install/nav_2d_msgs/lib:${LD_LIBRARY_PATH} PYTHONPATH=/home/arc/nav2_ws/install/nav2_msgs/local/lib/python3.10/dist-packages:/home/arc/nav2_ws/install/nav_2d_msgs/local/lib/python3.10/dist-packages:/home/arc/nav2_ws/install/nav2_common/local/lib/python3.10/dist-packages:${PYTHONPATH} /usr/bin/cmake /home/arc/nav2_ws/src/navigation2/nav2_smoother -DCMAKE_INSTALL_PREFIX=/home/arc/nav2_ws/install/nav2_smoother
[55.719s] Invoking command in '/home/arc/nav2_ws/build/nav2_smoother': AMENT_PREFIX_PATH=/home/arc/nav2_ws/install/nav2_core:/home/arc/nav2_ws/install/nav2_costmap_2d:/home/arc/nav2_ws/install/nav_2d_utils:/home/arc/nav2_ws/install/nav2_util:/home/arc/nav2_ws/install/nav2_voxel_grid:/home/arc/nav2_ws/install/nav2_msgs:/home/arc/nav2_ws/install/nav_2d_msgs:/home/arc/nav2_ws/install/nav2_common:${AMENT_PREFIX_PATH} CMAKE_PREFIX_PATH=/home/arc/nav2_ws/install/nav2_core:/home/arc/nav2_ws/install/nav2_costmap_2d:/home/arc/nav2_ws/install/nav_2d_utils:/home/arc/nav2_ws/install/nav2_util:/home/arc/nav2_ws/install/nav2_voxel_grid:/home/arc/nav2_ws/install/nav2_msgs:/home/arc/nav2_ws/install/nav_2d_msgs:/home/arc/nav2_ws/install/nav2_common:/home/arc/workspace/install:/opt/ros/humble LD_LIBRARY_PATH=/home/arc/nav2_ws/install/nav2_costmap_2d/lib:/home/arc/nav2_ws/install/nav_2d_utils/lib:/home/arc/nav2_ws/install/nav2_util/lib:/home/arc/nav2_ws/install/nav2_voxel_grid/lib:/home/arc/nav2_ws/install/nav2_msgs/lib:/home/arc/nav2_ws/install/nav_2d_msgs/lib:${LD_LIBRARY_PATH} PYTHONPATH=/home/arc/nav2_ws/install/nav2_msgs/local/lib/python3.10/dist-packages:/home/arc/nav2_ws/install/nav_2d_msgs/local/lib/python3.10/dist-packages:/home/arc/nav2_ws/install/nav2_common/local/lib/python3.10/dist-packages:${PYTHONPATH} /usr/bin/cmake --build /home/arc/nav2_ws/build/nav2_smoother -- -j4 -l4
[55.808s] [35m[1mConsolidate compiler generated dependencies of target smoother_server_core[0m
[55.854s] [ 14%] Built target smoother_server_core
[55.875s] [35m[1mConsolidate compiler generated dependencies of target gtest[0m
[55.904s] [ 28%] Built target gtest
[55.927s] [35m[1mConsolidate compiler generated dependencies of target smoother_server[0m
[55.975s] [ 42%] Built target smoother_server
[55.997s] [35m[1mConsolidate compiler generated dependencies of target gtest_main[0m
[56.024s] [ 57%] Built target gtest_main
[56.050s] [35m[1mConsolidate compiler generated dependencies of target simple_smoother[0m
[56.092s] [ 71%] Built target simple_smoother
[56.115s] [35m[1mConsolidate compiler generated dependencies of target test_smoother_server[0m
[56.163s] [ 85%] Built target test_smoother_server
[56.185s] [35m[1mConsolidate compiler generated dependencies of target test_simple_smoother[0m
[56.232s] [100%] Built target test_simple_smoother
[56.253s] Invoked command in '/home/arc/nav2_ws/build/nav2_smoother' returned '0': AMENT_PREFIX_PATH=/home/arc/nav2_ws/install/nav2_core:/home/arc/nav2_ws/install/nav2_costmap_2d:/home/arc/nav2_ws/install/nav_2d_utils:/home/arc/nav2_ws/install/nav2_util:/home/arc/nav2_ws/install/nav2_voxel_grid:/home/arc/nav2_ws/install/nav2_msgs:/home/arc/nav2_ws/install/nav_2d_msgs:/home/arc/nav2_ws/install/nav2_common:${AMENT_PREFIX_PATH} CMAKE_PREFIX_PATH=/home/arc/nav2_ws/install/nav2_core:/home/arc/nav2_ws/install/nav2_costmap_2d:/home/arc/nav2_ws/install/nav_2d_utils:/home/arc/nav2_ws/install/nav2_util:/home/arc/nav2_ws/install/nav2_voxel_grid:/home/arc/nav2_ws/install/nav2_msgs:/home/arc/nav2_ws/install/nav_2d_msgs:/home/arc/nav2_ws/install/nav2_common:/home/arc/workspace/install:/opt/ros/humble LD_LIBRARY_PATH=/home/arc/nav2_ws/install/nav2_costmap_2d/lib:/home/arc/nav2_ws/install/nav_2d_utils/lib:/home/arc/nav2_ws/install/nav2_util/lib:/home/arc/nav2_ws/install/nav2_voxel_grid/lib:/home/arc/nav2_ws/install/nav2_msgs/lib:/home/arc/nav2_ws/install/nav_2d_msgs/lib:${LD_LIBRARY_PATH} PYTHONPATH=/home/arc/nav2_ws/install/nav2_msgs/local/lib/python3.10/dist-packages:/home/arc/nav2_ws/install/nav_2d_msgs/local/lib/python3.10/dist-packages:/home/arc/nav2_ws/install/nav2_common/local/lib/python3.10/dist-packages:${PYTHONPATH} /usr/bin/cmake --build /home/arc/nav2_ws/build/nav2_smoother -- -j4 -l4
[56.319s] Invoking command in '/home/arc/nav2_ws/build/nav2_smoother': AMENT_PREFIX_PATH=/home/arc/nav2_ws/install/nav2_core:/home/arc/nav2_ws/install/nav2_costmap_2d:/home/arc/nav2_ws/install/nav_2d_utils:/home/arc/nav2_ws/install/nav2_util:/home/arc/nav2_ws/install/nav2_voxel_grid:/home/arc/nav2_ws/install/nav2_msgs:/home/arc/nav2_ws/install/nav_2d_msgs:/home/arc/nav2_ws/install/nav2_common:${AMENT_PREFIX_PATH} CMAKE_PREFIX_PATH=/home/arc/nav2_ws/install/nav2_core:/home/arc/nav2_ws/install/nav2_costmap_2d:/home/arc/nav2_ws/install/nav_2d_utils:/home/arc/nav2_ws/install/nav2_util:/home/arc/nav2_ws/install/nav2_voxel_grid:/home/arc/nav2_ws/install/nav2_msgs:/home/arc/nav2_ws/install/nav_2d_msgs:/home/arc/nav2_ws/install/nav2_common:/home/arc/workspace/install:/opt/ros/humble LD_LIBRARY_PATH=/home/arc/nav2_ws/install/nav2_costmap_2d/lib:/home/arc/nav2_ws/install/nav_2d_utils/lib:/home/arc/nav2_ws/install/nav2_util/lib:/home/arc/nav2_ws/install/nav2_voxel_grid/lib:/home/arc/nav2_ws/install/nav2_msgs/lib:/home/arc/nav2_ws/install/nav_2d_msgs/lib:${LD_LIBRARY_PATH} PYTHONPATH=/home/arc/nav2_ws/install/nav2_msgs/local/lib/python3.10/dist-packages:/home/arc/nav2_ws/install/nav_2d_msgs/local/lib/python3.10/dist-packages:/home/arc/nav2_ws/install/nav2_common/local/lib/python3.10/dist-packages:${PYTHONPATH} /usr/bin/cmake --install /home/arc/nav2_ws/build/nav2_smoother
[56.336s] -- Install configuration: "Release"
[56.337s] -- Execute custom install script
[56.338s] -- Up-to-date symlink: /home/arc/nav2_ws/install/nav2_smoother/share/nav2_smoother//plugins.xml
[56.338s] -- Up-to-date symlink: /home/arc/nav2_ws/install/nav2_smoother/lib/libsmoother_server_core.so
[56.339s] -- Up-to-date symlink: /home/arc/nav2_ws/install/nav2_smoother/lib/libsimple_smoother.so
[56.339s] -- Up-to-date symlink: /home/arc/nav2_ws/install/nav2_smoother/lib/nav2_smoother/smoother_server
[56.339s] -- Up-to-date symlink: /home/arc/nav2_ws/install/nav2_smoother/include//nav2_smoother/nav2_smoother.hpp
[56.339s] -- Up-to-date symlink: /home/arc/nav2_ws/install/nav2_smoother/include//nav2_smoother/simple_smoother.hpp
[56.340s] -- Up-to-date symlink: /home/arc/nav2_ws/install/nav2_smoother/share/nav2_smoother/environment/library_path.sh
[56.340s] -- Up-to-date symlink: /home/arc/nav2_ws/install/nav2_smoother/share/nav2_smoother/environment/library_path.dsv
[56.341s] -- Up-to-date symlink: /home/arc/nav2_ws/install/nav2_smoother/share/ament_index/resource_index/package_run_dependencies/nav2_smoother
[56.341s] -- Up-to-date symlink: /home/arc/nav2_ws/install/nav2_smoother/share/ament_index/resource_index/parent_prefix_path/nav2_smoother
[56.342s] -- Up-to-date symlink: /home/arc/nav2_ws/install/nav2_smoother/share/nav2_smoother/environment/ament_prefix_path.sh
[56.342s] -- Up-to-date symlink: /home/arc/nav2_ws/install/nav2_smoother/share/nav2_smoother/environment/ament_prefix_path.dsv
[56.343s] -- Up-to-date symlink: /home/arc/nav2_ws/install/nav2_smoother/share/nav2_smoother/environment/path.sh
[56.343s] -- Up-to-date symlink: /home/arc/nav2_ws/install/nav2_smoother/share/nav2_smoother/environment/path.dsv
[56.343s] -- Up-to-date symlink: /home/arc/nav2_ws/install/nav2_smoother/share/nav2_smoother/local_setup.bash
[56.344s] -- Up-to-date symlink: /home/arc/nav2_ws/install/nav2_smoother/share/nav2_smoother/local_setup.sh
[56.346s] -- Up-to-date symlink: /home/arc/nav2_ws/install/nav2_smoother/share/nav2_smoother/local_setup.zsh
[56.346s] -- Up-to-date symlink: /home/arc/nav2_ws/install/nav2_smoother/share/nav2_smoother/local_setup.dsv
[56.346s] -- Symlinking: /home/arc/nav2_ws/install/nav2_smoother/share/nav2_smoother/package.dsv
[56.363s] -- Up-to-date symlink: /home/arc/nav2_ws/install/nav2_smoother/share/ament_index/resource_index/packages/nav2_smoother
[56.363s] -- Up-to-date symlink: /home/arc/nav2_ws/install/nav2_smoother/share/ament_index/resource_index/nav2_core__pluginlib__plugin/nav2_smoother
[56.364s] -- Up-to-date symlink: /home/arc/nav2_ws/install/nav2_smoother/share/ament_index/resource_index/rclcpp_components/nav2_smoother
[56.364s] -- Up-to-date symlink: /home/arc/nav2_ws/install/nav2_smoother/share/nav2_smoother/cmake/ament_cmake_export_include_directories-extras.cmake
[56.365s] -- Up-to-date symlink: /home/arc/nav2_ws/install/nav2_smoother/share/nav2_smoother/cmake/ament_cmake_export_libraries-extras.cmake
[56.365s] -- Up-to-date symlink: /home/arc/nav2_ws/install/nav2_smoother/share/nav2_smoother/cmake/ament_cmake_export_dependencies-extras.cmake
[56.366s] -- Up-to-date symlink: /home/arc/nav2_ws/install/nav2_smoother/share/nav2_smoother/cmake/nav2_smootherConfig.cmake
[56.366s] -- Up-to-date symlink: /home/arc/nav2_ws/install/nav2_smoother/share/nav2_smoother/cmake/nav2_smootherConfig-version.cmake
[56.366s] -- Up-to-date symlink: /home/arc/nav2_ws/install/nav2_smoother/share/nav2_smoother/package.xml
[56.375s] Invoked command in '/home/arc/nav2_ws/build/nav2_smoother' returned '0': AMENT_PREFIX_PATH=/home/arc/nav2_ws/install/nav2_core:/home/arc/nav2_ws/install/nav2_costmap_2d:/home/arc/nav2_ws/install/nav_2d_utils:/home/arc/nav2_ws/install/nav2_util:/home/arc/nav2_ws/install/nav2_voxel_grid:/home/arc/nav2_ws/install/nav2_msgs:/home/arc/nav2_ws/install/nav_2d_msgs:/home/arc/nav2_ws/install/nav2_common:${AMENT_PREFIX_PATH} CMAKE_PREFIX_PATH=/home/arc/nav2_ws/install/nav2_core:/home/arc/nav2_ws/install/nav2_costmap_2d:/home/arc/nav2_ws/install/nav_2d_utils:/home/arc/nav2_ws/install/nav2_util:/home/arc/nav2_ws/install/nav2_voxel_grid:/home/arc/nav2_ws/install/nav2_msgs:/home/arc/nav2_ws/install/nav_2d_msgs:/home/arc/nav2_ws/install/nav2_common:/home/arc/workspace/install:/opt/ros/humble LD_LIBRARY_PATH=/home/arc/nav2_ws/install/nav2_costmap_2d/lib:/home/arc/nav2_ws/install/nav_2d_utils/lib:/home/arc/nav2_ws/install/nav2_util/lib:/home/arc/nav2_ws/install/nav2_voxel_grid/lib:/home/arc/nav2_ws/install/nav2_msgs/lib:/home/arc/nav2_ws/install/nav_2d_msgs/lib:${LD_LIBRARY_PATH} PYTHONPATH=/home/arc/nav2_ws/install/nav2_msgs/local/lib/python3.10/dist-packages:/home/arc/nav2_ws/install/nav_2d_msgs/local/lib/python3.10/dist-packages:/home/arc/nav2_ws/install/nav2_common/local/lib/python3.10/dist-packages:${PYTHONPATH} /usr/bin/cmake --install /home/arc/nav2_ws/build/nav2_smoother
