[0.024s] Invoking command in '/home/arc/nav2_ws/build/nav_2d_msgs': CMAKE_PREFIX_PATH=${CMAKE_PREFIX_PATH}:/opt/ros/humble /usr/bin/cmake /home/arc/nav2_ws/src/navigation2/nav2_dwb_controller/nav_2d_msgs -DCMAKE_INSTALL_PREFIX=/home/arc/nav2_ws/install/nav_2d_msgs
[0.039s] -- Found geometry_msgs: 4.2.2 (/opt/ros/humble/share/geometry_msgs/cmake)
[0.229s] -- Override CMake install command with custom implementation using symlinks instead of copying resources
[0.272s] -- Found rosidl_generator_c: 3.1.3 (/opt/ros/humble/share/rosidl_generator_c/cmake)
[0.276s] -- Found rosidl_adapter: 3.1.3 (/opt/ros/humble/share/rosidl_adapter/cmake)
[0.285s] -- Found rosidl_generator_cpp: 3.1.3 (/opt/ros/humble/share/rosidl_generator_cpp/cmake)
[0.301s] -- Using all available rosidl_typesupport_c: rosidl_typesupport_fastrtps_c;rosidl_typesupport_introspection_c
[0.337s] -- Using all available rosidl_typesupport_cpp: rosidl_typesupport_fastrtps_cpp;rosidl_typesupport_introspection_cpp
[0.536s] -- Found rosidl_default_generators: 1.2.0 (/opt/ros/humble/share/rosidl_default_generators/cmake)
[1.024s] -- Found ament_cmake_ros: 0.10.0 (/opt/ros/humble/share/ament_cmake_ros/cmake)
[1.736s] -- Using all available rosidl_typesupport_c: rosidl_typesupport_fastrtps_c;rosidl_typesupport_introspection_c
[1.975s] -- Using all available rosidl_typesupport_cpp: rosidl_typesupport_fastrtps_cpp;rosidl_typesupport_introspection_cpp
[2.006s] -- Found python_cmake_module: 0.10.0 (/opt/ros/humble/share/python_cmake_module/cmake)
[2.037s] -- Using PYTHON_EXECUTABLE: /usr/bin/python3
[2.037s] -- Using PYTHON_INCLUDE_DIRS: /usr/include/python3.10
[2.037s] -- Using PYTHON_LIBRARIES: /usr/lib/x86_64-linux-gnu/libpython3.10.so
[2.115s] -- Configuring done
[2.176s] -- Generating done
[2.180s] -- Build files have been written to: /home/arc/nav2_ws/build/nav_2d_msgs
[2.194s] Invoked command in '/home/arc/nav2_ws/build/nav_2d_msgs' returned '0': CMAKE_PREFIX_PATH=${CMAKE_PREFIX_PATH}:/opt/ros/humble /usr/bin/cmake /home/arc/nav2_ws/src/navigation2/nav2_dwb_controller/nav_2d_msgs -DCMAKE_INSTALL_PREFIX=/home/arc/nav2_ws/install/nav_2d_msgs
[2.196s] Invoking command in '/home/arc/nav2_ws/build/nav_2d_msgs': CMAKE_PREFIX_PATH=${CMAKE_PREFIX_PATH}:/opt/ros/humble /usr/bin/cmake --build /home/arc/nav2_ws/build/nav_2d_msgs -- -j4 -l4
[2.270s] [35m[1mConsolidate compiler generated dependencies of target nav_2d_msgs__rosidl_generator_c[0m
[2.295s] [  1%] Built target nav_2d_msgs__cpp
[2.312s] [ 12%] Built target nav_2d_msgs__rosidl_generator_c
[2.327s] [ 12%] Built target ament_cmake_python_symlink_nav_2d_msgs
[2.331s] [35m[1mConsolidate compiler generated dependencies of target nav_2d_msgs__rosidl_typesupport_fastrtps_cpp[0m
[2.346s] [35m[1mConsolidate compiler generated dependencies of target nav_2d_msgs__rosidl_typesupport_introspection_cpp[0m
[2.373s] [35m[1mConsolidate compiler generated dependencies of target nav_2d_msgs__rosidl_typesupport_cpp[0m
[2.373s] [35m[1mConsolidate compiler generated dependencies of target nav_2d_msgs__rosidl_typesupport_fastrtps_c[0m
[2.376s] [ 23%] Built target nav_2d_msgs__rosidl_typesupport_fastrtps_cpp
[2.401s] [35m[1mConsolidate compiler generated dependencies of target nav_2d_msgs__rosidl_typesupport_introspection_c[0m
[2.419s] [ 35%] Built target nav_2d_msgs__rosidl_typesupport_cpp
[2.422s] [ 46%] Built target nav_2d_msgs__rosidl_typesupport_introspection_cpp
[2.429s] [ 57%] Built target nav_2d_msgs__rosidl_typesupport_fastrtps_c
[2.446s] [ 69%] Built target nav_2d_msgs__rosidl_typesupport_introspection_c
[2.460s] [35m[1mConsolidate compiler generated dependencies of target nav_2d_msgs__rosidl_typesupport_c[0m
[2.480s] [ 80%] Built target nav_2d_msgs__rosidl_typesupport_c
[2.513s] [ 80%] Built target nav_2d_msgs
[2.547s] [ 81%] Built target nav_2d_msgs__py
[2.568s] [35m[1mConsolidate compiler generated dependencies of target nav_2d_msgs__rosidl_generator_py[0m
[2.600s] [ 91%] Built target nav_2d_msgs__rosidl_generator_py
[2.625s] [35m[1mConsolidate compiler generated dependencies of target nav_2d_msgs__rosidl_typesupport_introspection_c__pyext[0m
[2.643s] [35m[1mConsolidate compiler generated dependencies of target nav_2d_msgs__rosidl_typesupport_fastrtps_c__pyext[0m
[2.651s] [35m[1mConsolidate compiler generated dependencies of target nav_2d_msgs__rosidl_typesupport_c__pyext[0m
[2.667s] [ 94%] Built target nav_2d_msgs__rosidl_typesupport_fastrtps_c__pyext
[2.673s] [ 97%] Built target nav_2d_msgs__rosidl_typesupport_introspection_c__pyext
[2.687s] [100%] Built target nav_2d_msgs__rosidl_typesupport_c__pyext
[3.135s] running egg_info
[3.164s] writing nav_2d_msgs.egg-info/PKG-INFO
[3.164s] writing dependency_links to nav_2d_msgs.egg-info/dependency_links.txt
[3.164s] writing top-level names to nav_2d_msgs.egg-info/top_level.txt
[3.239s] reading manifest file 'nav_2d_msgs.egg-info/SOURCES.txt'
[3.240s] writing manifest file 'nav_2d_msgs.egg-info/SOURCES.txt'
[3.324s] [100%] Built target ament_cmake_python_build_nav_2d_msgs_egg
[3.341s] Invoked command in '/home/arc/nav2_ws/build/nav_2d_msgs' returned '0': CMAKE_PREFIX_PATH=${CMAKE_PREFIX_PATH}:/opt/ros/humble /usr/bin/cmake --build /home/arc/nav2_ws/build/nav_2d_msgs -- -j4 -l4
[3.489s] Invoking command in '/home/arc/nav2_ws/build/nav_2d_msgs': CMAKE_PREFIX_PATH=${CMAKE_PREFIX_PATH}:/opt/ros/humble /usr/bin/cmake --install /home/arc/nav2_ws/build/nav_2d_msgs
[3.499s] -- Install configuration: ""
[3.500s] -- Execute custom install script
[3.500s] -- Up-to-date symlink: /home/arc/nav2_ws/install/nav_2d_msgs/share/ament_index/resource_index/rosidl_interfaces/nav_2d_msgs
[3.501s] -- Up-to-date symlink: /home/arc/nav2_ws/install/nav_2d_msgs/include/nav_2d_msgs/nav_2d_msgs/msg/detail/path2_d__functions.h
[3.502s] -- Up-to-date symlink: /home/arc/nav2_ws/install/nav_2d_msgs/include/nav_2d_msgs/nav_2d_msgs/msg/detail/path2_d__struct.h
[3.502s] -- Up-to-date symlink: /home/arc/nav2_ws/install/nav_2d_msgs/include/nav_2d_msgs/nav_2d_msgs/msg/detail/path2_d__type_support.h
[3.502s] -- Up-to-date symlink: /home/arc/nav2_ws/install/nav_2d_msgs/include/nav_2d_msgs/nav_2d_msgs/msg/detail/pose2_d32__functions.h
[3.502s] -- Up-to-date symlink: /home/arc/nav2_ws/install/nav_2d_msgs/include/nav_2d_msgs/nav_2d_msgs/msg/detail/pose2_d32__struct.h
[3.503s] -- Up-to-date symlink: /home/arc/nav2_ws/install/nav_2d_msgs/include/nav_2d_msgs/nav_2d_msgs/msg/detail/pose2_d32__type_support.h
[3.503s] -- Up-to-date symlink: /home/arc/nav2_ws/install/nav_2d_msgs/include/nav_2d_msgs/nav_2d_msgs/msg/detail/pose2_d_stamped__functions.h
[3.503s] -- Up-to-date symlink: /home/arc/nav2_ws/install/nav_2d_msgs/include/nav_2d_msgs/nav_2d_msgs/msg/detail/pose2_d_stamped__struct.h
[3.503s] -- Up-to-date symlink: /home/arc/nav2_ws/install/nav_2d_msgs/include/nav_2d_msgs/nav_2d_msgs/msg/detail/pose2_d_stamped__type_support.h
[3.503s] -- Up-to-date symlink: /home/arc/nav2_ws/install/nav_2d_msgs/include/nav_2d_msgs/nav_2d_msgs/msg/detail/twist2_d32__functions.h
[3.504s] -- Up-to-date symlink: /home/arc/nav2_ws/install/nav_2d_msgs/include/nav_2d_msgs/nav_2d_msgs/msg/detail/twist2_d32__struct.h
[3.504s] -- Up-to-date symlink: /home/arc/nav2_ws/install/nav_2d_msgs/include/nav_2d_msgs/nav_2d_msgs/msg/detail/twist2_d32__type_support.h
[3.504s] -- Up-to-date symlink: /home/arc/nav2_ws/install/nav_2d_msgs/include/nav_2d_msgs/nav_2d_msgs/msg/detail/twist2_d__functions.h
[3.504s] -- Up-to-date symlink: /home/arc/nav2_ws/install/nav_2d_msgs/include/nav_2d_msgs/nav_2d_msgs/msg/detail/twist2_d__struct.h
[3.504s] -- Up-to-date symlink: /home/arc/nav2_ws/install/nav_2d_msgs/include/nav_2d_msgs/nav_2d_msgs/msg/detail/twist2_d__type_support.h
[3.505s] -- Up-to-date symlink: /home/arc/nav2_ws/install/nav_2d_msgs/include/nav_2d_msgs/nav_2d_msgs/msg/detail/twist2_d_stamped__functions.h
[3.505s] -- Up-to-date symlink: /home/arc/nav2_ws/install/nav_2d_msgs/include/nav_2d_msgs/nav_2d_msgs/msg/detail/twist2_d_stamped__struct.h
[3.505s] -- Up-to-date symlink: /home/arc/nav2_ws/install/nav_2d_msgs/include/nav_2d_msgs/nav_2d_msgs/msg/detail/twist2_d_stamped__type_support.h
[3.505s] -- Up-to-date symlink: /home/arc/nav2_ws/install/nav_2d_msgs/include/nav_2d_msgs/nav_2d_msgs/msg/path2_d.h
[3.505s] -- Up-to-date symlink: /home/arc/nav2_ws/install/nav_2d_msgs/include/nav_2d_msgs/nav_2d_msgs/msg/pose2_d32.h
[3.506s] -- Up-to-date symlink: /home/arc/nav2_ws/install/nav_2d_msgs/include/nav_2d_msgs/nav_2d_msgs/msg/pose2_d_stamped.h
[3.506s] -- Up-to-date symlink: /home/arc/nav2_ws/install/nav_2d_msgs/include/nav_2d_msgs/nav_2d_msgs/msg/rosidl_generator_c__visibility_control.h
[3.506s] -- Up-to-date symlink: /home/arc/nav2_ws/install/nav_2d_msgs/include/nav_2d_msgs/nav_2d_msgs/msg/twist2_d.h
[3.506s] -- Up-to-date symlink: /home/arc/nav2_ws/install/nav_2d_msgs/include/nav_2d_msgs/nav_2d_msgs/msg/twist2_d32.h
[3.506s] -- Up-to-date symlink: /home/arc/nav2_ws/install/nav_2d_msgs/include/nav_2d_msgs/nav_2d_msgs/msg/twist2_d_stamped.h
[3.506s] -- Up-to-date symlink: /home/arc/nav2_ws/install/nav_2d_msgs/share/nav_2d_msgs/environment/library_path.sh
[3.507s] -- Up-to-date symlink: /home/arc/nav2_ws/install/nav_2d_msgs/share/nav_2d_msgs/environment/library_path.dsv
[3.507s] -- Up-to-date symlink: /home/arc/nav2_ws/install/nav_2d_msgs/include/nav_2d_msgs/nav_2d_msgs/msg/detail/path2_d__rosidl_typesupport_fastrtps_c.h
[3.507s] -- Up-to-date symlink: /home/arc/nav2_ws/install/nav_2d_msgs/include/nav_2d_msgs/nav_2d_msgs/msg/detail/pose2_d32__rosidl_typesupport_fastrtps_c.h
[3.508s] -- Up-to-date symlink: /home/arc/nav2_ws/install/nav_2d_msgs/include/nav_2d_msgs/nav_2d_msgs/msg/detail/pose2_d_stamped__rosidl_typesupport_fastrtps_c.h
[3.508s] -- Up-to-date symlink: /home/arc/nav2_ws/install/nav_2d_msgs/include/nav_2d_msgs/nav_2d_msgs/msg/detail/twist2_d32__rosidl_typesupport_fastrtps_c.h
[3.508s] -- Up-to-date symlink: /home/arc/nav2_ws/install/nav_2d_msgs/include/nav_2d_msgs/nav_2d_msgs/msg/detail/twist2_d__rosidl_typesupport_fastrtps_c.h
[3.508s] -- Up-to-date symlink: /home/arc/nav2_ws/install/nav_2d_msgs/include/nav_2d_msgs/nav_2d_msgs/msg/detail/twist2_d_stamped__rosidl_typesupport_fastrtps_c.h
[3.508s] -- Up-to-date symlink: /home/arc/nav2_ws/install/nav_2d_msgs/include/nav_2d_msgs/nav_2d_msgs/msg/rosidl_typesupport_fastrtps_c__visibility_control.h
[3.509s] -- Up-to-date symlink: /home/arc/nav2_ws/install/nav_2d_msgs/include/nav_2d_msgs/nav_2d_msgs/msg/detail/path2_d__builder.hpp
[3.509s] -- Up-to-date symlink: /home/arc/nav2_ws/install/nav_2d_msgs/include/nav_2d_msgs/nav_2d_msgs/msg/detail/path2_d__struct.hpp
[3.510s] -- Up-to-date symlink: /home/arc/nav2_ws/install/nav_2d_msgs/include/nav_2d_msgs/nav_2d_msgs/msg/detail/path2_d__traits.hpp
[3.510s] -- Up-to-date symlink: /home/arc/nav2_ws/install/nav_2d_msgs/include/nav_2d_msgs/nav_2d_msgs/msg/detail/pose2_d32__builder.hpp
[3.510s] -- Up-to-date symlink: /home/arc/nav2_ws/install/nav_2d_msgs/include/nav_2d_msgs/nav_2d_msgs/msg/detail/pose2_d32__struct.hpp
[3.510s] -- Up-to-date symlink: /home/arc/nav2_ws/install/nav_2d_msgs/include/nav_2d_msgs/nav_2d_msgs/msg/detail/pose2_d32__traits.hpp
[3.510s] -- Up-to-date symlink: /home/arc/nav2_ws/install/nav_2d_msgs/include/nav_2d_msgs/nav_2d_msgs/msg/detail/pose2_d_stamped__builder.hpp
[3.511s] -- Up-to-date symlink: /home/arc/nav2_ws/install/nav_2d_msgs/include/nav_2d_msgs/nav_2d_msgs/msg/detail/pose2_d_stamped__struct.hpp
[3.511s] -- Up-to-date symlink: /home/arc/nav2_ws/install/nav_2d_msgs/include/nav_2d_msgs/nav_2d_msgs/msg/detail/pose2_d_stamped__traits.hpp
[3.511s] -- Up-to-date symlink: /home/arc/nav2_ws/install/nav_2d_msgs/include/nav_2d_msgs/nav_2d_msgs/msg/detail/twist2_d32__builder.hpp
[3.511s] -- Up-to-date symlink: /home/arc/nav2_ws/install/nav_2d_msgs/include/nav_2d_msgs/nav_2d_msgs/msg/detail/twist2_d32__struct.hpp
[3.511s] -- Up-to-date symlink: /home/arc/nav2_ws/install/nav_2d_msgs/include/nav_2d_msgs/nav_2d_msgs/msg/detail/twist2_d32__traits.hpp
[3.512s] -- Up-to-date symlink: /home/arc/nav2_ws/install/nav_2d_msgs/include/nav_2d_msgs/nav_2d_msgs/msg/detail/twist2_d__builder.hpp
[3.512s] -- Up-to-date symlink: /home/arc/nav2_ws/install/nav_2d_msgs/include/nav_2d_msgs/nav_2d_msgs/msg/detail/twist2_d__struct.hpp
[3.512s] -- Up-to-date symlink: /home/arc/nav2_ws/install/nav_2d_msgs/include/nav_2d_msgs/nav_2d_msgs/msg/detail/twist2_d__traits.hpp
[3.512s] -- Up-to-date symlink: /home/arc/nav2_ws/install/nav_2d_msgs/include/nav_2d_msgs/nav_2d_msgs/msg/detail/twist2_d_stamped__builder.hpp
[3.513s] -- Up-to-date symlink: /home/arc/nav2_ws/install/nav_2d_msgs/include/nav_2d_msgs/nav_2d_msgs/msg/detail/twist2_d_stamped__struct.hpp
[3.513s] -- Up-to-date symlink: /home/arc/nav2_ws/install/nav_2d_msgs/include/nav_2d_msgs/nav_2d_msgs/msg/detail/twist2_d_stamped__traits.hpp
[3.514s] -- Up-to-date symlink: /home/arc/nav2_ws/install/nav_2d_msgs/include/nav_2d_msgs/nav_2d_msgs/msg/path2_d.hpp
[3.514s] -- Up-to-date symlink: /home/arc/nav2_ws/install/nav_2d_msgs/include/nav_2d_msgs/nav_2d_msgs/msg/pose2_d32.hpp
[3.514s] -- Up-to-date symlink: /home/arc/nav2_ws/install/nav_2d_msgs/include/nav_2d_msgs/nav_2d_msgs/msg/pose2_d_stamped.hpp
[3.514s] -- Up-to-date symlink: /home/arc/nav2_ws/install/nav_2d_msgs/include/nav_2d_msgs/nav_2d_msgs/msg/twist2_d.hpp
[3.515s] -- Up-to-date symlink: /home/arc/nav2_ws/install/nav_2d_msgs/include/nav_2d_msgs/nav_2d_msgs/msg/twist2_d32.hpp
[3.515s] -- Up-to-date symlink: /home/arc/nav2_ws/install/nav_2d_msgs/include/nav_2d_msgs/nav_2d_msgs/msg/twist2_d_stamped.hpp
[3.516s] -- Up-to-date symlink: /home/arc/nav2_ws/install/nav_2d_msgs/include/nav_2d_msgs/nav_2d_msgs/msg/detail/path2_d__rosidl_typesupport_fastrtps_cpp.hpp
[3.516s] -- Up-to-date symlink: /home/arc/nav2_ws/install/nav_2d_msgs/include/nav_2d_msgs/nav_2d_msgs/msg/detail/pose2_d32__rosidl_typesupport_fastrtps_cpp.hpp
[3.516s] -- Up-to-date symlink: /home/arc/nav2_ws/install/nav_2d_msgs/include/nav_2d_msgs/nav_2d_msgs/msg/detail/pose2_d_stamped__rosidl_typesupport_fastrtps_cpp.hpp
[3.517s] -- Up-to-date symlink: /home/arc/nav2_ws/install/nav_2d_msgs/include/nav_2d_msgs/nav_2d_msgs/msg/detail/twist2_d32__rosidl_typesupport_fastrtps_cpp.hpp
[3.517s] -- Up-to-date symlink: /home/arc/nav2_ws/install/nav_2d_msgs/include/nav_2d_msgs/nav_2d_msgs/msg/detail/twist2_d__rosidl_typesupport_fastrtps_cpp.hpp
[3.517s] -- Up-to-date symlink: /home/arc/nav2_ws/install/nav_2d_msgs/include/nav_2d_msgs/nav_2d_msgs/msg/detail/twist2_d_stamped__rosidl_typesupport_fastrtps_cpp.hpp
[3.517s] -- Up-to-date symlink: /home/arc/nav2_ws/install/nav_2d_msgs/include/nav_2d_msgs/nav_2d_msgs/msg/rosidl_typesupport_fastrtps_cpp__visibility_control.h
[3.518s] -- Up-to-date symlink: /home/arc/nav2_ws/install/nav_2d_msgs/include/nav_2d_msgs/nav_2d_msgs/msg/detail/path2_d__rosidl_typesupport_introspection_c.h
[3.518s] -- Up-to-date symlink: /home/arc/nav2_ws/install/nav_2d_msgs/include/nav_2d_msgs/nav_2d_msgs/msg/detail/pose2_d32__rosidl_typesupport_introspection_c.h
[3.519s] -- Up-to-date symlink: /home/arc/nav2_ws/install/nav_2d_msgs/include/nav_2d_msgs/nav_2d_msgs/msg/detail/pose2_d_stamped__rosidl_typesupport_introspection_c.h
[3.519s] -- Up-to-date symlink: /home/arc/nav2_ws/install/nav_2d_msgs/include/nav_2d_msgs/nav_2d_msgs/msg/detail/twist2_d32__rosidl_typesupport_introspection_c.h
[3.519s] -- Up-to-date symlink: /home/arc/nav2_ws/install/nav_2d_msgs/include/nav_2d_msgs/nav_2d_msgs/msg/detail/twist2_d__rosidl_typesupport_introspection_c.h
[3.519s] -- Up-to-date symlink: /home/arc/nav2_ws/install/nav_2d_msgs/include/nav_2d_msgs/nav_2d_msgs/msg/detail/twist2_d_stamped__rosidl_typesupport_introspection_c.h
[3.520s] -- Up-to-date symlink: /home/arc/nav2_ws/install/nav_2d_msgs/include/nav_2d_msgs/nav_2d_msgs/msg/rosidl_typesupport_introspection_c__visibility_control.h
[3.520s] -- Up-to-date symlink: /home/arc/nav2_ws/install/nav_2d_msgs/include/nav_2d_msgs/nav_2d_msgs/msg/detail/path2_d__rosidl_typesupport_introspection_cpp.hpp
[3.521s] -- Up-to-date symlink: /home/arc/nav2_ws/install/nav_2d_msgs/include/nav_2d_msgs/nav_2d_msgs/msg/detail/pose2_d32__rosidl_typesupport_introspection_cpp.hpp
[3.521s] -- Up-to-date symlink: /home/arc/nav2_ws/install/nav_2d_msgs/include/nav_2d_msgs/nav_2d_msgs/msg/detail/pose2_d_stamped__rosidl_typesupport_introspection_cpp.hpp
[3.521s] -- Up-to-date symlink: /home/arc/nav2_ws/install/nav_2d_msgs/include/nav_2d_msgs/nav_2d_msgs/msg/detail/twist2_d32__rosidl_typesupport_introspection_cpp.hpp
[3.522s] -- Up-to-date symlink: /home/arc/nav2_ws/install/nav_2d_msgs/include/nav_2d_msgs/nav_2d_msgs/msg/detail/twist2_d__rosidl_typesupport_introspection_cpp.hpp
[3.522s] -- Up-to-date symlink: /home/arc/nav2_ws/install/nav_2d_msgs/include/nav_2d_msgs/nav_2d_msgs/msg/detail/twist2_d_stamped__rosidl_typesupport_introspection_cpp.hpp
[3.522s] -- Up-to-date symlink: /home/arc/nav2_ws/install/nav_2d_msgs/share/nav_2d_msgs/environment/pythonpath.sh
[3.522s] -- Up-to-date symlink: /home/arc/nav2_ws/install/nav_2d_msgs/share/nav_2d_msgs/environment/pythonpath.dsv
[3.523s] -- Up-to-date symlink: /home/arc/nav2_ws/install/nav_2d_msgs/local/lib/python3.10/dist-packages/nav_2d_msgs-1.1.2-py3.10.egg-info/PKG-INFO
[3.523s] -- Up-to-date symlink: /home/arc/nav2_ws/install/nav_2d_msgs/local/lib/python3.10/dist-packages/nav_2d_msgs-1.1.2-py3.10.egg-info/SOURCES.txt
[3.524s] -- Up-to-date symlink: /home/arc/nav2_ws/install/nav_2d_msgs/local/lib/python3.10/dist-packages/nav_2d_msgs-1.1.2-py3.10.egg-info/dependency_links.txt
[3.524s] -- Up-to-date symlink: /home/arc/nav2_ws/install/nav_2d_msgs/local/lib/python3.10/dist-packages/nav_2d_msgs-1.1.2-py3.10.egg-info/top_level.txt
[3.525s] -- Up-to-date symlink: /home/arc/nav2_ws/install/nav_2d_msgs/local/lib/python3.10/dist-packages/nav_2d_msgs/__init__.py
[3.526s] -- Up-to-date symlink: /home/arc/nav2_ws/install/nav_2d_msgs/local/lib/python3.10/dist-packages/nav_2d_msgs/_nav_2d_msgs_s.ep.rosidl_typesupport_c.c
[3.526s] -- Up-to-date symlink: /home/arc/nav2_ws/install/nav_2d_msgs/local/lib/python3.10/dist-packages/nav_2d_msgs/_nav_2d_msgs_s.ep.rosidl_typesupport_fastrtps_c.c
[3.526s] -- Up-to-date symlink: /home/arc/nav2_ws/install/nav_2d_msgs/local/lib/python3.10/dist-packages/nav_2d_msgs/_nav_2d_msgs_s.ep.rosidl_typesupport_introspection_c.c
[3.526s] -- Up-to-date symlink: /home/arc/nav2_ws/install/nav_2d_msgs/local/lib/python3.10/dist-packages/nav_2d_msgs/libnav_2d_msgs__rosidl_generator_py.so
[3.527s] -- Up-to-date symlink: /home/arc/nav2_ws/install/nav_2d_msgs/local/lib/python3.10/dist-packages/nav_2d_msgs/msg/__init__.py
[3.527s] -- Up-to-date symlink: /home/arc/nav2_ws/install/nav_2d_msgs/local/lib/python3.10/dist-packages/nav_2d_msgs/msg/_path2_d.py
[3.527s] -- Up-to-date symlink: /home/arc/nav2_ws/install/nav_2d_msgs/local/lib/python3.10/dist-packages/nav_2d_msgs/msg/_path2_d_s.c
[3.527s] -- Up-to-date symlink: /home/arc/nav2_ws/install/nav_2d_msgs/local/lib/python3.10/dist-packages/nav_2d_msgs/msg/_pose2_d32.py
[3.528s] -- Up-to-date symlink: /home/arc/nav2_ws/install/nav_2d_msgs/local/lib/python3.10/dist-packages/nav_2d_msgs/msg/_pose2_d32_s.c
[3.528s] -- Up-to-date symlink: /home/arc/nav2_ws/install/nav_2d_msgs/local/lib/python3.10/dist-packages/nav_2d_msgs/msg/_pose2_d_stamped.py
[3.528s] -- Up-to-date symlink: /home/arc/nav2_ws/install/nav_2d_msgs/local/lib/python3.10/dist-packages/nav_2d_msgs/msg/_pose2_d_stamped_s.c
[3.529s] -- Up-to-date symlink: /home/arc/nav2_ws/install/nav_2d_msgs/local/lib/python3.10/dist-packages/nav_2d_msgs/msg/_twist2_d.py
[3.529s] -- Up-to-date symlink: /home/arc/nav2_ws/install/nav_2d_msgs/local/lib/python3.10/dist-packages/nav_2d_msgs/msg/_twist2_d32.py
[3.529s] -- Up-to-date symlink: /home/arc/nav2_ws/install/nav_2d_msgs/local/lib/python3.10/dist-packages/nav_2d_msgs/msg/_twist2_d32_s.c
[3.529s] -- Up-to-date symlink: /home/arc/nav2_ws/install/nav_2d_msgs/local/lib/python3.10/dist-packages/nav_2d_msgs/msg/_twist2_d_s.c
[3.529s] -- Up-to-date symlink: /home/arc/nav2_ws/install/nav_2d_msgs/local/lib/python3.10/dist-packages/nav_2d_msgs/msg/_twist2_d_stamped.py
[3.530s] -- Up-to-date symlink: /home/arc/nav2_ws/install/nav_2d_msgs/local/lib/python3.10/dist-packages/nav_2d_msgs/msg/_twist2_d_stamped_s.c
[3.530s] -- Up-to-date symlink: /home/arc/nav2_ws/install/nav_2d_msgs/local/lib/python3.10/dist-packages/nav_2d_msgs/nav_2d_msgs_s__rosidl_typesupport_c.cpython-310-x86_64-linux-gnu.so
[3.530s] -- Up-to-date symlink: /home/arc/nav2_ws/install/nav_2d_msgs/local/lib/python3.10/dist-packages/nav_2d_msgs/nav_2d_msgs_s__rosidl_typesupport_fastrtps_c.cpython-310-x86_64-linux-gnu.so
[3.530s] -- Up-to-date symlink: /home/arc/nav2_ws/install/nav_2d_msgs/local/lib/python3.10/dist-packages/nav_2d_msgs/nav_2d_msgs_s__rosidl_typesupport_introspection_c.cpython-310-x86_64-linux-gnu.so
[3.531s] -- Up-to-date symlink: /home/arc/nav2_ws/install/nav_2d_msgs/local/lib/python3.10/dist-packages/nav_2d_msgs/nav_2d_msgs_s__rosidl_typesupport_fastrtps_c.cpython-310-x86_64-linux-gnu.so
[3.532s] -- Up-to-date symlink: /home/arc/nav2_ws/install/nav_2d_msgs/local/lib/python3.10/dist-packages/nav_2d_msgs/nav_2d_msgs_s__rosidl_typesupport_introspection_c.cpython-310-x86_64-linux-gnu.so
[3.532s] -- Up-to-date symlink: /home/arc/nav2_ws/install/nav_2d_msgs/local/lib/python3.10/dist-packages/nav_2d_msgs/nav_2d_msgs_s__rosidl_typesupport_c.cpython-310-x86_64-linux-gnu.so
[3.533s] -- Up-to-date symlink: /home/arc/nav2_ws/install/nav_2d_msgs/share/nav_2d_msgs/msg/Path2D.idl
[3.533s] -- Up-to-date symlink: /home/arc/nav2_ws/install/nav_2d_msgs/share/nav_2d_msgs/msg/Pose2D32.idl
[3.533s] -- Up-to-date symlink: /home/arc/nav2_ws/install/nav_2d_msgs/share/nav_2d_msgs/msg/Pose2DStamped.idl
[3.534s] -- Up-to-date symlink: /home/arc/nav2_ws/install/nav_2d_msgs/share/nav_2d_msgs/msg/Twist2D.idl
[3.534s] -- Up-to-date symlink: /home/arc/nav2_ws/install/nav_2d_msgs/share/nav_2d_msgs/msg/Twist2D32.idl
[3.534s] -- Up-to-date symlink: /home/arc/nav2_ws/install/nav_2d_msgs/share/nav_2d_msgs/msg/Twist2DStamped.idl
[3.535s] -- Up-to-date symlink: /home/arc/nav2_ws/install/nav_2d_msgs/share/nav_2d_msgs/msg/Path2D.msg
[3.535s] -- Up-to-date symlink: /home/arc/nav2_ws/install/nav_2d_msgs/share/nav_2d_msgs/msg/Pose2D32.msg
[3.535s] -- Up-to-date symlink: /home/arc/nav2_ws/install/nav_2d_msgs/share/nav_2d_msgs/msg/Pose2DStamped.msg
[3.536s] -- Up-to-date symlink: /home/arc/nav2_ws/install/nav_2d_msgs/share/nav_2d_msgs/msg/Twist2D.msg
[3.536s] -- Up-to-date symlink: /home/arc/nav2_ws/install/nav_2d_msgs/share/nav_2d_msgs/msg/Twist2D32.msg
[3.536s] -- Up-to-date symlink: /home/arc/nav2_ws/install/nav_2d_msgs/share/nav_2d_msgs/msg/Twist2DStamped.msg
[3.537s] -- Up-to-date symlink: /home/arc/nav2_ws/install/nav_2d_msgs/share/ament_index/resource_index/package_run_dependencies/nav_2d_msgs
[3.537s] -- Up-to-date symlink: /home/arc/nav2_ws/install/nav_2d_msgs/share/ament_index/resource_index/parent_prefix_path/nav_2d_msgs
[3.538s] -- Up-to-date symlink: /home/arc/nav2_ws/install/nav_2d_msgs/share/nav_2d_msgs/environment/ament_prefix_path.sh
[3.538s] -- Up-to-date symlink: /home/arc/nav2_ws/install/nav_2d_msgs/share/nav_2d_msgs/environment/ament_prefix_path.dsv
[3.538s] -- Up-to-date symlink: /home/arc/nav2_ws/install/nav_2d_msgs/share/nav_2d_msgs/environment/path.sh
[3.539s] -- Up-to-date symlink: /home/arc/nav2_ws/install/nav_2d_msgs/share/nav_2d_msgs/environment/path.dsv
[3.539s] -- Up-to-date symlink: /home/arc/nav2_ws/install/nav_2d_msgs/share/nav_2d_msgs/local_setup.bash
[3.539s] -- Up-to-date symlink: /home/arc/nav2_ws/install/nav_2d_msgs/share/nav_2d_msgs/local_setup.sh
[3.540s] -- Up-to-date symlink: /home/arc/nav2_ws/install/nav_2d_msgs/share/nav_2d_msgs/local_setup.zsh
[3.540s] -- Up-to-date symlink: /home/arc/nav2_ws/install/nav_2d_msgs/share/nav_2d_msgs/local_setup.dsv
[3.540s] -- Symlinking: /home/arc/nav2_ws/install/nav_2d_msgs/share/nav_2d_msgs/package.dsv
[3.551s] -- Up-to-date symlink: /home/arc/nav2_ws/install/nav_2d_msgs/share/ament_index/resource_index/packages/nav_2d_msgs
[3.551s] -- Up-to-date symlink: /home/arc/nav2_ws/install/nav_2d_msgs/share/nav_2d_msgs/cmake/rosidl_cmake-extras.cmake
[3.551s] -- Up-to-date symlink: /home/arc/nav2_ws/install/nav_2d_msgs/share/nav_2d_msgs/cmake/ament_cmake_export_dependencies-extras.cmake
[3.552s] -- Up-to-date symlink: /home/arc/nav2_ws/install/nav_2d_msgs/share/nav_2d_msgs/cmake/ament_cmake_export_include_directories-extras.cmake
[3.552s] -- Up-to-date symlink: /home/arc/nav2_ws/install/nav_2d_msgs/share/nav_2d_msgs/cmake/ament_cmake_export_libraries-extras.cmake
[3.552s] -- Up-to-date symlink: /home/arc/nav2_ws/install/nav_2d_msgs/share/nav_2d_msgs/cmake/ament_cmake_export_targets-extras.cmake
[3.552s] -- Up-to-date symlink: /home/arc/nav2_ws/install/nav_2d_msgs/share/nav_2d_msgs/cmake/rosidl_cmake_export_typesupport_targets-extras.cmake
[3.552s] -- Up-to-date symlink: /home/arc/nav2_ws/install/nav_2d_msgs/share/nav_2d_msgs/cmake/rosidl_cmake_export_typesupport_libraries-extras.cmake
[3.553s] -- Up-to-date symlink: /home/arc/nav2_ws/install/nav_2d_msgs/share/nav_2d_msgs/cmake/nav_2d_msgsConfig.cmake
[3.553s] -- Up-to-date symlink: /home/arc/nav2_ws/install/nav_2d_msgs/share/nav_2d_msgs/cmake/nav_2d_msgsConfig-version.cmake
[3.554s] -- Up-to-date symlink: /home/arc/nav2_ws/install/nav_2d_msgs/share/nav_2d_msgs/package.xml
[3.554s] -- Up-to-date: /home/arc/nav2_ws/install/nav_2d_msgs/lib/libnav_2d_msgs__rosidl_generator_c.so
[3.554s] -- Up-to-date: /home/arc/nav2_ws/install/nav_2d_msgs/lib/libnav_2d_msgs__rosidl_typesupport_fastrtps_c.so
[3.555s] -- Up-to-date: /home/arc/nav2_ws/install/nav_2d_msgs/lib/libnav_2d_msgs__rosidl_typesupport_fastrtps_cpp.so
[3.555s] -- Up-to-date: /home/arc/nav2_ws/install/nav_2d_msgs/lib/libnav_2d_msgs__rosidl_typesupport_introspection_c.so
[3.556s] -- Up-to-date: /home/arc/nav2_ws/install/nav_2d_msgs/lib/libnav_2d_msgs__rosidl_typesupport_c.so
[3.556s] -- Up-to-date: /home/arc/nav2_ws/install/nav_2d_msgs/lib/libnav_2d_msgs__rosidl_typesupport_introspection_cpp.so
[3.556s] -- Up-to-date: /home/arc/nav2_ws/install/nav_2d_msgs/lib/libnav_2d_msgs__rosidl_typesupport_cpp.so
[3.596s] Listing '/home/arc/nav2_ws/install/nav_2d_msgs/local/lib/python3.10/dist-packages/nav_2d_msgs'...
[3.596s] Compiling '/home/arc/nav2_ws/install/nav_2d_msgs/local/lib/python3.10/dist-packages/nav_2d_msgs/__init__.py'...
[3.596s] Listing '/home/arc/nav2_ws/install/nav_2d_msgs/local/lib/python3.10/dist-packages/nav_2d_msgs/msg'...
[3.603s] -- Up-to-date: /home/arc/nav2_ws/install/nav_2d_msgs/lib/libnav_2d_msgs__rosidl_generator_py.so
[3.603s] -- Up-to-date: /home/arc/nav2_ws/install/nav_2d_msgs/share/nav_2d_msgs/cmake/export_nav_2d_msgs__rosidl_generator_cExport.cmake
[3.603s] -- Up-to-date: /home/arc/nav2_ws/install/nav_2d_msgs/share/nav_2d_msgs/cmake/export_nav_2d_msgs__rosidl_generator_cExport-noconfig.cmake
[3.603s] -- Up-to-date: /home/arc/nav2_ws/install/nav_2d_msgs/share/nav_2d_msgs/cmake/export_nav_2d_msgs__rosidl_typesupport_fastrtps_cExport.cmake
[3.604s] -- Up-to-date: /home/arc/nav2_ws/install/nav_2d_msgs/share/nav_2d_msgs/cmake/export_nav_2d_msgs__rosidl_typesupport_fastrtps_cExport-noconfig.cmake
[3.604s] -- Up-to-date: /home/arc/nav2_ws/install/nav_2d_msgs/share/nav_2d_msgs/cmake/export_nav_2d_msgs__rosidl_generator_cppExport.cmake
[3.604s] -- Up-to-date: /home/arc/nav2_ws/install/nav_2d_msgs/share/nav_2d_msgs/cmake/export_nav_2d_msgs__rosidl_typesupport_fastrtps_cppExport.cmake
[3.604s] -- Up-to-date: /home/arc/nav2_ws/install/nav_2d_msgs/share/nav_2d_msgs/cmake/export_nav_2d_msgs__rosidl_typesupport_fastrtps_cppExport-noconfig.cmake
[3.605s] -- Up-to-date: /home/arc/nav2_ws/install/nav_2d_msgs/share/nav_2d_msgs/cmake/nav_2d_msgs__rosidl_typesupport_introspection_cExport.cmake
[3.605s] -- Up-to-date: /home/arc/nav2_ws/install/nav_2d_msgs/share/nav_2d_msgs/cmake/nav_2d_msgs__rosidl_typesupport_introspection_cExport-noconfig.cmake
[3.605s] -- Up-to-date: /home/arc/nav2_ws/install/nav_2d_msgs/share/nav_2d_msgs/cmake/nav_2d_msgs__rosidl_typesupport_cExport.cmake
[3.605s] -- Up-to-date: /home/arc/nav2_ws/install/nav_2d_msgs/share/nav_2d_msgs/cmake/nav_2d_msgs__rosidl_typesupport_cExport-noconfig.cmake
[3.605s] -- Up-to-date: /home/arc/nav2_ws/install/nav_2d_msgs/share/nav_2d_msgs/cmake/nav_2d_msgs__rosidl_typesupport_introspection_cppExport.cmake
[3.606s] -- Up-to-date: /home/arc/nav2_ws/install/nav_2d_msgs/share/nav_2d_msgs/cmake/nav_2d_msgs__rosidl_typesupport_introspection_cppExport-noconfig.cmake
[3.606s] -- Up-to-date: /home/arc/nav2_ws/install/nav_2d_msgs/share/nav_2d_msgs/cmake/nav_2d_msgs__rosidl_typesupport_cppExport.cmake
[3.606s] -- Up-to-date: /home/arc/nav2_ws/install/nav_2d_msgs/share/nav_2d_msgs/cmake/nav_2d_msgs__rosidl_typesupport_cppExport-noconfig.cmake
[3.606s] -- Up-to-date: /home/arc/nav2_ws/install/nav_2d_msgs/share/nav_2d_msgs/cmake/export_nav_2d_msgs__rosidl_generator_pyExport.cmake
[3.606s] -- Up-to-date: /home/arc/nav2_ws/install/nav_2d_msgs/share/nav_2d_msgs/cmake/export_nav_2d_msgs__rosidl_generator_pyExport-noconfig.cmake
[3.610s] Invoked command in '/home/arc/nav2_ws/build/nav_2d_msgs' returned '0': CMAKE_PREFIX_PATH=${CMAKE_PREFIX_PATH}:/opt/ros/humble /usr/bin/cmake --install /home/arc/nav2_ws/build/nav_2d_msgs
