[0.040s] Invoking command in '/home/arc/nav2_ws/build/costmap_queue': AMENT_PREFIX_PATH=/home/arc/nav2_ws/install/nav2_costmap_2d:/home/arc/nav2_ws/install/nav2_util:/home/arc/nav2_ws/install/nav2_voxel_grid:/home/arc/nav2_ws/install/nav2_msgs:/home/arc/nav2_ws/install/nav2_common:${AMENT_PREFIX_PATH} CMAKE_PREFIX_PATH=/home/arc/nav2_ws/install/nav2_costmap_2d:/home/arc/nav2_ws/install/nav2_util:/home/arc/nav2_ws/install/nav2_voxel_grid:/home/arc/nav2_ws/install/nav2_msgs:/home/arc/nav2_ws/install/nav2_common:/home/arc/workspace/install:/opt/ros/humble LD_LIBRARY_PATH=/home/arc/nav2_ws/install/nav2_costmap_2d/lib:/home/arc/nav2_ws/install/nav2_util/lib:/home/arc/nav2_ws/install/nav2_voxel_grid/lib:/home/arc/nav2_ws/install/nav2_msgs/lib:${LD_LIBRARY_PATH} PYTHONPATH=/home/arc/nav2_ws/install/nav2_msgs/local/lib/python3.10/dist-packages:/home/arc/nav2_ws/install/nav2_common/local/lib/python3.10/dist-packages:${PYTHONPATH} /usr/bin/cmake /home/arc/nav2_ws/src/navigation2/nav2_dwb_controller/costmap_queue -DAMENT_CMAKE_SYMLINK_INSTALL=1 -DCMAKE_INSTALL_PREFIX=/home/arc/nav2_ws/install/costmap_queue
[0.156s] -- The C compiler identification is GNU 11.2.0
[0.268s] -- The CXX compiler identification is GNU 11.2.0
[0.284s] -- Detecting C compiler ABI info
[0.410s] -- Detecting C compiler ABI info - done
[0.428s] -- Check for working C compiler: /usr/bin/cc - skipped
[0.429s] -- Detecting C compile features
[0.430s] -- Detecting C compile features - done
[0.437s] -- Detecting CXX compiler ABI info
[0.596s] -- Detecting CXX compiler ABI info - done
[0.616s] -- Check for working CXX compiler: /usr/bin/c++ - skipped
[0.616s] -- Detecting CXX compile features
[0.617s] -- Detecting CXX compile features - done
[0.623s] -- Found ament_cmake: 1.3.2 (/opt/ros/humble/share/ament_cmake/cmake)
[2.249s] -- Found Python3: /usr/bin/python3.10 (found version "3.10.6") found components: Interpreter 
[2.394s] -- Override CMake install command with custom implementation using symlinks instead of copying resources
[2.455s] -- Found nav2_common: 1.1.2 (/home/arc/nav2_ws/install/nav2_common/share/nav2_common/cmake)
[2.456s] -- Found nav2_costmap_2d: 1.1.2 (/home/arc/nav2_ws/install/nav2_costmap_2d/share/nav2_costmap_2d/cmake)
[2.561s] -- Found rosidl_generator_c: 3.1.3 (/opt/ros/humble/share/rosidl_generator_c/cmake)
[2.574s] -- Found rosidl_adapter: 3.1.3 (/opt/ros/humble/share/rosidl_adapter/cmake)
[2.596s] -- Found rosidl_generator_cpp: 3.1.3 (/opt/ros/humble/share/rosidl_generator_cpp/cmake)
[2.635s] -- Using all available rosidl_typesupport_c: rosidl_typesupport_fastrtps_c;rosidl_typesupport_introspection_c
[2.689s] -- Using all available rosidl_typesupport_cpp: rosidl_typesupport_fastrtps_cpp;rosidl_typesupport_introspection_cpp
[3.216s] -- Found rmw_implementation_cmake: 6.1.0 (/opt/ros/humble/share/rmw_implementation_cmake/cmake)
[3.223s] -- Found rmw_fastrtps_cpp: 6.2.1 (/opt/ros/humble/share/rmw_fastrtps_cpp/cmake)
[3.425s] -- Found OpenSSL: /usr/lib/x86_64-linux-gnu/libcrypto.so (found version "3.0.2")  
[3.487s] -- Found FastRTPS: /opt/ros/humble/include  
[3.597s] -- Using RMW implementation 'rmw_fastrtps_cpp' as default
[6.531s] -- Found Eigen3: TRUE (found version "3.4.0") 
[6.532s] -- Ensuring Eigen3 include directory is part of orocos-kdl CMake target
[8.558s] -- Setting build type to Release as none was specified.
[10.084s] -- Found ament_lint_auto: 0.12.4 (/opt/ros/humble/share/ament_lint_auto/cmake)
[10.275s] -- Found gtest sources under '/opt/ros/humble/src/gtest_vendor': C++ tests using 'Google Test' will be built
[10.283s] -- Looking for pthread.h
[10.421s] -- Looking for pthread.h - found
[10.421s] -- Performing Test CMAKE_HAVE_LIBC_PTHREAD
[10.560s] -- Performing Test CMAKE_HAVE_LIBC_PTHREAD - Success
[10.560s] -- Found Threads: TRUE  
[13.666s] -- Added test 'cppcheck' to perform static code analysis on C / C++ code
[13.668s] -- Configured cppcheck include dirs: /home/arc/nav2_ws/src/navigation2/nav2_dwb_controller/costmap_queue/include
[13.669s] -- Configured cppcheck exclude dirs and/or files: 
[13.672s] -- Added test 'cpplint' to check C / C++ code against the Google style
[13.672s] -- Configured cpplint exclude dirs and/or files: 
[13.674s] -- Added test 'lint_cmake' to check CMake code style
[13.678s] -- Added test 'uncrustify' to check C / C++ code style
[13.678s] -- Configured uncrustify additional arguments: 
[13.680s] -- Added test 'xmllint' to check XML markup files
[13.686s] -- Configuring done
[13.970s] -- Generating done
[13.976s] -- Build files have been written to: /home/arc/nav2_ws/build/costmap_queue
[14.004s] Invoked command in '/home/arc/nav2_ws/build/costmap_queue' returned '0': AMENT_PREFIX_PATH=/home/arc/nav2_ws/install/nav2_costmap_2d:/home/arc/nav2_ws/install/nav2_util:/home/arc/nav2_ws/install/nav2_voxel_grid:/home/arc/nav2_ws/install/nav2_msgs:/home/arc/nav2_ws/install/nav2_common:${AMENT_PREFIX_PATH} CMAKE_PREFIX_PATH=/home/arc/nav2_ws/install/nav2_costmap_2d:/home/arc/nav2_ws/install/nav2_util:/home/arc/nav2_ws/install/nav2_voxel_grid:/home/arc/nav2_ws/install/nav2_msgs:/home/arc/nav2_ws/install/nav2_common:/home/arc/workspace/install:/opt/ros/humble LD_LIBRARY_PATH=/home/arc/nav2_ws/install/nav2_costmap_2d/lib:/home/arc/nav2_ws/install/nav2_util/lib:/home/arc/nav2_ws/install/nav2_voxel_grid/lib:/home/arc/nav2_ws/install/nav2_msgs/lib:${LD_LIBRARY_PATH} PYTHONPATH=/home/arc/nav2_ws/install/nav2_msgs/local/lib/python3.10/dist-packages:/home/arc/nav2_ws/install/nav2_common/local/lib/python3.10/dist-packages:${PYTHONPATH} /usr/bin/cmake /home/arc/nav2_ws/src/navigation2/nav2_dwb_controller/costmap_queue -DAMENT_CMAKE_SYMLINK_INSTALL=1 -DCMAKE_INSTALL_PREFIX=/home/arc/nav2_ws/install/costmap_queue
[14.005s] Invoking command in '/home/arc/nav2_ws/build/costmap_queue': AMENT_PREFIX_PATH=/home/arc/nav2_ws/install/nav2_costmap_2d:/home/arc/nav2_ws/install/nav2_util:/home/arc/nav2_ws/install/nav2_voxel_grid:/home/arc/nav2_ws/install/nav2_msgs:/home/arc/nav2_ws/install/nav2_common:${AMENT_PREFIX_PATH} CMAKE_PREFIX_PATH=/home/arc/nav2_ws/install/nav2_costmap_2d:/home/arc/nav2_ws/install/nav2_util:/home/arc/nav2_ws/install/nav2_voxel_grid:/home/arc/nav2_ws/install/nav2_msgs:/home/arc/nav2_ws/install/nav2_common:/home/arc/workspace/install:/opt/ros/humble LD_LIBRARY_PATH=/home/arc/nav2_ws/install/nav2_costmap_2d/lib:/home/arc/nav2_ws/install/nav2_util/lib:/home/arc/nav2_ws/install/nav2_voxel_grid/lib:/home/arc/nav2_ws/install/nav2_msgs/lib:${LD_LIBRARY_PATH} PYTHONPATH=/home/arc/nav2_ws/install/nav2_msgs/local/lib/python3.10/dist-packages:/home/arc/nav2_ws/install/nav2_common/local/lib/python3.10/dist-packages:${PYTHONPATH} /usr/bin/cmake --build /home/arc/nav2_ws/build/costmap_queue -- -j4 -l4
[14.106s] [  9%] [32mBuilding CXX object CMakeFiles/costmap_queue.dir/src/costmap_queue.cpp.o[0m
[16.925s] [ 18%] [32mBuilding CXX object CMakeFiles/costmap_queue.dir/src/limited_costmap_queue.cpp.o[0m
[19.051s] [ 27%] [32m[1mLinking CXX static library libcostmap_queue.a[0m
[19.108s] [ 27%] Built target costmap_queue
[19.143s] [ 36%] [32mBuilding CXX object gtest/CMakeFiles/gtest.dir/src/gtest-all.cc.o[0m
[37.789s] [ 45%] [32m[1mLinking CXX static library libgtest.a[0m
[37.855s] [ 45%] Built target gtest
[37.894s] [ 54%] [32mBuilding CXX object gtest/CMakeFiles/gtest_main.dir/src/gtest_main.cc.o[0m
[40.052s] [ 63%] [32m[1mLinking CXX static library libgtest_main.a[0m
[40.108s] [ 63%] Built target gtest_main
[40.149s] [ 72%] [32mBuilding CXX object CMakeFiles/mbq_test.dir/test/mbq_test.cpp.o[0m
[43.674s] [ 81%] [32m[1mLinking CXX executable mbq_test[0m
[45.357s] [ 81%] Built target mbq_test
[45.401s] [ 90%] [32mBuilding CXX object CMakeFiles/utest.dir/test/utest.cpp.o[0m
[54.665s] [100%] [32m[1mLinking CXX executable utest[0m
[55.371s] [100%] Built target utest
[55.419s] Invoked command in '/home/arc/nav2_ws/build/costmap_queue' returned '0': AMENT_PREFIX_PATH=/home/arc/nav2_ws/install/nav2_costmap_2d:/home/arc/nav2_ws/install/nav2_util:/home/arc/nav2_ws/install/nav2_voxel_grid:/home/arc/nav2_ws/install/nav2_msgs:/home/arc/nav2_ws/install/nav2_common:${AMENT_PREFIX_PATH} CMAKE_PREFIX_PATH=/home/arc/nav2_ws/install/nav2_costmap_2d:/home/arc/nav2_ws/install/nav2_util:/home/arc/nav2_ws/install/nav2_voxel_grid:/home/arc/nav2_ws/install/nav2_msgs:/home/arc/nav2_ws/install/nav2_common:/home/arc/workspace/install:/opt/ros/humble LD_LIBRARY_PATH=/home/arc/nav2_ws/install/nav2_costmap_2d/lib:/home/arc/nav2_ws/install/nav2_util/lib:/home/arc/nav2_ws/install/nav2_voxel_grid/lib:/home/arc/nav2_ws/install/nav2_msgs/lib:${LD_LIBRARY_PATH} PYTHONPATH=/home/arc/nav2_ws/install/nav2_msgs/local/lib/python3.10/dist-packages:/home/arc/nav2_ws/install/nav2_common/local/lib/python3.10/dist-packages:${PYTHONPATH} /usr/bin/cmake --build /home/arc/nav2_ws/build/costmap_queue -- -j4 -l4
[55.485s] Invoking command in '/home/arc/nav2_ws/build/costmap_queue': AMENT_PREFIX_PATH=/home/arc/nav2_ws/install/nav2_costmap_2d:/home/arc/nav2_ws/install/nav2_util:/home/arc/nav2_ws/install/nav2_voxel_grid:/home/arc/nav2_ws/install/nav2_msgs:/home/arc/nav2_ws/install/nav2_common:${AMENT_PREFIX_PATH} CMAKE_PREFIX_PATH=/home/arc/nav2_ws/install/nav2_costmap_2d:/home/arc/nav2_ws/install/nav2_util:/home/arc/nav2_ws/install/nav2_voxel_grid:/home/arc/nav2_ws/install/nav2_msgs:/home/arc/nav2_ws/install/nav2_common:/home/arc/workspace/install:/opt/ros/humble LD_LIBRARY_PATH=/home/arc/nav2_ws/install/nav2_costmap_2d/lib:/home/arc/nav2_ws/install/nav2_util/lib:/home/arc/nav2_ws/install/nav2_voxel_grid/lib:/home/arc/nav2_ws/install/nav2_msgs/lib:${LD_LIBRARY_PATH} PYTHONPATH=/home/arc/nav2_ws/install/nav2_msgs/local/lib/python3.10/dist-packages:/home/arc/nav2_ws/install/nav2_common/local/lib/python3.10/dist-packages:${PYTHONPATH} /usr/bin/cmake --install /home/arc/nav2_ws/build/costmap_queue
[55.507s] -- Install configuration: "Release"
[55.507s] -- Execute custom install script
[55.507s] -- Symlinking: /home/arc/nav2_ws/install/costmap_queue/lib/libcostmap_queue.a
[55.527s] -- Symlinking: /home/arc/nav2_ws/install/costmap_queue/include//costmap_queue/costmap_queue.hpp
[55.542s] -- Symlinking: /home/arc/nav2_ws/install/costmap_queue/include//costmap_queue/limited_costmap_queue.hpp
[55.559s] -- Symlinking: /home/arc/nav2_ws/install/costmap_queue/include//costmap_queue/map_based_queue.hpp
[55.577s] -- Symlinking: /home/arc/nav2_ws/install/costmap_queue/share/costmap_queue/environment/library_path.sh
[55.595s] -- Symlinking: /home/arc/nav2_ws/install/costmap_queue/share/costmap_queue/environment/library_path.dsv
[55.612s] -- Symlinking: /home/arc/nav2_ws/install/costmap_queue/share/ament_index/resource_index/package_run_dependencies/costmap_queue
[55.629s] -- Symlinking: /home/arc/nav2_ws/install/costmap_queue/share/ament_index/resource_index/parent_prefix_path/costmap_queue
[55.646s] -- Symlinking: /home/arc/nav2_ws/install/costmap_queue/share/costmap_queue/environment/ament_prefix_path.sh
[55.662s] -- Symlinking: /home/arc/nav2_ws/install/costmap_queue/share/costmap_queue/environment/ament_prefix_path.dsv
[55.678s] -- Symlinking: /home/arc/nav2_ws/install/costmap_queue/share/costmap_queue/environment/path.sh
[55.694s] -- Symlinking: /home/arc/nav2_ws/install/costmap_queue/share/costmap_queue/environment/path.dsv
[55.711s] -- Symlinking: /home/arc/nav2_ws/install/costmap_queue/share/costmap_queue/local_setup.bash
[55.728s] -- Symlinking: /home/arc/nav2_ws/install/costmap_queue/share/costmap_queue/local_setup.sh
[55.745s] -- Symlinking: /home/arc/nav2_ws/install/costmap_queue/share/costmap_queue/local_setup.zsh
[55.763s] -- Symlinking: /home/arc/nav2_ws/install/costmap_queue/share/costmap_queue/local_setup.dsv
[55.780s] -- Symlinking: /home/arc/nav2_ws/install/costmap_queue/share/costmap_queue/package.dsv
[55.797s] -- Symlinking: /home/arc/nav2_ws/install/costmap_queue/share/ament_index/resource_index/packages/costmap_queue
[55.813s] -- Symlinking: /home/arc/nav2_ws/install/costmap_queue/share/costmap_queue/cmake/ament_cmake_export_include_directories-extras.cmake
[55.830s] -- Symlinking: /home/arc/nav2_ws/install/costmap_queue/share/costmap_queue/cmake/ament_cmake_export_libraries-extras.cmake
[55.847s] -- Symlinking: /home/arc/nav2_ws/install/costmap_queue/share/costmap_queue/cmake/costmap_queueConfig.cmake
[55.866s] -- Symlinking: /home/arc/nav2_ws/install/costmap_queue/share/costmap_queue/cmake/costmap_queueConfig-version.cmake
[55.884s] -- Symlinking: /home/arc/nav2_ws/install/costmap_queue/share/costmap_queue/package.xml
[55.916s] Invoked command in '/home/arc/nav2_ws/build/costmap_queue' returned '0': AMENT_PREFIX_PATH=/home/arc/nav2_ws/install/nav2_costmap_2d:/home/arc/nav2_ws/install/nav2_util:/home/arc/nav2_ws/install/nav2_voxel_grid:/home/arc/nav2_ws/install/nav2_msgs:/home/arc/nav2_ws/install/nav2_common:${AMENT_PREFIX_PATH} CMAKE_PREFIX_PATH=/home/arc/nav2_ws/install/nav2_costmap_2d:/home/arc/nav2_ws/install/nav2_util:/home/arc/nav2_ws/install/nav2_voxel_grid:/home/arc/nav2_ws/install/nav2_msgs:/home/arc/nav2_ws/install/nav2_common:/home/arc/workspace/install:/opt/ros/humble LD_LIBRARY_PATH=/home/arc/nav2_ws/install/nav2_costmap_2d/lib:/home/arc/nav2_ws/install/nav2_util/lib:/home/arc/nav2_ws/install/nav2_voxel_grid/lib:/home/arc/nav2_ws/install/nav2_msgs/lib:${LD_LIBRARY_PATH} PYTHONPATH=/home/arc/nav2_ws/install/nav2_msgs/local/lib/python3.10/dist-packages:/home/arc/nav2_ws/install/nav2_common/local/lib/python3.10/dist-packages:${PYTHONPATH} /usr/bin/cmake --install /home/arc/nav2_ws/build/costmap_queue
