[0.031s] Invoking command in '/home/arc/nav2_ws/build/nav2_velocity_smoother': AMENT_PREFIX_PATH=/home/arc/nav2_ws/install/nav2_util:/home/arc/nav2_ws/install/nav2_msgs:/home/arc/nav2_ws/install/nav2_common:${AMENT_PREFIX_PATH} CMAKE_PREFIX_PATH=/home/arc/nav2_ws/install/nav2_util:/home/arc/nav2_ws/install/nav2_msgs:/home/arc/nav2_ws/install/nav2_common:/home/arc/workspace/install:/opt/ros/humble LD_LIBRARY_PATH=/home/arc/nav2_ws/install/nav2_util/lib:/home/arc/nav2_ws/install/nav2_msgs/lib:${LD_LIBRARY_PATH} PYTHONPATH=/home/arc/nav2_ws/install/nav2_msgs/local/lib/python3.10/dist-packages:/home/arc/nav2_ws/install/nav2_common/local/lib/python3.10/dist-packages:${PYTHONPATH} /usr/bin/cmake /home/arc/nav2_ws/src/navigation2/nav2_velocity_smoother -DAMENT_CMAKE_SYMLINK_INSTALL=1 -DCMAKE_INSTALL_PREFIX=/home/arc/nav2_ws/install/nav2_velocity_smoother
[0.238s] -- The C compiler identification is GNU 11.2.0
[0.411s] -- The CXX compiler identification is GNU 11.2.0
[0.424s] -- Detecting C compiler ABI info
[0.617s] -- Detecting C compiler ABI info - done
[0.640s] -- Check for working C compiler: /usr/bin/cc - skipped
[0.640s] -- Detecting C compile features
[0.642s] -- Detecting C compile features - done
[0.650s] -- Detecting CXX compiler ABI info
[0.906s] -- Detecting CXX compiler ABI info - done
[0.930s] -- Check for working CXX compiler: /usr/bin/c++ - skipped
[0.931s] -- Detecting CXX compile features
[0.933s] -- Detecting CXX compile features - done
[0.941s] -- Found ament_cmake: 1.3.2 (/opt/ros/humble/share/ament_cmake/cmake)
[2.762s] -- Found Python3: /usr/bin/python3.10 (found version "3.10.6") found components: Interpreter 
[2.924s] -- Override CMake install command with custom implementation using symlinks instead of copying resources
[2.989s] -- Found nav2_common: 1.1.2 (/home/arc/nav2_ws/install/nav2_common/share/nav2_common/cmake)
[2.993s] -- Found rclcpp: 16.0.1 (/opt/ros/humble/share/rclcpp/cmake)
[3.117s] -- Found rosidl_generator_c: 3.1.3 (/opt/ros/humble/share/rosidl_generator_c/cmake)
[3.130s] -- Found rosidl_adapter: 3.1.3 (/opt/ros/humble/share/rosidl_adapter/cmake)
[3.151s] -- Found rosidl_generator_cpp: 3.1.3 (/opt/ros/humble/share/rosidl_generator_cpp/cmake)
[3.191s] -- Using all available rosidl_typesupport_c: rosidl_typesupport_fastrtps_c;rosidl_typesupport_introspection_c
[3.243s] -- Using all available rosidl_typesupport_cpp: rosidl_typesupport_fastrtps_cpp;rosidl_typesupport_introspection_cpp
[3.435s] -- Found rmw_implementation_cmake: 6.1.0 (/opt/ros/humble/share/rmw_implementation_cmake/cmake)
[3.442s] -- Found rmw_fastrtps_cpp: 6.2.1 (/opt/ros/humble/share/rmw_fastrtps_cpp/cmake)
[3.670s] -- Found OpenSSL: /usr/lib/x86_64-linux-gnu/libcrypto.so (found version "3.0.2")  
[3.734s] -- Found FastRTPS: /opt/ros/humble/include  
[3.845s] -- Using RMW implementation 'rmw_fastrtps_cpp' as default
[4.300s] -- Found rclcpp_components: 16.0.1 (/opt/ros/humble/share/rclcpp_components/cmake)
[4.497s] -- Found geometry_msgs: 4.2.2 (/opt/ros/humble/share/geometry_msgs/cmake)
[4.581s] -- Found nav2_util: 1.1.2 (/home/arc/nav2_ws/install/nav2_util/share/nav2_util/cmake)
[6.221s] -- Found eigen3_cmake_module: 0.1.1 (/opt/ros/humble/share/eigen3_cmake_module/cmake)
[6.224s] -- Found Eigen3: TRUE (found version "3.4.0") 
[6.225s] -- Ensuring Eigen3 include directory is part of orocos-kdl CMake target
[6.777s] -- Setting build type to Release as none was specified.
[8.287s] -- Found ament_lint_auto: 0.12.4 (/opt/ros/humble/share/ament_lint_auto/cmake)
[8.489s] -- Found gtest sources under '/opt/ros/humble/src/gtest_vendor': C++ tests using 'Google Test' will be built
[8.498s] -- Looking for pthread.h
[8.633s] -- Looking for pthread.h - found
[8.633s] -- Performing Test CMAKE_HAVE_LIBC_PTHREAD
[8.766s] -- Performing Test CMAKE_HAVE_LIBC_PTHREAD - Success
[8.768s] -- Found Threads: TRUE  
[9.498s] -- Added test 'cppcheck' to perform static code analysis on C / C++ code
[9.499s] -- Configured cppcheck include dirs: /home/arc/nav2_ws/src/navigation2/nav2_velocity_smoother/include
[9.500s] -- Configured cppcheck exclude dirs and/or files: 
[9.502s] -- Added test 'cpplint' to check C / C++ code against the Google style
[9.502s] -- Configured cpplint exclude dirs and/or files: 
[9.504s] -- Added test 'lint_cmake' to check CMake code style
[9.506s] -- Added test 'uncrustify' to check C / C++ code style
[9.506s] -- Configured uncrustify additional arguments: 
[9.507s] -- Added test 'xmllint' to check XML markup files
[9.516s] -- Configuring done
[9.747s] -- Generating done
[9.752s] -- Build files have been written to: /home/arc/nav2_ws/build/nav2_velocity_smoother
[9.780s] Invoked command in '/home/arc/nav2_ws/build/nav2_velocity_smoother' returned '0': AMENT_PREFIX_PATH=/home/arc/nav2_ws/install/nav2_util:/home/arc/nav2_ws/install/nav2_msgs:/home/arc/nav2_ws/install/nav2_common:${AMENT_PREFIX_PATH} CMAKE_PREFIX_PATH=/home/arc/nav2_ws/install/nav2_util:/home/arc/nav2_ws/install/nav2_msgs:/home/arc/nav2_ws/install/nav2_common:/home/arc/workspace/install:/opt/ros/humble LD_LIBRARY_PATH=/home/arc/nav2_ws/install/nav2_util/lib:/home/arc/nav2_ws/install/nav2_msgs/lib:${LD_LIBRARY_PATH} PYTHONPATH=/home/arc/nav2_ws/install/nav2_msgs/local/lib/python3.10/dist-packages:/home/arc/nav2_ws/install/nav2_common/local/lib/python3.10/dist-packages:${PYTHONPATH} /usr/bin/cmake /home/arc/nav2_ws/src/navigation2/nav2_velocity_smoother -DAMENT_CMAKE_SYMLINK_INSTALL=1 -DCMAKE_INSTALL_PREFIX=/home/arc/nav2_ws/install/nav2_velocity_smoother
[9.781s] Invoking command in '/home/arc/nav2_ws/build/nav2_velocity_smoother': AMENT_PREFIX_PATH=/home/arc/nav2_ws/install/nav2_util:/home/arc/nav2_ws/install/nav2_msgs:/home/arc/nav2_ws/install/nav2_common:${AMENT_PREFIX_PATH} CMAKE_PREFIX_PATH=/home/arc/nav2_ws/install/nav2_util:/home/arc/nav2_ws/install/nav2_msgs:/home/arc/nav2_ws/install/nav2_common:/home/arc/workspace/install:/opt/ros/humble LD_LIBRARY_PATH=/home/arc/nav2_ws/install/nav2_util/lib:/home/arc/nav2_ws/install/nav2_msgs/lib:${LD_LIBRARY_PATH} PYTHONPATH=/home/arc/nav2_ws/install/nav2_msgs/local/lib/python3.10/dist-packages:/home/arc/nav2_ws/install/nav2_common/local/lib/python3.10/dist-packages:${PYTHONPATH} /usr/bin/cmake --build /home/arc/nav2_ws/build/nav2_velocity_smoother -- -j4 -l4
[9.877s] [ 10%] [32mBuilding CXX object CMakeFiles/velocity_smoother_core.dir/src/velocity_smoother.cpp.o[0m
[37.705s] [ 20%] [32m[1mLinking CXX shared library libvelocity_smoother_core.so[0m
[38.220s] [ 20%] Built target velocity_smoother_core
[38.253s] [ 30%] [32mBuilding CXX object gtest/CMakeFiles/gtest.dir/src/gtest-all.cc.o[0m
[56.165s] [ 40%] [32m[1mLinking CXX static library libgtest.a[0m
[56.228s] [ 40%] Built target gtest
[56.265s] [ 50%] [32mBuilding CXX object CMakeFiles/velocity_smoother.dir/src/main.cpp.o[0m
[63.932s] [ 60%] [32m[1mLinking CXX executable velocity_smoother[0m
[64.441s] [ 60%] Built target velocity_smoother
[64.480s] [ 70%] [32mBuilding CXX object gtest/CMakeFiles/gtest_main.dir/src/gtest_main.cc.o[0m
[66.777s] [ 80%] [32m[1mLinking CXX static library libgtest_main.a[0m
[66.827s] [ 80%] Built target gtest_main
[66.864s] [ 90%] [32mBuilding CXX object test/CMakeFiles/velocity_smoother_tests.dir/test_velocity_smoother.cpp.o[0m
[98.327s] [100%] [32m[1mLinking CXX executable velocity_smoother_tests[0m
[99.159s] [100%] Built target velocity_smoother_tests
[99.179s] Invoked command in '/home/arc/nav2_ws/build/nav2_velocity_smoother' returned '0': AMENT_PREFIX_PATH=/home/arc/nav2_ws/install/nav2_util:/home/arc/nav2_ws/install/nav2_msgs:/home/arc/nav2_ws/install/nav2_common:${AMENT_PREFIX_PATH} CMAKE_PREFIX_PATH=/home/arc/nav2_ws/install/nav2_util:/home/arc/nav2_ws/install/nav2_msgs:/home/arc/nav2_ws/install/nav2_common:/home/arc/workspace/install:/opt/ros/humble LD_LIBRARY_PATH=/home/arc/nav2_ws/install/nav2_util/lib:/home/arc/nav2_ws/install/nav2_msgs/lib:${LD_LIBRARY_PATH} PYTHONPATH=/home/arc/nav2_ws/install/nav2_msgs/local/lib/python3.10/dist-packages:/home/arc/nav2_ws/install/nav2_common/local/lib/python3.10/dist-packages:${PYTHONPATH} /usr/bin/cmake --build /home/arc/nav2_ws/build/nav2_velocity_smoother -- -j4 -l4
[99.234s] Invoking command in '/home/arc/nav2_ws/build/nav2_velocity_smoother': AMENT_PREFIX_PATH=/home/arc/nav2_ws/install/nav2_util:/home/arc/nav2_ws/install/nav2_msgs:/home/arc/nav2_ws/install/nav2_common:${AMENT_PREFIX_PATH} CMAKE_PREFIX_PATH=/home/arc/nav2_ws/install/nav2_util:/home/arc/nav2_ws/install/nav2_msgs:/home/arc/nav2_ws/install/nav2_common:/home/arc/workspace/install:/opt/ros/humble LD_LIBRARY_PATH=/home/arc/nav2_ws/install/nav2_util/lib:/home/arc/nav2_ws/install/nav2_msgs/lib:${LD_LIBRARY_PATH} PYTHONPATH=/home/arc/nav2_ws/install/nav2_msgs/local/lib/python3.10/dist-packages:/home/arc/nav2_ws/install/nav2_common/local/lib/python3.10/dist-packages:${PYTHONPATH} /usr/bin/cmake --install /home/arc/nav2_ws/build/nav2_velocity_smoother
[99.249s] -- Install configuration: "Release"
[99.250s] -- Execute custom install script
[99.252s] -- Symlinking: /home/arc/nav2_ws/install/nav2_velocity_smoother/lib/libvelocity_smoother_core.so
[99.268s] -- Symlinking: /home/arc/nav2_ws/install/nav2_velocity_smoother/lib/nav2_velocity_smoother/velocity_smoother
[99.284s] -- Symlinking: /home/arc/nav2_ws/install/nav2_velocity_smoother/include//nav2_velocity_smoother/velocity_smoother.hpp
[99.300s] -- Symlinking: /home/arc/nav2_ws/install/nav2_velocity_smoother/share/nav2_velocity_smoother/environment/library_path.sh
[99.316s] -- Symlinking: /home/arc/nav2_ws/install/nav2_velocity_smoother/share/nav2_velocity_smoother/environment/library_path.dsv
[99.332s] -- Symlinking: /home/arc/nav2_ws/install/nav2_velocity_smoother/share/ament_index/resource_index/package_run_dependencies/nav2_velocity_smoother
[99.348s] -- Symlinking: /home/arc/nav2_ws/install/nav2_velocity_smoother/share/ament_index/resource_index/parent_prefix_path/nav2_velocity_smoother
[99.363s] -- Symlinking: /home/arc/nav2_ws/install/nav2_velocity_smoother/share/nav2_velocity_smoother/environment/ament_prefix_path.sh
[99.378s] -- Symlinking: /home/arc/nav2_ws/install/nav2_velocity_smoother/share/nav2_velocity_smoother/environment/ament_prefix_path.dsv
[99.393s] -- Symlinking: /home/arc/nav2_ws/install/nav2_velocity_smoother/share/nav2_velocity_smoother/environment/path.sh
[99.409s] -- Symlinking: /home/arc/nav2_ws/install/nav2_velocity_smoother/share/nav2_velocity_smoother/environment/path.dsv
[99.424s] -- Symlinking: /home/arc/nav2_ws/install/nav2_velocity_smoother/share/nav2_velocity_smoother/local_setup.bash
[99.440s] -- Symlinking: /home/arc/nav2_ws/install/nav2_velocity_smoother/share/nav2_velocity_smoother/local_setup.sh
[99.455s] -- Symlinking: /home/arc/nav2_ws/install/nav2_velocity_smoother/share/nav2_velocity_smoother/local_setup.zsh
[99.475s] -- Symlinking: /home/arc/nav2_ws/install/nav2_velocity_smoother/share/nav2_velocity_smoother/local_setup.dsv
[99.491s] -- Symlinking: /home/arc/nav2_ws/install/nav2_velocity_smoother/share/nav2_velocity_smoother/package.dsv
[99.506s] -- Symlinking: /home/arc/nav2_ws/install/nav2_velocity_smoother/share/ament_index/resource_index/packages/nav2_velocity_smoother
[99.522s] -- Symlinking: /home/arc/nav2_ws/install/nav2_velocity_smoother/share/ament_index/resource_index/rclcpp_components/nav2_velocity_smoother
[99.537s] -- Symlinking: /home/arc/nav2_ws/install/nav2_velocity_smoother/share/nav2_velocity_smoother/cmake/ament_cmake_export_include_directories-extras.cmake
[99.553s] -- Symlinking: /home/arc/nav2_ws/install/nav2_velocity_smoother/share/nav2_velocity_smoother/cmake/ament_cmake_export_libraries-extras.cmake
[99.568s] -- Symlinking: /home/arc/nav2_ws/install/nav2_velocity_smoother/share/nav2_velocity_smoother/cmake/ament_cmake_export_dependencies-extras.cmake
[99.584s] -- Symlinking: /home/arc/nav2_ws/install/nav2_velocity_smoother/share/nav2_velocity_smoother/cmake/nav2_velocity_smootherConfig.cmake
[99.600s] -- Symlinking: /home/arc/nav2_ws/install/nav2_velocity_smoother/share/nav2_velocity_smoother/cmake/nav2_velocity_smootherConfig-version.cmake
[99.616s] -- Symlinking: /home/arc/nav2_ws/install/nav2_velocity_smoother/share/nav2_velocity_smoother/package.xml
[99.639s] Invoked command in '/home/arc/nav2_ws/build/nav2_velocity_smoother' returned '0': AMENT_PREFIX_PATH=/home/arc/nav2_ws/install/nav2_util:/home/arc/nav2_ws/install/nav2_msgs:/home/arc/nav2_ws/install/nav2_common:${AMENT_PREFIX_PATH} CMAKE_PREFIX_PATH=/home/arc/nav2_ws/install/nav2_util:/home/arc/nav2_ws/install/nav2_msgs:/home/arc/nav2_ws/install/nav2_common:/home/arc/workspace/install:/opt/ros/humble LD_LIBRARY_PATH=/home/arc/nav2_ws/install/nav2_util/lib:/home/arc/nav2_ws/install/nav2_msgs/lib:${LD_LIBRARY_PATH} PYTHONPATH=/home/arc/nav2_ws/install/nav2_msgs/local/lib/python3.10/dist-packages:/home/arc/nav2_ws/install/nav2_common/local/lib/python3.10/dist-packages:${PYTHONPATH} /usr/bin/cmake --install /home/arc/nav2_ws/build/nav2_velocity_smoother
