[0.020s] Invoking command in '/home/arc/nav2_ws/build/nav2_common': CMAKE_PREFIX_PATH=${CMAKE_PREFIX_PATH}:/opt/ros/humble /usr/bin/cmake /home/arc/nav2_ws/src/navigation2/nav2_common -DCMAKE_INSTALL_PREFIX=/home/arc/nav2_ws/install/nav2_common
[0.034s] -- Found ament_cmake_core: 1.3.2 (/opt/ros/humble/share/ament_cmake_core/cmake)
[0.228s] -- Override CMake install command with custom implementation using symlinks instead of copying resources
[0.230s] -- Found ament_cmake_python: 1.3.2 (/opt/ros/humble/share/ament_cmake_python/cmake)
[0.438s] -- Configuring done
[0.442s] -- Generating done
[0.443s] -- Build files have been written to: /home/arc/nav2_ws/build/nav2_common
[0.446s] Invoked command in '/home/arc/nav2_ws/build/nav2_common' returned '0': CMAKE_PREFIX_PATH=${CMAKE_PREFIX_PATH}:/opt/ros/humble /usr/bin/cmake /home/arc/nav2_ws/src/navigation2/nav2_common -DCMAKE_INSTALL_PREFIX=/home/arc/nav2_ws/install/nav2_common
[0.447s] Invoking command in '/home/arc/nav2_ws/build/nav2_common': CMAKE_PREFIX_PATH=${CMAKE_PREFIX_PATH}:/opt/ros/humble /usr/bin/cmake --build /home/arc/nav2_ws/build/nav2_common -- -j4 -l4
[0.504s] Built target ament_cmake_python_symlink_nav2_common
[1.014s] running egg_info
[1.036s] writing nav2_common.egg-info/PKG-INFO
[1.036s] writing dependency_links to nav2_common.egg-info/dependency_links.txt
[1.036s] writing top-level names to nav2_common.egg-info/top_level.txt
[1.116s] reading manifest file 'nav2_common.egg-info/SOURCES.txt'
[1.117s] writing manifest file 'nav2_common.egg-info/SOURCES.txt'
[1.193s] Built target ament_cmake_python_build_nav2_common_egg
[1.206s] Invoked command in '/home/arc/nav2_ws/build/nav2_common' returned '0': CMAKE_PREFIX_PATH=${CMAKE_PREFIX_PATH}:/opt/ros/humble /usr/bin/cmake --build /home/arc/nav2_ws/build/nav2_common -- -j4 -l4
[1.237s] Invoking command in '/home/arc/nav2_ws/build/nav2_common': CMAKE_PREFIX_PATH=${CMAKE_PREFIX_PATH}:/opt/ros/humble /usr/bin/cmake --install /home/arc/nav2_ws/build/nav2_common
[1.246s] -- Install configuration: ""
[1.246s] -- Execute custom install script
[1.247s] -- Up-to-date symlink: /home/arc/nav2_ws/install/nav2_common/share/nav2_common/environment/pythonpath.sh
[1.247s] -- Up-to-date symlink: /home/arc/nav2_ws/install/nav2_common/share/nav2_common/environment/pythonpath.dsv
[1.247s] -- Up-to-date symlink: /home/arc/nav2_ws/install/nav2_common/local/lib/python3.10/dist-packages/nav2_common-1.1.2-py3.10.egg-info/PKG-INFO
[1.248s] -- Up-to-date symlink: /home/arc/nav2_ws/install/nav2_common/local/lib/python3.10/dist-packages/nav2_common-1.1.2-py3.10.egg-info/SOURCES.txt
[1.248s] -- Up-to-date symlink: /home/arc/nav2_ws/install/nav2_common/local/lib/python3.10/dist-packages/nav2_common-1.1.2-py3.10.egg-info/dependency_links.txt
[1.248s] -- Up-to-date symlink: /home/arc/nav2_ws/install/nav2_common/local/lib/python3.10/dist-packages/nav2_common-1.1.2-py3.10.egg-info/top_level.txt
[1.249s] -- Up-to-date symlink: /home/arc/nav2_ws/install/nav2_common/local/lib/python3.10/dist-packages/nav2_common/__init__.py
[1.249s] -- Up-to-date symlink: /home/arc/nav2_ws/install/nav2_common/local/lib/python3.10/dist-packages/nav2_common/launch/__init__.py
[1.249s] -- Up-to-date symlink: /home/arc/nav2_ws/install/nav2_common/local/lib/python3.10/dist-packages/nav2_common/launch/has_node_params.py
[1.249s] -- Up-to-date symlink: /home/arc/nav2_ws/install/nav2_common/local/lib/python3.10/dist-packages/nav2_common/launch/replace_string.py
[1.250s] -- Up-to-date symlink: /home/arc/nav2_ws/install/nav2_common/local/lib/python3.10/dist-packages/nav2_common/launch/rewritten_yaml.py
[1.250s] -- Up-to-date symlink: /home/arc/nav2_ws/install/nav2_common/share/ament_index/resource_index/package_run_dependencies/nav2_common
[1.250s] -- Up-to-date symlink: /home/arc/nav2_ws/install/nav2_common/share/ament_index/resource_index/parent_prefix_path/nav2_common
[1.250s] -- Up-to-date symlink: /home/arc/nav2_ws/install/nav2_common/share/nav2_common/environment/ament_prefix_path.sh
[1.250s] -- Up-to-date symlink: /home/arc/nav2_ws/install/nav2_common/share/nav2_common/environment/ament_prefix_path.dsv
[1.251s] -- Up-to-date symlink: /home/arc/nav2_ws/install/nav2_common/share/nav2_common/environment/path.sh
[1.251s] -- Up-to-date symlink: /home/arc/nav2_ws/install/nav2_common/share/nav2_common/environment/path.dsv
[1.251s] -- Up-to-date symlink: /home/arc/nav2_ws/install/nav2_common/share/nav2_common/local_setup.bash
[1.251s] -- Up-to-date symlink: /home/arc/nav2_ws/install/nav2_common/share/nav2_common/local_setup.sh
[1.251s] -- Up-to-date symlink: /home/arc/nav2_ws/install/nav2_common/share/nav2_common/local_setup.zsh
[1.252s] -- Up-to-date symlink: /home/arc/nav2_ws/install/nav2_common/share/nav2_common/local_setup.dsv
[1.252s] -- Symlinking: /home/arc/nav2_ws/install/nav2_common/share/nav2_common/package.dsv
[1.262s] -- Up-to-date symlink: /home/arc/nav2_ws/install/nav2_common/share/ament_index/resource_index/packages/nav2_common
[1.262s] -- Up-to-date symlink: /home/arc/nav2_ws/install/nav2_common/share/nav2_common/cmake/nav2_common-extras.cmake
[1.262s] -- Up-to-date symlink: /home/arc/nav2_ws/install/nav2_common/share/nav2_common/cmake/nav2_commonConfig.cmake
[1.262s] -- Up-to-date symlink: /home/arc/nav2_ws/install/nav2_common/share/nav2_common/cmake/nav2_commonConfig-version.cmake
[1.263s] -- Up-to-date symlink: /home/arc/nav2_ws/install/nav2_common/share/nav2_common/package.xml
[1.263s] -- Up-to-date symlink: /home/arc/nav2_ws/install/nav2_common/share/nav2_common/cmake/nav2_package.cmake
[1.303s] Listing '/home/arc/nav2_ws/install/nav2_common/local/lib/python3.10/dist-packages/nav2_common'...
[1.304s] Listing '/home/arc/nav2_ws/install/nav2_common/local/lib/python3.10/dist-packages/nav2_common/launch'...
[1.312s] Invoked command in '/home/arc/nav2_ws/build/nav2_common' returned '0': CMAKE_PREFIX_PATH=${CMAKE_PREFIX_PATH}:/opt/ros/humble /usr/bin/cmake --install /home/arc/nav2_ws/build/nav2_common
