-- Install configuration: ""
-- Up-to-date: /home/arc/Documents/GitHub/IGVC-Robot/JProperWay/install/robot/share/robot/config
-- Up-to-date: /home/arc/Documents/GitHub/IGVC-Robot/JProperWay/install/robot/share/robot/config/robot.config
-- Up-to-date: /home/arc/Documents/GitHub/IGVC-Robot/JProperWay/install/robot/share/robot/launch
-- Up-to-date: /home/arc/Documents/GitHub/IGVC-Robot/JProperWay/install/robot/share/robot/launch/robot.launch.py
-- Up-to-date: /home/arc/Documents/GitHub/IGVC-Robot/JProperWay/install/robot/share/robot/maps
-- Up-to-date: /home/arc/Documents/GitHub/IGVC-Robot/JProperWay/install/robot/share/robot/meshes
-- Up-to-date: /home/arc/Documents/GitHub/IGVC-Robot/JProperWay/install/robot/share/robot/meshes/Frame_Detailed.STL
-- Up-to-date: /home/arc/Documents/GitHub/IGVC-Robot/JProperWay/install/robot/share/robot/meshes/Wheel_Detailed.STL
-- Up-to-date: /home/arc/Documents/GitHub/IGVC-Robot/JProperWay/install/robot/share/robot/meshes/Frame.STL
-- Up-to-date: /home/arc/Documents/GitHub/IGVC-Robot/JProperWay/install/robot/share/robot/models
-- Up-to-date: /home/arc/Documents/GitHub/IGVC-Robot/JProperWay/install/robot/share/robot/models/robot.sdf
-- Up-to-date: /home/arc/Documents/GitHub/IGVC-Robot/JProperWay/install/robot/share/robot/params
-- Up-to-date: /home/arc/Documents/GitHub/IGVC-Robot/JProperWay/install/robot/share/robot/rviz
-- Up-to-date: /home/arc/Documents/GitHub/IGVC-Robot/JProperWay/install/robot/share/robot/rviz/urdf_config.rviz
-- Up-to-date: /home/arc/Documents/GitHub/IGVC-Robot/JProperWay/install/robot/share/robot/src
-- Up-to-date: /home/arc/Documents/GitHub/IGVC-Robot/JProperWay/install/robot/share/robot/worlds
-- Up-to-date: /home/arc/Documents/GitHub/IGVC-Robot/JProperWay/install/robot/share/ament_index/resource_index/package_run_dependencies/robot
-- Up-to-date: /home/arc/Documents/GitHub/IGVC-Robot/JProperWay/install/robot/share/ament_index/resource_index/parent_prefix_path/robot
-- Up-to-date: /home/arc/Documents/GitHub/IGVC-Robot/JProperWay/install/robot/share/robot/environment/ament_prefix_path.sh
-- Up-to-date: /home/arc/Documents/GitHub/IGVC-Robot/JProperWay/install/robot/share/robot/environment/ament_prefix_path.dsv
-- Up-to-date: /home/arc/Documents/GitHub/IGVC-Robot/JProperWay/install/robot/share/robot/environment/path.sh
-- Up-to-date: /home/arc/Documents/GitHub/IGVC-Robot/JProperWay/install/robot/share/robot/environment/path.dsv
-- Up-to-date: /home/arc/Documents/GitHub/IGVC-Robot/JProperWay/install/robot/share/robot/local_setup.bash
-- Up-to-date: /home/arc/Documents/GitHub/IGVC-Robot/JProperWay/install/robot/share/robot/local_setup.sh
-- Up-to-date: /home/arc/Documents/GitHub/IGVC-Robot/JProperWay/install/robot/share/robot/local_setup.zsh
-- Up-to-date: /home/arc/Documents/GitHub/IGVC-Robot/JProperWay/install/robot/share/robot/local_setup.dsv
-- Installing: /home/arc/Documents/GitHub/IGVC-Robot/JProperWay/install/robot/share/robot/package.dsv
-- Up-to-date: /home/arc/Documents/GitHub/IGVC-Robot/JProperWay/install/robot/share/ament_index/resource_index/packages/robot
-- Up-to-date: /home/arc/Documents/GitHub/IGVC-Robot/JProperWay/install/robot/share/robot/cmake/robotConfig.cmake
-- Up-to-date: /home/arc/Documents/GitHub/IGVC-Robot/JProperWay/install/robot/share/robot/cmake/robotConfig-version.cmake
-- Up-to-date: /home/arc/Documents/GitHub/IGVC-Robot/JProperWay/install/robot/share/robot/package.xml
