[0.133s] Invoking command in '/home/arc/Documents/GitHub/IGVC-Robot/JProperWay/build/robot': CMAKE_PREFIX_PATH=${CMAKE_PREFIX_PATH}:/home/arc/nav2_ws/install/nav2_simple_commander:/opt/ros/humble /usr/bin/cmake /home/arc/Documents/GitHub/IGVC-Robot/JProperWay/src/robot -DCMAKE_INSTALL_PREFIX=/home/arc/Documents/GitHub/IGVC-Robot/JProperWay/install/robot
[2.083s] -- The C compiler identification is GNU 11.2.0
[2.921s] -- The CXX compiler identification is GNU 11.2.0
[3.047s] -- Detecting C compiler ABI info
[3.270s] -- Detecting C compiler ABI info - done
[3.278s] -- Check for working C compiler: /usr/bin/cc - skipped
[3.279s] -- Detecting C compile features
[3.304s] -- Detecting C compile features - done
[3.337s] -- Detecting CXX compiler ABI info
[3.521s] -- Detecting CXX compiler ABI info - done
[3.530s] -- Check for working CXX compiler: /usr/bin/c++ - skipped
[3.530s] -- Detecting CXX compile features
[3.531s] -- Detecting CXX compile features - done
[3.672s] -- Found ament_cmake: 1.3.2 (/opt/ros/humble/share/ament_cmake/cmake)
[4.651s] -- Found Python3: /usr/bin/python3.10 (found version "3.10.6") found components: Interpreter 
[5.792s] -- Found ament_lint_auto: 0.12.4 (/opt/ros/humble/share/ament_lint_auto/cmake)
[6.034s] -- Added test 'lint_cmake' to check CMake code style
[6.037s] -- Added test 'xmllint' to check XML markup files
[6.040s] -- Configuring done
[6.043s] -- Generating done
[6.044s] -- Build files have been written to: /home/arc/Documents/GitHub/IGVC-Robot/JProperWay/build/robot
[6.049s] Invoked command in '/home/arc/Documents/GitHub/IGVC-Robot/JProperWay/build/robot' returned '0': CMAKE_PREFIX_PATH=${CMAKE_PREFIX_PATH}:/home/arc/nav2_ws/install/nav2_simple_commander:/opt/ros/humble /usr/bin/cmake /home/arc/Documents/GitHub/IGVC-Robot/JProperWay/src/robot -DCMAKE_INSTALL_PREFIX=/home/arc/Documents/GitHub/IGVC-Robot/JProperWay/install/robot
[6.051s] Invoking command in '/home/arc/Documents/GitHub/IGVC-Robot/JProperWay/build/robot': CMAKE_PREFIX_PATH=${CMAKE_PREFIX_PATH}:/home/arc/nav2_ws/install/nav2_simple_commander:/opt/ros/humble /usr/bin/cmake --build /home/arc/Documents/GitHub/IGVC-Robot/JProperWay/build/robot -- -j4 -l4
[6.103s] Invoked command in '/home/arc/Documents/GitHub/IGVC-Robot/JProperWay/build/robot' returned '0': CMAKE_PREFIX_PATH=${CMAKE_PREFIX_PATH}:/home/arc/nav2_ws/install/nav2_simple_commander:/opt/ros/humble /usr/bin/cmake --build /home/arc/Documents/GitHub/IGVC-Robot/JProperWay/build/robot -- -j4 -l4
[6.152s] Invoking command in '/home/arc/Documents/GitHub/IGVC-Robot/JProperWay/build/robot': CMAKE_PREFIX_PATH=${CMAKE_PREFIX_PATH}:/home/arc/nav2_ws/install/nav2_simple_commander:/opt/ros/humble /usr/bin/cmake --install /home/arc/Documents/GitHub/IGVC-Robot/JProperWay/build/robot
[6.163s] -- Install configuration: ""
[6.164s] -- Installing: /home/arc/Documents/GitHub/IGVC-Robot/JProperWay/install/robot/share/ament_index/resource_index/package_run_dependencies/robot
[6.164s] -- Installing: /home/arc/Documents/GitHub/IGVC-Robot/JProperWay/install/robot/share/ament_index/resource_index/parent_prefix_path/robot
[6.164s] -- Installing: /home/arc/Documents/GitHub/IGVC-Robot/JProperWay/install/robot/share/robot/environment/ament_prefix_path.sh
[6.165s] -- Installing: /home/arc/Documents/GitHub/IGVC-Robot/JProperWay/install/robot/share/robot/environment/ament_prefix_path.dsv
[6.165s] -- Installing: /home/arc/Documents/GitHub/IGVC-Robot/JProperWay/install/robot/share/robot/environment/path.sh
[6.165s] -- Installing: /home/arc/Documents/GitHub/IGVC-Robot/JProperWay/install/robot/share/robot/environment/path.dsv
[6.165s] -- Installing: /home/arc/Documents/GitHub/IGVC-Robot/JProperWay/install/robot/share/robot/local_setup.bash
[6.165s] -- Installing: /home/arc/Documents/GitHub/IGVC-Robot/JProperWay/install/robot/share/robot/local_setup.sh
[6.166s] -- Installing: /home/arc/Documents/GitHub/IGVC-Robot/JProperWay/install/robot/share/robot/local_setup.zsh
[6.166s] -- Installing: /home/arc/Documents/GitHub/IGVC-Robot/JProperWay/install/robot/share/robot/local_setup.dsv
[6.166s] -- Installing: /home/arc/Documents/GitHub/IGVC-Robot/JProperWay/install/robot/share/robot/package.dsv
[6.166s] -- Installing: /home/arc/Documents/GitHub/IGVC-Robot/JProperWay/install/robot/share/ament_index/resource_index/packages/robot
[6.167s] -- Installing: /home/arc/Documents/GitHub/IGVC-Robot/JProperWay/install/robot/share/robot/cmake/robotConfig.cmake
[6.167s] -- Installing: /home/arc/Documents/GitHub/IGVC-Robot/JProperWay/install/robot/share/robot/cmake/robotConfig-version.cmake
[6.167s] -- Installing: /home/arc/Documents/GitHub/IGVC-Robot/JProperWay/install/robot/share/robot/package.xml
[6.169s] Invoked command in '/home/arc/Documents/GitHub/IGVC-Robot/JProperWay/build/robot' returned '0': CMAKE_PREFIX_PATH=${CMAKE_PREFIX_PATH}:/home/arc/nav2_ws/install/nav2_simple_commander:/opt/ros/humble /usr/bin/cmake --install /home/arc/Documents/GitHub/IGVC-Robot/JProperWay/build/robot
