Not searching for unused variables given on the command line.
[36m--[0m The C compiler identification is GNU 11.2.0
[36m--[0m The CXX compiler identification is GNU 11.2.0
[36m--[0m Detecting C compiler ABI info
[36m--[0m Detecting C compiler ABI info - done
[36m--[0m Check for working C compiler: /usr/bin/cc - skipped
[36m--[0m Detecting C compile features
[36m--[0m Detecting C compile features - done
[36m--[0m Detecting CXX compiler ABI info
[36m--[0m Detecting CXX compiler ABI info - done
[36m--[0m Check for working CXX compiler: /usr/bin/c++ - skipped
[36m--[0m Detecting CXX compile features
[36m--[0m Detecting CXX compile features - done
[36m--[0m Using CATKIN_DEVEL_PREFIX: /home/arc/ros2_ws/devel/.private/catkin
[36m--[0m Using CMAKE_PREFIX_PATH:
[36m--[0m Found PythonInterp: /usr/bin/python3 (found suitable version "3.10.4", minimum required is "3")
[36m--[0m Using PYTHON_EXECUTABLE: /usr/bin/python3
[36m--[0m Using Debian Python package layout
[36m--[0m Using empy: /usr/bin/empy
[36m--[0m Using CATKIN_ENABLE_TESTING: ON
[36m--[0m Call enable_testing()
[36m--[0m Using CATKIN_TEST_RESULTS_DIR: /home/arc/ros2_ws/build/catkin/test_results
[36m--[0m Forcing gtest/gmock from source, though one was otherwise available.
[36m--[0m Found gtest sources under '/usr/src/googletest': gtests will be built
[36m--[0m Found gmock sources under '/usr/src/googletest': gmock will be built
[36m--[0m Found Python: /usr/bin/python3.10 (found version "3.10.4") found components: Interpreter
[36m--[0m Found Threads: TRUE
[36m--[0m nosetests not found, Python tests can not be run (try installing package 'python3-nose')
[36m--[0m catkin 0.8.10
[36m--[0m BUILD_SHARED_LIBS is on
/home/arc/ros2_ws/src/catkin/cmake/interrogate_setup_dot_py.py:43: DeprecationWarning: The distutils package is deprecated and slated for removal in Python 3.12. Use setuptools or check PEP 632 for potential alternatives
  import distutils.core
[36m--[0m skipping nosetests(test/local_tests) in project 'catkin'
[36m--[0m skipping nosetests(test/unit_tests) in project 'catkin'
[36m--[0m Configuring done
[36m--[0m Generating done
[36m--[0m Build files have been written to: /home/arc/ros2_ws/build/catkin
