Not searching for unused variables given on the command line.
[0mCMake Deprecation Warning at CMakeLists.txt:1 (cmake_minimum_required):
  Compatibility with CMake < 2.8.12 will be removed from a future version of
  CMake.

  Update the VERSION argument <min> value or use a ...<max> suffix to tell
  CMake that the project does not need compatibility with older versions.

[0m
[36m--[0m The C compiler identification is GNU 11.2.0
[36m--[0m The CXX compiler identification is GNU 11.2.0
[36m--[0m Detecting C compiler ABI info
[36m--[0m Detecting C compiler ABI info - done
[36m--[0m Check for working C compiler: /usr/bin/cc - skipped
[36m--[0m Detecting C compile features
[36m--[0m Detecting C compile features - done
[36m--[0m Detecting CXX compiler ABI info
[36m--[0m Detecting CXX compiler ABI info - done
[36m--[0m Check for working CXX compiler: /usr/bin/c++ - skipped
[36m--[0m Detecting CXX compile features
[36m--[0m Detecting CXX compile features - done
[36m--[0m Using CATKIN_DEVEL_PREFIX: /home/arc/ros2_ws/devel/.private/hitbox
[36m--[0m Using CMAKE_PREFIX_PATH: /home/arc/ros2_ws/devel
[36m--[0m This workspace overlays: /home/arc/ros2_ws/devel
[36m--[0m Found PythonInterp: /usr/bin/python3 (found suitable version "3.10.4", minimum required is "3")
[36m--[0m Using PYTHON_EXECUTABLE: /usr/bin/python3
[36m--[0m Using Debian Python package layout
[36m--[0m Using empy: /usr/bin/empy
[36m--[0m Using CATKIN_ENABLE_TESTING: ON
[36m--[0m Call enable_testing()
[36m--[0m Using CATKIN_TEST_RESULTS_DIR: /home/arc/ros2_ws/build/hitbox/test_results
[36m--[0m Forcing gtest/gmock from source, though one was otherwise available.
[36m--[0m Found gtest sources under '/usr/src/googletest': gtests will be built
[36m--[0m Found gmock sources under '/usr/src/googletest': gmock will be built
[36m--[0m Found Python: /usr/bin/python3.10 (found version "3.10.4") found components: Interpreter
[36m--[0m Found Threads: TRUE
[36m--[0m nosetests not found, Python tests can not be run (try installing package 'python3-nose')
[36m--[0m catkin 0.8.10
[36m--[0m BUILD_SHARED_LIBS is on
[33mCMake Warning at CMakeLists.txt:9 (find_package):
  By not providing "Findroslaunch.cmake" in CMAKE_MODULE_PATH this project
  has asked CMake to find a package configuration file provided by
  "roslaunch", but CMake did not find one.

  Could not find a package configuration file provided by "roslaunch" with
  any of the following names:

    roslaunchConfig.cmake
    roslaunch-config.cmake

  Add the installation prefix of "roslaunch" to CMAKE_PREFIX_PATH or set
  "roslaunch_DIR" to a directory containing one of the above files.  If
  "roslaunch" provides a separate development package or SDK, be sure it has
  been installed.

[0m
[36m--[0m Configuring done
[36m--[0m Generating done
[36m--[0m Build files have been written to: /home/arc/ros2_ws/build/hitbox
