[0.052s] Invoking command in '/home/arc/nav2_ws/build/nav2_controller': AMENT_PREFIX_PATH=/home/arc/nav2_ws/install/nav2_core:/home/arc/nav2_ws/install/nav2_costmap_2d:/home/arc/nav2_ws/install/nav_2d_utils:/home/arc/nav2_ws/install/nav2_util:/home/arc/nav2_ws/install/nav2_voxel_grid:/home/arc/nav2_ws/install/nav2_msgs:/home/arc/nav2_ws/install/nav_2d_msgs:/home/arc/nav2_ws/install/nav2_common:${AMENT_PREFIX_PATH} CMAKE_PREFIX_PATH=/home/arc/nav2_ws/install/nav2_core:/home/arc/nav2_ws/install/nav2_costmap_2d:/home/arc/nav2_ws/install/nav_2d_utils:/home/arc/nav2_ws/install/nav2_util:/home/arc/nav2_ws/install/nav2_voxel_grid:/home/arc/nav2_ws/install/nav2_msgs:/home/arc/nav2_ws/install/nav_2d_msgs:/home/arc/nav2_ws/install/nav2_common:/home/arc/workspace/install:/opt/ros/humble LD_LIBRARY_PATH=/home/arc/nav2_ws/install/nav2_costmap_2d/lib:/home/arc/nav2_ws/install/nav_2d_utils/lib:/home/arc/nav2_ws/install/nav2_util/lib:/home/arc/nav2_ws/install/nav2_voxel_grid/lib:/home/arc/nav2_ws/install/nav2_msgs/lib:/home/arc/nav2_ws/install/nav_2d_msgs/lib:${LD_LIBRARY_PATH} PYTHONPATH=/home/arc/nav2_ws/install/nav2_msgs/local/lib/python3.10/dist-packages:/home/arc/nav2_ws/install/nav_2d_msgs/local/lib/python3.10/dist-packages:/home/arc/nav2_ws/install/nav2_common/local/lib/python3.10/dist-packages:${PYTHONPATH} /usr/bin/cmake /home/arc/nav2_ws/src/navigation2/nav2_controller -DCMAKE_INSTALL_PREFIX=/home/arc/nav2_ws/install/nav2_controller
[0.084s] -- Found ament_cmake: 1.3.2 (/opt/ros/humble/share/ament_cmake/cmake)
[0.399s] -- Override CMake install command with custom implementation using symlinks instead of copying resources
[0.416s] -- Found nav2_core: 1.1.2 (/home/arc/nav2_ws/install/nav2_core/share/nav2_core/cmake)
[0.494s] -- Found rosidl_generator_c: 3.1.3 (/opt/ros/humble/share/rosidl_generator_c/cmake)
[0.500s] -- Found rosidl_adapter: 3.1.3 (/opt/ros/humble/share/rosidl_adapter/cmake)
[0.514s] -- Found rosidl_generator_cpp: 3.1.3 (/opt/ros/humble/share/rosidl_generator_cpp/cmake)
[0.544s] -- Using all available rosidl_typesupport_c: rosidl_typesupport_fastrtps_c;rosidl_typesupport_introspection_c
[0.584s] -- Using all available rosidl_typesupport_cpp: rosidl_typesupport_fastrtps_cpp;rosidl_typesupport_introspection_cpp
[0.735s] -- Found rmw_implementation_cmake: 6.1.0 (/opt/ros/humble/share/rmw_implementation_cmake/cmake)
[0.739s] -- Found rmw_fastrtps_cpp: 6.2.1 (/opt/ros/humble/share/rmw_fastrtps_cpp/cmake)
[1.009s] -- Using RMW implementation 'rmw_fastrtps_cpp' as default
[3.827s] -- Ensuring Eigen3 include directory is part of orocos-kdl CMake target
[7.816s] -- Found nav2_common: 1.1.2 (/home/arc/nav2_ws/install/nav2_common/share/nav2_common/cmake)
[7.819s] -- Found nav_2d_utils: 1.1.2 (/home/arc/nav2_ws/install/nav_2d_utils/share/nav_2d_utils/cmake)
[43.181s] -- Found ament_lint_auto: 0.12.4 (/opt/ros/humble/share/ament_lint_auto/cmake)
[43.356s] -- Found gtest sources under '/opt/ros/humble/src/gtest_vendor': C++ tests using 'Google Test' will be built
[51.842s] -- Found gtest sources under '/opt/ros/humble/src/gtest_vendor': C++ tests using 'Google Test' will be built
[60.206s] -- Added test 'cppcheck' to perform static code analysis on C / C++ code
[60.211s] -- Configured cppcheck include dirs: /home/arc/nav2_ws/src/navigation2/nav2_controller/include
[60.211s] -- Configured cppcheck exclude dirs and/or files: 
[60.214s] -- Added test 'cpplint' to check C / C++ code against the Google style
[60.215s] -- Configured cpplint exclude dirs and/or files: 
[60.217s] -- Added test 'lint_cmake' to check CMake code style
[60.220s] -- Added test 'uncrustify' to check C / C++ code style
[60.220s] -- Configured uncrustify additional arguments: 
[60.222s] -- Added test 'xmllint' to check XML markup files
[60.229s] -- Configuring done
[61.008s] -- Generating done
[61.016s] -- Build files have been written to: /home/arc/nav2_ws/build/nav2_controller
[61.042s] Invoked command in '/home/arc/nav2_ws/build/nav2_controller' returned '0': AMENT_PREFIX_PATH=/home/arc/nav2_ws/install/nav2_core:/home/arc/nav2_ws/install/nav2_costmap_2d:/home/arc/nav2_ws/install/nav_2d_utils:/home/arc/nav2_ws/install/nav2_util:/home/arc/nav2_ws/install/nav2_voxel_grid:/home/arc/nav2_ws/install/nav2_msgs:/home/arc/nav2_ws/install/nav_2d_msgs:/home/arc/nav2_ws/install/nav2_common:${AMENT_PREFIX_PATH} CMAKE_PREFIX_PATH=/home/arc/nav2_ws/install/nav2_core:/home/arc/nav2_ws/install/nav2_costmap_2d:/home/arc/nav2_ws/install/nav_2d_utils:/home/arc/nav2_ws/install/nav2_util:/home/arc/nav2_ws/install/nav2_voxel_grid:/home/arc/nav2_ws/install/nav2_msgs:/home/arc/nav2_ws/install/nav_2d_msgs:/home/arc/nav2_ws/install/nav2_common:/home/arc/workspace/install:/opt/ros/humble LD_LIBRARY_PATH=/home/arc/nav2_ws/install/nav2_costmap_2d/lib:/home/arc/nav2_ws/install/nav_2d_utils/lib:/home/arc/nav2_ws/install/nav2_util/lib:/home/arc/nav2_ws/install/nav2_voxel_grid/lib:/home/arc/nav2_ws/install/nav2_msgs/lib:/home/arc/nav2_ws/install/nav_2d_msgs/lib:${LD_LIBRARY_PATH} PYTHONPATH=/home/arc/nav2_ws/install/nav2_msgs/local/lib/python3.10/dist-packages:/home/arc/nav2_ws/install/nav_2d_msgs/local/lib/python3.10/dist-packages:/home/arc/nav2_ws/install/nav2_common/local/lib/python3.10/dist-packages:${PYTHONPATH} /usr/bin/cmake /home/arc/nav2_ws/src/navigation2/nav2_controller -DCMAKE_INSTALL_PREFIX=/home/arc/nav2_ws/install/nav2_controller
[61.043s] Invoking command in '/home/arc/nav2_ws/build/nav2_controller': AMENT_PREFIX_PATH=/home/arc/nav2_ws/install/nav2_core:/home/arc/nav2_ws/install/nav2_costmap_2d:/home/arc/nav2_ws/install/nav_2d_utils:/home/arc/nav2_ws/install/nav2_util:/home/arc/nav2_ws/install/nav2_voxel_grid:/home/arc/nav2_ws/install/nav2_msgs:/home/arc/nav2_ws/install/nav_2d_msgs:/home/arc/nav2_ws/install/nav2_common:${AMENT_PREFIX_PATH} CMAKE_PREFIX_PATH=/home/arc/nav2_ws/install/nav2_core:/home/arc/nav2_ws/install/nav2_costmap_2d:/home/arc/nav2_ws/install/nav_2d_utils:/home/arc/nav2_ws/install/nav2_util:/home/arc/nav2_ws/install/nav2_voxel_grid:/home/arc/nav2_ws/install/nav2_msgs:/home/arc/nav2_ws/install/nav_2d_msgs:/home/arc/nav2_ws/install/nav2_common:/home/arc/workspace/install:/opt/ros/humble LD_LIBRARY_PATH=/home/arc/nav2_ws/install/nav2_costmap_2d/lib:/home/arc/nav2_ws/install/nav_2d_utils/lib:/home/arc/nav2_ws/install/nav2_util/lib:/home/arc/nav2_ws/install/nav2_voxel_grid/lib:/home/arc/nav2_ws/install/nav2_msgs/lib:/home/arc/nav2_ws/install/nav_2d_msgs/lib:${LD_LIBRARY_PATH} PYTHONPATH=/home/arc/nav2_ws/install/nav2_msgs/local/lib/python3.10/dist-packages:/home/arc/nav2_ws/install/nav_2d_msgs/local/lib/python3.10/dist-packages:/home/arc/nav2_ws/install/nav2_common/local/lib/python3.10/dist-packages:${PYTHONPATH} /usr/bin/cmake --build /home/arc/nav2_ws/build/nav2_controller -- -j4 -l4
[61.121s] [35m[1mConsolidate compiler generated dependencies of target controller_server_core[0m
[61.156s] [35m[1mConsolidate compiler generated dependencies of target simple_progress_checker[0m
[61.164s] [35m[1mConsolidate compiler generated dependencies of target simple_goal_checker[0m
[61.206s] [ 10%] Built target controller_server_core
[61.223s] [ 20%] Built target simple_goal_checker
[61.241s] [35m[1mConsolidate compiler generated dependencies of target gtest[0m
[61.259s] [ 30%] Built target simple_progress_checker
[61.263s] [35m[1mConsolidate compiler generated dependencies of target gtest_main[0m
[61.285s] [ 40%] Built target gtest
[61.304s] [35m[1mConsolidate compiler generated dependencies of target controller_server[0m
[61.353s] [35m[1mConsolidate compiler generated dependencies of target stopped_goal_checker[0m
[61.354s] [ 50%] Built target gtest_main
[61.390s] [ 60%] Built target controller_server
[61.414s] [ 70%] Built target stopped_goal_checker
[61.433s] [35m[1mConsolidate compiler generated dependencies of target test_dynamic_parameters[0m
[61.434s] [35m[1mConsolidate compiler generated dependencies of target pctest[0m
[61.473s] [ 80%] Built target pctest
[61.505s] [ 90%] Built target test_dynamic_parameters
[61.524s] [35m[1mConsolidate compiler generated dependencies of target gctest[0m
[61.565s] [100%] Built target gctest
[61.585s] Invoked command in '/home/arc/nav2_ws/build/nav2_controller' returned '0': AMENT_PREFIX_PATH=/home/arc/nav2_ws/install/nav2_core:/home/arc/nav2_ws/install/nav2_costmap_2d:/home/arc/nav2_ws/install/nav_2d_utils:/home/arc/nav2_ws/install/nav2_util:/home/arc/nav2_ws/install/nav2_voxel_grid:/home/arc/nav2_ws/install/nav2_msgs:/home/arc/nav2_ws/install/nav_2d_msgs:/home/arc/nav2_ws/install/nav2_common:${AMENT_PREFIX_PATH} CMAKE_PREFIX_PATH=/home/arc/nav2_ws/install/nav2_core:/home/arc/nav2_ws/install/nav2_costmap_2d:/home/arc/nav2_ws/install/nav_2d_utils:/home/arc/nav2_ws/install/nav2_util:/home/arc/nav2_ws/install/nav2_voxel_grid:/home/arc/nav2_ws/install/nav2_msgs:/home/arc/nav2_ws/install/nav_2d_msgs:/home/arc/nav2_ws/install/nav2_common:/home/arc/workspace/install:/opt/ros/humble LD_LIBRARY_PATH=/home/arc/nav2_ws/install/nav2_costmap_2d/lib:/home/arc/nav2_ws/install/nav_2d_utils/lib:/home/arc/nav2_ws/install/nav2_util/lib:/home/arc/nav2_ws/install/nav2_voxel_grid/lib:/home/arc/nav2_ws/install/nav2_msgs/lib:/home/arc/nav2_ws/install/nav_2d_msgs/lib:${LD_LIBRARY_PATH} PYTHONPATH=/home/arc/nav2_ws/install/nav2_msgs/local/lib/python3.10/dist-packages:/home/arc/nav2_ws/install/nav_2d_msgs/local/lib/python3.10/dist-packages:/home/arc/nav2_ws/install/nav2_common/local/lib/python3.10/dist-packages:${PYTHONPATH} /usr/bin/cmake --build /home/arc/nav2_ws/build/nav2_controller -- -j4 -l4
[61.650s] Invoking command in '/home/arc/nav2_ws/build/nav2_controller': AMENT_PREFIX_PATH=/home/arc/nav2_ws/install/nav2_core:/home/arc/nav2_ws/install/nav2_costmap_2d:/home/arc/nav2_ws/install/nav_2d_utils:/home/arc/nav2_ws/install/nav2_util:/home/arc/nav2_ws/install/nav2_voxel_grid:/home/arc/nav2_ws/install/nav2_msgs:/home/arc/nav2_ws/install/nav_2d_msgs:/home/arc/nav2_ws/install/nav2_common:${AMENT_PREFIX_PATH} CMAKE_PREFIX_PATH=/home/arc/nav2_ws/install/nav2_core:/home/arc/nav2_ws/install/nav2_costmap_2d:/home/arc/nav2_ws/install/nav_2d_utils:/home/arc/nav2_ws/install/nav2_util:/home/arc/nav2_ws/install/nav2_voxel_grid:/home/arc/nav2_ws/install/nav2_msgs:/home/arc/nav2_ws/install/nav_2d_msgs:/home/arc/nav2_ws/install/nav2_common:/home/arc/workspace/install:/opt/ros/humble LD_LIBRARY_PATH=/home/arc/nav2_ws/install/nav2_costmap_2d/lib:/home/arc/nav2_ws/install/nav_2d_utils/lib:/home/arc/nav2_ws/install/nav2_util/lib:/home/arc/nav2_ws/install/nav2_voxel_grid/lib:/home/arc/nav2_ws/install/nav2_msgs/lib:/home/arc/nav2_ws/install/nav_2d_msgs/lib:${LD_LIBRARY_PATH} PYTHONPATH=/home/arc/nav2_ws/install/nav2_msgs/local/lib/python3.10/dist-packages:/home/arc/nav2_ws/install/nav_2d_msgs/local/lib/python3.10/dist-packages:/home/arc/nav2_ws/install/nav2_common/local/lib/python3.10/dist-packages:${PYTHONPATH} /usr/bin/cmake --install /home/arc/nav2_ws/build/nav2_controller
[61.663s] -- Install configuration: "Release"
[61.664s] -- Execute custom install script
[61.665s] -- Up-to-date symlink: /home/arc/nav2_ws/install/nav2_controller/lib/libsimple_progress_checker.so
[61.666s] -- Up-to-date symlink: /home/arc/nav2_ws/install/nav2_controller/lib/libsimple_goal_checker.so
[61.667s] -- Up-to-date symlink: /home/arc/nav2_ws/install/nav2_controller/lib/libstopped_goal_checker.so
[61.667s] -- Up-to-date symlink: /home/arc/nav2_ws/install/nav2_controller/lib/libcontroller_server_core.so
[61.668s] -- Up-to-date symlink: /home/arc/nav2_ws/install/nav2_controller/lib/nav2_controller/controller_server
[61.669s] -- Up-to-date symlink: /home/arc/nav2_ws/install/nav2_controller/include//nav2_controller/controller_server.hpp
[61.670s] -- Up-to-date symlink: /home/arc/nav2_ws/install/nav2_controller/include//nav2_controller/plugins/simple_goal_checker.hpp
[61.671s] -- Up-to-date symlink: /home/arc/nav2_ws/install/nav2_controller/include//nav2_controller/plugins/simple_progress_checker.hpp
[61.671s] -- Up-to-date symlink: /home/arc/nav2_ws/install/nav2_controller/include//nav2_controller/plugins/stopped_goal_checker.hpp
[61.672s] -- Up-to-date symlink: /home/arc/nav2_ws/install/nav2_controller/share/nav2_controller/environment/library_path.sh
[61.673s] -- Up-to-date symlink: /home/arc/nav2_ws/install/nav2_controller/share/nav2_controller/environment/library_path.dsv
[61.673s] -- Up-to-date symlink: /home/arc/nav2_ws/install/nav2_controller/share/nav2_controller//plugins.xml
[61.674s] -- Up-to-date symlink: /home/arc/nav2_ws/install/nav2_controller/share/ament_index/resource_index/package_run_dependencies/nav2_controller
[61.675s] -- Up-to-date symlink: /home/arc/nav2_ws/install/nav2_controller/share/ament_index/resource_index/parent_prefix_path/nav2_controller
[61.675s] -- Up-to-date symlink: /home/arc/nav2_ws/install/nav2_controller/share/nav2_controller/environment/ament_prefix_path.sh
[61.676s] -- Up-to-date symlink: /home/arc/nav2_ws/install/nav2_controller/share/nav2_controller/environment/ament_prefix_path.dsv
[61.677s] -- Up-to-date symlink: /home/arc/nav2_ws/install/nav2_controller/share/nav2_controller/environment/path.sh
[61.677s] -- Up-to-date symlink: /home/arc/nav2_ws/install/nav2_controller/share/nav2_controller/environment/path.dsv
[61.678s] -- Up-to-date symlink: /home/arc/nav2_ws/install/nav2_controller/share/nav2_controller/local_setup.bash
[61.678s] -- Up-to-date symlink: /home/arc/nav2_ws/install/nav2_controller/share/nav2_controller/local_setup.sh
[61.679s] -- Up-to-date symlink: /home/arc/nav2_ws/install/nav2_controller/share/nav2_controller/local_setup.zsh
[61.680s] -- Up-to-date symlink: /home/arc/nav2_ws/install/nav2_controller/share/nav2_controller/local_setup.dsv
[61.680s] -- Symlinking: /home/arc/nav2_ws/install/nav2_controller/share/nav2_controller/package.dsv
[61.698s] -- Up-to-date symlink: /home/arc/nav2_ws/install/nav2_controller/share/ament_index/resource_index/packages/nav2_controller
[61.699s] -- Up-to-date symlink: /home/arc/nav2_ws/install/nav2_controller/share/ament_index/resource_index/nav2_core__pluginlib__plugin/nav2_controller
[61.700s] -- Up-to-date symlink: /home/arc/nav2_ws/install/nav2_controller/share/ament_index/resource_index/rclcpp_components/nav2_controller
[61.701s] -- Up-to-date symlink: /home/arc/nav2_ws/install/nav2_controller/share/nav2_controller/cmake/ament_cmake_export_include_directories-extras.cmake
[61.701s] -- Up-to-date symlink: /home/arc/nav2_ws/install/nav2_controller/share/nav2_controller/cmake/ament_cmake_export_libraries-extras.cmake
[61.702s] -- Up-to-date symlink: /home/arc/nav2_ws/install/nav2_controller/share/nav2_controller/cmake/ament_cmake_export_dependencies-extras.cmake
[61.703s] -- Up-to-date symlink: /home/arc/nav2_ws/install/nav2_controller/share/nav2_controller/cmake/nav2_controllerConfig.cmake
[61.704s] -- Up-to-date symlink: /home/arc/nav2_ws/install/nav2_controller/share/nav2_controller/cmake/nav2_controllerConfig-version.cmake
[61.704s] -- Up-to-date symlink: /home/arc/nav2_ws/install/nav2_controller/share/nav2_controller/package.xml
[61.715s] Invoked command in '/home/arc/nav2_ws/build/nav2_controller' returned '0': AMENT_PREFIX_PATH=/home/arc/nav2_ws/install/nav2_core:/home/arc/nav2_ws/install/nav2_costmap_2d:/home/arc/nav2_ws/install/nav_2d_utils:/home/arc/nav2_ws/install/nav2_util:/home/arc/nav2_ws/install/nav2_voxel_grid:/home/arc/nav2_ws/install/nav2_msgs:/home/arc/nav2_ws/install/nav_2d_msgs:/home/arc/nav2_ws/install/nav2_common:${AMENT_PREFIX_PATH} CMAKE_PREFIX_PATH=/home/arc/nav2_ws/install/nav2_core:/home/arc/nav2_ws/install/nav2_costmap_2d:/home/arc/nav2_ws/install/nav_2d_utils:/home/arc/nav2_ws/install/nav2_util:/home/arc/nav2_ws/install/nav2_voxel_grid:/home/arc/nav2_ws/install/nav2_msgs:/home/arc/nav2_ws/install/nav_2d_msgs:/home/arc/nav2_ws/install/nav2_common:/home/arc/workspace/install:/opt/ros/humble LD_LIBRARY_PATH=/home/arc/nav2_ws/install/nav2_costmap_2d/lib:/home/arc/nav2_ws/install/nav_2d_utils/lib:/home/arc/nav2_ws/install/nav2_util/lib:/home/arc/nav2_ws/install/nav2_voxel_grid/lib:/home/arc/nav2_ws/install/nav2_msgs/lib:/home/arc/nav2_ws/install/nav_2d_msgs/lib:${LD_LIBRARY_PATH} PYTHONPATH=/home/arc/nav2_ws/install/nav2_msgs/local/lib/python3.10/dist-packages:/home/arc/nav2_ws/install/nav_2d_msgs/local/lib/python3.10/dist-packages:/home/arc/nav2_ws/install/nav2_common/local/lib/python3.10/dist-packages:${PYTHONPATH} /usr/bin/cmake --install /home/arc/nav2_ws/build/nav2_controller
