[0.058s] Invoking command in '/home/arc/nav2_ws/build/nav2_costmap_2d': AMENT_PREFIX_PATH=/home/arc/nav2_ws/install/nav2_map_server:/home/arc/nav2_ws/install/nav2_lifecycle_manager:/home/arc/nav2_ws/install/nav2_util:/home/arc/nav2_ws/install/nav2_voxel_grid:/home/arc/nav2_ws/install/nav2_msgs:/home/arc/nav2_ws/install/nav2_common:${AMENT_PREFIX_PATH} CMAKE_PREFIX_PATH=/home/arc/nav2_ws/install/nav2_map_server:/home/arc/nav2_ws/install/nav2_lifecycle_manager:/home/arc/nav2_ws/install/nav2_util:/home/arc/nav2_ws/install/nav2_voxel_grid:/home/arc/nav2_ws/install/nav2_msgs:/home/arc/nav2_ws/install/nav2_common:/home/arc/workspace/install:/opt/ros/humble LD_LIBRARY_PATH=/home/arc/nav2_ws/install/nav2_map_server/lib:/home/arc/nav2_ws/install/nav2_lifecycle_manager/lib:/home/arc/nav2_ws/install/nav2_util/lib:/home/arc/nav2_ws/install/nav2_voxel_grid/lib:/home/arc/nav2_ws/install/nav2_msgs/lib:${LD_LIBRARY_PATH} PYTHONPATH=/home/arc/nav2_ws/install/nav2_msgs/local/lib/python3.10/dist-packages:/home/arc/nav2_ws/install/nav2_common/local/lib/python3.10/dist-packages:${PYTHONPATH} /usr/bin/cmake /home/arc/nav2_ws/src/navigation2/nav2_costmap_2d -DCMAKE_INSTALL_PREFIX=/home/arc/nav2_ws/install/nav2_costmap_2d
[0.089s] -- Found ament_cmake: 1.3.2 (/opt/ros/humble/share/ament_cmake/cmake)
[0.413s] -- Override CMake install command with custom implementation using symlinks instead of copying resources
[0.428s] -- Found geometry_msgs: 4.2.2 (/opt/ros/humble/share/geometry_msgs/cmake)
[0.489s] -- Found rosidl_generator_c: 3.1.3 (/opt/ros/humble/share/rosidl_generator_c/cmake)
[0.495s] -- Found rosidl_adapter: 3.1.3 (/opt/ros/humble/share/rosidl_adapter/cmake)
[0.510s] -- Found rosidl_generator_cpp: 3.1.3 (/opt/ros/humble/share/rosidl_generator_cpp/cmake)
[0.542s] -- Using all available rosidl_typesupport_c: rosidl_typesupport_fastrtps_c;rosidl_typesupport_introspection_c
[0.585s] -- Using all available rosidl_typesupport_cpp: rosidl_typesupport_fastrtps_cpp;rosidl_typesupport_introspection_cpp
[0.909s] -- Found laser_geometry: 2.4.0 (/opt/ros/humble/share/laser_geometry/cmake)
[1.045s] -- Found rmw_implementation_cmake: 6.1.0 (/opt/ros/humble/share/rmw_implementation_cmake/cmake)
[1.048s] -- Found rmw_fastrtps_cpp: 6.2.1 (/opt/ros/humble/share/rmw_fastrtps_cpp/cmake)
[1.330s] -- Using RMW implementation 'rmw_fastrtps_cpp' as default
[1.917s] -- Found map_msgs: 2.1.0 (/opt/ros/humble/share/map_msgs/cmake)
[2.533s] -- Found message_filters: 4.3.2 (/opt/ros/humble/share/message_filters/cmake)
[2.546s] -- Found nav2_common: 1.1.2 (/home/arc/nav2_ws/install/nav2_common/share/nav2_common/cmake)
[2.547s] -- Found nav2_msgs: 1.1.2 (/home/arc/nav2_ws/install/nav2_msgs/share/nav2_msgs/cmake)
[3.079s] -- Found nav2_util: 1.1.2 (/home/arc/nav2_ws/install/nav2_util/share/nav2_util/cmake)
[3.798s] -- Ensuring Eigen3 include directory is part of orocos-kdl CMake target
[4.271s] -- Found nav2_voxel_grid: 1.1.2 (/home/arc/nav2_ws/install/nav2_voxel_grid/share/nav2_voxel_grid/cmake)
[4.279s] -- Found pluginlib: 5.1.0 (/opt/ros/humble/share/pluginlib/cmake)
[4.313s] -- Found tf2_sensor_msgs: 0.25.1 (/opt/ros/humble/share/tf2_sensor_msgs/cmake)
[4.361s] -- Found visualization_msgs: 4.2.2 (/opt/ros/humble/share/visualization_msgs/cmake)
[4.672s] -- Found angles: 1.15.0 (/opt/ros/humble/share/angles/cmake)
[9.180s] -- Found ament_lint_auto: 0.12.4 (/opt/ros/humble/share/ament_lint_auto/cmake)
[11.382s] -- Found gtest sources under '/opt/ros/humble/src/gtest_vendor': C++ tests using 'Google Test' will be built
[11.403s] -- Found gtest sources under '/opt/ros/humble/src/gtest_vendor': C++ tests using 'Google Test' will be built
[15.207s] -- Found gtest sources under '/opt/ros/humble/src/gtest_vendor': C++ tests using 'Google Test' will be built
[15.221s] -- Added test 'cppcheck' to perform static code analysis on C / C++ code
[15.224s] -- Configured cppcheck include dirs: /home/arc/nav2_ws/src/navigation2/nav2_costmap_2d/include
[15.224s] -- Configured cppcheck exclude dirs and/or files: 
[15.225s] -- Added test 'flake8' to check Python code syntax and style conventions
[15.226s] -- Added test 'lint_cmake' to check CMake code style
[15.227s] -- Added test 'pep257' to check Python code against some of the docstring style conventions in PEP 257
[15.234s] -- Added test 'uncrustify' to check C / C++ code style
[15.234s] -- Configured uncrustify additional arguments: 
[15.235s] -- Added test 'xmllint' to check XML markup files
[15.238s] -- Configuring done
[16.249s] -- Generating done
[16.258s] -- Build files have been written to: /home/arc/nav2_ws/build/nav2_costmap_2d
[16.280s] Invoked command in '/home/arc/nav2_ws/build/nav2_costmap_2d' returned '0': AMENT_PREFIX_PATH=/home/arc/nav2_ws/install/nav2_map_server:/home/arc/nav2_ws/install/nav2_lifecycle_manager:/home/arc/nav2_ws/install/nav2_util:/home/arc/nav2_ws/install/nav2_voxel_grid:/home/arc/nav2_ws/install/nav2_msgs:/home/arc/nav2_ws/install/nav2_common:${AMENT_PREFIX_PATH} CMAKE_PREFIX_PATH=/home/arc/nav2_ws/install/nav2_map_server:/home/arc/nav2_ws/install/nav2_lifecycle_manager:/home/arc/nav2_ws/install/nav2_util:/home/arc/nav2_ws/install/nav2_voxel_grid:/home/arc/nav2_ws/install/nav2_msgs:/home/arc/nav2_ws/install/nav2_common:/home/arc/workspace/install:/opt/ros/humble LD_LIBRARY_PATH=/home/arc/nav2_ws/install/nav2_map_server/lib:/home/arc/nav2_ws/install/nav2_lifecycle_manager/lib:/home/arc/nav2_ws/install/nav2_util/lib:/home/arc/nav2_ws/install/nav2_voxel_grid/lib:/home/arc/nav2_ws/install/nav2_msgs/lib:${LD_LIBRARY_PATH} PYTHONPATH=/home/arc/nav2_ws/install/nav2_msgs/local/lib/python3.10/dist-packages:/home/arc/nav2_ws/install/nav2_common/local/lib/python3.10/dist-packages:${PYTHONPATH} /usr/bin/cmake /home/arc/nav2_ws/src/navigation2/nav2_costmap_2d -DCMAKE_INSTALL_PREFIX=/home/arc/nav2_ws/install/nav2_costmap_2d
[16.282s] Invoking command in '/home/arc/nav2_ws/build/nav2_costmap_2d': AMENT_PREFIX_PATH=/home/arc/nav2_ws/install/nav2_map_server:/home/arc/nav2_ws/install/nav2_lifecycle_manager:/home/arc/nav2_ws/install/nav2_util:/home/arc/nav2_ws/install/nav2_voxel_grid:/home/arc/nav2_ws/install/nav2_msgs:/home/arc/nav2_ws/install/nav2_common:${AMENT_PREFIX_PATH} CMAKE_PREFIX_PATH=/home/arc/nav2_ws/install/nav2_map_server:/home/arc/nav2_ws/install/nav2_lifecycle_manager:/home/arc/nav2_ws/install/nav2_util:/home/arc/nav2_ws/install/nav2_voxel_grid:/home/arc/nav2_ws/install/nav2_msgs:/home/arc/nav2_ws/install/nav2_common:/home/arc/workspace/install:/opt/ros/humble LD_LIBRARY_PATH=/home/arc/nav2_ws/install/nav2_map_server/lib:/home/arc/nav2_ws/install/nav2_lifecycle_manager/lib:/home/arc/nav2_ws/install/nav2_util/lib:/home/arc/nav2_ws/install/nav2_voxel_grid/lib:/home/arc/nav2_ws/install/nav2_msgs/lib:${LD_LIBRARY_PATH} PYTHONPATH=/home/arc/nav2_ws/install/nav2_msgs/local/lib/python3.10/dist-packages:/home/arc/nav2_ws/install/nav2_common/local/lib/python3.10/dist-packages:${PYTHONPATH} /usr/bin/cmake --build /home/arc/nav2_ws/build/nav2_costmap_2d -- -j4 -l4
[16.342s] [35m[1mConsolidate compiler generated dependencies of target gtest[0m
[16.360s] [35m[1mConsolidate compiler generated dependencies of target gtest_main[0m
[16.368s] [35m[1mConsolidate compiler generated dependencies of target nav2_costmap_2d_core[0m
[16.387s] [  3%] Built target gtest_main
[16.392s] [  6%] Built target gtest
[16.443s] [ 27%] Built target nav2_costmap_2d_core
[16.470s] [35m[1mConsolidate compiler generated dependencies of target filters[0m
[16.471s] [35m[1mConsolidate compiler generated dependencies of target nav2_costmap_2d_client[0m
[16.477s] [35m[1mConsolidate compiler generated dependencies of target nav2_costmap_2d_markers[0m
[16.512s] [ 30%] Built target nav2_costmap_2d_markers
[16.515s] [35m[1mConsolidate compiler generated dependencies of target layers[0m
[16.535s] [ 36%] Built target nav2_costmap_2d_client
[16.556s] [ 40%] Built target filters
[16.560s] [35m[1mConsolidate compiler generated dependencies of target nav2_costmap_2d_cloud[0m
[16.571s] [35m[1mConsolidate compiler generated dependencies of target array_parser_test[0m
[16.587s] [35m[1mConsolidate compiler generated dependencies of target collision_footprint_test[0m
[16.617s] [ 45%] Built target nav2_costmap_2d_cloud
[16.618s] [ 54%] Built target layers
[16.630s] [ 57%] Built target array_parser_test
[16.654s] [35m[1mConsolidate compiler generated dependencies of target costmap_convesion_test[0m
[16.654s] [35m[1mConsolidate compiler generated dependencies of target keepout_filter_test[0m
[16.662s] [35m[1mConsolidate compiler generated dependencies of target declare_parameter_test[0m
[16.672s] [ 60%] Built target collision_footprint_test
[16.710s] [ 63%] Built target costmap_convesion_test
[16.720s] [ 66%] Built target keepout_filter_test
[16.725s] [35m[1mConsolidate compiler generated dependencies of target speed_filter_test[0m
[16.734s] [ 69%] Built target declare_parameter_test
[16.740s] [35m[1mConsolidate compiler generated dependencies of target copy_window_test[0m
[16.762s] [35m[1mConsolidate compiler generated dependencies of target footprint_tests_exec[0m
[16.773s] [35m[1mConsolidate compiler generated dependencies of target test_collision_checker_exec[0m
[16.778s] [ 72%] Built target copy_window_test
[16.799s] [ 75%] Built target speed_filter_test
[16.800s] [35m[1mConsolidate compiler generated dependencies of target inflation_tests_exec[0m
[16.831s] [ 78%] Built target footprint_tests_exec
[16.833s] [35m[1mConsolidate compiler generated dependencies of target obstacle_tests_exec[0m
[16.851s] [ 81%] Built target test_collision_checker_exec
[16.866s] [35m[1mConsolidate compiler generated dependencies of target range_tests_exec[0m
[16.873s] [35m[1mConsolidate compiler generated dependencies of target dyn_params_tests[0m
[16.873s] [ 84%] Built target inflation_tests_exec
[16.916s] [35m[1mConsolidate compiler generated dependencies of target costmap_bresenham_2d[0m
[16.916s] [ 87%] Built target obstacle_tests_exec
[16.920s] [ 90%] Built target range_tests_exec
[16.926s] [ 93%] Built target dyn_params_tests
[16.939s] [35m[1mConsolidate compiler generated dependencies of target nav2_costmap_2d[0m
[16.951s] [ 96%] Built target costmap_bresenham_2d
[16.979s] [100%] Built target nav2_costmap_2d
[16.994s] Invoked command in '/home/arc/nav2_ws/build/nav2_costmap_2d' returned '0': AMENT_PREFIX_PATH=/home/arc/nav2_ws/install/nav2_map_server:/home/arc/nav2_ws/install/nav2_lifecycle_manager:/home/arc/nav2_ws/install/nav2_util:/home/arc/nav2_ws/install/nav2_voxel_grid:/home/arc/nav2_ws/install/nav2_msgs:/home/arc/nav2_ws/install/nav2_common:${AMENT_PREFIX_PATH} CMAKE_PREFIX_PATH=/home/arc/nav2_ws/install/nav2_map_server:/home/arc/nav2_ws/install/nav2_lifecycle_manager:/home/arc/nav2_ws/install/nav2_util:/home/arc/nav2_ws/install/nav2_voxel_grid:/home/arc/nav2_ws/install/nav2_msgs:/home/arc/nav2_ws/install/nav2_common:/home/arc/workspace/install:/opt/ros/humble LD_LIBRARY_PATH=/home/arc/nav2_ws/install/nav2_map_server/lib:/home/arc/nav2_ws/install/nav2_lifecycle_manager/lib:/home/arc/nav2_ws/install/nav2_util/lib:/home/arc/nav2_ws/install/nav2_voxel_grid/lib:/home/arc/nav2_ws/install/nav2_msgs/lib:${LD_LIBRARY_PATH} PYTHONPATH=/home/arc/nav2_ws/install/nav2_msgs/local/lib/python3.10/dist-packages:/home/arc/nav2_ws/install/nav2_common/local/lib/python3.10/dist-packages:${PYTHONPATH} /usr/bin/cmake --build /home/arc/nav2_ws/build/nav2_costmap_2d -- -j4 -l4
[17.103s] Invoking command in '/home/arc/nav2_ws/build/nav2_costmap_2d': AMENT_PREFIX_PATH=/home/arc/nav2_ws/install/nav2_map_server:/home/arc/nav2_ws/install/nav2_lifecycle_manager:/home/arc/nav2_ws/install/nav2_util:/home/arc/nav2_ws/install/nav2_voxel_grid:/home/arc/nav2_ws/install/nav2_msgs:/home/arc/nav2_ws/install/nav2_common:${AMENT_PREFIX_PATH} CMAKE_PREFIX_PATH=/home/arc/nav2_ws/install/nav2_map_server:/home/arc/nav2_ws/install/nav2_lifecycle_manager:/home/arc/nav2_ws/install/nav2_util:/home/arc/nav2_ws/install/nav2_voxel_grid:/home/arc/nav2_ws/install/nav2_msgs:/home/arc/nav2_ws/install/nav2_common:/home/arc/workspace/install:/opt/ros/humble LD_LIBRARY_PATH=/home/arc/nav2_ws/install/nav2_map_server/lib:/home/arc/nav2_ws/install/nav2_lifecycle_manager/lib:/home/arc/nav2_ws/install/nav2_util/lib:/home/arc/nav2_ws/install/nav2_voxel_grid/lib:/home/arc/nav2_ws/install/nav2_msgs/lib:${LD_LIBRARY_PATH} PYTHONPATH=/home/arc/nav2_ws/install/nav2_msgs/local/lib/python3.10/dist-packages:/home/arc/nav2_ws/install/nav2_common/local/lib/python3.10/dist-packages:${PYTHONPATH} /usr/bin/cmake --install /home/arc/nav2_ws/build/nav2_costmap_2d
[17.116s] -- Install configuration: "Release"
[17.116s] -- Execute custom install script
[17.116s] -- Up-to-date symlink: /home/arc/nav2_ws/install/nav2_costmap_2d/lib/libnav2_costmap_2d_core.so
[17.117s] -- Up-to-date symlink: /home/arc/nav2_ws/install/nav2_costmap_2d/lib/liblayers.so
[17.117s] -- Up-to-date symlink: /home/arc/nav2_ws/install/nav2_costmap_2d/lib/libfilters.so
[17.117s] -- Up-to-date symlink: /home/arc/nav2_ws/install/nav2_costmap_2d/lib/libnav2_costmap_2d_client.so
[17.117s] -- Up-to-date symlink: /home/arc/nav2_ws/install/nav2_costmap_2d/lib/nav2_costmap_2d/nav2_costmap_2d
[17.117s] -- Up-to-date symlink: /home/arc/nav2_ws/install/nav2_costmap_2d/lib/nav2_costmap_2d/nav2_costmap_2d_markers
[17.118s] -- Up-to-date symlink: /home/arc/nav2_ws/install/nav2_costmap_2d/lib/nav2_costmap_2d/nav2_costmap_2d_cloud
[17.118s] -- Up-to-date symlink: /home/arc/nav2_ws/install/nav2_costmap_2d/share/nav2_costmap_2d/costmap_plugins.xml
[17.118s] -- Up-to-date symlink: /home/arc/nav2_ws/install/nav2_costmap_2d/include//nav2_costmap_2d/array_parser.hpp
[17.119s] -- Up-to-date symlink: /home/arc/nav2_ws/install/nav2_costmap_2d/include//nav2_costmap_2d/clear_costmap_service.hpp
[17.119s] -- Up-to-date symlink: /home/arc/nav2_ws/install/nav2_costmap_2d/include//nav2_costmap_2d/cost_values.hpp
[17.119s] -- Up-to-date symlink: /home/arc/nav2_ws/install/nav2_costmap_2d/include//nav2_costmap_2d/costmap_2d.hpp
[17.120s] -- Up-to-date symlink: /home/arc/nav2_ws/install/nav2_costmap_2d/include//nav2_costmap_2d/costmap_2d_publisher.hpp
[17.120s] -- Up-to-date symlink: /home/arc/nav2_ws/install/nav2_costmap_2d/include//nav2_costmap_2d/costmap_2d_ros.hpp
[17.120s] -- Up-to-date symlink: /home/arc/nav2_ws/install/nav2_costmap_2d/include//nav2_costmap_2d/costmap_filters/costmap_filter.hpp
[17.120s] -- Up-to-date symlink: /home/arc/nav2_ws/install/nav2_costmap_2d/include//nav2_costmap_2d/costmap_filters/filter_values.hpp
[17.120s] -- Up-to-date symlink: /home/arc/nav2_ws/install/nav2_costmap_2d/include//nav2_costmap_2d/costmap_filters/keepout_filter.hpp
[17.121s] -- Up-to-date symlink: /home/arc/nav2_ws/install/nav2_costmap_2d/include//nav2_costmap_2d/costmap_filters/speed_filter.hpp
[17.121s] -- Up-to-date symlink: /home/arc/nav2_ws/install/nav2_costmap_2d/include//nav2_costmap_2d/costmap_layer.hpp
[17.121s] -- Up-to-date symlink: /home/arc/nav2_ws/install/nav2_costmap_2d/include//nav2_costmap_2d/costmap_math.hpp
[17.121s] -- Up-to-date symlink: /home/arc/nav2_ws/install/nav2_costmap_2d/include//nav2_costmap_2d/costmap_subscriber.hpp
[17.121s] -- Up-to-date symlink: /home/arc/nav2_ws/install/nav2_costmap_2d/include//nav2_costmap_2d/costmap_topic_collision_checker.hpp
[17.121s] -- Up-to-date symlink: /home/arc/nav2_ws/install/nav2_costmap_2d/include//nav2_costmap_2d/exceptions.hpp
[17.122s] -- Up-to-date symlink: /home/arc/nav2_ws/install/nav2_costmap_2d/include//nav2_costmap_2d/footprint.hpp
[17.122s] -- Up-to-date symlink: /home/arc/nav2_ws/install/nav2_costmap_2d/include//nav2_costmap_2d/footprint_collision_checker.hpp
[17.122s] -- Up-to-date symlink: /home/arc/nav2_ws/install/nav2_costmap_2d/include//nav2_costmap_2d/footprint_subscriber.hpp
[17.122s] -- Up-to-date symlink: /home/arc/nav2_ws/install/nav2_costmap_2d/include//nav2_costmap_2d/inflation_layer.hpp
[17.122s] -- Up-to-date symlink: /home/arc/nav2_ws/install/nav2_costmap_2d/include//nav2_costmap_2d/layer.hpp
[17.122s] -- Up-to-date symlink: /home/arc/nav2_ws/install/nav2_costmap_2d/include//nav2_costmap_2d/layered_costmap.hpp
[17.123s] -- Up-to-date symlink: /home/arc/nav2_ws/install/nav2_costmap_2d/include//nav2_costmap_2d/observation.hpp
[17.123s] -- Up-to-date symlink: /home/arc/nav2_ws/install/nav2_costmap_2d/include//nav2_costmap_2d/observation_buffer.hpp
[17.123s] -- Up-to-date symlink: /home/arc/nav2_ws/install/nav2_costmap_2d/include//nav2_costmap_2d/obstacle_layer.hpp
[17.123s] -- Up-to-date symlink: /home/arc/nav2_ws/install/nav2_costmap_2d/include//nav2_costmap_2d/range_sensor_layer.hpp
[17.123s] -- Up-to-date symlink: /home/arc/nav2_ws/install/nav2_costmap_2d/include//nav2_costmap_2d/static_layer.hpp
[17.124s] -- Up-to-date symlink: /home/arc/nav2_ws/install/nav2_costmap_2d/include//nav2_costmap_2d/voxel_layer.hpp
[17.124s] -- Up-to-date symlink: /home/arc/nav2_ws/install/nav2_costmap_2d/share/nav2_costmap_2d/environment/library_path.sh
[17.124s] -- Up-to-date symlink: /home/arc/nav2_ws/install/nav2_costmap_2d/share/nav2_costmap_2d/environment/library_path.dsv
[17.124s] -- Up-to-date symlink: /home/arc/nav2_ws/install/nav2_costmap_2d/share/nav2_costmap_2d//costmap_plugins.xml
[17.125s] -- Up-to-date symlink: /home/arc/nav2_ws/install/nav2_costmap_2d/share/ament_index/resource_index/package_run_dependencies/nav2_costmap_2d
[17.125s] -- Up-to-date symlink: /home/arc/nav2_ws/install/nav2_costmap_2d/share/ament_index/resource_index/parent_prefix_path/nav2_costmap_2d
[17.125s] -- Up-to-date symlink: /home/arc/nav2_ws/install/nav2_costmap_2d/share/nav2_costmap_2d/environment/ament_prefix_path.sh
[17.125s] -- Up-to-date symlink: /home/arc/nav2_ws/install/nav2_costmap_2d/share/nav2_costmap_2d/environment/ament_prefix_path.dsv
[17.126s] -- Up-to-date symlink: /home/arc/nav2_ws/install/nav2_costmap_2d/share/nav2_costmap_2d/environment/path.sh
[17.126s] -- Up-to-date symlink: /home/arc/nav2_ws/install/nav2_costmap_2d/share/nav2_costmap_2d/environment/path.dsv
[17.126s] -- Up-to-date symlink: /home/arc/nav2_ws/install/nav2_costmap_2d/share/nav2_costmap_2d/local_setup.bash
[17.127s] -- Up-to-date symlink: /home/arc/nav2_ws/install/nav2_costmap_2d/share/nav2_costmap_2d/local_setup.sh
[17.127s] -- Up-to-date symlink: /home/arc/nav2_ws/install/nav2_costmap_2d/share/nav2_costmap_2d/local_setup.zsh
[17.127s] -- Up-to-date symlink: /home/arc/nav2_ws/install/nav2_costmap_2d/share/nav2_costmap_2d/local_setup.dsv
[17.128s] -- Symlinking: /home/arc/nav2_ws/install/nav2_costmap_2d/share/nav2_costmap_2d/package.dsv
[17.140s] -- Up-to-date symlink: /home/arc/nav2_ws/install/nav2_costmap_2d/share/ament_index/resource_index/packages/nav2_costmap_2d
[17.140s] -- Up-to-date symlink: /home/arc/nav2_ws/install/nav2_costmap_2d/share/ament_index/resource_index/nav2_costmap_2d__pluginlib__plugin/nav2_costmap_2d
[17.140s] -- Up-to-date symlink: /home/arc/nav2_ws/install/nav2_costmap_2d/share/nav2_costmap_2d/cmake/ament_cmake_export_include_directories-extras.cmake
[17.140s] -- Up-to-date symlink: /home/arc/nav2_ws/install/nav2_costmap_2d/share/nav2_costmap_2d/cmake/ament_cmake_export_libraries-extras.cmake
[17.141s] -- Up-to-date symlink: /home/arc/nav2_ws/install/nav2_costmap_2d/share/nav2_costmap_2d/cmake/ament_cmake_export_dependencies-extras.cmake
[17.141s] -- Up-to-date symlink: /home/arc/nav2_ws/install/nav2_costmap_2d/share/nav2_costmap_2d/cmake/nav2_costmap_2dConfig.cmake
[17.141s] -- Up-to-date symlink: /home/arc/nav2_ws/install/nav2_costmap_2d/share/nav2_costmap_2d/cmake/nav2_costmap_2dConfig-version.cmake
[17.141s] -- Up-to-date symlink: /home/arc/nav2_ws/install/nav2_costmap_2d/share/nav2_costmap_2d/package.xml
[17.150s] Invoked command in '/home/arc/nav2_ws/build/nav2_costmap_2d' returned '0': AMENT_PREFIX_PATH=/home/arc/nav2_ws/install/nav2_map_server:/home/arc/nav2_ws/install/nav2_lifecycle_manager:/home/arc/nav2_ws/install/nav2_util:/home/arc/nav2_ws/install/nav2_voxel_grid:/home/arc/nav2_ws/install/nav2_msgs:/home/arc/nav2_ws/install/nav2_common:${AMENT_PREFIX_PATH} CMAKE_PREFIX_PATH=/home/arc/nav2_ws/install/nav2_map_server:/home/arc/nav2_ws/install/nav2_lifecycle_manager:/home/arc/nav2_ws/install/nav2_util:/home/arc/nav2_ws/install/nav2_voxel_grid:/home/arc/nav2_ws/install/nav2_msgs:/home/arc/nav2_ws/install/nav2_common:/home/arc/workspace/install:/opt/ros/humble LD_LIBRARY_PATH=/home/arc/nav2_ws/install/nav2_map_server/lib:/home/arc/nav2_ws/install/nav2_lifecycle_manager/lib:/home/arc/nav2_ws/install/nav2_util/lib:/home/arc/nav2_ws/install/nav2_voxel_grid/lib:/home/arc/nav2_ws/install/nav2_msgs/lib:${LD_LIBRARY_PATH} PYTHONPATH=/home/arc/nav2_ws/install/nav2_msgs/local/lib/python3.10/dist-packages:/home/arc/nav2_ws/install/nav2_common/local/lib/python3.10/dist-packages:${PYTHONPATH} /usr/bin/cmake --install /home/arc/nav2_ws/build/nav2_costmap_2d
