[0.034s] Invoking command in '/home/arc/nav2_ws/build/nav2_amcl': AMENT_PREFIX_PATH=/home/arc/nav2_ws/install/nav2_util:/home/arc/nav2_ws/install/nav2_msgs:/home/arc/nav2_ws/install/nav2_common:${AMENT_PREFIX_PATH} CMAKE_PREFIX_PATH=/home/arc/nav2_ws/install/nav2_util:/home/arc/nav2_ws/install/nav2_msgs:/home/arc/nav2_ws/install/nav2_common:/home/arc/workspace/install:/opt/ros/humble LD_LIBRARY_PATH=/home/arc/nav2_ws/install/nav2_util/lib:/home/arc/nav2_ws/install/nav2_msgs/lib:${LD_LIBRARY_PATH} PYTHONPATH=/home/arc/nav2_ws/install/nav2_msgs/local/lib/python3.10/dist-packages:/home/arc/nav2_ws/install/nav2_common/local/lib/python3.10/dist-packages:${PYTHONPATH} /usr/bin/cmake /home/arc/nav2_ws/src/navigation2/nav2_amcl -DCMAKE_INSTALL_PREFIX=/home/arc/nav2_ws/install/nav2_amcl
[0.057s] -- Found ament_cmake: 1.3.2 (/opt/ros/humble/share/ament_cmake/cmake)
[0.341s] -- Override CMake install command with custom implementation using symlinks instead of copying resources
[0.355s] -- Found nav2_common: 1.1.2 (/home/arc/nav2_ws/install/nav2_common/share/nav2_common/cmake)
[0.356s] -- Found rclcpp: 16.0.1 (/opt/ros/humble/share/rclcpp/cmake)
[0.423s] -- Found rosidl_generator_c: 3.1.3 (/opt/ros/humble/share/rosidl_generator_c/cmake)
[0.431s] -- Found rosidl_adapter: 3.1.3 (/opt/ros/humble/share/rosidl_adapter/cmake)
[0.445s] -- Found rosidl_generator_cpp: 3.1.3 (/opt/ros/humble/share/rosidl_generator_cpp/cmake)
[0.471s] -- Using all available rosidl_typesupport_c: rosidl_typesupport_fastrtps_c;rosidl_typesupport_introspection_c
[0.509s] -- Using all available rosidl_typesupport_cpp: rosidl_typesupport_fastrtps_cpp;rosidl_typesupport_introspection_cpp
[0.655s] -- Found rmw_implementation_cmake: 6.1.0 (/opt/ros/humble/share/rmw_implementation_cmake/cmake)
[0.658s] -- Found rmw_fastrtps_cpp: 6.2.1 (/opt/ros/humble/share/rmw_fastrtps_cpp/cmake)
[0.915s] -- Using RMW implementation 'rmw_fastrtps_cpp' as default
[1.301s] -- Found rclcpp_lifecycle: 16.0.1 (/opt/ros/humble/share/rclcpp_lifecycle/cmake)
[1.393s] -- Found rclcpp_components: 16.0.1 (/opt/ros/humble/share/rclcpp_components/cmake)
[1.537s] -- Found message_filters: 4.3.2 (/opt/ros/humble/share/message_filters/cmake)
[1.550s] -- Found tf2_geometry_msgs: 0.25.1 (/opt/ros/humble/share/tf2_geometry_msgs/cmake)
[1.668s] -- Found eigen3_cmake_module: 0.1.1 (/opt/ros/humble/share/eigen3_cmake_module/cmake)
[1.671s] -- Ensuring Eigen3 include directory is part of orocos-kdl CMake target
[2.344s] -- Found nav_msgs: 4.2.2 (/opt/ros/humble/share/nav_msgs/cmake)
[2.561s] -- Found sensor_msgs: 4.2.2 (/opt/ros/humble/share/sensor_msgs/cmake)
[2.791s] -- Found std_srvs: 4.2.2 (/opt/ros/humble/share/std_srvs/cmake)
[2.840s] -- Found nav2_util: 1.1.2 (/home/arc/nav2_ws/install/nav2_util/share/nav2_util/cmake)
[4.020s] -- Found pluginlib: 5.1.0 (/opt/ros/humble/share/pluginlib/cmake)
[9.569s] -- Found ament_lint_auto: 0.12.4 (/opt/ros/humble/share/ament_lint_auto/cmake)
[9.721s] -- Added test 'cppcheck' to perform static code analysis on C / C++ code
[9.723s] -- Configured cppcheck include dirs: /home/arc/nav2_ws/src/navigation2/nav2_amcl/include;/home/arc/nav2_ws/src/navigation2/nav2_amcl/src/include
[9.723s] -- Configured cppcheck exclude dirs and/or files: 
[9.726s] -- Added test 'lint_cmake' to check CMake code style
[9.731s] -- Added test 'uncrustify' to check C / C++ code style
[9.732s] -- Configured uncrustify additional arguments: 
[9.733s] -- Added test 'xmllint' to check XML markup files
[9.738s] -- Configuring done
[9.931s] -- Generating done
[9.937s] -- Build files have been written to: /home/arc/nav2_ws/build/nav2_amcl
[9.961s] Invoked command in '/home/arc/nav2_ws/build/nav2_amcl' returned '0': AMENT_PREFIX_PATH=/home/arc/nav2_ws/install/nav2_util:/home/arc/nav2_ws/install/nav2_msgs:/home/arc/nav2_ws/install/nav2_common:${AMENT_PREFIX_PATH} CMAKE_PREFIX_PATH=/home/arc/nav2_ws/install/nav2_util:/home/arc/nav2_ws/install/nav2_msgs:/home/arc/nav2_ws/install/nav2_common:/home/arc/workspace/install:/opt/ros/humble LD_LIBRARY_PATH=/home/arc/nav2_ws/install/nav2_util/lib:/home/arc/nav2_ws/install/nav2_msgs/lib:${LD_LIBRARY_PATH} PYTHONPATH=/home/arc/nav2_ws/install/nav2_msgs/local/lib/python3.10/dist-packages:/home/arc/nav2_ws/install/nav2_common/local/lib/python3.10/dist-packages:${PYTHONPATH} /usr/bin/cmake /home/arc/nav2_ws/src/navigation2/nav2_amcl -DCMAKE_INSTALL_PREFIX=/home/arc/nav2_ws/install/nav2_amcl
[9.964s] Invoking command in '/home/arc/nav2_ws/build/nav2_amcl': AMENT_PREFIX_PATH=/home/arc/nav2_ws/install/nav2_util:/home/arc/nav2_ws/install/nav2_msgs:/home/arc/nav2_ws/install/nav2_common:${AMENT_PREFIX_PATH} CMAKE_PREFIX_PATH=/home/arc/nav2_ws/install/nav2_util:/home/arc/nav2_ws/install/nav2_msgs:/home/arc/nav2_ws/install/nav2_common:/home/arc/workspace/install:/opt/ros/humble LD_LIBRARY_PATH=/home/arc/nav2_ws/install/nav2_util/lib:/home/arc/nav2_ws/install/nav2_msgs/lib:${LD_LIBRARY_PATH} PYTHONPATH=/home/arc/nav2_ws/install/nav2_msgs/local/lib/python3.10/dist-packages:/home/arc/nav2_ws/install/nav2_common/local/lib/python3.10/dist-packages:${PYTHONPATH} /usr/bin/cmake --build /home/arc/nav2_ws/build/nav2_amcl -- -j4 -l4
[10.034s] [35m[1mConsolidate compiler generated dependencies of target pf_lib[0m
[10.054s] [35m[1mConsolidate compiler generated dependencies of target map_lib[0m
[10.077s] [ 29%] Built target pf_lib
[10.096s] [35m[1mConsolidate compiler generated dependencies of target motions_lib[0m
[10.105s] [ 50%] Built target map_lib
[10.127s] [ 62%] Built target motions_lib
[10.142s] [35m[1mConsolidate compiler generated dependencies of target sensors_lib[0m
[10.166s] [ 83%] Built target sensors_lib
[10.193s] [35m[1mConsolidate compiler generated dependencies of target amcl_core[0m
[10.262s] [ 91%] Built target amcl_core
[10.282s] [35m[1mConsolidate compiler generated dependencies of target amcl[0m
[10.318s] [100%] Built target amcl
[10.337s] Invoked command in '/home/arc/nav2_ws/build/nav2_amcl' returned '0': AMENT_PREFIX_PATH=/home/arc/nav2_ws/install/nav2_util:/home/arc/nav2_ws/install/nav2_msgs:/home/arc/nav2_ws/install/nav2_common:${AMENT_PREFIX_PATH} CMAKE_PREFIX_PATH=/home/arc/nav2_ws/install/nav2_util:/home/arc/nav2_ws/install/nav2_msgs:/home/arc/nav2_ws/install/nav2_common:/home/arc/workspace/install:/opt/ros/humble LD_LIBRARY_PATH=/home/arc/nav2_ws/install/nav2_util/lib:/home/arc/nav2_ws/install/nav2_msgs/lib:${LD_LIBRARY_PATH} PYTHONPATH=/home/arc/nav2_ws/install/nav2_msgs/local/lib/python3.10/dist-packages:/home/arc/nav2_ws/install/nav2_common/local/lib/python3.10/dist-packages:${PYTHONPATH} /usr/bin/cmake --build /home/arc/nav2_ws/build/nav2_amcl -- -j4 -l4
[10.388s] Invoking command in '/home/arc/nav2_ws/build/nav2_amcl': AMENT_PREFIX_PATH=/home/arc/nav2_ws/install/nav2_util:/home/arc/nav2_ws/install/nav2_msgs:/home/arc/nav2_ws/install/nav2_common:${AMENT_PREFIX_PATH} CMAKE_PREFIX_PATH=/home/arc/nav2_ws/install/nav2_util:/home/arc/nav2_ws/install/nav2_msgs:/home/arc/nav2_ws/install/nav2_common:/home/arc/workspace/install:/opt/ros/humble LD_LIBRARY_PATH=/home/arc/nav2_ws/install/nav2_util/lib:/home/arc/nav2_ws/install/nav2_msgs/lib:${LD_LIBRARY_PATH} PYTHONPATH=/home/arc/nav2_ws/install/nav2_msgs/local/lib/python3.10/dist-packages:/home/arc/nav2_ws/install/nav2_common/local/lib/python3.10/dist-packages:${PYTHONPATH} /usr/bin/cmake --install /home/arc/nav2_ws/build/nav2_amcl
[10.400s] -- Install configuration: "Release"
[10.402s] -- Execute custom install script
[10.402s] -- Up-to-date symlink: /home/arc/nav2_ws/install/nav2_amcl/lib/libpf_lib.so
[10.403s] -- Up-to-date symlink: /home/arc/nav2_ws/install/nav2_amcl/lib/libmap_lib.so
[10.404s] -- Up-to-date symlink: /home/arc/nav2_ws/install/nav2_amcl/lib/libmotions_lib.so
[10.405s] -- Up-to-date symlink: /home/arc/nav2_ws/install/nav2_amcl/lib/libsensors_lib.so
[10.405s] -- Up-to-date symlink: /home/arc/nav2_ws/install/nav2_amcl/lib/libamcl_core.so
[10.406s] -- Up-to-date symlink: /home/arc/nav2_ws/install/nav2_amcl/lib/nav2_amcl/amcl
[10.407s] -- Up-to-date symlink: /home/arc/nav2_ws/install/nav2_amcl/include//nav2_amcl/amcl_node.hpp
[10.408s] -- Up-to-date symlink: /home/arc/nav2_ws/install/nav2_amcl/include//nav2_amcl/angleutils.hpp
[10.409s] -- Up-to-date symlink: /home/arc/nav2_ws/install/nav2_amcl/include//nav2_amcl/map/map.hpp
[10.409s] -- Up-to-date symlink: /home/arc/nav2_ws/install/nav2_amcl/include//nav2_amcl/motion_model/differential_motion_model.hpp
[10.410s] -- Up-to-date symlink: /home/arc/nav2_ws/install/nav2_amcl/include//nav2_amcl/motion_model/motion_model.hpp
[10.410s] -- Up-to-date symlink: /home/arc/nav2_ws/install/nav2_amcl/include//nav2_amcl/motion_model/omni_motion_model.hpp
[10.411s] -- Up-to-date symlink: /home/arc/nav2_ws/install/nav2_amcl/include//nav2_amcl/pf/eig3.hpp
[10.411s] -- Up-to-date symlink: /home/arc/nav2_ws/install/nav2_amcl/include//nav2_amcl/pf/pf.hpp
[10.412s] -- Up-to-date symlink: /home/arc/nav2_ws/install/nav2_amcl/include//nav2_amcl/pf/pf_kdtree.hpp
[10.413s] -- Up-to-date symlink: /home/arc/nav2_ws/install/nav2_amcl/include//nav2_amcl/pf/pf_pdf.hpp
[10.417s] -- Up-to-date symlink: /home/arc/nav2_ws/install/nav2_amcl/include//nav2_amcl/pf/pf_vector.hpp
[10.418s] -- Up-to-date symlink: /home/arc/nav2_ws/install/nav2_amcl/include//nav2_amcl/portable_utils.hpp
[10.418s] -- Up-to-date symlink: /home/arc/nav2_ws/install/nav2_amcl/include//nav2_amcl/sensors/laser/laser.hpp
[10.418s] -- Up-to-date symlink: /home/arc/nav2_ws/install/nav2_amcl/share/nav2_amcl/environment/library_path.sh
[10.418s] -- Up-to-date symlink: /home/arc/nav2_ws/install/nav2_amcl/share/nav2_amcl/environment/library_path.dsv
[10.419s] -- Up-to-date symlink: /home/arc/nav2_ws/install/nav2_amcl/share/nav2_amcl//plugins.xml
[10.419s] -- Up-to-date symlink: /home/arc/nav2_ws/install/nav2_amcl/share/ament_index/resource_index/package_run_dependencies/nav2_amcl
[10.419s] -- Up-to-date symlink: /home/arc/nav2_ws/install/nav2_amcl/share/ament_index/resource_index/parent_prefix_path/nav2_amcl
[10.419s] -- Up-to-date symlink: /home/arc/nav2_ws/install/nav2_amcl/share/nav2_amcl/environment/ament_prefix_path.sh
[10.419s] -- Up-to-date symlink: /home/arc/nav2_ws/install/nav2_amcl/share/nav2_amcl/environment/ament_prefix_path.dsv
[10.419s] -- Up-to-date symlink: /home/arc/nav2_ws/install/nav2_amcl/share/nav2_amcl/environment/path.sh
[10.420s] -- Up-to-date symlink: /home/arc/nav2_ws/install/nav2_amcl/share/nav2_amcl/environment/path.dsv
[10.420s] -- Up-to-date symlink: /home/arc/nav2_ws/install/nav2_amcl/share/nav2_amcl/local_setup.bash
[10.420s] -- Up-to-date symlink: /home/arc/nav2_ws/install/nav2_amcl/share/nav2_amcl/local_setup.sh
[10.420s] -- Up-to-date symlink: /home/arc/nav2_ws/install/nav2_amcl/share/nav2_amcl/local_setup.zsh
[10.420s] -- Up-to-date symlink: /home/arc/nav2_ws/install/nav2_amcl/share/nav2_amcl/local_setup.dsv
[10.421s] -- Symlinking: /home/arc/nav2_ws/install/nav2_amcl/share/nav2_amcl/package.dsv
[10.440s] -- Up-to-date symlink: /home/arc/nav2_ws/install/nav2_amcl/share/ament_index/resource_index/packages/nav2_amcl
[10.441s] -- Up-to-date symlink: /home/arc/nav2_ws/install/nav2_amcl/share/ament_index/resource_index/nav2_amcl__pluginlib__plugin/nav2_amcl
[10.442s] -- Up-to-date symlink: /home/arc/nav2_ws/install/nav2_amcl/share/ament_index/resource_index/rclcpp_components/nav2_amcl
[10.442s] -- Up-to-date symlink: /home/arc/nav2_ws/install/nav2_amcl/share/nav2_amcl/cmake/ament_cmake_export_include_directories-extras.cmake
[10.442s] -- Up-to-date symlink: /home/arc/nav2_ws/install/nav2_amcl/share/nav2_amcl/cmake/ament_cmake_export_libraries-extras.cmake
[10.443s] -- Up-to-date symlink: /home/arc/nav2_ws/install/nav2_amcl/share/nav2_amcl/cmake/ament_cmake_export_dependencies-extras.cmake
[10.443s] -- Up-to-date symlink: /home/arc/nav2_ws/install/nav2_amcl/share/nav2_amcl/cmake/nav2_amclConfig.cmake
[10.443s] -- Up-to-date symlink: /home/arc/nav2_ws/install/nav2_amcl/share/nav2_amcl/cmake/nav2_amclConfig-version.cmake
[10.444s] -- Up-to-date symlink: /home/arc/nav2_ws/install/nav2_amcl/share/nav2_amcl/package.xml
[10.459s] Invoked command in '/home/arc/nav2_ws/build/nav2_amcl' returned '0': AMENT_PREFIX_PATH=/home/arc/nav2_ws/install/nav2_util:/home/arc/nav2_ws/install/nav2_msgs:/home/arc/nav2_ws/install/nav2_common:${AMENT_PREFIX_PATH} CMAKE_PREFIX_PATH=/home/arc/nav2_ws/install/nav2_util:/home/arc/nav2_ws/install/nav2_msgs:/home/arc/nav2_ws/install/nav2_common:/home/arc/workspace/install:/opt/ros/humble LD_LIBRARY_PATH=/home/arc/nav2_ws/install/nav2_util/lib:/home/arc/nav2_ws/install/nav2_msgs/lib:${LD_LIBRARY_PATH} PYTHONPATH=/home/arc/nav2_ws/install/nav2_msgs/local/lib/python3.10/dist-packages:/home/arc/nav2_ws/install/nav2_common/local/lib/python3.10/dist-packages:${PYTHONPATH} /usr/bin/cmake --install /home/arc/nav2_ws/build/nav2_amcl
