[0.060s] Invoking command in '/home/arc/nav2_ws/build/nav2_rotation_shim_controller': AMENT_PREFIX_PATH=/home/arc/nav2_ws/install/nav2_regulated_pure_pursuit_controller:/home/arc/nav2_ws/install/nav2_controller:/home/arc/nav2_ws/install/nav2_core:/home/arc/nav2_ws/install/nav2_costmap_2d:/home/arc/nav2_ws/install/nav_2d_utils:/home/arc/nav2_ws/install/nav2_util:/home/arc/nav2_ws/install/nav2_voxel_grid:/home/arc/nav2_ws/install/nav2_msgs:/home/arc/nav2_ws/install/nav_2d_msgs:/home/arc/nav2_ws/install/nav2_common:${AMENT_PREFIX_PATH} CMAKE_PREFIX_PATH=/home/arc/nav2_ws/install/nav2_regulated_pure_pursuit_controller:/home/arc/nav2_ws/install/nav2_controller:/home/arc/nav2_ws/install/nav2_core:/home/arc/nav2_ws/install/nav2_costmap_2d:/home/arc/nav2_ws/install/nav_2d_utils:/home/arc/nav2_ws/install/nav2_util:/home/arc/nav2_ws/install/nav2_voxel_grid:/home/arc/nav2_ws/install/nav2_msgs:/home/arc/nav2_ws/install/nav_2d_msgs:/home/arc/nav2_ws/install/nav2_common:/home/arc/workspace/install:/opt/ros/humble LD_LIBRARY_PATH=/home/arc/nav2_ws/install/nav2_regulated_pure_pursuit_controller/lib:/home/arc/nav2_ws/install/nav2_controller/lib:/home/arc/nav2_ws/install/nav2_costmap_2d/lib:/home/arc/nav2_ws/install/nav_2d_utils/lib:/home/arc/nav2_ws/install/nav2_util/lib:/home/arc/nav2_ws/install/nav2_voxel_grid/lib:/home/arc/nav2_ws/install/nav2_msgs/lib:/home/arc/nav2_ws/install/nav_2d_msgs/lib:${LD_LIBRARY_PATH} PYTHONPATH=/home/arc/nav2_ws/install/nav2_msgs/local/lib/python3.10/dist-packages:/home/arc/nav2_ws/install/nav_2d_msgs/local/lib/python3.10/dist-packages:/home/arc/nav2_ws/install/nav2_common/local/lib/python3.10/dist-packages:${PYTHONPATH} /usr/bin/cmake /home/arc/nav2_ws/src/navigation2/nav2_rotation_shim_controller -DAMENT_CMAKE_SYMLINK_INSTALL=1 -DCMAKE_INSTALL_PREFIX=/home/arc/nav2_ws/install/nav2_rotation_shim_controller
[0.210s] -- The C compiler identification is GNU 11.2.0
[0.330s] -- The CXX compiler identification is GNU 11.2.0
[0.345s] -- Detecting C compiler ABI info
[0.483s] -- Detecting C compiler ABI info - done
[0.506s] -- Check for working C compiler: /usr/bin/cc - skipped
[0.507s] -- Detecting C compile features
[0.508s] -- Detecting C compile features - done
[0.515s] -- Detecting CXX compiler ABI info
[0.676s] -- Detecting CXX compiler ABI info - done
[0.697s] -- Check for working CXX compiler: /usr/bin/c++ - skipped
[0.698s] -- Detecting CXX compile features
[0.700s] -- Detecting CXX compile features - done
[0.708s] -- Found ament_cmake: 1.3.2 (/opt/ros/humble/share/ament_cmake/cmake)
[2.389s] -- Found Python3: /usr/bin/python3.10 (found version "3.10.6") found components: Interpreter 
[2.535s] -- Override CMake install command with custom implementation using symlinks instead of copying resources
[2.617s] -- Found nav2_common: 1.1.2 (/home/arc/nav2_ws/install/nav2_common/share/nav2_common/cmake)
[2.619s] -- Found nav2_core: 1.1.2 (/home/arc/nav2_ws/install/nav2_core/share/nav2_core/cmake)
[2.761s] -- Found rosidl_generator_c: 3.1.3 (/opt/ros/humble/share/rosidl_generator_c/cmake)
[2.776s] -- Found rosidl_adapter: 3.1.3 (/opt/ros/humble/share/rosidl_adapter/cmake)
[2.798s] -- Found rosidl_generator_cpp: 3.1.3 (/opt/ros/humble/share/rosidl_generator_cpp/cmake)
[2.837s] -- Using all available rosidl_typesupport_c: rosidl_typesupport_fastrtps_c;rosidl_typesupport_introspection_c
[2.893s] -- Using all available rosidl_typesupport_cpp: rosidl_typesupport_fastrtps_cpp;rosidl_typesupport_introspection_cpp
[3.094s] -- Found rmw_implementation_cmake: 6.1.0 (/opt/ros/humble/share/rmw_implementation_cmake/cmake)
[3.103s] -- Found rmw_fastrtps_cpp: 6.2.1 (/opt/ros/humble/share/rmw_fastrtps_cpp/cmake)
[3.334s] -- Found OpenSSL: /usr/lib/x86_64-linux-gnu/libcrypto.so (found version "3.0.2")  
[3.398s] -- Found FastRTPS: /opt/ros/humble/include  
[3.510s] -- Using RMW implementation 'rmw_fastrtps_cpp' as default
[6.787s] -- Found Eigen3: TRUE (found version "3.4.0") 
[6.787s] -- Ensuring Eigen3 include directory is part of orocos-kdl CMake target
[10.926s] -- Setting build type to Release as none was specified.
[21.419s] -- Found ament_lint_auto: 0.12.4 (/opt/ros/humble/share/ament_lint_auto/cmake)
[32.946s] -- Found gtest sources under '/opt/ros/humble/src/gtest_vendor': C++ tests using 'Google Test' will be built
[32.952s] -- Looking for pthread.h
[33.100s] -- Looking for pthread.h - found
[33.101s] -- Performing Test CMAKE_HAVE_LIBC_PTHREAD
[33.250s] -- Performing Test CMAKE_HAVE_LIBC_PTHREAD - Success
[33.252s] -- Found Threads: TRUE  
[51.865s] -- Added test 'cppcheck' to perform static code analysis on C / C++ code
[51.867s] -- Configured cppcheck include dirs: /home/arc/nav2_ws/src/navigation2/nav2_rotation_shim_controller/include
[51.867s] -- Configured cppcheck exclude dirs and/or files: 
[51.870s] -- Added test 'cpplint' to check C / C++ code against the Google style
[51.870s] -- Configured cpplint exclude dirs and/or files: 
[51.873s] -- Added test 'lint_cmake' to check CMake code style
[51.876s] -- Added test 'uncrustify' to check C / C++ code style
[51.877s] -- Configured uncrustify additional arguments: 
[51.879s] -- Added test 'xmllint' to check XML markup files
[51.887s] -- Configuring done
[52.130s] -- Generating done
[52.137s] -- Build files have been written to: /home/arc/nav2_ws/build/nav2_rotation_shim_controller
[52.172s] Invoked command in '/home/arc/nav2_ws/build/nav2_rotation_shim_controller' returned '0': AMENT_PREFIX_PATH=/home/arc/nav2_ws/install/nav2_regulated_pure_pursuit_controller:/home/arc/nav2_ws/install/nav2_controller:/home/arc/nav2_ws/install/nav2_core:/home/arc/nav2_ws/install/nav2_costmap_2d:/home/arc/nav2_ws/install/nav_2d_utils:/home/arc/nav2_ws/install/nav2_util:/home/arc/nav2_ws/install/nav2_voxel_grid:/home/arc/nav2_ws/install/nav2_msgs:/home/arc/nav2_ws/install/nav_2d_msgs:/home/arc/nav2_ws/install/nav2_common:${AMENT_PREFIX_PATH} CMAKE_PREFIX_PATH=/home/arc/nav2_ws/install/nav2_regulated_pure_pursuit_controller:/home/arc/nav2_ws/install/nav2_controller:/home/arc/nav2_ws/install/nav2_core:/home/arc/nav2_ws/install/nav2_costmap_2d:/home/arc/nav2_ws/install/nav_2d_utils:/home/arc/nav2_ws/install/nav2_util:/home/arc/nav2_ws/install/nav2_voxel_grid:/home/arc/nav2_ws/install/nav2_msgs:/home/arc/nav2_ws/install/nav_2d_msgs:/home/arc/nav2_ws/install/nav2_common:/home/arc/workspace/install:/opt/ros/humble LD_LIBRARY_PATH=/home/arc/nav2_ws/install/nav2_regulated_pure_pursuit_controller/lib:/home/arc/nav2_ws/install/nav2_controller/lib:/home/arc/nav2_ws/install/nav2_costmap_2d/lib:/home/arc/nav2_ws/install/nav_2d_utils/lib:/home/arc/nav2_ws/install/nav2_util/lib:/home/arc/nav2_ws/install/nav2_voxel_grid/lib:/home/arc/nav2_ws/install/nav2_msgs/lib:/home/arc/nav2_ws/install/nav_2d_msgs/lib:${LD_LIBRARY_PATH} PYTHONPATH=/home/arc/nav2_ws/install/nav2_msgs/local/lib/python3.10/dist-packages:/home/arc/nav2_ws/install/nav_2d_msgs/local/lib/python3.10/dist-packages:/home/arc/nav2_ws/install/nav2_common/local/lib/python3.10/dist-packages:${PYTHONPATH} /usr/bin/cmake /home/arc/nav2_ws/src/navigation2/nav2_rotation_shim_controller -DAMENT_CMAKE_SYMLINK_INSTALL=1 -DCMAKE_INSTALL_PREFIX=/home/arc/nav2_ws/install/nav2_rotation_shim_controller
[52.174s] Invoking command in '/home/arc/nav2_ws/build/nav2_rotation_shim_controller': AMENT_PREFIX_PATH=/home/arc/nav2_ws/install/nav2_regulated_pure_pursuit_controller:/home/arc/nav2_ws/install/nav2_controller:/home/arc/nav2_ws/install/nav2_core:/home/arc/nav2_ws/install/nav2_costmap_2d:/home/arc/nav2_ws/install/nav_2d_utils:/home/arc/nav2_ws/install/nav2_util:/home/arc/nav2_ws/install/nav2_voxel_grid:/home/arc/nav2_ws/install/nav2_msgs:/home/arc/nav2_ws/install/nav_2d_msgs:/home/arc/nav2_ws/install/nav2_common:${AMENT_PREFIX_PATH} CMAKE_PREFIX_PATH=/home/arc/nav2_ws/install/nav2_regulated_pure_pursuit_controller:/home/arc/nav2_ws/install/nav2_controller:/home/arc/nav2_ws/install/nav2_core:/home/arc/nav2_ws/install/nav2_costmap_2d:/home/arc/nav2_ws/install/nav_2d_utils:/home/arc/nav2_ws/install/nav2_util:/home/arc/nav2_ws/install/nav2_voxel_grid:/home/arc/nav2_ws/install/nav2_msgs:/home/arc/nav2_ws/install/nav_2d_msgs:/home/arc/nav2_ws/install/nav2_common:/home/arc/workspace/install:/opt/ros/humble LD_LIBRARY_PATH=/home/arc/nav2_ws/install/nav2_regulated_pure_pursuit_controller/lib:/home/arc/nav2_ws/install/nav2_controller/lib:/home/arc/nav2_ws/install/nav2_costmap_2d/lib:/home/arc/nav2_ws/install/nav_2d_utils/lib:/home/arc/nav2_ws/install/nav2_util/lib:/home/arc/nav2_ws/install/nav2_voxel_grid/lib:/home/arc/nav2_ws/install/nav2_msgs/lib:/home/arc/nav2_ws/install/nav_2d_msgs/lib:${LD_LIBRARY_PATH} PYTHONPATH=/home/arc/nav2_ws/install/nav2_msgs/local/lib/python3.10/dist-packages:/home/arc/nav2_ws/install/nav_2d_msgs/local/lib/python3.10/dist-packages:/home/arc/nav2_ws/install/nav2_common/local/lib/python3.10/dist-packages:${PYTHONPATH} /usr/bin/cmake --build /home/arc/nav2_ws/build/nav2_rotation_shim_controller -- -j4 -l4
[52.279s] [ 12%] [32mBuilding CXX object CMakeFiles/nav2_rotation_shim_controller.dir/src/nav2_rotation_shim_controller.cpp.o[0m
[74.892s] [ 25%] [32m[1mLinking CXX shared library libnav2_rotation_shim_controller.so[0m
[75.774s] [ 25%] Built target nav2_rotation_shim_controller
[75.802s] [ 37%] [32mBuilding CXX object gtest/CMakeFiles/gtest.dir/src/gtest-all.cc.o[0m
[91.017s] [ 50%] [32m[1mLinking CXX static library libgtest.a[0m
[91.086s] [ 50%] Built target gtest
[91.123s] [ 62%] [32mBuilding CXX object gtest/CMakeFiles/gtest_main.dir/src/gtest_main.cc.o[0m
[93.209s] [ 75%] [32m[1mLinking CXX static library libgtest_main.a[0m
[93.267s] [ 75%] Built target gtest_main
[93.308s] [ 87%] [32mBuilding CXX object test/CMakeFiles/test_shim_controller.dir/test_shim_controller.cpp.o[0m
[127.186s] [100%] [32m[1mLinking CXX executable test_shim_controller[0m
[127.963s] [100%] Built target test_shim_controller
[127.976s] Invoked command in '/home/arc/nav2_ws/build/nav2_rotation_shim_controller' returned '0': AMENT_PREFIX_PATH=/home/arc/nav2_ws/install/nav2_regulated_pure_pursuit_controller:/home/arc/nav2_ws/install/nav2_controller:/home/arc/nav2_ws/install/nav2_core:/home/arc/nav2_ws/install/nav2_costmap_2d:/home/arc/nav2_ws/install/nav_2d_utils:/home/arc/nav2_ws/install/nav2_util:/home/arc/nav2_ws/install/nav2_voxel_grid:/home/arc/nav2_ws/install/nav2_msgs:/home/arc/nav2_ws/install/nav_2d_msgs:/home/arc/nav2_ws/install/nav2_common:${AMENT_PREFIX_PATH} CMAKE_PREFIX_PATH=/home/arc/nav2_ws/install/nav2_regulated_pure_pursuit_controller:/home/arc/nav2_ws/install/nav2_controller:/home/arc/nav2_ws/install/nav2_core:/home/arc/nav2_ws/install/nav2_costmap_2d:/home/arc/nav2_ws/install/nav_2d_utils:/home/arc/nav2_ws/install/nav2_util:/home/arc/nav2_ws/install/nav2_voxel_grid:/home/arc/nav2_ws/install/nav2_msgs:/home/arc/nav2_ws/install/nav_2d_msgs:/home/arc/nav2_ws/install/nav2_common:/home/arc/workspace/install:/opt/ros/humble LD_LIBRARY_PATH=/home/arc/nav2_ws/install/nav2_regulated_pure_pursuit_controller/lib:/home/arc/nav2_ws/install/nav2_controller/lib:/home/arc/nav2_ws/install/nav2_costmap_2d/lib:/home/arc/nav2_ws/install/nav_2d_utils/lib:/home/arc/nav2_ws/install/nav2_util/lib:/home/arc/nav2_ws/install/nav2_voxel_grid/lib:/home/arc/nav2_ws/install/nav2_msgs/lib:/home/arc/nav2_ws/install/nav_2d_msgs/lib:${LD_LIBRARY_PATH} PYTHONPATH=/home/arc/nav2_ws/install/nav2_msgs/local/lib/python3.10/dist-packages:/home/arc/nav2_ws/install/nav_2d_msgs/local/lib/python3.10/dist-packages:/home/arc/nav2_ws/install/nav2_common/local/lib/python3.10/dist-packages:${PYTHONPATH} /usr/bin/cmake --build /home/arc/nav2_ws/build/nav2_rotation_shim_controller -- -j4 -l4
[128.006s] Invoking command in '/home/arc/nav2_ws/build/nav2_rotation_shim_controller': AMENT_PREFIX_PATH=/home/arc/nav2_ws/install/nav2_regulated_pure_pursuit_controller:/home/arc/nav2_ws/install/nav2_controller:/home/arc/nav2_ws/install/nav2_core:/home/arc/nav2_ws/install/nav2_costmap_2d:/home/arc/nav2_ws/install/nav_2d_utils:/home/arc/nav2_ws/install/nav2_util:/home/arc/nav2_ws/install/nav2_voxel_grid:/home/arc/nav2_ws/install/nav2_msgs:/home/arc/nav2_ws/install/nav_2d_msgs:/home/arc/nav2_ws/install/nav2_common:${AMENT_PREFIX_PATH} CMAKE_PREFIX_PATH=/home/arc/nav2_ws/install/nav2_regulated_pure_pursuit_controller:/home/arc/nav2_ws/install/nav2_controller:/home/arc/nav2_ws/install/nav2_core:/home/arc/nav2_ws/install/nav2_costmap_2d:/home/arc/nav2_ws/install/nav_2d_utils:/home/arc/nav2_ws/install/nav2_util:/home/arc/nav2_ws/install/nav2_voxel_grid:/home/arc/nav2_ws/install/nav2_msgs:/home/arc/nav2_ws/install/nav_2d_msgs:/home/arc/nav2_ws/install/nav2_common:/home/arc/workspace/install:/opt/ros/humble LD_LIBRARY_PATH=/home/arc/nav2_ws/install/nav2_regulated_pure_pursuit_controller/lib:/home/arc/nav2_ws/install/nav2_controller/lib:/home/arc/nav2_ws/install/nav2_costmap_2d/lib:/home/arc/nav2_ws/install/nav_2d_utils/lib:/home/arc/nav2_ws/install/nav2_util/lib:/home/arc/nav2_ws/install/nav2_voxel_grid/lib:/home/arc/nav2_ws/install/nav2_msgs/lib:/home/arc/nav2_ws/install/nav_2d_msgs/lib:${LD_LIBRARY_PATH} PYTHONPATH=/home/arc/nav2_ws/install/nav2_msgs/local/lib/python3.10/dist-packages:/home/arc/nav2_ws/install/nav_2d_msgs/local/lib/python3.10/dist-packages:/home/arc/nav2_ws/install/nav2_common/local/lib/python3.10/dist-packages:${PYTHONPATH} /usr/bin/cmake --install /home/arc/nav2_ws/build/nav2_rotation_shim_controller
[128.018s] -- Install configuration: "Release"
[128.019s] -- Execute custom install script
[128.019s] -- Symlinking: /home/arc/nav2_ws/install/nav2_rotation_shim_controller/lib/libnav2_rotation_shim_controller.so
[128.032s] -- Symlinking: /home/arc/nav2_ws/install/nav2_rotation_shim_controller/include//nav2_rotation_shim_controller/nav2_rotation_shim_controller.hpp
[128.043s] -- Symlinking: /home/arc/nav2_ws/install/nav2_rotation_shim_controller/share/nav2_rotation_shim_controller/environment/library_path.sh
[128.055s] -- Symlinking: /home/arc/nav2_ws/install/nav2_rotation_shim_controller/share/nav2_rotation_shim_controller/environment/library_path.dsv
[128.066s] -- Symlinking: /home/arc/nav2_ws/install/nav2_rotation_shim_controller/share/nav2_rotation_shim_controller//nav2_rotation_shim_controller.xml
[128.078s] -- Symlinking: /home/arc/nav2_ws/install/nav2_rotation_shim_controller/share/ament_index/resource_index/package_run_dependencies/nav2_rotation_shim_controller
[128.090s] -- Symlinking: /home/arc/nav2_ws/install/nav2_rotation_shim_controller/share/ament_index/resource_index/parent_prefix_path/nav2_rotation_shim_controller
[128.102s] -- Symlinking: /home/arc/nav2_ws/install/nav2_rotation_shim_controller/share/nav2_rotation_shim_controller/environment/ament_prefix_path.sh
[128.113s] -- Symlinking: /home/arc/nav2_ws/install/nav2_rotation_shim_controller/share/nav2_rotation_shim_controller/environment/ament_prefix_path.dsv
[128.124s] -- Symlinking: /home/arc/nav2_ws/install/nav2_rotation_shim_controller/share/nav2_rotation_shim_controller/environment/path.sh
[128.136s] -- Symlinking: /home/arc/nav2_ws/install/nav2_rotation_shim_controller/share/nav2_rotation_shim_controller/environment/path.dsv
[128.146s] -- Symlinking: /home/arc/nav2_ws/install/nav2_rotation_shim_controller/share/nav2_rotation_shim_controller/local_setup.bash
[128.158s] -- Symlinking: /home/arc/nav2_ws/install/nav2_rotation_shim_controller/share/nav2_rotation_shim_controller/local_setup.sh
[128.169s] -- Symlinking: /home/arc/nav2_ws/install/nav2_rotation_shim_controller/share/nav2_rotation_shim_controller/local_setup.zsh
[128.180s] -- Symlinking: /home/arc/nav2_ws/install/nav2_rotation_shim_controller/share/nav2_rotation_shim_controller/local_setup.dsv
[128.191s] -- Symlinking: /home/arc/nav2_ws/install/nav2_rotation_shim_controller/share/nav2_rotation_shim_controller/package.dsv
[128.201s] -- Symlinking: /home/arc/nav2_ws/install/nav2_rotation_shim_controller/share/ament_index/resource_index/packages/nav2_rotation_shim_controller
[128.212s] -- Symlinking: /home/arc/nav2_ws/install/nav2_rotation_shim_controller/share/ament_index/resource_index/nav2_core__pluginlib__plugin/nav2_rotation_shim_controller
[128.225s] -- Symlinking: /home/arc/nav2_ws/install/nav2_rotation_shim_controller/share/nav2_rotation_shim_controller/cmake/ament_cmake_export_include_directories-extras.cmake
[128.236s] -- Symlinking: /home/arc/nav2_ws/install/nav2_rotation_shim_controller/share/nav2_rotation_shim_controller/cmake/ament_cmake_export_libraries-extras.cmake
[128.247s] -- Symlinking: /home/arc/nav2_ws/install/nav2_rotation_shim_controller/share/nav2_rotation_shim_controller/cmake/ament_cmake_export_dependencies-extras.cmake
[128.258s] -- Symlinking: /home/arc/nav2_ws/install/nav2_rotation_shim_controller/share/nav2_rotation_shim_controller/cmake/nav2_rotation_shim_controllerConfig.cmake
[128.268s] -- Symlinking: /home/arc/nav2_ws/install/nav2_rotation_shim_controller/share/nav2_rotation_shim_controller/cmake/nav2_rotation_shim_controllerConfig-version.cmake
[128.279s] -- Symlinking: /home/arc/nav2_ws/install/nav2_rotation_shim_controller/share/nav2_rotation_shim_controller/package.xml
[128.296s] Invoked command in '/home/arc/nav2_ws/build/nav2_rotation_shim_controller' returned '0': AMENT_PREFIX_PATH=/home/arc/nav2_ws/install/nav2_regulated_pure_pursuit_controller:/home/arc/nav2_ws/install/nav2_controller:/home/arc/nav2_ws/install/nav2_core:/home/arc/nav2_ws/install/nav2_costmap_2d:/home/arc/nav2_ws/install/nav_2d_utils:/home/arc/nav2_ws/install/nav2_util:/home/arc/nav2_ws/install/nav2_voxel_grid:/home/arc/nav2_ws/install/nav2_msgs:/home/arc/nav2_ws/install/nav_2d_msgs:/home/arc/nav2_ws/install/nav2_common:${AMENT_PREFIX_PATH} CMAKE_PREFIX_PATH=/home/arc/nav2_ws/install/nav2_regulated_pure_pursuit_controller:/home/arc/nav2_ws/install/nav2_controller:/home/arc/nav2_ws/install/nav2_core:/home/arc/nav2_ws/install/nav2_costmap_2d:/home/arc/nav2_ws/install/nav_2d_utils:/home/arc/nav2_ws/install/nav2_util:/home/arc/nav2_ws/install/nav2_voxel_grid:/home/arc/nav2_ws/install/nav2_msgs:/home/arc/nav2_ws/install/nav_2d_msgs:/home/arc/nav2_ws/install/nav2_common:/home/arc/workspace/install:/opt/ros/humble LD_LIBRARY_PATH=/home/arc/nav2_ws/install/nav2_regulated_pure_pursuit_controller/lib:/home/arc/nav2_ws/install/nav2_controller/lib:/home/arc/nav2_ws/install/nav2_costmap_2d/lib:/home/arc/nav2_ws/install/nav_2d_utils/lib:/home/arc/nav2_ws/install/nav2_util/lib:/home/arc/nav2_ws/install/nav2_voxel_grid/lib:/home/arc/nav2_ws/install/nav2_msgs/lib:/home/arc/nav2_ws/install/nav_2d_msgs/lib:${LD_LIBRARY_PATH} PYTHONPATH=/home/arc/nav2_ws/install/nav2_msgs/local/lib/python3.10/dist-packages:/home/arc/nav2_ws/install/nav_2d_msgs/local/lib/python3.10/dist-packages:/home/arc/nav2_ws/install/nav2_common/local/lib/python3.10/dist-packages:${PYTHONPATH} /usr/bin/cmake --install /home/arc/nav2_ws/build/nav2_rotation_shim_controller
