[0.022s] Invoking command in '/home/arc/Documents/GitHub/IGVC-Robot/JProperWay/build/robot': CMAKE_PREFIX_PATH=${CMAKE_PREFIX_PATH}:/home/arc/nav2_ws/install/nav2_simple_commander:/opt/ros/humble /usr/bin/cmake --build /home/arc/Documents/GitHub/IGVC-Robot/JProperWay/build/robot -- -j4 -l4
[0.056s] -- Found ament_cmake: 1.3.2 (/opt/ros/humble/share/ament_cmake/cmake)
[0.237s] -- Found ament_lint_auto: 0.12.4 (/opt/ros/humble/share/ament_lint_auto/cmake)
[0.323s] -- Added test 'flake8' to check Python code syntax and style conventions
[0.325s] -- Added test 'lint_cmake' to check CMake code style
[0.325s] -- Added test 'pep257' to check Python code against some of the docstring style conventions in PEP 257
[0.329s] -- Added test 'xmllint' to check XML markup files
[0.330s] -- Configuring done
[0.333s] -- Generating done
[0.334s] -- Build files have been written to: /home/arc/Documents/GitHub/IGVC-Robot/JProperWay/build/robot
[0.363s] Invoked command in '/home/arc/Documents/GitHub/IGVC-Robot/JProperWay/build/robot' returned '0': CMAKE_PREFIX_PATH=${CMAKE_PREFIX_PATH}:/home/arc/nav2_ws/install/nav2_simple_commander:/opt/ros/humble /usr/bin/cmake --build /home/arc/Documents/GitHub/IGVC-Robot/JProperWay/build/robot -- -j4 -l4
[0.414s] Invoking command in '/home/arc/Documents/GitHub/IGVC-Robot/JProperWay/build/robot': CMAKE_PREFIX_PATH=${CMAKE_PREFIX_PATH}:/home/arc/nav2_ws/install/nav2_simple_commander:/opt/ros/humble /usr/bin/cmake --install /home/arc/Documents/GitHub/IGVC-Robot/JProperWay/build/robot
[0.426s] -- Install configuration: ""
[0.427s] -- Installing: /home/arc/Documents/GitHub/IGVC-Robot/JProperWay/install/robot/share/robot/config
[0.427s] -- Installing: /home/arc/Documents/GitHub/IGVC-Robot/JProperWay/install/robot/share/robot/launch
[0.427s] -- Installing: /home/arc/Documents/GitHub/IGVC-Robot/JProperWay/install/robot/share/robot/launch/robot.launch.py
[0.428s] -- Installing: /home/arc/Documents/GitHub/IGVC-Robot/JProperWay/install/robot/share/robot/maps
[0.428s] -- Installing: /home/arc/Documents/GitHub/IGVC-Robot/JProperWay/install/robot/share/robot/meshes
[0.428s] -- Installing: /home/arc/Documents/GitHub/IGVC-Robot/JProperWay/install/robot/share/robot/meshes/Frame_Detailed.STL
[0.445s] -- Installing: /home/arc/Documents/GitHub/IGVC-Robot/JProperWay/install/robot/share/robot/meshes/Wheel_Detailed.STL
[0.453s] -- Installing: /home/arc/Documents/GitHub/IGVC-Robot/JProperWay/install/robot/share/robot/meshes/Frame.STL
[0.453s] -- Installing: /home/arc/Documents/GitHub/IGVC-Robot/JProperWay/install/robot/share/robot/models
[0.454s] -- Installing: /home/arc/Documents/GitHub/IGVC-Robot/JProperWay/install/robot/share/robot/models/model.sdf
[0.454s] -- Installing: /home/arc/Documents/GitHub/IGVC-Robot/JProperWay/install/robot/share/robot/params
[0.454s] -- Installing: /home/arc/Documents/GitHub/IGVC-Robot/JProperWay/install/robot/share/robot/rviz
[0.454s] -- Installing: /home/arc/Documents/GitHub/IGVC-Robot/JProperWay/install/robot/share/robot/rviz/urdf_config.rviz
[0.454s] -- Installing: /home/arc/Documents/GitHub/IGVC-Robot/JProperWay/install/robot/share/robot/src
[0.454s] -- Installing: /home/arc/Documents/GitHub/IGVC-Robot/JProperWay/install/robot/share/robot/worlds
[0.454s] -- Up-to-date: /home/arc/Documents/GitHub/IGVC-Robot/JProperWay/install/robot/share/ament_index/resource_index/package_run_dependencies/robot
[0.454s] -- Up-to-date: /home/arc/Documents/GitHub/IGVC-Robot/JProperWay/install/robot/share/ament_index/resource_index/parent_prefix_path/robot
[0.455s] -- Installing: /home/arc/Documents/GitHub/IGVC-Robot/JProperWay/install/robot/share/robot/environment/ament_prefix_path.sh
[0.455s] -- Installing: /home/arc/Documents/GitHub/IGVC-Robot/JProperWay/install/robot/share/robot/environment/ament_prefix_path.dsv
[0.455s] -- Installing: /home/arc/Documents/GitHub/IGVC-Robot/JProperWay/install/robot/share/robot/environment/path.sh
[0.455s] -- Installing: /home/arc/Documents/GitHub/IGVC-Robot/JProperWay/install/robot/share/robot/environment/path.dsv
[0.455s] -- Up-to-date: /home/arc/Documents/GitHub/IGVC-Robot/JProperWay/install/robot/share/robot/local_setup.bash
[0.455s] -- Up-to-date: /home/arc/Documents/GitHub/IGVC-Robot/JProperWay/install/robot/share/robot/local_setup.sh
[0.455s] -- Up-to-date: /home/arc/Documents/GitHub/IGVC-Robot/JProperWay/install/robot/share/robot/local_setup.zsh
[0.455s] -- Installing: /home/arc/Documents/GitHub/IGVC-Robot/JProperWay/install/robot/share/robot/local_setup.dsv
[0.456s] -- Installing: /home/arc/Documents/GitHub/IGVC-Robot/JProperWay/install/robot/share/robot/package.dsv
[0.456s] -- Up-to-date: /home/arc/Documents/GitHub/IGVC-Robot/JProperWay/install/robot/share/ament_index/resource_index/packages/robot
[0.456s] -- Up-to-date: /home/arc/Documents/GitHub/IGVC-Robot/JProperWay/install/robot/share/robot/cmake/robotConfig.cmake
[0.456s] -- Up-to-date: /home/arc/Documents/GitHub/IGVC-Robot/JProperWay/install/robot/share/robot/cmake/robotConfig-version.cmake
[0.456s] -- Up-to-date: /home/arc/Documents/GitHub/IGVC-Robot/JProperWay/install/robot/share/robot/package.xml
[0.459s] Invoked command in '/home/arc/Documents/GitHub/IGVC-Robot/JProperWay/build/robot' returned '0': CMAKE_PREFIX_PATH=${CMAKE_PREFIX_PATH}:/home/arc/nav2_ws/install/nav2_simple_commander:/opt/ros/humble /usr/bin/cmake --install /home/arc/Documents/GitHub/IGVC-Robot/JProperWay/build/robot
