running develop
Removing /home/arc/nav2_ws/install/nav2_simple_commander/lib/python3.10/site-packages/nav2-simple-commander.egg-link (link to .)
running egg_info
writing ../../../build/nav2_simple_commander/nav2_simple_commander.egg-info/PKG-INFO
writing dependency_links to ../../../build/nav2_simple_commander/nav2_simple_commander.egg-info/dependency_links.txt
writing entry points to ../../../build/nav2_simple_commander/nav2_simple_commander.egg-info/entry_points.txt
writing requirements to ../../../build/nav2_simple_commander/nav2_simple_commander.egg-info/requires.txt
writing top-level names to ../../../build/nav2_simple_commander/nav2_simple_commander.egg-info/top_level.txt
reading manifest file '../../../build/nav2_simple_commander/nav2_simple_commander.egg-info/SOURCES.txt'
writing manifest file '../../../build/nav2_simple_commander/nav2_simple_commander.egg-info/SOURCES.txt'
running build
running build_py
creating /home/arc/nav2_ws/build/nav2_simple_commander/build
creating /home/arc/nav2_ws/build/nav2_simple_commander/build/lib
creating /home/arc/nav2_ws/build/nav2_simple_commander/build/lib/nav2_simple_commander
copying nav2_simple_commander/example_nav_through_poses.py -> /home/arc/nav2_ws/build/nav2_simple_commander/build/lib/nav2_simple_commander
copying nav2_simple_commander/demo_picking.py -> /home/arc/nav2_ws/build/nav2_simple_commander/build/lib/nav2_simple_commander
copying nav2_simple_commander/example_nav_to_pose.py -> /home/arc/nav2_ws/build/nav2_simple_commander/build/lib/nav2_simple_commander
copying nav2_simple_commander/demo_security.py -> /home/arc/nav2_ws/build/nav2_simple_commander/build/lib/nav2_simple_commander
copying nav2_simple_commander/example_follow_path.py -> /home/arc/nav2_ws/build/nav2_simple_commander/build/lib/nav2_simple_commander
copying nav2_simple_commander/example_waypoint_follower.py -> /home/arc/nav2_ws/build/nav2_simple_commander/build/lib/nav2_simple_commander
copying nav2_simple_commander/__init__.py -> /home/arc/nav2_ws/build/nav2_simple_commander/build/lib/nav2_simple_commander
copying nav2_simple_commander/demo_inspection.py -> /home/arc/nav2_ws/build/nav2_simple_commander/build/lib/nav2_simple_commander
copying nav2_simple_commander/demo_recoveries.py -> /home/arc/nav2_ws/build/nav2_simple_commander/build/lib/nav2_simple_commander
copying nav2_simple_commander/robot_navigator.py -> /home/arc/nav2_ws/build/nav2_simple_commander/build/lib/nav2_simple_commander
running install
running install_lib
creating /home/arc/nav2_ws/install/nav2_simple_commander/local
creating /home/arc/nav2_ws/install/nav2_simple_commander/local/lib
creating /home/arc/nav2_ws/install/nav2_simple_commander/local/lib/python3.10
creating /home/arc/nav2_ws/install/nav2_simple_commander/local/lib/python3.10/dist-packages
creating /home/arc/nav2_ws/install/nav2_simple_commander/local/lib/python3.10/dist-packages/nav2_simple_commander
copying /home/arc/nav2_ws/build/nav2_simple_commander/build/lib/nav2_simple_commander/example_nav_through_poses.py -> /home/arc/nav2_ws/install/nav2_simple_commander/local/lib/python3.10/dist-packages/nav2_simple_commander
copying /home/arc/nav2_ws/build/nav2_simple_commander/build/lib/nav2_simple_commander/demo_picking.py -> /home/arc/nav2_ws/install/nav2_simple_commander/local/lib/python3.10/dist-packages/nav2_simple_commander
copying /home/arc/nav2_ws/build/nav2_simple_commander/build/lib/nav2_simple_commander/example_nav_to_pose.py -> /home/arc/nav2_ws/install/nav2_simple_commander/local/lib/python3.10/dist-packages/nav2_simple_commander
copying /home/arc/nav2_ws/build/nav2_simple_commander/build/lib/nav2_simple_commander/demo_security.py -> /home/arc/nav2_ws/install/nav2_simple_commander/local/lib/python3.10/dist-packages/nav2_simple_commander
copying /home/arc/nav2_ws/build/nav2_simple_commander/build/lib/nav2_simple_commander/example_follow_path.py -> /home/arc/nav2_ws/install/nav2_simple_commander/local/lib/python3.10/dist-packages/nav2_simple_commander
copying /home/arc/nav2_ws/build/nav2_simple_commander/build/lib/nav2_simple_commander/example_waypoint_follower.py -> /home/arc/nav2_ws/install/nav2_simple_commander/local/lib/python3.10/dist-packages/nav2_simple_commander
copying /home/arc/nav2_ws/build/nav2_simple_commander/build/lib/nav2_simple_commander/__init__.py -> /home/arc/nav2_ws/install/nav2_simple_commander/local/lib/python3.10/dist-packages/nav2_simple_commander
copying /home/arc/nav2_ws/build/nav2_simple_commander/build/lib/nav2_simple_commander/demo_inspection.py -> /home/arc/nav2_ws/install/nav2_simple_commander/local/lib/python3.10/dist-packages/nav2_simple_commander
copying /home/arc/nav2_ws/build/nav2_simple_commander/build/lib/nav2_simple_commander/demo_recoveries.py -> /home/arc/nav2_ws/install/nav2_simple_commander/local/lib/python3.10/dist-packages/nav2_simple_commander
copying /home/arc/nav2_ws/build/nav2_simple_commander/build/lib/nav2_simple_commander/robot_navigator.py -> /home/arc/nav2_ws/install/nav2_simple_commander/local/lib/python3.10/dist-packages/nav2_simple_commander
byte-compiling /home/arc/nav2_ws/install/nav2_simple_commander/local/lib/python3.10/dist-packages/nav2_simple_commander/example_nav_through_poses.py to example_nav_through_poses.cpython-310.pyc
byte-compiling /home/arc/nav2_ws/install/nav2_simple_commander/local/lib/python3.10/dist-packages/nav2_simple_commander/demo_picking.py to demo_picking.cpython-310.pyc
byte-compiling /home/arc/nav2_ws/install/nav2_simple_commander/local/lib/python3.10/dist-packages/nav2_simple_commander/example_nav_to_pose.py to example_nav_to_pose.cpython-310.pyc
byte-compiling /home/arc/nav2_ws/install/nav2_simple_commander/local/lib/python3.10/dist-packages/nav2_simple_commander/demo_security.py to demo_security.cpython-310.pyc
byte-compiling /home/arc/nav2_ws/install/nav2_simple_commander/local/lib/python3.10/dist-packages/nav2_simple_commander/example_follow_path.py to example_follow_path.cpython-310.pyc
byte-compiling /home/arc/nav2_ws/install/nav2_simple_commander/local/lib/python3.10/dist-packages/nav2_simple_commander/example_waypoint_follower.py to example_waypoint_follower.cpython-310.pyc
byte-compiling /home/arc/nav2_ws/install/nav2_simple_commander/local/lib/python3.10/dist-packages/nav2_simple_commander/__init__.py to __init__.cpython-310.pyc
byte-compiling /home/arc/nav2_ws/install/nav2_simple_commander/local/lib/python3.10/dist-packages/nav2_simple_commander/demo_inspection.py to demo_inspection.cpython-310.pyc
byte-compiling /home/arc/nav2_ws/install/nav2_simple_commander/local/lib/python3.10/dist-packages/nav2_simple_commander/demo_recoveries.py to demo_recoveries.cpython-310.pyc
byte-compiling /home/arc/nav2_ws/install/nav2_simple_commander/local/lib/python3.10/dist-packages/nav2_simple_commander/robot_navigator.py to robot_navigator.cpython-310.pyc
running install_data
creating /home/arc/nav2_ws/install/nav2_simple_commander/local/share
creating /home/arc/nav2_ws/install/nav2_simple_commander/local/share/ament_index
creating /home/arc/nav2_ws/install/nav2_simple_commander/local/share/ament_index/resource_index
creating /home/arc/nav2_ws/install/nav2_simple_commander/local/share/ament_index/resource_index/packages
copying resource/nav2_simple_commander -> /home/arc/nav2_ws/install/nav2_simple_commander/local/share/ament_index/resource_index/packages
creating /home/arc/nav2_ws/install/nav2_simple_commander/local/share/nav2_simple_commander
copying package.xml -> /home/arc/nav2_ws/install/nav2_simple_commander/local/share/nav2_simple_commander
copying launch/picking_demo_launch.py -> /home/arc/nav2_ws/install/nav2_simple_commander/local/share/nav2_simple_commander
copying launch/nav_through_poses_example_launch.py -> /home/arc/nav2_ws/install/nav2_simple_commander/local/share/nav2_simple_commander
copying launch/warehouse.world -> /home/arc/nav2_ws/install/nav2_simple_commander/local/share/nav2_simple_commander
copying launch/follow_path_example_launch.py -> /home/arc/nav2_ws/install/nav2_simple_commander/local/share/nav2_simple_commander
copying launch/nav_to_pose_example_launch.py -> /home/arc/nav2_ws/install/nav2_simple_commander/local/share/nav2_simple_commander
copying launch/security_demo_launch.py -> /home/arc/nav2_ws/install/nav2_simple_commander/local/share/nav2_simple_commander
copying launch/recoveries_example_launch.py -> /home/arc/nav2_ws/install/nav2_simple_commander/local/share/nav2_simple_commander
copying launch/waypoint_follower_example_launch.py -> /home/arc/nav2_ws/install/nav2_simple_commander/local/share/nav2_simple_commander
copying launch/inspection_demo_launch.py -> /home/arc/nav2_ws/install/nav2_simple_commander/local/share/nav2_simple_commander
running install_egg_info
Copying ../../../build/nav2_simple_commander/nav2_simple_commander.egg-info to /home/arc/nav2_ws/install/nav2_simple_commander/local/lib/python3.10/dist-packages/nav2_simple_commander-1.0.0-py3.10.egg-info
running install_scripts
Installing demo_inspection script to /home/arc/nav2_ws/install/nav2_simple_commander/lib/nav2_simple_commander
Installing demo_picking script to /home/arc/nav2_ws/install/nav2_simple_commander/lib/nav2_simple_commander
Installing demo_recoveries script to /home/arc/nav2_ws/install/nav2_simple_commander/lib/nav2_simple_commander
Installing demo_security script to /home/arc/nav2_ws/install/nav2_simple_commander/lib/nav2_simple_commander
Installing example_follow_path script to /home/arc/nav2_ws/install/nav2_simple_commander/lib/nav2_simple_commander
Installing example_nav_through_poses script to /home/arc/nav2_ws/install/nav2_simple_commander/lib/nav2_simple_commander
Installing example_nav_to_pose script to /home/arc/nav2_ws/install/nav2_simple_commander/lib/nav2_simple_commander
Installing example_waypoint_follower script to /home/arc/nav2_ws/install/nav2_simple_commander/lib/nav2_simple_commander
writing list of installed files to '/home/arc/nav2_ws/build/nav2_simple_commander/install.log'
