[0.166s] Invoking command in '/home/arc/nav2_ws/build/nav2_common': CMAKE_PREFIX_PATH=${CMAKE_PREFIX_PATH}:/opt/ros/humble /usr/bin/cmake /home/arc/nav2_ws/src/navigation2/nav2_common -DAMENT_CMAKE_SYMLINK_INSTALL=1 -DCMAKE_INSTALL_PREFIX=/home/arc/nav2_ws/install/nav2_common
[0.868s] -- Found ament_cmake_core: 1.3.2 (/opt/ros/humble/share/ament_cmake_core/cmake)
[2.110s] -- Found Python3: /usr/bin/python3.10 (found version "3.10.6") found components: Interpreter 
[2.871s] -- Override CMake install command with custom implementation using symlinks instead of copying resources
[2.999s] -- Found ament_cmake_python: 1.3.2 (/opt/ros/humble/share/ament_cmake_python/cmake)
[3.267s] -- Configuring done
[3.348s] -- Generating done
[3.348s] -- Build files have been written to: /home/arc/nav2_ws/build/nav2_common
[3.384s] Invoked command in '/home/arc/nav2_ws/build/nav2_common' returned '0': CMAKE_PREFIX_PATH=${CMAKE_PREFIX_PATH}:/opt/ros/humble /usr/bin/cmake /home/arc/nav2_ws/src/navigation2/nav2_common -DAMENT_CMAKE_SYMLINK_INSTALL=1 -DCMAKE_INSTALL_PREFIX=/home/arc/nav2_ws/install/nav2_common
[3.387s] Invoking command in '/home/arc/nav2_ws/build/nav2_common': CMAKE_PREFIX_PATH=${CMAKE_PREFIX_PATH}:/opt/ros/humble /usr/bin/cmake --build /home/arc/nav2_ws/build/nav2_common -- -j4 -l4
[3.464s] Built target ament_cmake_python_symlink_nav2_common
[3.926s] running egg_info
[3.927s] creating nav2_common.egg-info
[3.943s] writing nav2_common.egg-info/PKG-INFO
[3.943s] writing dependency_links to nav2_common.egg-info/dependency_links.txt
[3.943s] writing top-level names to nav2_common.egg-info/top_level.txt
[3.943s] writing manifest file 'nav2_common.egg-info/SOURCES.txt'
[3.988s] reading manifest file 'nav2_common.egg-info/SOURCES.txt'
[3.989s] writing manifest file 'nav2_common.egg-info/SOURCES.txt'
[4.052s] Built target ament_cmake_python_build_nav2_common_egg
[4.063s] Invoked command in '/home/arc/nav2_ws/build/nav2_common' returned '0': CMAKE_PREFIX_PATH=${CMAKE_PREFIX_PATH}:/opt/ros/humble /usr/bin/cmake --build /home/arc/nav2_ws/build/nav2_common -- -j4 -l4
[4.093s] Invoking command in '/home/arc/nav2_ws/build/nav2_common': CMAKE_PREFIX_PATH=${CMAKE_PREFIX_PATH}:/opt/ros/humble /usr/bin/cmake --install /home/arc/nav2_ws/build/nav2_common
[4.101s] -- Install configuration: ""
[4.101s] -- Execute custom install script
[4.101s] -- Symlinking: /home/arc/nav2_ws/install/nav2_common/share/nav2_common/environment/pythonpath.sh
[4.110s] -- Symlinking: /home/arc/nav2_ws/install/nav2_common/share/nav2_common/environment/pythonpath.dsv
[4.119s] -- Symlinking: /home/arc/nav2_ws/install/nav2_common/local/lib/python3.10/dist-packages/nav2_common-1.1.2-py3.10.egg-info/PKG-INFO
[4.127s] -- Symlinking: /home/arc/nav2_ws/install/nav2_common/local/lib/python3.10/dist-packages/nav2_common-1.1.2-py3.10.egg-info/SOURCES.txt
[4.136s] -- Symlinking: /home/arc/nav2_ws/install/nav2_common/local/lib/python3.10/dist-packages/nav2_common-1.1.2-py3.10.egg-info/dependency_links.txt
[4.145s] -- Symlinking: /home/arc/nav2_ws/install/nav2_common/local/lib/python3.10/dist-packages/nav2_common-1.1.2-py3.10.egg-info/top_level.txt
[4.154s] -- Symlinking: /home/arc/nav2_ws/install/nav2_common/local/lib/python3.10/dist-packages/nav2_common/__init__.py
[4.163s] -- Symlinking: /home/arc/nav2_ws/install/nav2_common/local/lib/python3.10/dist-packages/nav2_common/launch/__init__.py
[4.173s] -- Symlinking: /home/arc/nav2_ws/install/nav2_common/local/lib/python3.10/dist-packages/nav2_common/launch/has_node_params.py
[4.182s] -- Symlinking: /home/arc/nav2_ws/install/nav2_common/local/lib/python3.10/dist-packages/nav2_common/launch/replace_string.py
[4.191s] -- Symlinking: /home/arc/nav2_ws/install/nav2_common/local/lib/python3.10/dist-packages/nav2_common/launch/rewritten_yaml.py
[4.199s] -- Symlinking: /home/arc/nav2_ws/install/nav2_common/share/ament_index/resource_index/package_run_dependencies/nav2_common
[4.208s] -- Symlinking: /home/arc/nav2_ws/install/nav2_common/share/ament_index/resource_index/parent_prefix_path/nav2_common
[4.216s] -- Symlinking: /home/arc/nav2_ws/install/nav2_common/share/nav2_common/environment/ament_prefix_path.sh
[4.225s] -- Symlinking: /home/arc/nav2_ws/install/nav2_common/share/nav2_common/environment/ament_prefix_path.dsv
[4.234s] -- Symlinking: /home/arc/nav2_ws/install/nav2_common/share/nav2_common/environment/path.sh
[4.244s] -- Symlinking: /home/arc/nav2_ws/install/nav2_common/share/nav2_common/environment/path.dsv
[4.252s] -- Symlinking: /home/arc/nav2_ws/install/nav2_common/share/nav2_common/local_setup.bash
[4.261s] -- Symlinking: /home/arc/nav2_ws/install/nav2_common/share/nav2_common/local_setup.sh
[4.270s] -- Symlinking: /home/arc/nav2_ws/install/nav2_common/share/nav2_common/local_setup.zsh
[4.278s] -- Symlinking: /home/arc/nav2_ws/install/nav2_common/share/nav2_common/local_setup.dsv
[4.286s] -- Symlinking: /home/arc/nav2_ws/install/nav2_common/share/nav2_common/package.dsv
[4.295s] -- Symlinking: /home/arc/nav2_ws/install/nav2_common/share/ament_index/resource_index/packages/nav2_common
[4.304s] -- Symlinking: /home/arc/nav2_ws/install/nav2_common/share/nav2_common/cmake/nav2_common-extras.cmake
[4.312s] -- Symlinking: /home/arc/nav2_ws/install/nav2_common/share/nav2_common/cmake/nav2_commonConfig.cmake
[4.321s] -- Symlinking: /home/arc/nav2_ws/install/nav2_common/share/nav2_common/cmake/nav2_commonConfig-version.cmake
[4.331s] -- Symlinking: /home/arc/nav2_ws/install/nav2_common/share/nav2_common/package.xml
[4.340s] -- Symlinking: /home/arc/nav2_ws/install/nav2_common/share/nav2_common/cmake/nav2_package.cmake
[4.423s] Listing '/home/arc/nav2_ws/install/nav2_common/local/lib/python3.10/dist-packages/nav2_common'...
[4.423s] Compiling '/home/arc/nav2_ws/install/nav2_common/local/lib/python3.10/dist-packages/nav2_common/__init__.py'...
[4.423s] Listing '/home/arc/nav2_ws/install/nav2_common/local/lib/python3.10/dist-packages/nav2_common/launch'...
[4.423s] Compiling '/home/arc/nav2_ws/install/nav2_common/local/lib/python3.10/dist-packages/nav2_common/launch/__init__.py'...
[4.423s] Compiling '/home/arc/nav2_ws/install/nav2_common/local/lib/python3.10/dist-packages/nav2_common/launch/has_node_params.py'...
[4.423s] Compiling '/home/arc/nav2_ws/install/nav2_common/local/lib/python3.10/dist-packages/nav2_common/launch/replace_string.py'...
[4.423s] Compiling '/home/arc/nav2_ws/install/nav2_common/local/lib/python3.10/dist-packages/nav2_common/launch/rewritten_yaml.py'...
[4.431s] Invoked command in '/home/arc/nav2_ws/build/nav2_common' returned '0': CMAKE_PREFIX_PATH=${CMAKE_PREFIX_PATH}:/opt/ros/humble /usr/bin/cmake --install /home/arc/nav2_ws/build/nav2_common
