[0.016s] Invoking command in '/home/arc/Documents/GitHub/IGVC-Robot/GazeboR1/WorkingRobot/build/robot': CMAKE_PREFIX_PATH=${CMAKE_PREFIX_PATH}:/opt/ros/humble /usr/bin/cmake --build /home/arc/Documents/GitHub/IGVC-Robot/GazeboR1/WorkingRobot/build/robot -- -j4 -l4
[0.042s] -- Found ament_cmake: 1.3.2 (/opt/ros/humble/share/ament_cmake/cmake)
[0.218s] -- Found ament_lint_auto: 0.12.4 (/opt/ros/humble/share/ament_lint_auto/cmake)
[0.304s] -- Added test 'flake8' to check Python code syntax and style conventions
[0.305s] -- Added test 'lint_cmake' to check CMake code style
[0.306s] -- Added test 'pep257' to check Python code against some of the docstring style conventions in PEP 257
[0.307s] -- Added test 'xmllint' to check XML markup files
[0.308s] -- Configuring done
[0.312s] -- Generating done
[0.313s] -- Build files have been written to: /home/arc/Documents/GitHub/IGVC-Robot/GazeboR1/WorkingRobot/build/robot
[0.335s] Invoked command in '/home/arc/Documents/GitHub/IGVC-Robot/GazeboR1/WorkingRobot/build/robot' returned '0': CMAKE_PREFIX_PATH=${CMAKE_PREFIX_PATH}:/opt/ros/humble /usr/bin/cmake --build /home/arc/Documents/GitHub/IGVC-Robot/GazeboR1/WorkingRobot/build/robot -- -j4 -l4
[0.368s] Invoking command in '/home/arc/Documents/GitHub/IGVC-Robot/GazeboR1/WorkingRobot/build/robot': CMAKE_PREFIX_PATH=${CMAKE_PREFIX_PATH}:/opt/ros/humble /usr/bin/cmake --install /home/arc/Documents/GitHub/IGVC-Robot/GazeboR1/WorkingRobot/build/robot
[0.376s] -- Install configuration: ""
[0.377s] -- Up-to-date: /home/arc/Documents/GitHub/IGVC-Robot/GazeboR1/WorkingRobot/install/robot/share/ament_index/resource_index/package_run_dependencies/robot
[0.377s] -- Up-to-date: /home/arc/Documents/GitHub/IGVC-Robot/GazeboR1/WorkingRobot/install/robot/share/ament_index/resource_index/parent_prefix_path/robot
[0.377s] -- Installing: /home/arc/Documents/GitHub/IGVC-Robot/GazeboR1/WorkingRobot/install/robot/share/robot/environment/ament_prefix_path.sh
[0.377s] -- Installing: /home/arc/Documents/GitHub/IGVC-Robot/GazeboR1/WorkingRobot/install/robot/share/robot/environment/ament_prefix_path.dsv
[0.377s] -- Installing: /home/arc/Documents/GitHub/IGVC-Robot/GazeboR1/WorkingRobot/install/robot/share/robot/environment/path.sh
[0.378s] -- Installing: /home/arc/Documents/GitHub/IGVC-Robot/GazeboR1/WorkingRobot/install/robot/share/robot/environment/path.dsv
[0.378s] -- Up-to-date: /home/arc/Documents/GitHub/IGVC-Robot/GazeboR1/WorkingRobot/install/robot/share/robot/local_setup.bash
[0.378s] -- Up-to-date: /home/arc/Documents/GitHub/IGVC-Robot/GazeboR1/WorkingRobot/install/robot/share/robot/local_setup.sh
[0.378s] -- Up-to-date: /home/arc/Documents/GitHub/IGVC-Robot/GazeboR1/WorkingRobot/install/robot/share/robot/local_setup.zsh
[0.378s] -- Installing: /home/arc/Documents/GitHub/IGVC-Robot/GazeboR1/WorkingRobot/install/robot/share/robot/local_setup.dsv
[0.379s] -- Installing: /home/arc/Documents/GitHub/IGVC-Robot/GazeboR1/WorkingRobot/install/robot/share/robot/package.dsv
[0.379s] -- Up-to-date: /home/arc/Documents/GitHub/IGVC-Robot/GazeboR1/WorkingRobot/install/robot/share/ament_index/resource_index/packages/robot
[0.379s] -- Up-to-date: /home/arc/Documents/GitHub/IGVC-Robot/GazeboR1/WorkingRobot/install/robot/share/robot/cmake/robotConfig.cmake
[0.379s] -- Up-to-date: /home/arc/Documents/GitHub/IGVC-Robot/GazeboR1/WorkingRobot/install/robot/share/robot/cmake/robotConfig-version.cmake
[0.379s] -- Up-to-date: /home/arc/Documents/GitHub/IGVC-Robot/GazeboR1/WorkingRobot/install/robot/share/robot/package.xml
[0.381s] Invoked command in '/home/arc/Documents/GitHub/IGVC-Robot/GazeboR1/WorkingRobot/build/robot' returned '0': CMAKE_PREFIX_PATH=${CMAKE_PREFIX_PATH}:/opt/ros/humble /usr/bin/cmake --install /home/arc/Documents/GitHub/IGVC-Robot/GazeboR1/WorkingRobot/build/robot
