[0.867s] DEBUG:colcon:Command line arguments: ['/usr/bin/colcon', 'build']
[0.867s] DEBUG:colcon:Parsed command line arguments: Namespace(log_base=None, log_level=None, verb_name='build', build_base='build', install_base='install', merge_install=False, symlink_install=False, test_result_base=None, continue_on_error=False, executor='parallel', parallel_workers=4, event_handlers=None, ignore_user_meta=False, metas=['./colcon.meta'], base_paths=['.'], packages_ignore=None, packages_ignore_regex=None, paths=None, packages_up_to=None, packages_up_to_regex=None, packages_above=None, packages_above_and_dependencies=None, packages_above_depth=None, packages_select_by_dep=None, packages_skip_by_dep=None, packages_skip_up_to=None, packages_select_build_failed=False, packages_skip_build_finished=False, packages_select_test_failures=False, packages_skip_test_passed=False, packages_select=None, packages_skip=None, packages_select_regex=None, packages_skip_regex=None, packages_start=None, packages_end=None, allow_overriding=[], cmake_args=None, cmake_target=None, cmake_target_skip_unavailable=False, cmake_clean_cache=False, cmake_clean_first=False, cmake_force_configure=False, ament_cmake_args=None, catkin_cmake_args=None, catkin_skip_building_tests=False, verb_parser=<colcon_defaults.argument_parser.defaults.DefaultArgumentsDecorator object at 0x7f262d60f730>, verb_extension=<colcon_core.verb.build.BuildVerb object at 0x7f262dfc7e20>, main=<bound method BuildVerb.main of <colcon_core.verb.build.BuildVerb object at 0x7f262dfc7e20>>)
[0.957s] Level 1:colcon.colcon_core.package_discovery:discover_packages(colcon_meta) check parameters
[0.957s] Level 1:colcon.colcon_core.package_discovery:discover_packages(recursive) check parameters
[0.957s] Level 1:colcon.colcon_core.package_discovery:discover_packages(ignore) check parameters
[0.957s] Level 1:colcon.colcon_core.package_discovery:discover_packages(path) check parameters
[0.957s] Level 1:colcon.colcon_core.package_discovery:discover_packages(colcon_meta) discover
[0.957s] Level 1:colcon.colcon_core.package_discovery:discover_packages(recursive) discover
[0.957s] INFO:colcon.colcon_core.package_discovery:Crawling recursively for packages in '/home/arc/Documents/GitHub/IGVC-Robot/GazeboR1/FullAttempt/PreliminaryDesignR1'
[0.957s] Level 1:colcon.colcon_core.package_identification:_identify(.) by extensions ['ignore', 'ignore_ament_install']
[0.957s] Level 1:colcon.colcon_core.package_identification:_identify(.) by extension 'ignore'
[0.957s] Level 1:colcon.colcon_core.package_identification:_identify(.) by extension 'ignore_ament_install'
[0.957s] Level 1:colcon.colcon_core.package_identification:_identify(.) by extensions ['colcon_pkg']
[0.957s] Level 1:colcon.colcon_core.package_identification:_identify(.) by extension 'colcon_pkg'
[0.957s] Level 1:colcon.colcon_core.package_identification:_identify(.) by extensions ['colcon_meta']
[0.958s] Level 1:colcon.colcon_core.package_identification:_identify(.) by extension 'colcon_meta'
[0.958s] Level 1:colcon.colcon_core.package_identification:_identify(.) by extensions ['ros']
[0.958s] Level 1:colcon.colcon_core.package_identification:_identify(.) by extension 'ros'
[1.003s] DEBUG:colcon.colcon_core.package_identification:Package '.' with type 'ros.catkin' and name 'PreliminaryDesignR1'
[1.003s] Level 1:colcon.colcon_core.package_discovery:discover_packages(recursive) using defaults
[1.004s] Level 1:colcon.colcon_core.package_discovery:discover_packages(ignore) discover
[1.004s] Level 1:colcon.colcon_core.package_discovery:discover_packages(ignore) using defaults
[1.004s] Level 1:colcon.colcon_core.package_discovery:discover_packages(path) discover
[1.004s] Level 1:colcon.colcon_core.package_discovery:discover_packages(path) using defaults
[1.062s] Level 1:colcon.colcon_core.package_discovery:discover_packages(prefix_path) check parameters
[1.062s] Level 1:colcon.colcon_core.package_discovery:discover_packages(prefix_path) discover
[1.066s] DEBUG:colcon.colcon_installed_package_information.package_discovery:Found 270 installed packages in /opt/ros/humble
[1.068s] Level 1:colcon.colcon_core.package_discovery:discover_packages(prefix_path) using defaults
[1.141s] Level 5:colcon.colcon_core.verb:set package 'PreliminaryDesignR1' build argument 'cmake_args' from command line to 'None'
[1.141s] Level 5:colcon.colcon_core.verb:set package 'PreliminaryDesignR1' build argument 'cmake_target' from command line to 'None'
[1.141s] Level 5:colcon.colcon_core.verb:set package 'PreliminaryDesignR1' build argument 'cmake_target_skip_unavailable' from command line to 'False'
[1.141s] Level 5:colcon.colcon_core.verb:set package 'PreliminaryDesignR1' build argument 'cmake_clean_cache' from command line to 'False'
[1.141s] Level 5:colcon.colcon_core.verb:set package 'PreliminaryDesignR1' build argument 'cmake_clean_first' from command line to 'False'
[1.141s] Level 5:colcon.colcon_core.verb:set package 'PreliminaryDesignR1' build argument 'cmake_force_configure' from command line to 'False'
[1.141s] Level 5:colcon.colcon_core.verb:set package 'PreliminaryDesignR1' build argument 'ament_cmake_args' from command line to 'None'
[1.141s] Level 5:colcon.colcon_core.verb:set package 'PreliminaryDesignR1' build argument 'catkin_cmake_args' from command line to 'None'
[1.141s] Level 5:colcon.colcon_core.verb:set package 'PreliminaryDesignR1' build argument 'catkin_skip_building_tests' from command line to 'False'
[1.141s] DEBUG:colcon.colcon_core.verb:Building package 'PreliminaryDesignR1' with the following arguments: {'ament_cmake_args': None, 'build_base': '/home/arc/Documents/GitHub/IGVC-Robot/GazeboR1/FullAttempt/PreliminaryDesignR1/build/PreliminaryDesignR1', 'catkin_cmake_args': None, 'catkin_skip_building_tests': False, 'cmake_args': None, 'cmake_clean_cache': False, 'cmake_clean_first': False, 'cmake_force_configure': False, 'cmake_target': None, 'cmake_target_skip_unavailable': False, 'install_base': '/home/arc/Documents/GitHub/IGVC-Robot/GazeboR1/FullAttempt/PreliminaryDesignR1/install/PreliminaryDesignR1', 'merge_install': False, 'path': '/home/arc/Documents/GitHub/IGVC-Robot/GazeboR1/FullAttempt/PreliminaryDesignR1', 'symlink_install': False, 'test_result_base': None}
[1.142s] INFO:colcon.colcon_core.executor:Executing jobs using 'parallel' executor
[1.146s] DEBUG:colcon.colcon_parallel_executor.executor.parallel:run_until_complete
[1.146s] INFO:colcon.colcon_ros.task.catkin.build:Building ROS package in '/home/arc/Documents/GitHub/IGVC-Robot/GazeboR1/FullAttempt/PreliminaryDesignR1' with build type 'catkin'
[1.146s] INFO:colcon.colcon_cmake.task.cmake.build:Building CMake package in '/home/arc/Documents/GitHub/IGVC-Robot/GazeboR1/FullAttempt/PreliminaryDesignR1'
[1.152s] INFO:colcon.colcon_core.plugin_system:Skipping extension 'colcon_core.shell.bat': Not used on non-Windows systems
[1.152s] INFO:colcon.colcon_core.shell:Skip shell extension 'powershell' for command environment: Not usable outside of PowerShell
[1.152s] DEBUG:colcon.colcon_core.shell:Skip shell extension 'dsv' for command environment
[1.160s] DEBUG:colcon.colcon_core.event_handler.log_command:Invoking command in '/home/arc/Documents/GitHub/IGVC-Robot/GazeboR1/FullAttempt/PreliminaryDesignR1/build/PreliminaryDesignR1': /usr/bin/cmake /home/arc/Documents/GitHub/IGVC-Robot/GazeboR1/FullAttempt/PreliminaryDesignR1 -DCATKIN_INSTALL_INTO_PREFIX_ROOT=0 -DCMAKE_INSTALL_PREFIX=/home/arc/Documents/GitHub/IGVC-Robot/GazeboR1/FullAttempt/PreliminaryDesignR1/install/PreliminaryDesignR1
[2.520s] DEBUG:colcon.colcon_core.event_handler.log_command:Invoked command in '/home/arc/Documents/GitHub/IGVC-Robot/GazeboR1/FullAttempt/PreliminaryDesignR1/build/PreliminaryDesignR1' returned '1': /usr/bin/cmake /home/arc/Documents/GitHub/IGVC-Robot/GazeboR1/FullAttempt/PreliminaryDesignR1 -DCATKIN_INSTALL_INTO_PREFIX_ROOT=0 -DCMAKE_INSTALL_PREFIX=/home/arc/Documents/GitHub/IGVC-Robot/GazeboR1/FullAttempt/PreliminaryDesignR1/install/PreliminaryDesignR1
[2.531s] Level 1:colcon.colcon_core.environment:create_environment_scripts_only(PreliminaryDesignR1)
[2.537s] Level 1:colcon.colcon_core.environment:checking '/home/arc/Documents/GitHub/IGVC-Robot/GazeboR1/FullAttempt/PreliminaryDesignR1/install/PreliminaryDesignR1' for CMake module files
[2.537s] Level 1:colcon.colcon_core.environment:checking '/home/arc/Documents/GitHub/IGVC-Robot/GazeboR1/FullAttempt/PreliminaryDesignR1/install/PreliminaryDesignR1' for CMake config files
[2.538s] Level 1:colcon.colcon_core.environment:checking '/home/arc/Documents/GitHub/IGVC-Robot/GazeboR1/FullAttempt/PreliminaryDesignR1/install/PreliminaryDesignR1/bin'
[2.538s] Level 1:colcon.colcon_core.environment:checking '/home/arc/Documents/GitHub/IGVC-Robot/GazeboR1/FullAttempt/PreliminaryDesignR1/install/PreliminaryDesignR1/lib/pkgconfig/PreliminaryDesignR1.pc'
[2.538s] Level 1:colcon.colcon_core.environment:checking '/home/arc/Documents/GitHub/IGVC-Robot/GazeboR1/FullAttempt/PreliminaryDesignR1/install/PreliminaryDesignR1/lib/python3.10/site-packages'
[2.538s] Level 1:colcon.colcon_core.environment:checking '/home/arc/Documents/GitHub/IGVC-Robot/GazeboR1/FullAttempt/PreliminaryDesignR1/install/PreliminaryDesignR1/bin'
[2.540s] INFO:colcon.colcon_core.shell:Creating package script '/home/arc/Documents/GitHub/IGVC-Robot/GazeboR1/FullAttempt/PreliminaryDesignR1/install/PreliminaryDesignR1/share/PreliminaryDesignR1/package.ps1'
[2.541s] INFO:colcon.colcon_core.shell:Creating package descriptor '/home/arc/Documents/GitHub/IGVC-Robot/GazeboR1/FullAttempt/PreliminaryDesignR1/install/PreliminaryDesignR1/share/PreliminaryDesignR1/package.dsv'
[2.541s] INFO:colcon.colcon_core.shell:Creating package script '/home/arc/Documents/GitHub/IGVC-Robot/GazeboR1/FullAttempt/PreliminaryDesignR1/install/PreliminaryDesignR1/share/PreliminaryDesignR1/package.sh'
[2.542s] INFO:colcon.colcon_core.shell:Creating package script '/home/arc/Documents/GitHub/IGVC-Robot/GazeboR1/FullAttempt/PreliminaryDesignR1/install/PreliminaryDesignR1/share/PreliminaryDesignR1/package.bash'
[2.543s] INFO:colcon.colcon_core.shell:Creating package script '/home/arc/Documents/GitHub/IGVC-Robot/GazeboR1/FullAttempt/PreliminaryDesignR1/install/PreliminaryDesignR1/share/PreliminaryDesignR1/package.zsh'
[2.543s] Level 1:colcon.colcon_core.environment:create_file_with_runtime_dependencies(/home/arc/Documents/GitHub/IGVC-Robot/GazeboR1/FullAttempt/PreliminaryDesignR1/install/PreliminaryDesignR1/share/colcon-core/packages/PreliminaryDesignR1)
[2.554s] DEBUG:colcon.colcon_parallel_executor.executor.parallel:closing loop
[2.554s] DEBUG:colcon.colcon_parallel_executor.executor.parallel:loop closed
[2.555s] DEBUG:colcon.colcon_parallel_executor.executor.parallel:run_until_complete finished with '1'
[2.555s] DEBUG:colcon.colcon_core.event_reactor:joining thread
[2.564s] INFO:colcon.colcon_core.plugin_system:Skipping extension 'colcon_notification.desktop_notification.terminal_notifier': Not used on non-Darwin systems
[2.564s] INFO:colcon.colcon_core.plugin_system:Skipping extension 'colcon_notification.desktop_notification.win32': Not used on non-Windows systems
[2.564s] INFO:colcon.colcon_notification.desktop_notification:Sending desktop notification using 'notify2'
[2.646s] DEBUG:colcon.colcon_core.event_reactor:joined thread
[2.651s] INFO:colcon.colcon_core.shell:Creating prefix script '/home/arc/Documents/GitHub/IGVC-Robot/GazeboR1/FullAttempt/PreliminaryDesignR1/install/local_setup.ps1'
[2.654s] INFO:colcon.colcon_core.shell:Creating prefix util module '/home/arc/Documents/GitHub/IGVC-Robot/GazeboR1/FullAttempt/PreliminaryDesignR1/install/_local_setup_util_ps1.py'
[2.659s] INFO:colcon.colcon_core.shell:Creating prefix chain script '/home/arc/Documents/GitHub/IGVC-Robot/GazeboR1/FullAttempt/PreliminaryDesignR1/install/setup.ps1'
[2.663s] INFO:colcon.colcon_core.shell:Creating prefix script '/home/arc/Documents/GitHub/IGVC-Robot/GazeboR1/FullAttempt/PreliminaryDesignR1/install/local_setup.sh'
[2.664s] INFO:colcon.colcon_core.shell:Creating prefix util module '/home/arc/Documents/GitHub/IGVC-Robot/GazeboR1/FullAttempt/PreliminaryDesignR1/install/_local_setup_util_sh.py'
[2.666s] INFO:colcon.colcon_core.shell:Creating prefix chain script '/home/arc/Documents/GitHub/IGVC-Robot/GazeboR1/FullAttempt/PreliminaryDesignR1/install/setup.sh'
[2.669s] INFO:colcon.colcon_core.shell:Creating prefix script '/home/arc/Documents/GitHub/IGVC-Robot/GazeboR1/FullAttempt/PreliminaryDesignR1/install/local_setup.bash'
[2.671s] INFO:colcon.colcon_core.shell:Creating prefix chain script '/home/arc/Documents/GitHub/IGVC-Robot/GazeboR1/FullAttempt/PreliminaryDesignR1/install/setup.bash'
[2.673s] INFO:colcon.colcon_core.shell:Creating prefix script '/home/arc/Documents/GitHub/IGVC-Robot/GazeboR1/FullAttempt/PreliminaryDesignR1/install/local_setup.zsh'
[2.674s] INFO:colcon.colcon_core.shell:Creating prefix chain script '/home/arc/Documents/GitHub/IGVC-Robot/GazeboR1/FullAttempt/PreliminaryDesignR1/install/setup.zsh'
