[0.038s] Invoking command in '/home/arc/nav2_ws/build/nav2_lifecycle_manager': AMENT_PREFIX_PATH=/home/arc/nav2_ws/install/nav2_util:/home/arc/nav2_ws/install/nav2_msgs:/home/arc/nav2_ws/install/nav2_common:${AMENT_PREFIX_PATH} CMAKE_PREFIX_PATH=/home/arc/nav2_ws/install/nav2_util:/home/arc/nav2_ws/install/nav2_msgs:/home/arc/nav2_ws/install/nav2_common:/home/arc/workspace/install:/opt/ros/humble LD_LIBRARY_PATH=/home/arc/nav2_ws/install/nav2_util/lib:/home/arc/nav2_ws/install/nav2_msgs/lib:${LD_LIBRARY_PATH} PYTHONPATH=/home/arc/nav2_ws/install/nav2_msgs/local/lib/python3.10/dist-packages:/home/arc/nav2_ws/install/nav2_common/local/lib/python3.10/dist-packages:${PYTHONPATH} /usr/bin/cmake /home/arc/nav2_ws/src/navigation2/nav2_lifecycle_manager -DAMENT_CMAKE_SYMLINK_INSTALL=1 -DCMAKE_INSTALL_PREFIX=/home/arc/nav2_ws/install/nav2_lifecycle_manager
[0.155s] -- The C compiler identification is GNU 11.2.0
[0.281s] -- The CXX compiler identification is GNU 11.2.0
[0.289s] -- Detecting C compiler ABI info
[0.424s] -- Detecting C compiler ABI info - done
[0.442s] -- Check for working C compiler: /usr/bin/cc - skipped
[0.442s] -- Detecting C compile features
[0.443s] -- Detecting C compile features - done
[0.451s] -- Detecting CXX compiler ABI info
[0.606s] -- Detecting CXX compiler ABI info - done
[0.624s] -- Check for working CXX compiler: /usr/bin/c++ - skipped
[0.624s] -- Detecting CXX compile features
[0.625s] -- Detecting CXX compile features - done
[0.631s] -- Found ament_cmake: 1.3.2 (/opt/ros/humble/share/ament_cmake/cmake)
[2.208s] -- Found Python3: /usr/bin/python3.10 (found version "3.10.6") found components: Interpreter 
[2.345s] -- Override CMake install command with custom implementation using symlinks instead of copying resources
[2.473s] -- Found geometry_msgs: 4.2.2 (/opt/ros/humble/share/geometry_msgs/cmake)
[2.564s] -- Found rosidl_generator_c: 3.1.3 (/opt/ros/humble/share/rosidl_generator_c/cmake)
[2.577s] -- Found rosidl_adapter: 3.1.3 (/opt/ros/humble/share/rosidl_adapter/cmake)
[2.598s] -- Found rosidl_generator_cpp: 3.1.3 (/opt/ros/humble/share/rosidl_generator_cpp/cmake)
[2.636s] -- Using all available rosidl_typesupport_c: rosidl_typesupport_fastrtps_c;rosidl_typesupport_introspection_c
[2.689s] -- Using all available rosidl_typesupport_cpp: rosidl_typesupport_fastrtps_cpp;rosidl_typesupport_introspection_cpp
[3.010s] -- Found lifecycle_msgs: 1.2.0 (/opt/ros/humble/share/lifecycle_msgs/cmake)
[3.056s] -- Found nav2_common: 1.1.2 (/home/arc/nav2_ws/install/nav2_common/share/nav2_common/cmake)
[3.057s] -- Found nav2_msgs: 1.1.2 (/home/arc/nav2_ws/install/nav2_msgs/share/nav2_msgs/cmake)
[3.893s] -- Found nav2_util: 1.1.2 (/home/arc/nav2_ws/install/nav2_util/share/nav2_util/cmake)
[4.220s] -- Found rmw_implementation_cmake: 6.1.0 (/opt/ros/humble/share/rmw_implementation_cmake/cmake)
[4.226s] -- Found rmw_fastrtps_cpp: 6.2.1 (/opt/ros/humble/share/rmw_fastrtps_cpp/cmake)
[4.420s] -- Found OpenSSL: /usr/lib/x86_64-linux-gnu/libcrypto.so (found version "3.0.2")  
[4.482s] -- Found FastRTPS: /opt/ros/humble/include  
[4.581s] -- Using RMW implementation 'rmw_fastrtps_cpp' as default
[5.542s] -- Found eigen3_cmake_module: 0.1.1 (/opt/ros/humble/share/eigen3_cmake_module/cmake)
[5.544s] -- Found Eigen3: TRUE (found version "3.4.0") 
[5.545s] -- Ensuring Eigen3 include directory is part of orocos-kdl CMake target
[6.026s] -- Found std_srvs: 4.2.2 (/opt/ros/humble/share/std_srvs/cmake)
[6.071s] -- Found diagnostic_updater: 3.0.0 (/opt/ros/humble/share/diagnostic_updater/cmake)
[6.332s] -- Setting build type to Release as none was specified.
[10.285s] -- Found ament_lint_auto: 0.12.4 (/opt/ros/humble/share/ament_lint_auto/cmake)
[10.568s] -- Found gtest sources under '/opt/ros/humble/src/gtest_vendor': C++ tests using 'Google Test' will be built
[10.574s] -- Looking for pthread.h
[10.981s] -- Looking for pthread.h - found
[10.981s] -- Performing Test CMAKE_HAVE_LIBC_PTHREAD
[11.314s] -- Performing Test CMAKE_HAVE_LIBC_PTHREAD - Success
[11.316s] -- Found Threads: TRUE  
[16.423s] -- Added test 'copyright' to check source files copyright and LICENSE
[16.427s] -- Added test 'cppcheck' to perform static code analysis on C / C++ code
[16.429s] -- Configured cppcheck include dirs: /home/arc/nav2_ws/src/navigation2/nav2_lifecycle_manager/include
[16.429s] -- Configured cppcheck exclude dirs and/or files: 
[16.432s] -- Added test 'cpplint' to check C / C++ code against the Google style
[16.432s] -- Configured cpplint exclude dirs and/or files: 
[16.434s] -- Added test 'flake8' to check Python code syntax and style conventions
[16.435s] -- Added test 'lint_cmake' to check CMake code style
[16.437s] -- Added test 'pep257' to check Python code against some of the docstring style conventions in PEP 257
[16.440s] -- Added test 'uncrustify' to check C / C++ code style
[16.440s] -- Configured uncrustify additional arguments: 
[16.441s] -- Added test 'xmllint' to check XML markup files
[16.449s] -- Configuring done
[16.919s] -- Generating done
[16.925s] -- Build files have been written to: /home/arc/nav2_ws/build/nav2_lifecycle_manager
[16.965s] Invoked command in '/home/arc/nav2_ws/build/nav2_lifecycle_manager' returned '0': AMENT_PREFIX_PATH=/home/arc/nav2_ws/install/nav2_util:/home/arc/nav2_ws/install/nav2_msgs:/home/arc/nav2_ws/install/nav2_common:${AMENT_PREFIX_PATH} CMAKE_PREFIX_PATH=/home/arc/nav2_ws/install/nav2_util:/home/arc/nav2_ws/install/nav2_msgs:/home/arc/nav2_ws/install/nav2_common:/home/arc/workspace/install:/opt/ros/humble LD_LIBRARY_PATH=/home/arc/nav2_ws/install/nav2_util/lib:/home/arc/nav2_ws/install/nav2_msgs/lib:${LD_LIBRARY_PATH} PYTHONPATH=/home/arc/nav2_ws/install/nav2_msgs/local/lib/python3.10/dist-packages:/home/arc/nav2_ws/install/nav2_common/local/lib/python3.10/dist-packages:${PYTHONPATH} /usr/bin/cmake /home/arc/nav2_ws/src/navigation2/nav2_lifecycle_manager -DAMENT_CMAKE_SYMLINK_INSTALL=1 -DCMAKE_INSTALL_PREFIX=/home/arc/nav2_ws/install/nav2_lifecycle_manager
[16.966s] Invoking command in '/home/arc/nav2_ws/build/nav2_lifecycle_manager': AMENT_PREFIX_PATH=/home/arc/nav2_ws/install/nav2_util:/home/arc/nav2_ws/install/nav2_msgs:/home/arc/nav2_ws/install/nav2_common:${AMENT_PREFIX_PATH} CMAKE_PREFIX_PATH=/home/arc/nav2_ws/install/nav2_util:/home/arc/nav2_ws/install/nav2_msgs:/home/arc/nav2_ws/install/nav2_common:/home/arc/workspace/install:/opt/ros/humble LD_LIBRARY_PATH=/home/arc/nav2_ws/install/nav2_util/lib:/home/arc/nav2_ws/install/nav2_msgs/lib:${LD_LIBRARY_PATH} PYTHONPATH=/home/arc/nav2_ws/install/nav2_msgs/local/lib/python3.10/dist-packages:/home/arc/nav2_ws/install/nav2_common/local/lib/python3.10/dist-packages:${PYTHONPATH} /usr/bin/cmake --build /home/arc/nav2_ws/build/nav2_lifecycle_manager -- -j4 -l4
[17.212s] [  7%] [32mBuilding CXX object CMakeFiles/nav2_lifecycle_manager_core.dir/src/lifecycle_manager.cpp.o[0m
[38.167s] [ 15%] [32mBuilding CXX object CMakeFiles/nav2_lifecycle_manager_core.dir/src/lifecycle_manager_client.cpp.o[0m
[49.720s] [ 23%] [32m[1mLinking CXX shared library libnav2_lifecycle_manager_core.so[0m
[50.274s] [ 23%] Built target nav2_lifecycle_manager_core
[50.307s] [ 30%] [32mBuilding CXX object gtest/CMakeFiles/gtest.dir/src/gtest-all.cc.o[0m
[67.945s] [ 38%] [32m[1mLinking CXX static library libgtest.a[0m
[68.007s] [ 38%] Built target gtest
[68.050s] [ 46%] [32mBuilding CXX object CMakeFiles/lifecycle_manager.dir/src/main.cpp.o[0m
[76.561s] [ 53%] [32m[1mLinking CXX executable lifecycle_manager[0m
[76.932s] [ 53%] Built target lifecycle_manager
[76.965s] [ 61%] [32mBuilding CXX object gtest/CMakeFiles/gtest_main.dir/src/gtest_main.cc.o[0m
[79.042s] [ 69%] [32m[1mLinking CXX static library libgtest_main.a[0m
[79.094s] [ 69%] Built target gtest_main
[79.129s] [ 76%] [32mBuilding CXX object test/CMakeFiles/test_lifecycle_gtest.dir/test_lifecycle_manager.cpp.o[0m
[89.106s] [ 84%] [32m[1mLinking CXX executable test_lifecycle_gtest[0m
[89.646s] [ 84%] Built target test_lifecycle_gtest
[89.684s] [ 92%] [32mBuilding CXX object test/CMakeFiles/test_bond_gtest.dir/test_bond.cpp.o[0m
[104.770s] [100%] [32m[1mLinking CXX executable test_bond_gtest[0m
[105.345s] [100%] Built target test_bond_gtest
[105.380s] Invoked command in '/home/arc/nav2_ws/build/nav2_lifecycle_manager' returned '0': AMENT_PREFIX_PATH=/home/arc/nav2_ws/install/nav2_util:/home/arc/nav2_ws/install/nav2_msgs:/home/arc/nav2_ws/install/nav2_common:${AMENT_PREFIX_PATH} CMAKE_PREFIX_PATH=/home/arc/nav2_ws/install/nav2_util:/home/arc/nav2_ws/install/nav2_msgs:/home/arc/nav2_ws/install/nav2_common:/home/arc/workspace/install:/opt/ros/humble LD_LIBRARY_PATH=/home/arc/nav2_ws/install/nav2_util/lib:/home/arc/nav2_ws/install/nav2_msgs/lib:${LD_LIBRARY_PATH} PYTHONPATH=/home/arc/nav2_ws/install/nav2_msgs/local/lib/python3.10/dist-packages:/home/arc/nav2_ws/install/nav2_common/local/lib/python3.10/dist-packages:${PYTHONPATH} /usr/bin/cmake --build /home/arc/nav2_ws/build/nav2_lifecycle_manager -- -j4 -l4
[105.440s] Invoking command in '/home/arc/nav2_ws/build/nav2_lifecycle_manager': AMENT_PREFIX_PATH=/home/arc/nav2_ws/install/nav2_util:/home/arc/nav2_ws/install/nav2_msgs:/home/arc/nav2_ws/install/nav2_common:${AMENT_PREFIX_PATH} CMAKE_PREFIX_PATH=/home/arc/nav2_ws/install/nav2_util:/home/arc/nav2_ws/install/nav2_msgs:/home/arc/nav2_ws/install/nav2_common:/home/arc/workspace/install:/opt/ros/humble LD_LIBRARY_PATH=/home/arc/nav2_ws/install/nav2_util/lib:/home/arc/nav2_ws/install/nav2_msgs/lib:${LD_LIBRARY_PATH} PYTHONPATH=/home/arc/nav2_ws/install/nav2_msgs/local/lib/python3.10/dist-packages:/home/arc/nav2_ws/install/nav2_common/local/lib/python3.10/dist-packages:${PYTHONPATH} /usr/bin/cmake --install /home/arc/nav2_ws/build/nav2_lifecycle_manager
[105.455s] -- Install configuration: "Release"
[105.456s] -- Execute custom install script
[105.457s] -- Symlinking: /home/arc/nav2_ws/install/nav2_lifecycle_manager/lib/libnav2_lifecycle_manager_core.so
[105.475s] -- Symlinking: /home/arc/nav2_ws/install/nav2_lifecycle_manager/lib/nav2_lifecycle_manager/lifecycle_manager
[105.511s] -- Symlinking: /home/arc/nav2_ws/install/nav2_lifecycle_manager/include//nav2_lifecycle_manager/lifecycle_manager.hpp
[105.541s] -- Symlinking: /home/arc/nav2_ws/install/nav2_lifecycle_manager/include//nav2_lifecycle_manager/lifecycle_manager_client.hpp
[105.556s] -- Symlinking: /home/arc/nav2_ws/install/nav2_lifecycle_manager/share/nav2_lifecycle_manager/environment/library_path.sh
[105.573s] -- Symlinking: /home/arc/nav2_ws/install/nav2_lifecycle_manager/share/nav2_lifecycle_manager/environment/library_path.dsv
[105.589s] -- Symlinking: /home/arc/nav2_ws/install/nav2_lifecycle_manager/share/ament_index/resource_index/package_run_dependencies/nav2_lifecycle_manager
[105.604s] -- Symlinking: /home/arc/nav2_ws/install/nav2_lifecycle_manager/share/ament_index/resource_index/parent_prefix_path/nav2_lifecycle_manager
[105.619s] -- Symlinking: /home/arc/nav2_ws/install/nav2_lifecycle_manager/share/nav2_lifecycle_manager/environment/ament_prefix_path.sh
[105.634s] -- Symlinking: /home/arc/nav2_ws/install/nav2_lifecycle_manager/share/nav2_lifecycle_manager/environment/ament_prefix_path.dsv
[105.649s] -- Symlinking: /home/arc/nav2_ws/install/nav2_lifecycle_manager/share/nav2_lifecycle_manager/environment/path.sh
[105.664s] -- Symlinking: /home/arc/nav2_ws/install/nav2_lifecycle_manager/share/nav2_lifecycle_manager/environment/path.dsv
[105.680s] -- Symlinking: /home/arc/nav2_ws/install/nav2_lifecycle_manager/share/nav2_lifecycle_manager/local_setup.bash
[105.696s] -- Symlinking: /home/arc/nav2_ws/install/nav2_lifecycle_manager/share/nav2_lifecycle_manager/local_setup.sh
[105.711s] -- Symlinking: /home/arc/nav2_ws/install/nav2_lifecycle_manager/share/nav2_lifecycle_manager/local_setup.zsh
[105.726s] -- Symlinking: /home/arc/nav2_ws/install/nav2_lifecycle_manager/share/nav2_lifecycle_manager/local_setup.dsv
[105.742s] -- Symlinking: /home/arc/nav2_ws/install/nav2_lifecycle_manager/share/nav2_lifecycle_manager/package.dsv
[105.758s] -- Symlinking: /home/arc/nav2_ws/install/nav2_lifecycle_manager/share/ament_index/resource_index/packages/nav2_lifecycle_manager
[105.774s] -- Symlinking: /home/arc/nav2_ws/install/nav2_lifecycle_manager/share/ament_index/resource_index/rclcpp_components/nav2_lifecycle_manager
[105.790s] -- Symlinking: /home/arc/nav2_ws/install/nav2_lifecycle_manager/share/nav2_lifecycle_manager/cmake/ament_cmake_export_include_directories-extras.cmake
[105.806s] -- Symlinking: /home/arc/nav2_ws/install/nav2_lifecycle_manager/share/nav2_lifecycle_manager/cmake/ament_cmake_export_libraries-extras.cmake
[105.821s] -- Symlinking: /home/arc/nav2_ws/install/nav2_lifecycle_manager/share/nav2_lifecycle_manager/cmake/ament_cmake_export_dependencies-extras.cmake
[105.836s] -- Symlinking: /home/arc/nav2_ws/install/nav2_lifecycle_manager/share/nav2_lifecycle_manager/cmake/nav2_lifecycle_managerConfig.cmake
[105.851s] -- Symlinking: /home/arc/nav2_ws/install/nav2_lifecycle_manager/share/nav2_lifecycle_manager/cmake/nav2_lifecycle_managerConfig-version.cmake
[105.866s] -- Symlinking: /home/arc/nav2_ws/install/nav2_lifecycle_manager/share/nav2_lifecycle_manager/package.xml
[105.890s] Invoked command in '/home/arc/nav2_ws/build/nav2_lifecycle_manager' returned '0': AMENT_PREFIX_PATH=/home/arc/nav2_ws/install/nav2_util:/home/arc/nav2_ws/install/nav2_msgs:/home/arc/nav2_ws/install/nav2_common:${AMENT_PREFIX_PATH} CMAKE_PREFIX_PATH=/home/arc/nav2_ws/install/nav2_util:/home/arc/nav2_ws/install/nav2_msgs:/home/arc/nav2_ws/install/nav2_common:/home/arc/workspace/install:/opt/ros/humble LD_LIBRARY_PATH=/home/arc/nav2_ws/install/nav2_util/lib:/home/arc/nav2_ws/install/nav2_msgs/lib:${LD_LIBRARY_PATH} PYTHONPATH=/home/arc/nav2_ws/install/nav2_msgs/local/lib/python3.10/dist-packages:/home/arc/nav2_ws/install/nav2_common/local/lib/python3.10/dist-packages:${PYTHONPATH} /usr/bin/cmake --install /home/arc/nav2_ws/build/nav2_lifecycle_manager
