[0.017s] Invoking command in '/home/arc/Documents/GitHub/IGVC-Robot/GazeboR1/WorkingRobot/build/robot': CMAKE_PREFIX_PATH=${CMAKE_PREFIX_PATH}:/opt/ros/humble /usr/bin/cmake --build /home/arc/Documents/GitHub/IGVC-Robot/GazeboR1/WorkingRobot/build/robot -- -j4 -l4
[0.045s] -- Found ament_cmake: 1.3.2 (/opt/ros/humble/share/ament_cmake/cmake)
[0.231s] -- Found ament_lint_auto: 0.12.4 (/opt/ros/humble/share/ament_lint_auto/cmake)
[0.320s] -- Added test 'flake8' to check Python code syntax and style conventions
[0.321s] -- Added test 'lint_cmake' to check CMake code style
[0.322s] -- Added test 'pep257' to check Python code against some of the docstring style conventions in PEP 257
[0.323s] -- Added test 'xmllint' to check XML markup files
[0.324s] -- Configuring done
[0.329s] -- Generating done
[0.330s] -- Build files have been written to: /home/arc/Documents/GitHub/IGVC-Robot/GazeboR1/WorkingRobot/build/robot
[0.353s] Invoked command in '/home/arc/Documents/GitHub/IGVC-Robot/GazeboR1/WorkingRobot/build/robot' returned '0': CMAKE_PREFIX_PATH=${CMAKE_PREFIX_PATH}:/opt/ros/humble /usr/bin/cmake --build /home/arc/Documents/GitHub/IGVC-Robot/GazeboR1/WorkingRobot/build/robot -- -j4 -l4
[0.385s] Invoking command in '/home/arc/Documents/GitHub/IGVC-Robot/GazeboR1/WorkingRobot/build/robot': CMAKE_PREFIX_PATH=${CMAKE_PREFIX_PATH}:/opt/ros/humble /usr/bin/cmake --install /home/arc/Documents/GitHub/IGVC-Robot/GazeboR1/WorkingRobot/build/robot
[0.394s] -- Install configuration: ""
[0.394s] -- Installing: /home/arc/Documents/GitHub/IGVC-Robot/GazeboR1/WorkingRobot/install/robot/share/robot/config
[0.394s] -- Installing: /home/arc/Documents/GitHub/IGVC-Robot/GazeboR1/WorkingRobot/install/robot/share/robot/launch
[0.394s] -- Installing: /home/arc/Documents/GitHub/IGVC-Robot/GazeboR1/WorkingRobot/install/robot/share/robot/launch/robot.launch.py
[0.394s] -- Installing: /home/arc/Documents/GitHub/IGVC-Robot/GazeboR1/WorkingRobot/install/robot/share/robot/maps
[0.395s] -- Installing: /home/arc/Documents/GitHub/IGVC-Robot/GazeboR1/WorkingRobot/install/robot/share/robot/meshes
[0.395s] -- Installing: /home/arc/Documents/GitHub/IGVC-Robot/GazeboR1/WorkingRobot/install/robot/share/robot/meshes/Frame_Detailed.STL
[0.415s] -- Installing: /home/arc/Documents/GitHub/IGVC-Robot/GazeboR1/WorkingRobot/install/robot/share/robot/meshes/Wheel_Detailed.STL
[0.424s] -- Installing: /home/arc/Documents/GitHub/IGVC-Robot/GazeboR1/WorkingRobot/install/robot/share/robot/meshes/Frame.STL
[0.424s] -- Installing: /home/arc/Documents/GitHub/IGVC-Robot/GazeboR1/WorkingRobot/install/robot/share/robot/models
[0.424s] -- Installing: /home/arc/Documents/GitHub/IGVC-Robot/GazeboR1/WorkingRobot/install/robot/share/robot/models/model.sdf
[0.424s] -- Installing: /home/arc/Documents/GitHub/IGVC-Robot/GazeboR1/WorkingRobot/install/robot/share/robot/params
[0.424s] -- Installing: /home/arc/Documents/GitHub/IGVC-Robot/GazeboR1/WorkingRobot/install/robot/share/robot/rviz
[0.424s] -- Installing: /home/arc/Documents/GitHub/IGVC-Robot/GazeboR1/WorkingRobot/install/robot/share/robot/rviz/urdf_config.rviz
[0.424s] [31mCMake Error at cmake_install.cmake:46 (file):
[0.424s]   file INSTALL cannot find
[0.425s]   "/home/arc/Documents/GitHub/IGVC-Robot/GazeboR1/WorkingRobot/src/robot/src":
[0.425s]   No such file or directory.
[0.425s] 
[0.425s] [0m
[0.426s] Invoked command in '/home/arc/Documents/GitHub/IGVC-Robot/GazeboR1/WorkingRobot/build/robot' returned '1': CMAKE_PREFIX_PATH=${CMAKE_PREFIX_PATH}:/opt/ros/humble /usr/bin/cmake --install /home/arc/Documents/GitHub/IGVC-Robot/GazeboR1/WorkingRobot/build/robot
