[0.034s] Invoking command in '/home/arc/nav2_ws/build/nav2_velocity_smoother': AMENT_PREFIX_PATH=/home/arc/nav2_ws/install/nav2_util:/home/arc/nav2_ws/install/nav2_msgs:/home/arc/nav2_ws/install/nav2_common:${AMENT_PREFIX_PATH} CMAKE_PREFIX_PATH=/home/arc/nav2_ws/install/nav2_util:/home/arc/nav2_ws/install/nav2_msgs:/home/arc/nav2_ws/install/nav2_common:/home/arc/workspace/install:/opt/ros/humble LD_LIBRARY_PATH=/home/arc/nav2_ws/install/nav2_util/lib:/home/arc/nav2_ws/install/nav2_msgs/lib:${LD_LIBRARY_PATH} PYTHONPATH=/home/arc/nav2_ws/install/nav2_msgs/local/lib/python3.10/dist-packages:/home/arc/nav2_ws/install/nav2_common/local/lib/python3.10/dist-packages:${PYTHONPATH} /usr/bin/cmake /home/arc/nav2_ws/src/navigation2/nav2_velocity_smoother -DCMAKE_INSTALL_PREFIX=/home/arc/nav2_ws/install/nav2_velocity_smoother
[0.058s] -- Found ament_cmake: 1.3.2 (/opt/ros/humble/share/ament_cmake/cmake)
[0.404s] -- Override CMake install command with custom implementation using symlinks instead of copying resources
[0.419s] -- Found nav2_common: 1.1.2 (/home/arc/nav2_ws/install/nav2_common/share/nav2_common/cmake)
[0.420s] -- Found rclcpp: 16.0.1 (/opt/ros/humble/share/rclcpp/cmake)
[0.500s] -- Found rosidl_generator_c: 3.1.3 (/opt/ros/humble/share/rosidl_generator_c/cmake)
[0.506s] -- Found rosidl_adapter: 3.1.3 (/opt/ros/humble/share/rosidl_adapter/cmake)
[0.526s] -- Found rosidl_generator_cpp: 3.1.3 (/opt/ros/humble/share/rosidl_generator_cpp/cmake)
[0.558s] -- Using all available rosidl_typesupport_c: rosidl_typesupport_fastrtps_c;rosidl_typesupport_introspection_c
[0.593s] -- Using all available rosidl_typesupport_cpp: rosidl_typesupport_fastrtps_cpp;rosidl_typesupport_introspection_cpp
[0.744s] -- Found rmw_implementation_cmake: 6.1.0 (/opt/ros/humble/share/rmw_implementation_cmake/cmake)
[0.747s] -- Found rmw_fastrtps_cpp: 6.2.1 (/opt/ros/humble/share/rmw_fastrtps_cpp/cmake)
[1.020s] -- Using RMW implementation 'rmw_fastrtps_cpp' as default
[1.420s] -- Found rclcpp_components: 16.0.1 (/opt/ros/humble/share/rclcpp_components/cmake)
[1.575s] -- Found geometry_msgs: 4.2.2 (/opt/ros/humble/share/geometry_msgs/cmake)
[1.685s] -- Found nav2_util: 1.1.2 (/home/arc/nav2_ws/install/nav2_util/share/nav2_util/cmake)
[3.078s] -- Found eigen3_cmake_module: 0.1.1 (/opt/ros/humble/share/eigen3_cmake_module/cmake)
[3.081s] -- Ensuring Eigen3 include directory is part of orocos-kdl CMake target
[4.997s] -- Found ament_lint_auto: 0.12.4 (/opt/ros/humble/share/ament_lint_auto/cmake)
[5.149s] -- Found gtest sources under '/opt/ros/humble/src/gtest_vendor': C++ tests using 'Google Test' will be built
[5.866s] -- Added test 'cppcheck' to perform static code analysis on C / C++ code
[5.867s] -- Configured cppcheck include dirs: /home/arc/nav2_ws/src/navigation2/nav2_velocity_smoother/include
[5.867s] -- Configured cppcheck exclude dirs and/or files: 
[5.868s] -- Added test 'cpplint' to check C / C++ code against the Google style
[5.869s] -- Configured cpplint exclude dirs and/or files: 
[5.870s] -- Added test 'lint_cmake' to check CMake code style
[5.871s] -- Added test 'uncrustify' to check C / C++ code style
[5.872s] -- Configured uncrustify additional arguments: 
[5.872s] -- Added test 'xmllint' to check XML markup files
[5.878s] -- Configuring done
[6.085s] -- Generating done
[6.090s] -- Build files have been written to: /home/arc/nav2_ws/build/nav2_velocity_smoother
[6.121s] Invoked command in '/home/arc/nav2_ws/build/nav2_velocity_smoother' returned '0': AMENT_PREFIX_PATH=/home/arc/nav2_ws/install/nav2_util:/home/arc/nav2_ws/install/nav2_msgs:/home/arc/nav2_ws/install/nav2_common:${AMENT_PREFIX_PATH} CMAKE_PREFIX_PATH=/home/arc/nav2_ws/install/nav2_util:/home/arc/nav2_ws/install/nav2_msgs:/home/arc/nav2_ws/install/nav2_common:/home/arc/workspace/install:/opt/ros/humble LD_LIBRARY_PATH=/home/arc/nav2_ws/install/nav2_util/lib:/home/arc/nav2_ws/install/nav2_msgs/lib:${LD_LIBRARY_PATH} PYTHONPATH=/home/arc/nav2_ws/install/nav2_msgs/local/lib/python3.10/dist-packages:/home/arc/nav2_ws/install/nav2_common/local/lib/python3.10/dist-packages:${PYTHONPATH} /usr/bin/cmake /home/arc/nav2_ws/src/navigation2/nav2_velocity_smoother -DCMAKE_INSTALL_PREFIX=/home/arc/nav2_ws/install/nav2_velocity_smoother
[6.122s] Invoking command in '/home/arc/nav2_ws/build/nav2_velocity_smoother': AMENT_PREFIX_PATH=/home/arc/nav2_ws/install/nav2_util:/home/arc/nav2_ws/install/nav2_msgs:/home/arc/nav2_ws/install/nav2_common:${AMENT_PREFIX_PATH} CMAKE_PREFIX_PATH=/home/arc/nav2_ws/install/nav2_util:/home/arc/nav2_ws/install/nav2_msgs:/home/arc/nav2_ws/install/nav2_common:/home/arc/workspace/install:/opt/ros/humble LD_LIBRARY_PATH=/home/arc/nav2_ws/install/nav2_util/lib:/home/arc/nav2_ws/install/nav2_msgs/lib:${LD_LIBRARY_PATH} PYTHONPATH=/home/arc/nav2_ws/install/nav2_msgs/local/lib/python3.10/dist-packages:/home/arc/nav2_ws/install/nav2_common/local/lib/python3.10/dist-packages:${PYTHONPATH} /usr/bin/cmake --build /home/arc/nav2_ws/build/nav2_velocity_smoother -- -j4 -l4
[6.192s] [35m[1mConsolidate compiler generated dependencies of target gtest[0m
[6.215s] [35m[1mConsolidate compiler generated dependencies of target gtest_main[0m
[6.219s] [35m[1mConsolidate compiler generated dependencies of target velocity_smoother_core[0m
[6.239s] [ 20%] Built target gtest
[6.252s] [ 40%] Built target gtest_main
[6.266s] [ 60%] Built target velocity_smoother_core
[6.291s] [35m[1mConsolidate compiler generated dependencies of target velocity_smoother[0m
[6.318s] [35m[1mConsolidate compiler generated dependencies of target velocity_smoother_tests[0m
[6.327s] [ 80%] Built target velocity_smoother
[6.352s] [100%] Built target velocity_smoother_tests
[6.373s] Invoked command in '/home/arc/nav2_ws/build/nav2_velocity_smoother' returned '0': AMENT_PREFIX_PATH=/home/arc/nav2_ws/install/nav2_util:/home/arc/nav2_ws/install/nav2_msgs:/home/arc/nav2_ws/install/nav2_common:${AMENT_PREFIX_PATH} CMAKE_PREFIX_PATH=/home/arc/nav2_ws/install/nav2_util:/home/arc/nav2_ws/install/nav2_msgs:/home/arc/nav2_ws/install/nav2_common:/home/arc/workspace/install:/opt/ros/humble LD_LIBRARY_PATH=/home/arc/nav2_ws/install/nav2_util/lib:/home/arc/nav2_ws/install/nav2_msgs/lib:${LD_LIBRARY_PATH} PYTHONPATH=/home/arc/nav2_ws/install/nav2_msgs/local/lib/python3.10/dist-packages:/home/arc/nav2_ws/install/nav2_common/local/lib/python3.10/dist-packages:${PYTHONPATH} /usr/bin/cmake --build /home/arc/nav2_ws/build/nav2_velocity_smoother -- -j4 -l4
[6.421s] Invoking command in '/home/arc/nav2_ws/build/nav2_velocity_smoother': AMENT_PREFIX_PATH=/home/arc/nav2_ws/install/nav2_util:/home/arc/nav2_ws/install/nav2_msgs:/home/arc/nav2_ws/install/nav2_common:${AMENT_PREFIX_PATH} CMAKE_PREFIX_PATH=/home/arc/nav2_ws/install/nav2_util:/home/arc/nav2_ws/install/nav2_msgs:/home/arc/nav2_ws/install/nav2_common:/home/arc/workspace/install:/opt/ros/humble LD_LIBRARY_PATH=/home/arc/nav2_ws/install/nav2_util/lib:/home/arc/nav2_ws/install/nav2_msgs/lib:${LD_LIBRARY_PATH} PYTHONPATH=/home/arc/nav2_ws/install/nav2_msgs/local/lib/python3.10/dist-packages:/home/arc/nav2_ws/install/nav2_common/local/lib/python3.10/dist-packages:${PYTHONPATH} /usr/bin/cmake --install /home/arc/nav2_ws/build/nav2_velocity_smoother
[6.437s] -- Install configuration: "Release"
[6.438s] -- Execute custom install script
[6.439s] -- Up-to-date symlink: /home/arc/nav2_ws/install/nav2_velocity_smoother/lib/libvelocity_smoother_core.so
[6.440s] -- Up-to-date symlink: /home/arc/nav2_ws/install/nav2_velocity_smoother/lib/nav2_velocity_smoother/velocity_smoother
[6.441s] -- Up-to-date symlink: /home/arc/nav2_ws/install/nav2_velocity_smoother/include//nav2_velocity_smoother/velocity_smoother.hpp
[6.441s] -- Up-to-date symlink: /home/arc/nav2_ws/install/nav2_velocity_smoother/share/nav2_velocity_smoother/environment/library_path.sh
[6.442s] -- Up-to-date symlink: /home/arc/nav2_ws/install/nav2_velocity_smoother/share/nav2_velocity_smoother/environment/library_path.dsv
[6.443s] -- Up-to-date symlink: /home/arc/nav2_ws/install/nav2_velocity_smoother/share/ament_index/resource_index/package_run_dependencies/nav2_velocity_smoother
[6.443s] -- Up-to-date symlink: /home/arc/nav2_ws/install/nav2_velocity_smoother/share/ament_index/resource_index/parent_prefix_path/nav2_velocity_smoother
[6.445s] -- Up-to-date symlink: /home/arc/nav2_ws/install/nav2_velocity_smoother/share/nav2_velocity_smoother/environment/ament_prefix_path.sh
[6.445s] -- Up-to-date symlink: /home/arc/nav2_ws/install/nav2_velocity_smoother/share/nav2_velocity_smoother/environment/ament_prefix_path.dsv
[6.448s] -- Up-to-date symlink: /home/arc/nav2_ws/install/nav2_velocity_smoother/share/nav2_velocity_smoother/environment/path.sh
[6.448s] -- Up-to-date symlink: /home/arc/nav2_ws/install/nav2_velocity_smoother/share/nav2_velocity_smoother/environment/path.dsv
[6.449s] -- Up-to-date symlink: /home/arc/nav2_ws/install/nav2_velocity_smoother/share/nav2_velocity_smoother/local_setup.bash
[6.449s] -- Up-to-date symlink: /home/arc/nav2_ws/install/nav2_velocity_smoother/share/nav2_velocity_smoother/local_setup.sh
[6.450s] -- Up-to-date symlink: /home/arc/nav2_ws/install/nav2_velocity_smoother/share/nav2_velocity_smoother/local_setup.zsh
[6.451s] -- Up-to-date symlink: /home/arc/nav2_ws/install/nav2_velocity_smoother/share/nav2_velocity_smoother/local_setup.dsv
[6.452s] -- Symlinking: /home/arc/nav2_ws/install/nav2_velocity_smoother/share/nav2_velocity_smoother/package.dsv
[6.466s] -- Up-to-date symlink: /home/arc/nav2_ws/install/nav2_velocity_smoother/share/ament_index/resource_index/packages/nav2_velocity_smoother
[6.467s] -- Up-to-date symlink: /home/arc/nav2_ws/install/nav2_velocity_smoother/share/ament_index/resource_index/rclcpp_components/nav2_velocity_smoother
[6.467s] -- Up-to-date symlink: /home/arc/nav2_ws/install/nav2_velocity_smoother/share/nav2_velocity_smoother/cmake/ament_cmake_export_include_directories-extras.cmake
[6.467s] -- Up-to-date symlink: /home/arc/nav2_ws/install/nav2_velocity_smoother/share/nav2_velocity_smoother/cmake/ament_cmake_export_libraries-extras.cmake
[6.472s] -- Up-to-date symlink: /home/arc/nav2_ws/install/nav2_velocity_smoother/share/nav2_velocity_smoother/cmake/ament_cmake_export_dependencies-extras.cmake
[6.472s] -- Up-to-date symlink: /home/arc/nav2_ws/install/nav2_velocity_smoother/share/nav2_velocity_smoother/cmake/nav2_velocity_smootherConfig.cmake
[6.472s] -- Up-to-date symlink: /home/arc/nav2_ws/install/nav2_velocity_smoother/share/nav2_velocity_smoother/cmake/nav2_velocity_smootherConfig-version.cmake
[6.472s] -- Up-to-date symlink: /home/arc/nav2_ws/install/nav2_velocity_smoother/share/nav2_velocity_smoother/package.xml
[6.493s] Invoked command in '/home/arc/nav2_ws/build/nav2_velocity_smoother' returned '0': AMENT_PREFIX_PATH=/home/arc/nav2_ws/install/nav2_util:/home/arc/nav2_ws/install/nav2_msgs:/home/arc/nav2_ws/install/nav2_common:${AMENT_PREFIX_PATH} CMAKE_PREFIX_PATH=/home/arc/nav2_ws/install/nav2_util:/home/arc/nav2_ws/install/nav2_msgs:/home/arc/nav2_ws/install/nav2_common:/home/arc/workspace/install:/opt/ros/humble LD_LIBRARY_PATH=/home/arc/nav2_ws/install/nav2_util/lib:/home/arc/nav2_ws/install/nav2_msgs/lib:${LD_LIBRARY_PATH} PYTHONPATH=/home/arc/nav2_ws/install/nav2_msgs/local/lib/python3.10/dist-packages:/home/arc/nav2_ws/install/nav2_common/local/lib/python3.10/dist-packages:${PYTHONPATH} /usr/bin/cmake --install /home/arc/nav2_ws/build/nav2_velocity_smoother
