-- The C compiler identification is GNU 11.2.0
-- The CXX compiler identification is GNU 11.2.0
-- Detecting C compiler ABI info
-- Detecting C compiler ABI info - done
-- Check for working C compiler: /usr/bin/cc - skipped
-- Detecting C compile features
-- Detecting C compile features - done
-- Detecting CXX compiler ABI info
-- Detecting CXX compiler ABI info - done
-- Check for working CXX compiler: /usr/bin/c++ - skipped
-- Detecting CXX compile features
-- Detecting CXX compile features - done
-- Found ament_cmake: 1.3.2 (/opt/ros/humble/share/ament_cmake/cmake)
-- Found Python3: /usr/bin/python3.10 (found version "3.10.6") found components: Interpreter 
-- Override CMake install command with custom implementation using symlinks instead of copying resources
-- Found geometry_msgs: 4.2.2 (/opt/ros/humble/share/geometry_msgs/cmake)
-- Found rosidl_generator_c: 3.1.3 (/opt/ros/humble/share/rosidl_generator_c/cmake)
-- Found rosidl_adapter: 3.1.3 (/opt/ros/humble/share/rosidl_adapter/cmake)
-- Found rosidl_generator_cpp: 3.1.3 (/opt/ros/humble/share/rosidl_generator_cpp/cmake)
-- Using all available rosidl_typesupport_c: rosidl_typesupport_fastrtps_c;rosidl_typesupport_introspection_c
-- Using all available rosidl_typesupport_cpp: rosidl_typesupport_fastrtps_cpp;rosidl_typesupport_introspection_cpp
-- Found laser_geometry: 2.4.0 (/opt/ros/humble/share/laser_geometry/cmake)
-- Found rmw_implementation_cmake: 6.1.0 (/opt/ros/humble/share/rmw_implementation_cmake/cmake)
-- Found rmw_fastrtps_cpp: 6.2.1 (/opt/ros/humble/share/rmw_fastrtps_cpp/cmake)
-- Found OpenSSL: /usr/lib/x86_64-linux-gnu/libcrypto.so (found version "3.0.2")  
-- Found FastRTPS: /opt/ros/humble/include  
-- Using RMW implementation 'rmw_fastrtps_cpp' as default
-- Found map_msgs: 2.1.0 (/opt/ros/humble/share/map_msgs/cmake)
-- Found message_filters: 4.3.2 (/opt/ros/humble/share/message_filters/cmake)
-- Found nav2_common: 1.1.2 (/home/arc/nav2_ws/install/nav2_common/share/nav2_common/cmake)
-- Found nav2_msgs: 1.1.2 (/home/arc/nav2_ws/install/nav2_msgs/share/nav2_msgs/cmake)
-- Found nav2_util: 1.1.2 (/home/arc/nav2_ws/install/nav2_util/share/nav2_util/cmake)
-- Found Eigen3: TRUE (found version "3.4.0") 
-- Ensuring Eigen3 include directory is part of orocos-kdl CMake target
-- Found nav2_voxel_grid: 1.1.2 (/home/arc/nav2_ws/install/nav2_voxel_grid/share/nav2_voxel_grid/cmake)
-- Found pluginlib: 5.1.0 (/opt/ros/humble/share/pluginlib/cmake)
-- Found tf2_sensor_msgs: 0.25.1 (/opt/ros/humble/share/tf2_sensor_msgs/cmake)
-- Found visualization_msgs: 4.2.2 (/opt/ros/humble/share/visualization_msgs/cmake)
-- Found angles: 1.15.0 (/opt/ros/humble/share/angles/cmake)
-- Setting build type to Release as none was specified.
-- Found ament_lint_auto: 0.12.4 (/opt/ros/humble/share/ament_lint_auto/cmake)
-- Found gtest sources under '/opt/ros/humble/src/gtest_vendor': C++ tests using 'Google Test' will be built
-- Looking for pthread.h
-- Looking for pthread.h - found
-- Performing Test CMAKE_HAVE_LIBC_PTHREAD
-- Performing Test CMAKE_HAVE_LIBC_PTHREAD - Success
-- Found Threads: TRUE  
-- Found gtest sources under '/opt/ros/humble/src/gtest_vendor': C++ tests using 'Google Test' will be built
-- Found gtest sources under '/opt/ros/humble/src/gtest_vendor': C++ tests using 'Google Test' will be built
-- Added test 'cppcheck' to perform static code analysis on C / C++ code
-- Configured cppcheck include dirs: /home/arc/nav2_ws/src/navigation2/nav2_costmap_2d/include
-- Configured cppcheck exclude dirs and/or files: 
-- Added test 'flake8' to check Python code syntax and style conventions
-- Added test 'lint_cmake' to check CMake code style
-- Added test 'pep257' to check Python code against some of the docstring style conventions in PEP 257
-- Added test 'uncrustify' to check C / C++ code style
-- Configured uncrustify additional arguments: 
-- Added test 'xmllint' to check XML markup files
-- Configuring done
-- Generating done
-- Build files have been written to: /home/arc/nav2_ws/build/nav2_costmap_2d
[  1%] [32mBuilding CXX object CMakeFiles/nav2_costmap_2d_core.dir/src/array_parser.cpp.o[0m
[  3%] [32mBuilding CXX object CMakeFiles/nav2_costmap_2d_core.dir/src/costmap_2d.cpp.o[0m
[  4%] [32mBuilding CXX object CMakeFiles/nav2_costmap_2d_core.dir/src/layer.cpp.o[0m
[  6%] [32mBuilding CXX object CMakeFiles/nav2_costmap_2d_core.dir/src/layered_costmap.cpp.o[0m
[  7%] [32mBuilding CXX object CMakeFiles/nav2_costmap_2d_core.dir/src/costmap_2d_ros.cpp.o[0m
[  9%] [32mBuilding CXX object CMakeFiles/nav2_costmap_2d_core.dir/src/costmap_2d_publisher.cpp.o[0m
[ 10%] [32mBuilding CXX object CMakeFiles/nav2_costmap_2d_core.dir/src/costmap_math.cpp.o[0m
[ 12%] [32mBuilding CXX object CMakeFiles/nav2_costmap_2d_core.dir/src/footprint.cpp.o[0m
[ 13%] [32mBuilding CXX object CMakeFiles/nav2_costmap_2d_core.dir/src/costmap_layer.cpp.o[0m
[ 15%] [32mBuilding CXX object CMakeFiles/nav2_costmap_2d_core.dir/src/observation_buffer.cpp.o[0m
[ 16%] [32mBuilding CXX object CMakeFiles/nav2_costmap_2d_core.dir/src/clear_costmap_service.cpp.o[0m
[ 18%] [32mBuilding CXX object CMakeFiles/nav2_costmap_2d_core.dir/src/footprint_collision_checker.cpp.o[0m
[ 19%] [32mBuilding CXX object CMakeFiles/nav2_costmap_2d_core.dir/plugins/costmap_filters/costmap_filter.cpp.o[0m
[ 21%] [32m[1mLinking CXX shared library libnav2_costmap_2d_core.so[0m
[ 21%] Built target nav2_costmap_2d_core
[ 22%] [32mBuilding CXX object gtest/CMakeFiles/gtest.dir/src/gtest-all.cc.o[0m
[ 24%] [32mBuilding CXX object CMakeFiles/filters.dir/plugins/costmap_filters/keepout_filter.cpp.o[0m
[ 25%] [32mBuilding CXX object CMakeFiles/layers.dir/plugins/inflation_layer.cpp.o[0m
[ 27%] [32mBuilding CXX object gtest/CMakeFiles/gtest_main.dir/src/gtest_main.cc.o[0m
[ 28%] [32m[1mLinking CXX static library libgtest.a[0m
[ 28%] Built target gtest
[ 30%] [32mBuilding CXX object CMakeFiles/filters.dir/plugins/costmap_filters/speed_filter.cpp.o[0m
[ 31%] [32m[1mLinking CXX static library libgtest_main.a[0m
[ 31%] Built target gtest_main
[ 33%] [32mBuilding CXX object CMakeFiles/layers.dir/plugins/static_layer.cpp.o[0m
[ 34%] [32m[1mLinking CXX shared library libfilters.so[0m
[ 34%] Built target filters
[ 36%] [32mBuilding CXX object CMakeFiles/layers.dir/plugins/obstacle_layer.cpp.o[0m
[ 37%] [32mBuilding CXX object CMakeFiles/nav2_costmap_2d_cloud.dir/src/costmap_2d_cloud.cpp.o[0m
[ 39%] [32mBuilding CXX object CMakeFiles/nav2_costmap_2d_markers.dir/src/costmap_2d_markers.cpp.o[0m
[ 40%] [32mBuilding CXX object CMakeFiles/nav2_costmap_2d_client.dir/src/footprint_subscriber.cpp.o[0m
[ 42%] [32mBuilding CXX object CMakeFiles/layers.dir/src/observation_buffer.cpp.o[0m
[ 43%] [32m[1mLinking CXX executable nav2_costmap_2d_markers[0m
[ 43%] Built target nav2_costmap_2d_markers
[ 45%] [32m[1mLinking CXX executable nav2_costmap_2d_cloud[0m
[ 45%] Built target nav2_costmap_2d_cloud
[ 46%] [32mBuilding CXX object CMakeFiles/nav2_costmap_2d_client.dir/src/costmap_subscriber.cpp.o[0m
[ 48%] [32mBuilding CXX object CMakeFiles/layers.dir/plugins/voxel_layer.cpp.o[0m
[ 50%] [32mBuilding CXX object CMakeFiles/nav2_costmap_2d_client.dir/src/costmap_topic_collision_checker.cpp.o[0m
[ 51%] [32mBuilding CXX object CMakeFiles/layers.dir/plugins/range_sensor_layer.cpp.o[0m
[ 53%] [32m[1mLinking CXX shared library libnav2_costmap_2d_client.so[0m
[ 53%] Built target nav2_costmap_2d_client
[ 54%] [32m[1mLinking CXX shared library liblayers.so[0m
[ 54%] Built target layers
[ 56%] [32mBuilding CXX object test/unit/CMakeFiles/costmap_convesion_test.dir/costmap_conversion_test.cpp.o[0m
[ 57%] [32m[1mLinking CXX executable costmap_convesion_test[0m
[ 57%] Built target costmap_convesion_test
[ 59%] [32mBuilding CXX object test/unit/CMakeFiles/declare_parameter_test.dir/declare_parameter_test.cpp.o[0m
[ 60%] [32m[1mLinking CXX executable declare_parameter_test[0m
[ 60%] Built target declare_parameter_test
[ 62%] [32mBuilding CXX object test/unit/CMakeFiles/keepout_filter_test.dir/keepout_filter_test.cpp.o[0m
[ 63%] [32mBuilding CXX object test/unit/CMakeFiles/speed_filter_test.dir/speed_filter_test.cpp.o[0m
[ 65%] [32mBuilding CXX object test/unit/CMakeFiles/collision_footprint_test.dir/footprint_collision_checker_test.cpp.o[0m
[ 66%] [32m[1mLinking CXX executable collision_footprint_test[0m
[ 66%] Built target collision_footprint_test
[ 68%] [32m[1mLinking CXX executable keepout_filter_test[0m
[ 68%] Built target keepout_filter_test
[ 69%] [32m[1mLinking CXX executable speed_filter_test[0m
[ 69%] Built target speed_filter_test
[ 71%] [32mBuilding CXX object test/integration/CMakeFiles/footprint_tests_exec.dir/footprint_tests.cpp.o[0m
[ 72%] [32m[1mLinking CXX executable footprint_tests_exec[0m
[ 72%] Built target footprint_tests_exec
[ 74%] [32mBuilding CXX object test/integration/CMakeFiles/test_collision_checker_exec.dir/test_costmap_topic_collision_checker.cpp.o[0m
[ 75%] [32mBuilding CXX object test/integration/CMakeFiles/inflation_tests_exec.dir/inflation_tests.cpp.o[0m
[ 77%] [32mBuilding CXX object test/unit/CMakeFiles/copy_window_test.dir/copy_window_test.cpp.o[0m
[ 78%] [32mBuilding CXX object test/unit/CMakeFiles/array_parser_test.dir/array_parser_test.cpp.o[0m
[ 80%] [32m[1mLinking CXX executable array_parser_test[0m
[ 80%] Built target array_parser_test
[ 81%] [32m[1mLinking CXX executable copy_window_test[0m
[ 81%] Built target copy_window_test
[ 83%] [32m[1mLinking CXX executable test_collision_checker_exec[0m
[ 83%] Built target test_collision_checker_exec
[ 84%] [32m[1mLinking CXX executable inflation_tests_exec[0m
[ 84%] Built target inflation_tests_exec
[ 86%] [32mBuilding CXX object test/integration/CMakeFiles/dyn_params_tests.dir/dyn_params_tests.cpp.o[0m
[ 87%] [32m[1mLinking CXX executable dyn_params_tests[0m
[ 87%] Built target dyn_params_tests
[ 89%] [32mBuilding CXX object test/regression/CMakeFiles/costmap_bresenham_2d.dir/costmap_bresenham_2d.cpp.o[0m
[ 90%] [32m[1mLinking CXX executable costmap_bresenham_2d[0m
[ 90%] Built target costmap_bresenham_2d
[ 92%] [32mBuilding CXX object CMakeFiles/nav2_costmap_2d.dir/src/costmap_2d_node.cpp.o[0m
[ 93%] [32m[1mLinking CXX executable nav2_costmap_2d[0m
[ 93%] Built target nav2_costmap_2d
[ 95%] [32mBuilding CXX object test/integration/CMakeFiles/range_tests_exec.dir/range_tests.cpp.o[0m
[ 96%] [32m[1mLinking CXX executable range_tests_exec[0m
[ 96%] Built target range_tests_exec
[ 98%] [32mBuilding CXX object test/integration/CMakeFiles/obstacle_tests_exec.dir/obstacle_tests.cpp.o[0m
[100%] [32m[1mLinking CXX executable obstacle_tests_exec[0m
[100%] Built target obstacle_tests_exec
-- Install configuration: "Release"
-- Execute custom install script
-- Symlinking: /home/arc/nav2_ws/install/nav2_costmap_2d/lib/libnav2_costmap_2d_core.so
-- Symlinking: /home/arc/nav2_ws/install/nav2_costmap_2d/lib/liblayers.so
-- Symlinking: /home/arc/nav2_ws/install/nav2_costmap_2d/lib/libfilters.so
-- Symlinking: /home/arc/nav2_ws/install/nav2_costmap_2d/lib/libnav2_costmap_2d_client.so
-- Symlinking: /home/arc/nav2_ws/install/nav2_costmap_2d/lib/nav2_costmap_2d/nav2_costmap_2d
-- Symlinking: /home/arc/nav2_ws/install/nav2_costmap_2d/lib/nav2_costmap_2d/nav2_costmap_2d_markers
-- Symlinking: /home/arc/nav2_ws/install/nav2_costmap_2d/lib/nav2_costmap_2d/nav2_costmap_2d_cloud
-- Symlinking: /home/arc/nav2_ws/install/nav2_costmap_2d/share/nav2_costmap_2d/costmap_plugins.xml
-- Symlinking: /home/arc/nav2_ws/install/nav2_costmap_2d/include//nav2_costmap_2d/array_parser.hpp
-- Symlinking: /home/arc/nav2_ws/install/nav2_costmap_2d/include//nav2_costmap_2d/clear_costmap_service.hpp
-- Symlinking: /home/arc/nav2_ws/install/nav2_costmap_2d/include//nav2_costmap_2d/cost_values.hpp
-- Symlinking: /home/arc/nav2_ws/install/nav2_costmap_2d/include//nav2_costmap_2d/costmap_2d.hpp
-- Symlinking: /home/arc/nav2_ws/install/nav2_costmap_2d/include//nav2_costmap_2d/costmap_2d_publisher.hpp
-- Symlinking: /home/arc/nav2_ws/install/nav2_costmap_2d/include//nav2_costmap_2d/costmap_2d_ros.hpp
-- Symlinking: /home/arc/nav2_ws/install/nav2_costmap_2d/include//nav2_costmap_2d/costmap_filters/costmap_filter.hpp
-- Symlinking: /home/arc/nav2_ws/install/nav2_costmap_2d/include//nav2_costmap_2d/costmap_filters/filter_values.hpp
-- Symlinking: /home/arc/nav2_ws/install/nav2_costmap_2d/include//nav2_costmap_2d/costmap_filters/keepout_filter.hpp
-- Symlinking: /home/arc/nav2_ws/install/nav2_costmap_2d/include//nav2_costmap_2d/costmap_filters/speed_filter.hpp
-- Symlinking: /home/arc/nav2_ws/install/nav2_costmap_2d/include//nav2_costmap_2d/costmap_layer.hpp
-- Symlinking: /home/arc/nav2_ws/install/nav2_costmap_2d/include//nav2_costmap_2d/costmap_math.hpp
-- Symlinking: /home/arc/nav2_ws/install/nav2_costmap_2d/include//nav2_costmap_2d/costmap_subscriber.hpp
-- Symlinking: /home/arc/nav2_ws/install/nav2_costmap_2d/include//nav2_costmap_2d/costmap_topic_collision_checker.hpp
-- Symlinking: /home/arc/nav2_ws/install/nav2_costmap_2d/include//nav2_costmap_2d/exceptions.hpp
-- Symlinking: /home/arc/nav2_ws/install/nav2_costmap_2d/include//nav2_costmap_2d/footprint.hpp
-- Symlinking: /home/arc/nav2_ws/install/nav2_costmap_2d/include//nav2_costmap_2d/footprint_collision_checker.hpp
-- Symlinking: /home/arc/nav2_ws/install/nav2_costmap_2d/include//nav2_costmap_2d/footprint_subscriber.hpp
-- Symlinking: /home/arc/nav2_ws/install/nav2_costmap_2d/include//nav2_costmap_2d/inflation_layer.hpp
-- Symlinking: /home/arc/nav2_ws/install/nav2_costmap_2d/include//nav2_costmap_2d/layer.hpp
-- Symlinking: /home/arc/nav2_ws/install/nav2_costmap_2d/include//nav2_costmap_2d/layered_costmap.hpp
-- Symlinking: /home/arc/nav2_ws/install/nav2_costmap_2d/include//nav2_costmap_2d/observation.hpp
-- Symlinking: /home/arc/nav2_ws/install/nav2_costmap_2d/include//nav2_costmap_2d/observation_buffer.hpp
-- Symlinking: /home/arc/nav2_ws/install/nav2_costmap_2d/include//nav2_costmap_2d/obstacle_layer.hpp
-- Symlinking: /home/arc/nav2_ws/install/nav2_costmap_2d/include//nav2_costmap_2d/range_sensor_layer.hpp
-- Symlinking: /home/arc/nav2_ws/install/nav2_costmap_2d/include//nav2_costmap_2d/static_layer.hpp
-- Symlinking: /home/arc/nav2_ws/install/nav2_costmap_2d/include//nav2_costmap_2d/voxel_layer.hpp
-- Symlinking: /home/arc/nav2_ws/install/nav2_costmap_2d/share/nav2_costmap_2d/environment/library_path.sh
-- Symlinking: /home/arc/nav2_ws/install/nav2_costmap_2d/share/nav2_costmap_2d/environment/library_path.dsv
-- Up-to-date symlink: /home/arc/nav2_ws/install/nav2_costmap_2d/share/nav2_costmap_2d//costmap_plugins.xml
-- Symlinking: /home/arc/nav2_ws/install/nav2_costmap_2d/share/ament_index/resource_index/package_run_dependencies/nav2_costmap_2d
-- Symlinking: /home/arc/nav2_ws/install/nav2_costmap_2d/share/ament_index/resource_index/parent_prefix_path/nav2_costmap_2d
-- Symlinking: /home/arc/nav2_ws/install/nav2_costmap_2d/share/nav2_costmap_2d/environment/ament_prefix_path.sh
-- Symlinking: /home/arc/nav2_ws/install/nav2_costmap_2d/share/nav2_costmap_2d/environment/ament_prefix_path.dsv
-- Symlinking: /home/arc/nav2_ws/install/nav2_costmap_2d/share/nav2_costmap_2d/environment/path.sh
-- Symlinking: /home/arc/nav2_ws/install/nav2_costmap_2d/share/nav2_costmap_2d/environment/path.dsv
-- Symlinking: /home/arc/nav2_ws/install/nav2_costmap_2d/share/nav2_costmap_2d/local_setup.bash
-- Symlinking: /home/arc/nav2_ws/install/nav2_costmap_2d/share/nav2_costmap_2d/local_setup.sh
-- Symlinking: /home/arc/nav2_ws/install/nav2_costmap_2d/share/nav2_costmap_2d/local_setup.zsh
-- Symlinking: /home/arc/nav2_ws/install/nav2_costmap_2d/share/nav2_costmap_2d/local_setup.dsv
-- Symlinking: /home/arc/nav2_ws/install/nav2_costmap_2d/share/nav2_costmap_2d/package.dsv
-- Symlinking: /home/arc/nav2_ws/install/nav2_costmap_2d/share/ament_index/resource_index/packages/nav2_costmap_2d
-- Symlinking: /home/arc/nav2_ws/install/nav2_costmap_2d/share/ament_index/resource_index/nav2_costmap_2d__pluginlib__plugin/nav2_costmap_2d
-- Symlinking: /home/arc/nav2_ws/install/nav2_costmap_2d/share/nav2_costmap_2d/cmake/ament_cmake_export_include_directories-extras.cmake
-- Symlinking: /home/arc/nav2_ws/install/nav2_costmap_2d/share/nav2_costmap_2d/cmake/ament_cmake_export_libraries-extras.cmake
-- Symlinking: /home/arc/nav2_ws/install/nav2_costmap_2d/share/nav2_costmap_2d/cmake/ament_cmake_export_dependencies-extras.cmake
-- Symlinking: /home/arc/nav2_ws/install/nav2_costmap_2d/share/nav2_costmap_2d/cmake/nav2_costmap_2dConfig.cmake
-- Symlinking: /home/arc/nav2_ws/install/nav2_costmap_2d/share/nav2_costmap_2d/cmake/nav2_costmap_2dConfig-version.cmake
-- Symlinking: /home/arc/nav2_ws/install/nav2_costmap_2d/share/nav2_costmap_2d/package.xml
