[0.021s] Invoking command in '/home/arc/nav2_ws/build/nav2_costmap_2d': AMENT_PREFIX_PATH=/home/arc/nav2_ws/install/nav2_map_server:/home/arc/nav2_ws/install/nav2_lifecycle_manager:/home/arc/nav2_ws/install/nav2_util:/home/arc/nav2_ws/install/nav2_voxel_grid:/home/arc/nav2_ws/install/nav2_msgs:/home/arc/nav2_ws/install/nav2_common:${AMENT_PREFIX_PATH} CMAKE_PREFIX_PATH=/home/arc/nav2_ws/install/nav2_map_server:/home/arc/nav2_ws/install/nav2_lifecycle_manager:/home/arc/nav2_ws/install/nav2_util:/home/arc/nav2_ws/install/nav2_voxel_grid:/home/arc/nav2_ws/install/nav2_msgs:/home/arc/nav2_ws/install/nav2_common:/home/arc/workspace/install:/opt/ros/humble LD_LIBRARY_PATH=/home/arc/nav2_ws/install/nav2_map_server/lib:/home/arc/nav2_ws/install/nav2_lifecycle_manager/lib:/home/arc/nav2_ws/install/nav2_util/lib:/home/arc/nav2_ws/install/nav2_voxel_grid/lib:/home/arc/nav2_ws/install/nav2_msgs/lib:${LD_LIBRARY_PATH} PYTHONPATH=/home/arc/nav2_ws/install/nav2_msgs/local/lib/python3.10/dist-packages:/home/arc/nav2_ws/install/nav2_common/local/lib/python3.10/dist-packages:${PYTHONPATH} /usr/bin/cmake /home/arc/nav2_ws/src/navigation2/nav2_costmap_2d -DAMENT_CMAKE_SYMLINK_INSTALL=1 -DCMAKE_INSTALL_PREFIX=/home/arc/nav2_ws/install/nav2_costmap_2d
[0.119s] -- The C compiler identification is GNU 11.2.0
[0.196s] -- The CXX compiler identification is GNU 11.2.0
[0.205s] -- Detecting C compiler ABI info
[0.289s] -- Detecting C compiler ABI info - done
[0.303s] -- Check for working C compiler: /usr/bin/cc - skipped
[0.303s] -- Detecting C compile features
[0.304s] -- Detecting C compile features - done
[0.308s] -- Detecting CXX compiler ABI info
[0.411s] -- Detecting CXX compiler ABI info - done
[0.423s] -- Check for working CXX compiler: /usr/bin/c++ - skipped
[0.423s] -- Detecting CXX compile features
[0.424s] -- Detecting CXX compile features - done
[0.428s] -- Found ament_cmake: 1.3.2 (/opt/ros/humble/share/ament_cmake/cmake)
[1.449s] -- Found Python3: /usr/bin/python3.10 (found version "3.10.6") found components: Interpreter 
[1.538s] -- Override CMake install command with custom implementation using symlinks instead of copying resources
[1.580s] -- Found geometry_msgs: 4.2.2 (/opt/ros/humble/share/geometry_msgs/cmake)
[1.658s] -- Found rosidl_generator_c: 3.1.3 (/opt/ros/humble/share/rosidl_generator_c/cmake)
[1.666s] -- Found rosidl_adapter: 3.1.3 (/opt/ros/humble/share/rosidl_adapter/cmake)
[1.679s] -- Found rosidl_generator_cpp: 3.1.3 (/opt/ros/humble/share/rosidl_generator_cpp/cmake)
[1.702s] -- Using all available rosidl_typesupport_c: rosidl_typesupport_fastrtps_c;rosidl_typesupport_introspection_c
[1.733s] -- Using all available rosidl_typesupport_cpp: rosidl_typesupport_fastrtps_cpp;rosidl_typesupport_introspection_cpp
[1.914s] -- Found laser_geometry: 2.4.0 (/opt/ros/humble/share/laser_geometry/cmake)
[2.022s] -- Found rmw_implementation_cmake: 6.1.0 (/opt/ros/humble/share/rmw_implementation_cmake/cmake)
[2.028s] -- Found rmw_fastrtps_cpp: 6.2.1 (/opt/ros/humble/share/rmw_fastrtps_cpp/cmake)
[2.160s] -- Found OpenSSL: /usr/lib/x86_64-linux-gnu/libcrypto.so (found version "3.0.2")  
[2.198s] -- Found FastRTPS: /opt/ros/humble/include  
[2.263s] -- Using RMW implementation 'rmw_fastrtps_cpp' as default
[2.632s] -- Found map_msgs: 2.1.0 (/opt/ros/humble/share/map_msgs/cmake)
[2.997s] -- Found message_filters: 4.3.2 (/opt/ros/humble/share/message_filters/cmake)
[3.011s] -- Found nav2_common: 1.1.2 (/home/arc/nav2_ws/install/nav2_common/share/nav2_common/cmake)
[3.012s] -- Found nav2_msgs: 1.1.2 (/home/arc/nav2_ws/install/nav2_msgs/share/nav2_msgs/cmake)
[3.329s] -- Found nav2_util: 1.1.2 (/home/arc/nav2_ws/install/nav2_util/share/nav2_util/cmake)
[3.802s] -- Found Eigen3: TRUE (found version "3.4.0") 
[3.802s] -- Ensuring Eigen3 include directory is part of orocos-kdl CMake target
[4.094s] -- Found nav2_voxel_grid: 1.1.2 (/home/arc/nav2_ws/install/nav2_voxel_grid/share/nav2_voxel_grid/cmake)
[4.101s] -- Found pluginlib: 5.1.0 (/opt/ros/humble/share/pluginlib/cmake)
[4.177s] -- Found tf2_sensor_msgs: 0.25.1 (/opt/ros/humble/share/tf2_sensor_msgs/cmake)
[4.209s] -- Found visualization_msgs: 4.2.2 (/opt/ros/humble/share/visualization_msgs/cmake)
[4.433s] -- Found angles: 1.15.0 (/opt/ros/humble/share/angles/cmake)
[4.437s] -- Setting build type to Release as none was specified.
[11.985s] -- Found ament_lint_auto: 0.12.4 (/opt/ros/humble/share/ament_lint_auto/cmake)
[18.176s] -- Found gtest sources under '/opt/ros/humble/src/gtest_vendor': C++ tests using 'Google Test' will be built
[18.194s] -- Looking for pthread.h
[18.666s] -- Looking for pthread.h - found
[18.666s] -- Performing Test CMAKE_HAVE_LIBC_PTHREAD
[19.097s] -- Performing Test CMAKE_HAVE_LIBC_PTHREAD - Success
[19.099s] -- Found Threads: TRUE  
[19.131s] -- Found gtest sources under '/opt/ros/humble/src/gtest_vendor': C++ tests using 'Google Test' will be built
[27.745s] -- Found gtest sources under '/opt/ros/humble/src/gtest_vendor': C++ tests using 'Google Test' will be built
[27.773s] -- Added test 'cppcheck' to perform static code analysis on C / C++ code
[27.781s] -- Configured cppcheck include dirs: /home/arc/nav2_ws/src/navigation2/nav2_costmap_2d/include
[27.782s] -- Configured cppcheck exclude dirs and/or files: 
[27.785s] -- Added test 'flake8' to check Python code syntax and style conventions
[27.788s] -- Added test 'lint_cmake' to check CMake code style
[27.791s] -- Added test 'pep257' to check Python code against some of the docstring style conventions in PEP 257
[27.803s] -- Added test 'uncrustify' to check C / C++ code style
[27.803s] -- Configured uncrustify additional arguments: 
[27.806s] -- Added test 'xmllint' to check XML markup files
[27.819s] -- Configuring done
[29.310s] -- Generating done
[29.320s] -- Build files have been written to: /home/arc/nav2_ws/build/nav2_costmap_2d
[29.368s] Invoked command in '/home/arc/nav2_ws/build/nav2_costmap_2d' returned '0': AMENT_PREFIX_PATH=/home/arc/nav2_ws/install/nav2_map_server:/home/arc/nav2_ws/install/nav2_lifecycle_manager:/home/arc/nav2_ws/install/nav2_util:/home/arc/nav2_ws/install/nav2_voxel_grid:/home/arc/nav2_ws/install/nav2_msgs:/home/arc/nav2_ws/install/nav2_common:${AMENT_PREFIX_PATH} CMAKE_PREFIX_PATH=/home/arc/nav2_ws/install/nav2_map_server:/home/arc/nav2_ws/install/nav2_lifecycle_manager:/home/arc/nav2_ws/install/nav2_util:/home/arc/nav2_ws/install/nav2_voxel_grid:/home/arc/nav2_ws/install/nav2_msgs:/home/arc/nav2_ws/install/nav2_common:/home/arc/workspace/install:/opt/ros/humble LD_LIBRARY_PATH=/home/arc/nav2_ws/install/nav2_map_server/lib:/home/arc/nav2_ws/install/nav2_lifecycle_manager/lib:/home/arc/nav2_ws/install/nav2_util/lib:/home/arc/nav2_ws/install/nav2_voxel_grid/lib:/home/arc/nav2_ws/install/nav2_msgs/lib:${LD_LIBRARY_PATH} PYTHONPATH=/home/arc/nav2_ws/install/nav2_msgs/local/lib/python3.10/dist-packages:/home/arc/nav2_ws/install/nav2_common/local/lib/python3.10/dist-packages:${PYTHONPATH} /usr/bin/cmake /home/arc/nav2_ws/src/navigation2/nav2_costmap_2d -DAMENT_CMAKE_SYMLINK_INSTALL=1 -DCMAKE_INSTALL_PREFIX=/home/arc/nav2_ws/install/nav2_costmap_2d
[29.369s] Invoking command in '/home/arc/nav2_ws/build/nav2_costmap_2d': AMENT_PREFIX_PATH=/home/arc/nav2_ws/install/nav2_map_server:/home/arc/nav2_ws/install/nav2_lifecycle_manager:/home/arc/nav2_ws/install/nav2_util:/home/arc/nav2_ws/install/nav2_voxel_grid:/home/arc/nav2_ws/install/nav2_msgs:/home/arc/nav2_ws/install/nav2_common:${AMENT_PREFIX_PATH} CMAKE_PREFIX_PATH=/home/arc/nav2_ws/install/nav2_map_server:/home/arc/nav2_ws/install/nav2_lifecycle_manager:/home/arc/nav2_ws/install/nav2_util:/home/arc/nav2_ws/install/nav2_voxel_grid:/home/arc/nav2_ws/install/nav2_msgs:/home/arc/nav2_ws/install/nav2_common:/home/arc/workspace/install:/opt/ros/humble LD_LIBRARY_PATH=/home/arc/nav2_ws/install/nav2_map_server/lib:/home/arc/nav2_ws/install/nav2_lifecycle_manager/lib:/home/arc/nav2_ws/install/nav2_util/lib:/home/arc/nav2_ws/install/nav2_voxel_grid/lib:/home/arc/nav2_ws/install/nav2_msgs/lib:${LD_LIBRARY_PATH} PYTHONPATH=/home/arc/nav2_ws/install/nav2_msgs/local/lib/python3.10/dist-packages:/home/arc/nav2_ws/install/nav2_common/local/lib/python3.10/dist-packages:${PYTHONPATH} /usr/bin/cmake --build /home/arc/nav2_ws/build/nav2_costmap_2d -- -j4 -l4
[29.480s] [  1%] [32mBuilding CXX object CMakeFiles/nav2_costmap_2d_core.dir/src/array_parser.cpp.o[0m
[30.722s] [  3%] [32mBuilding CXX object CMakeFiles/nav2_costmap_2d_core.dir/src/costmap_2d.cpp.o[0m
[32.626s] [  4%] [32mBuilding CXX object CMakeFiles/nav2_costmap_2d_core.dir/src/layer.cpp.o[0m
[38.119s] [  6%] [32mBuilding CXX object CMakeFiles/nav2_costmap_2d_core.dir/src/layered_costmap.cpp.o[0m
[43.341s] [  7%] [32mBuilding CXX object CMakeFiles/nav2_costmap_2d_core.dir/src/costmap_2d_ros.cpp.o[0m
[65.381s] [  9%] [32mBuilding CXX object CMakeFiles/nav2_costmap_2d_core.dir/src/costmap_2d_publisher.cpp.o[0m
[91.017s] [ 10%] [32mBuilding CXX object CMakeFiles/nav2_costmap_2d_core.dir/src/costmap_math.cpp.o[0m
[92.354s] [ 12%] [32mBuilding CXX object CMakeFiles/nav2_costmap_2d_core.dir/src/footprint.cpp.o[0m
[97.272s] [ 13%] [32mBuilding CXX object CMakeFiles/nav2_costmap_2d_core.dir/src/costmap_layer.cpp.o[0m
[102.809s] [ 15%] [32mBuilding CXX object CMakeFiles/nav2_costmap_2d_core.dir/src/observation_buffer.cpp.o[0m
[112.051s] [ 16%] [32mBuilding CXX object CMakeFiles/nav2_costmap_2d_core.dir/src/clear_costmap_service.cpp.o[0m
[116.070s] [ 18%] [32mBuilding CXX object CMakeFiles/nav2_costmap_2d_core.dir/src/footprint_collision_checker.cpp.o[0m
[128.504s] [ 19%] [32mBuilding CXX object CMakeFiles/nav2_costmap_2d_core.dir/plugins/costmap_filters/costmap_filter.cpp.o[0m
[136.060s] [ 21%] [32m[1mLinking CXX shared library libnav2_costmap_2d_core.so[0m
[136.580s] [ 21%] Built target nav2_costmap_2d_core
[136.603s] [ 22%] [32mBuilding CXX object gtest/CMakeFiles/gtest.dir/src/gtest-all.cc.o[0m
[145.639s] [ 24%] [32mBuilding CXX object CMakeFiles/filters.dir/plugins/costmap_filters/keepout_filter.cpp.o[0m
[146.746s] [ 25%] [32mBuilding CXX object CMakeFiles/layers.dir/plugins/inflation_layer.cpp.o[0m
[147.814s] [ 27%] [32mBuilding CXX object gtest/CMakeFiles/gtest_main.dir/src/gtest_main.cc.o[0m
[148.997s] [ 28%] [32m[1mLinking CXX static library libgtest.a[0m
[149.185s] [ 28%] Built target gtest
[149.231s] [ 30%] [32mBuilding CXX object CMakeFiles/filters.dir/plugins/costmap_filters/speed_filter.cpp.o[0m
[152.467s] [ 31%] [32m[1mLinking CXX static library libgtest_main.a[0m
[152.713s] [ 31%] Built target gtest_main
[164.024s] [ 33%] [32mBuilding CXX object CMakeFiles/layers.dir/plugins/static_layer.cpp.o[0m
[190.266s] [ 34%] [32m[1mLinking CXX shared library libfilters.so[0m
[191.315s] [ 34%] Built target filters
[194.232s] [ 36%] [32mBuilding CXX object CMakeFiles/layers.dir/plugins/obstacle_layer.cpp.o[0m
[211.289s] [ 37%] [32mBuilding CXX object CMakeFiles/nav2_costmap_2d_cloud.dir/src/costmap_2d_cloud.cpp.o[0m
[212.376s] [ 39%] [32mBuilding CXX object CMakeFiles/nav2_costmap_2d_markers.dir/src/costmap_2d_markers.cpp.o[0m
[213.532s] [ 40%] [32mBuilding CXX object CMakeFiles/nav2_costmap_2d_client.dir/src/footprint_subscriber.cpp.o[0m
[245.834s] [ 42%] [32mBuilding CXX object CMakeFiles/layers.dir/src/observation_buffer.cpp.o[0m
[254.702s] [ 43%] [32m[1mLinking CXX executable nav2_costmap_2d_markers[0m
[255.225s] [ 43%] Built target nav2_costmap_2d_markers
[257.087s] [ 45%] [32m[1mLinking CXX executable nav2_costmap_2d_cloud[0m
[257.810s] [ 45%] Built target nav2_costmap_2d_cloud
[259.961s] [ 46%] [32mBuilding CXX object CMakeFiles/nav2_costmap_2d_client.dir/src/costmap_subscriber.cpp.o[0m
[262.587s] [ 48%] [32mBuilding CXX object CMakeFiles/layers.dir/plugins/voxel_layer.cpp.o[0m
[279.192s] [ 50%] [32mBuilding CXX object CMakeFiles/nav2_costmap_2d_client.dir/src/costmap_topic_collision_checker.cpp.o[0m
[280.586s] [ 51%] [32mBuilding CXX object CMakeFiles/layers.dir/plugins/range_sensor_layer.cpp.o[0m
[285.201s] [ 53%] [32m[1mLinking CXX shared library libnav2_costmap_2d_client.so[0m
[285.842s] [ 53%] Built target nav2_costmap_2d_client
[298.051s] [ 54%] [32m[1mLinking CXX shared library liblayers.so[0m
[298.918s] [ 54%] Built target layers
[298.942s] [ 56%] [32mBuilding CXX object test/unit/CMakeFiles/costmap_convesion_test.dir/costmap_conversion_test.cpp.o[0m
[304.114s] [ 57%] [32m[1mLinking CXX executable costmap_convesion_test[0m
[304.463s] [ 57%] Built target costmap_convesion_test
[304.490s] [ 59%] [32mBuilding CXX object test/unit/CMakeFiles/declare_parameter_test.dir/declare_parameter_test.cpp.o[0m
[310.780s] [ 60%] [32m[1mLinking CXX executable declare_parameter_test[0m
[311.173s] [ 60%] Built target declare_parameter_test
[311.198s] [ 62%] [32mBuilding CXX object test/unit/CMakeFiles/keepout_filter_test.dir/keepout_filter_test.cpp.o[0m
[313.324s] [ 63%] [32mBuilding CXX object test/unit/CMakeFiles/speed_filter_test.dir/speed_filter_test.cpp.o[0m
[315.428s] [ 65%] [32mBuilding CXX object test/unit/CMakeFiles/collision_footprint_test.dir/footprint_collision_checker_test.cpp.o[0m
[333.188s] [ 66%] [32m[1mLinking CXX executable collision_footprint_test[0m
[333.929s] [ 66%] Built target collision_footprint_test
[336.758s] [ 68%] [32m[1mLinking CXX executable keepout_filter_test[0m
[337.571s] [ 68%] Built target keepout_filter_test
[347.731s] [ 69%] [32m[1mLinking CXX executable speed_filter_test[0m
[348.283s] [ 69%] Built target speed_filter_test
[348.308s] [ 71%] [32mBuilding CXX object test/integration/CMakeFiles/footprint_tests_exec.dir/footprint_tests.cpp.o[0m
[354.663s] [ 72%] [32m[1mLinking CXX executable footprint_tests_exec[0m
[355.173s] [ 72%] Built target footprint_tests_exec
[355.198s] [ 74%] [32mBuilding CXX object test/integration/CMakeFiles/test_collision_checker_exec.dir/test_costmap_topic_collision_checker.cpp.o[0m
[356.223s] [ 75%] [32mBuilding CXX object test/integration/CMakeFiles/inflation_tests_exec.dir/inflation_tests.cpp.o[0m
[357.333s] [ 77%] [32mBuilding CXX object test/unit/CMakeFiles/copy_window_test.dir/copy_window_test.cpp.o[0m
[358.404s] [ 78%] [32mBuilding CXX object test/unit/CMakeFiles/array_parser_test.dir/array_parser_test.cpp.o[0m
[365.934s] [ 80%] [32m[1mLinking CXX executable array_parser_test[0m
[367.204s] [ 80%] Built target array_parser_test
[374.524s] [ 81%] [32m[1mLinking CXX executable copy_window_test[0m
[375.645s] [ 81%] Built target copy_window_test
[388.477s] [ 83%] [32m[1mLinking CXX executable test_collision_checker_exec[0m
[389.650s] [ 83%] Built target test_collision_checker_exec
[390.188s] [ 84%] [32m[1mLinking CXX executable inflation_tests_exec[0m
[390.868s] [ 84%] Built target inflation_tests_exec
[390.893s] [ 86%] [32mBuilding CXX object test/integration/CMakeFiles/dyn_params_tests.dir/dyn_params_tests.cpp.o[0m
[401.373s] [ 87%] [32m[1mLinking CXX executable dyn_params_tests[0m
[401.882s] [ 87%] Built target dyn_params_tests
[401.907s] [ 89%] [32mBuilding CXX object test/regression/CMakeFiles/costmap_bresenham_2d.dir/costmap_bresenham_2d.cpp.o[0m
[404.053s] [ 90%] [32m[1mLinking CXX executable costmap_bresenham_2d[0m
[404.359s] [ 90%] Built target costmap_bresenham_2d
[404.384s] [ 92%] [32mBuilding CXX object CMakeFiles/nav2_costmap_2d.dir/src/costmap_2d_node.cpp.o[0m
[410.922s] [ 93%] [32m[1mLinking CXX executable nav2_costmap_2d[0m
[411.325s] [ 93%] Built target nav2_costmap_2d
[411.351s] [ 95%] [32mBuilding CXX object test/integration/CMakeFiles/range_tests_exec.dir/range_tests.cpp.o[0m
[421.430s] [ 96%] [32m[1mLinking CXX executable range_tests_exec[0m
[422.390s] [ 96%] Built target range_tests_exec
[422.434s] [ 98%] [32mBuilding CXX object test/integration/CMakeFiles/obstacle_tests_exec.dir/obstacle_tests.cpp.o[0m
[447.364s] [100%] [32m[1mLinking CXX executable obstacle_tests_exec[0m
[448.016s] [100%] Built target obstacle_tests_exec
[448.036s] Invoked command in '/home/arc/nav2_ws/build/nav2_costmap_2d' returned '0': AMENT_PREFIX_PATH=/home/arc/nav2_ws/install/nav2_map_server:/home/arc/nav2_ws/install/nav2_lifecycle_manager:/home/arc/nav2_ws/install/nav2_util:/home/arc/nav2_ws/install/nav2_voxel_grid:/home/arc/nav2_ws/install/nav2_msgs:/home/arc/nav2_ws/install/nav2_common:${AMENT_PREFIX_PATH} CMAKE_PREFIX_PATH=/home/arc/nav2_ws/install/nav2_map_server:/home/arc/nav2_ws/install/nav2_lifecycle_manager:/home/arc/nav2_ws/install/nav2_util:/home/arc/nav2_ws/install/nav2_voxel_grid:/home/arc/nav2_ws/install/nav2_msgs:/home/arc/nav2_ws/install/nav2_common:/home/arc/workspace/install:/opt/ros/humble LD_LIBRARY_PATH=/home/arc/nav2_ws/install/nav2_map_server/lib:/home/arc/nav2_ws/install/nav2_lifecycle_manager/lib:/home/arc/nav2_ws/install/nav2_util/lib:/home/arc/nav2_ws/install/nav2_voxel_grid/lib:/home/arc/nav2_ws/install/nav2_msgs/lib:${LD_LIBRARY_PATH} PYTHONPATH=/home/arc/nav2_ws/install/nav2_msgs/local/lib/python3.10/dist-packages:/home/arc/nav2_ws/install/nav2_common/local/lib/python3.10/dist-packages:${PYTHONPATH} /usr/bin/cmake --build /home/arc/nav2_ws/build/nav2_costmap_2d -- -j4 -l4
[448.139s] Invoking command in '/home/arc/nav2_ws/build/nav2_costmap_2d': AMENT_PREFIX_PATH=/home/arc/nav2_ws/install/nav2_map_server:/home/arc/nav2_ws/install/nav2_lifecycle_manager:/home/arc/nav2_ws/install/nav2_util:/home/arc/nav2_ws/install/nav2_voxel_grid:/home/arc/nav2_ws/install/nav2_msgs:/home/arc/nav2_ws/install/nav2_common:${AMENT_PREFIX_PATH} CMAKE_PREFIX_PATH=/home/arc/nav2_ws/install/nav2_map_server:/home/arc/nav2_ws/install/nav2_lifecycle_manager:/home/arc/nav2_ws/install/nav2_util:/home/arc/nav2_ws/install/nav2_voxel_grid:/home/arc/nav2_ws/install/nav2_msgs:/home/arc/nav2_ws/install/nav2_common:/home/arc/workspace/install:/opt/ros/humble LD_LIBRARY_PATH=/home/arc/nav2_ws/install/nav2_map_server/lib:/home/arc/nav2_ws/install/nav2_lifecycle_manager/lib:/home/arc/nav2_ws/install/nav2_util/lib:/home/arc/nav2_ws/install/nav2_voxel_grid/lib:/home/arc/nav2_ws/install/nav2_msgs/lib:${LD_LIBRARY_PATH} PYTHONPATH=/home/arc/nav2_ws/install/nav2_msgs/local/lib/python3.10/dist-packages:/home/arc/nav2_ws/install/nav2_common/local/lib/python3.10/dist-packages:${PYTHONPATH} /usr/bin/cmake --install /home/arc/nav2_ws/build/nav2_costmap_2d
[448.149s] -- Install configuration: "Release"
[448.149s] -- Execute custom install script
[448.150s] -- Symlinking: /home/arc/nav2_ws/install/nav2_costmap_2d/lib/libnav2_costmap_2d_core.so
[448.160s] -- Symlinking: /home/arc/nav2_ws/install/nav2_costmap_2d/lib/liblayers.so
[448.170s] -- Symlinking: /home/arc/nav2_ws/install/nav2_costmap_2d/lib/libfilters.so
[448.180s] -- Symlinking: /home/arc/nav2_ws/install/nav2_costmap_2d/lib/libnav2_costmap_2d_client.so
[448.190s] -- Symlinking: /home/arc/nav2_ws/install/nav2_costmap_2d/lib/nav2_costmap_2d/nav2_costmap_2d
[448.199s] -- Symlinking: /home/arc/nav2_ws/install/nav2_costmap_2d/lib/nav2_costmap_2d/nav2_costmap_2d_markers
[448.209s] -- Symlinking: /home/arc/nav2_ws/install/nav2_costmap_2d/lib/nav2_costmap_2d/nav2_costmap_2d_cloud
[448.220s] -- Symlinking: /home/arc/nav2_ws/install/nav2_costmap_2d/share/nav2_costmap_2d/costmap_plugins.xml
[448.230s] -- Symlinking: /home/arc/nav2_ws/install/nav2_costmap_2d/include//nav2_costmap_2d/array_parser.hpp
[448.240s] -- Symlinking: /home/arc/nav2_ws/install/nav2_costmap_2d/include//nav2_costmap_2d/clear_costmap_service.hpp
[448.250s] -- Symlinking: /home/arc/nav2_ws/install/nav2_costmap_2d/include//nav2_costmap_2d/cost_values.hpp
[448.260s] -- Symlinking: /home/arc/nav2_ws/install/nav2_costmap_2d/include//nav2_costmap_2d/costmap_2d.hpp
[448.270s] -- Symlinking: /home/arc/nav2_ws/install/nav2_costmap_2d/include//nav2_costmap_2d/costmap_2d_publisher.hpp
[448.282s] -- Symlinking: /home/arc/nav2_ws/install/nav2_costmap_2d/include//nav2_costmap_2d/costmap_2d_ros.hpp
[448.291s] -- Symlinking: /home/arc/nav2_ws/install/nav2_costmap_2d/include//nav2_costmap_2d/costmap_filters/costmap_filter.hpp
[448.301s] -- Symlinking: /home/arc/nav2_ws/install/nav2_costmap_2d/include//nav2_costmap_2d/costmap_filters/filter_values.hpp
[448.311s] -- Symlinking: /home/arc/nav2_ws/install/nav2_costmap_2d/include//nav2_costmap_2d/costmap_filters/keepout_filter.hpp
[448.321s] -- Symlinking: /home/arc/nav2_ws/install/nav2_costmap_2d/include//nav2_costmap_2d/costmap_filters/speed_filter.hpp
[448.330s] -- Symlinking: /home/arc/nav2_ws/install/nav2_costmap_2d/include//nav2_costmap_2d/costmap_layer.hpp
[448.340s] -- Symlinking: /home/arc/nav2_ws/install/nav2_costmap_2d/include//nav2_costmap_2d/costmap_math.hpp
[448.350s] -- Symlinking: /home/arc/nav2_ws/install/nav2_costmap_2d/include//nav2_costmap_2d/costmap_subscriber.hpp
[448.360s] -- Symlinking: /home/arc/nav2_ws/install/nav2_costmap_2d/include//nav2_costmap_2d/costmap_topic_collision_checker.hpp
[448.370s] -- Symlinking: /home/arc/nav2_ws/install/nav2_costmap_2d/include//nav2_costmap_2d/exceptions.hpp
[448.380s] -- Symlinking: /home/arc/nav2_ws/install/nav2_costmap_2d/include//nav2_costmap_2d/footprint.hpp
[448.390s] -- Symlinking: /home/arc/nav2_ws/install/nav2_costmap_2d/include//nav2_costmap_2d/footprint_collision_checker.hpp
[448.400s] -- Symlinking: /home/arc/nav2_ws/install/nav2_costmap_2d/include//nav2_costmap_2d/footprint_subscriber.hpp
[448.410s] -- Symlinking: /home/arc/nav2_ws/install/nav2_costmap_2d/include//nav2_costmap_2d/inflation_layer.hpp
[448.424s] -- Symlinking: /home/arc/nav2_ws/install/nav2_costmap_2d/include//nav2_costmap_2d/layer.hpp
[448.433s] -- Symlinking: /home/arc/nav2_ws/install/nav2_costmap_2d/include//nav2_costmap_2d/layered_costmap.hpp
[448.443s] -- Symlinking: /home/arc/nav2_ws/install/nav2_costmap_2d/include//nav2_costmap_2d/observation.hpp
[448.453s] -- Symlinking: /home/arc/nav2_ws/install/nav2_costmap_2d/include//nav2_costmap_2d/observation_buffer.hpp
[448.462s] -- Symlinking: /home/arc/nav2_ws/install/nav2_costmap_2d/include//nav2_costmap_2d/obstacle_layer.hpp
[448.473s] -- Symlinking: /home/arc/nav2_ws/install/nav2_costmap_2d/include//nav2_costmap_2d/range_sensor_layer.hpp
[448.483s] -- Symlinking: /home/arc/nav2_ws/install/nav2_costmap_2d/include//nav2_costmap_2d/static_layer.hpp
[448.493s] -- Symlinking: /home/arc/nav2_ws/install/nav2_costmap_2d/include//nav2_costmap_2d/voxel_layer.hpp
[448.503s] -- Symlinking: /home/arc/nav2_ws/install/nav2_costmap_2d/share/nav2_costmap_2d/environment/library_path.sh
[448.513s] -- Symlinking: /home/arc/nav2_ws/install/nav2_costmap_2d/share/nav2_costmap_2d/environment/library_path.dsv
[448.523s] -- Up-to-date symlink: /home/arc/nav2_ws/install/nav2_costmap_2d/share/nav2_costmap_2d//costmap_plugins.xml
[448.523s] -- Symlinking: /home/arc/nav2_ws/install/nav2_costmap_2d/share/ament_index/resource_index/package_run_dependencies/nav2_costmap_2d
[448.533s] -- Symlinking: /home/arc/nav2_ws/install/nav2_costmap_2d/share/ament_index/resource_index/parent_prefix_path/nav2_costmap_2d
[448.543s] -- Symlinking: /home/arc/nav2_ws/install/nav2_costmap_2d/share/nav2_costmap_2d/environment/ament_prefix_path.sh
[448.554s] -- Symlinking: /home/arc/nav2_ws/install/nav2_costmap_2d/share/nav2_costmap_2d/environment/ament_prefix_path.dsv
[448.563s] -- Symlinking: /home/arc/nav2_ws/install/nav2_costmap_2d/share/nav2_costmap_2d/environment/path.sh
[448.574s] -- Symlinking: /home/arc/nav2_ws/install/nav2_costmap_2d/share/nav2_costmap_2d/environment/path.dsv
[448.584s] -- Symlinking: /home/arc/nav2_ws/install/nav2_costmap_2d/share/nav2_costmap_2d/local_setup.bash
[448.594s] -- Symlinking: /home/arc/nav2_ws/install/nav2_costmap_2d/share/nav2_costmap_2d/local_setup.sh
[448.603s] -- Symlinking: /home/arc/nav2_ws/install/nav2_costmap_2d/share/nav2_costmap_2d/local_setup.zsh
[448.614s] -- Symlinking: /home/arc/nav2_ws/install/nav2_costmap_2d/share/nav2_costmap_2d/local_setup.dsv
[448.628s] -- Symlinking: /home/arc/nav2_ws/install/nav2_costmap_2d/share/nav2_costmap_2d/package.dsv
[448.638s] -- Symlinking: /home/arc/nav2_ws/install/nav2_costmap_2d/share/ament_index/resource_index/packages/nav2_costmap_2d
[448.649s] -- Symlinking: /home/arc/nav2_ws/install/nav2_costmap_2d/share/ament_index/resource_index/nav2_costmap_2d__pluginlib__plugin/nav2_costmap_2d
[448.659s] -- Symlinking: /home/arc/nav2_ws/install/nav2_costmap_2d/share/nav2_costmap_2d/cmake/ament_cmake_export_include_directories-extras.cmake
[448.670s] -- Symlinking: /home/arc/nav2_ws/install/nav2_costmap_2d/share/nav2_costmap_2d/cmake/ament_cmake_export_libraries-extras.cmake
[448.681s] -- Symlinking: /home/arc/nav2_ws/install/nav2_costmap_2d/share/nav2_costmap_2d/cmake/ament_cmake_export_dependencies-extras.cmake
[448.695s] -- Symlinking: /home/arc/nav2_ws/install/nav2_costmap_2d/share/nav2_costmap_2d/cmake/nav2_costmap_2dConfig.cmake
[448.705s] -- Symlinking: /home/arc/nav2_ws/install/nav2_costmap_2d/share/nav2_costmap_2d/cmake/nav2_costmap_2dConfig-version.cmake
[448.716s] -- Symlinking: /home/arc/nav2_ws/install/nav2_costmap_2d/share/nav2_costmap_2d/package.xml
[448.732s] Invoked command in '/home/arc/nav2_ws/build/nav2_costmap_2d' returned '0': AMENT_PREFIX_PATH=/home/arc/nav2_ws/install/nav2_map_server:/home/arc/nav2_ws/install/nav2_lifecycle_manager:/home/arc/nav2_ws/install/nav2_util:/home/arc/nav2_ws/install/nav2_voxel_grid:/home/arc/nav2_ws/install/nav2_msgs:/home/arc/nav2_ws/install/nav2_common:${AMENT_PREFIX_PATH} CMAKE_PREFIX_PATH=/home/arc/nav2_ws/install/nav2_map_server:/home/arc/nav2_ws/install/nav2_lifecycle_manager:/home/arc/nav2_ws/install/nav2_util:/home/arc/nav2_ws/install/nav2_voxel_grid:/home/arc/nav2_ws/install/nav2_msgs:/home/arc/nav2_ws/install/nav2_common:/home/arc/workspace/install:/opt/ros/humble LD_LIBRARY_PATH=/home/arc/nav2_ws/install/nav2_map_server/lib:/home/arc/nav2_ws/install/nav2_lifecycle_manager/lib:/home/arc/nav2_ws/install/nav2_util/lib:/home/arc/nav2_ws/install/nav2_voxel_grid/lib:/home/arc/nav2_ws/install/nav2_msgs/lib:${LD_LIBRARY_PATH} PYTHONPATH=/home/arc/nav2_ws/install/nav2_msgs/local/lib/python3.10/dist-packages:/home/arc/nav2_ws/install/nav2_common/local/lib/python3.10/dist-packages:${PYTHONPATH} /usr/bin/cmake --install /home/arc/nav2_ws/build/nav2_costmap_2d
