[0.024s] Invoking command in '/home/arc/nav2_ws/build/nav2_msgs': AMENT_PREFIX_PATH=/home/arc/nav2_ws/install/nav2_common:${AMENT_PREFIX_PATH} CMAKE_PREFIX_PATH=/home/arc/nav2_ws/install/nav2_common:/home/arc/workspace/install:/opt/ros/humble PYTHONPATH=/home/arc/nav2_ws/install/nav2_common/local/lib/python3.10/dist-packages:${PYTHONPATH} /usr/bin/cmake /home/arc/nav2_ws/src/navigation2/nav2_msgs -DCMAKE_INSTALL_PREFIX=/home/arc/nav2_ws/install/nav2_msgs
[0.044s] -- Found ament_cmake: 1.3.2 (/opt/ros/humble/share/ament_cmake/cmake)
[0.305s] -- Override CMake install command with custom implementation using symlinks instead of copying resources
[0.320s] -- Found nav2_common: 1.1.2 (/home/arc/nav2_ws/install/nav2_common/share/nav2_common/cmake)
[0.321s] -- Found builtin_interfaces: 1.2.0 (/opt/ros/humble/share/builtin_interfaces/cmake)
[0.372s] -- Found rosidl_generator_c: 3.1.3 (/opt/ros/humble/share/rosidl_generator_c/cmake)
[0.378s] -- Found rosidl_adapter: 3.1.3 (/opt/ros/humble/share/rosidl_adapter/cmake)
[0.392s] -- Found rosidl_generator_cpp: 3.1.3 (/opt/ros/humble/share/rosidl_generator_cpp/cmake)
[0.419s] -- Using all available rosidl_typesupport_c: rosidl_typesupport_fastrtps_c;rosidl_typesupport_introspection_c
[0.457s] -- Using all available rosidl_typesupport_cpp: rosidl_typesupport_fastrtps_cpp;rosidl_typesupport_introspection_cpp
[0.493s] -- Found nav_msgs: 4.2.2 (/opt/ros/humble/share/nav_msgs/cmake)
[0.924s] -- Found rosidl_default_generators: 1.2.0 (/opt/ros/humble/share/rosidl_default_generators/cmake)
[0.941s] -- Found action_msgs: 1.2.0 (/opt/ros/humble/share/action_msgs/cmake)
[2.193s] -- Found ament_cmake_ros: 0.10.0 (/opt/ros/humble/share/ament_cmake_ros/cmake)
[2.830s] -- Using all available rosidl_typesupport_c: rosidl_typesupport_fastrtps_c;rosidl_typesupport_introspection_c
[3.069s] -- Using all available rosidl_typesupport_cpp: rosidl_typesupport_fastrtps_cpp;rosidl_typesupport_introspection_cpp
[3.097s] -- Found python_cmake_module: 0.10.0 (/opt/ros/humble/share/python_cmake_module/cmake)
[3.126s] -- Using PYTHON_EXECUTABLE: /usr/bin/python3
[3.126s] -- Using PYTHON_INCLUDE_DIRS: /usr/include/python3.10
[3.126s] -- Using PYTHON_LIBRARIES: /usr/lib/x86_64-linux-gnu/libpython3.10.so
[3.224s] -- Configuring done
[3.338s] -- Generating done
[3.342s] -- Build files have been written to: /home/arc/nav2_ws/build/nav2_msgs
[3.355s] Invoked command in '/home/arc/nav2_ws/build/nav2_msgs' returned '0': AMENT_PREFIX_PATH=/home/arc/nav2_ws/install/nav2_common:${AMENT_PREFIX_PATH} CMAKE_PREFIX_PATH=/home/arc/nav2_ws/install/nav2_common:/home/arc/workspace/install:/opt/ros/humble PYTHONPATH=/home/arc/nav2_ws/install/nav2_common/local/lib/python3.10/dist-packages:${PYTHONPATH} /usr/bin/cmake /home/arc/nav2_ws/src/navigation2/nav2_msgs -DCMAKE_INSTALL_PREFIX=/home/arc/nav2_ws/install/nav2_msgs
[3.357s] Invoking command in '/home/arc/nav2_ws/build/nav2_msgs': AMENT_PREFIX_PATH=/home/arc/nav2_ws/install/nav2_common:${AMENT_PREFIX_PATH} CMAKE_PREFIX_PATH=/home/arc/nav2_ws/install/nav2_common:/home/arc/workspace/install:/opt/ros/humble PYTHONPATH=/home/arc/nav2_ws/install/nav2_common/local/lib/python3.10/dist-packages:${PYTHONPATH} /usr/bin/cmake --build /home/arc/nav2_ws/build/nav2_msgs -- -j4 -l4
[3.433s] [35m[1mConsolidate compiler generated dependencies of target nav2_msgs__rosidl_generator_c[0m
[3.443s] [  0%] Built target nav2_msgs__cpp
[3.448s] [  0%] Built target ament_cmake_python_symlink_nav2_msgs
[3.477s] [35m[1mConsolidate compiler generated dependencies of target nav2_msgs__rosidl_typesupport_cpp[0m
[3.481s] [ 12%] Built target nav2_msgs__rosidl_generator_c
[3.483s] [35m[1mConsolidate compiler generated dependencies of target nav2_msgs__rosidl_typesupport_introspection_cpp[0m
[3.530s] [35m[1mConsolidate compiler generated dependencies of target nav2_msgs__rosidl_typesupport_fastrtps_cpp[0m
[3.583s] [ 24%] Built target nav2_msgs__rosidl_typesupport_cpp
[3.585s] [ 37%] Built target nav2_msgs__rosidl_typesupport_introspection_cpp
[3.620s] [35m[1mConsolidate compiler generated dependencies of target nav2_msgs__rosidl_typesupport_fastrtps_c[0m
[3.631s] [35m[1mConsolidate compiler generated dependencies of target nav2_msgs__rosidl_typesupport_introspection_c[0m
[3.644s] [ 49%] Built target nav2_msgs__rosidl_typesupport_fastrtps_cpp
[3.687s] [35m[1mConsolidate compiler generated dependencies of target nav2_msgs__rosidl_typesupport_c[0m
[3.699s] [ 62%] Built target nav2_msgs__rosidl_typesupport_introspection_c
[3.714s] [ 74%] Built target nav2_msgs__rosidl_typesupport_fastrtps_c
[3.722s] [ 86%] Built target nav2_msgs__rosidl_typesupport_c
[3.747s] [ 86%] Built target nav2_msgs
[3.784s] [ 86%] Built target nav2_msgs__py
[3.807s] [35m[1mConsolidate compiler generated dependencies of target nav2_msgs__rosidl_generator_py[0m
[3.852s] [ 98%] Built target nav2_msgs__rosidl_generator_py
[3.871s] [35m[1mConsolidate compiler generated dependencies of target nav2_msgs__rosidl_typesupport_c__pyext[0m
[3.872s] [35m[1mConsolidate compiler generated dependencies of target nav2_msgs__rosidl_typesupport_fastrtps_c__pyext[0m
[3.897s] [35m[1mConsolidate compiler generated dependencies of target nav2_msgs__rosidl_typesupport_introspection_c__pyext[0m
[3.897s] [ 99%] Built target nav2_msgs__rosidl_typesupport_c__pyext
[3.897s] [100%] Built target nav2_msgs__rosidl_typesupport_fastrtps_c__pyext
[3.925s] [100%] Built target nav2_msgs__rosidl_typesupport_introspection_c__pyext
[4.123s] running egg_info
[4.141s] writing nav2_msgs.egg-info/PKG-INFO
[4.141s] writing dependency_links to nav2_msgs.egg-info/dependency_links.txt
[4.142s] writing top-level names to nav2_msgs.egg-info/top_level.txt
[4.193s] reading manifest file 'nav2_msgs.egg-info/SOURCES.txt'
[4.194s] writing manifest file 'nav2_msgs.egg-info/SOURCES.txt'
[4.260s] [100%] Built target ament_cmake_python_build_nav2_msgs_egg
[4.276s] Invoked command in '/home/arc/nav2_ws/build/nav2_msgs' returned '0': AMENT_PREFIX_PATH=/home/arc/nav2_ws/install/nav2_common:${AMENT_PREFIX_PATH} CMAKE_PREFIX_PATH=/home/arc/nav2_ws/install/nav2_common:/home/arc/workspace/install:/opt/ros/humble PYTHONPATH=/home/arc/nav2_ws/install/nav2_common/local/lib/python3.10/dist-packages:${PYTHONPATH} /usr/bin/cmake --build /home/arc/nav2_ws/build/nav2_msgs -- -j4 -l4
[4.842s] Invoking command in '/home/arc/nav2_ws/build/nav2_msgs': AMENT_PREFIX_PATH=/home/arc/nav2_ws/install/nav2_common:${AMENT_PREFIX_PATH} CMAKE_PREFIX_PATH=/home/arc/nav2_ws/install/nav2_common:/home/arc/workspace/install:/opt/ros/humble PYTHONPATH=/home/arc/nav2_ws/install/nav2_common/local/lib/python3.10/dist-packages:${PYTHONPATH} /usr/bin/cmake --install /home/arc/nav2_ws/build/nav2_msgs
[4.851s] -- Install configuration: "Release"
[4.852s] -- Execute custom install script
[4.852s] -- Up-to-date symlink: /home/arc/nav2_ws/install/nav2_msgs/share/ament_index/resource_index/rosidl_interfaces/nav2_msgs
[4.854s] -- Up-to-date symlink: /home/arc/nav2_ws/install/nav2_msgs/include/nav2_msgs/nav2_msgs/action/back_up.h
[4.855s] -- Up-to-date symlink: /home/arc/nav2_ws/install/nav2_msgs/include/nav2_msgs/nav2_msgs/action/compute_path_through_poses.h
[4.855s] -- Up-to-date symlink: /home/arc/nav2_ws/install/nav2_msgs/include/nav2_msgs/nav2_msgs/action/compute_path_to_pose.h
[4.855s] -- Up-to-date symlink: /home/arc/nav2_ws/install/nav2_msgs/include/nav2_msgs/nav2_msgs/action/detail/back_up__functions.h
[4.855s] -- Up-to-date symlink: /home/arc/nav2_ws/install/nav2_msgs/include/nav2_msgs/nav2_msgs/action/detail/back_up__struct.h
[4.855s] -- Up-to-date symlink: /home/arc/nav2_ws/install/nav2_msgs/include/nav2_msgs/nav2_msgs/action/detail/back_up__type_support.h
[4.856s] -- Up-to-date symlink: /home/arc/nav2_ws/install/nav2_msgs/include/nav2_msgs/nav2_msgs/action/detail/compute_path_through_poses__functions.h
[4.856s] -- Up-to-date symlink: /home/arc/nav2_ws/install/nav2_msgs/include/nav2_msgs/nav2_msgs/action/detail/compute_path_through_poses__struct.h
[4.856s] -- Up-to-date symlink: /home/arc/nav2_ws/install/nav2_msgs/include/nav2_msgs/nav2_msgs/action/detail/compute_path_through_poses__type_support.h
[4.856s] -- Up-to-date symlink: /home/arc/nav2_ws/install/nav2_msgs/include/nav2_msgs/nav2_msgs/action/detail/compute_path_to_pose__functions.h
[4.856s] -- Up-to-date symlink: /home/arc/nav2_ws/install/nav2_msgs/include/nav2_msgs/nav2_msgs/action/detail/compute_path_to_pose__struct.h
[4.857s] -- Up-to-date symlink: /home/arc/nav2_ws/install/nav2_msgs/include/nav2_msgs/nav2_msgs/action/detail/compute_path_to_pose__type_support.h
[4.857s] -- Up-to-date symlink: /home/arc/nav2_ws/install/nav2_msgs/include/nav2_msgs/nav2_msgs/action/detail/drive_on_heading__functions.h
[4.857s] -- Up-to-date symlink: /home/arc/nav2_ws/install/nav2_msgs/include/nav2_msgs/nav2_msgs/action/detail/drive_on_heading__struct.h
[4.857s] -- Up-to-date symlink: /home/arc/nav2_ws/install/nav2_msgs/include/nav2_msgs/nav2_msgs/action/detail/drive_on_heading__type_support.h
[4.858s] -- Up-to-date symlink: /home/arc/nav2_ws/install/nav2_msgs/include/nav2_msgs/nav2_msgs/action/detail/dummy_behavior__functions.h
[4.858s] -- Up-to-date symlink: /home/arc/nav2_ws/install/nav2_msgs/include/nav2_msgs/nav2_msgs/action/detail/dummy_behavior__struct.h
[4.858s] -- Up-to-date symlink: /home/arc/nav2_ws/install/nav2_msgs/include/nav2_msgs/nav2_msgs/action/detail/dummy_behavior__type_support.h
[4.858s] -- Up-to-date symlink: /home/arc/nav2_ws/install/nav2_msgs/include/nav2_msgs/nav2_msgs/action/detail/follow_path__functions.h
[4.859s] -- Up-to-date symlink: /home/arc/nav2_ws/install/nav2_msgs/include/nav2_msgs/nav2_msgs/action/detail/follow_path__struct.h
[4.859s] -- Up-to-date symlink: /home/arc/nav2_ws/install/nav2_msgs/include/nav2_msgs/nav2_msgs/action/detail/follow_path__type_support.h
[4.859s] -- Up-to-date symlink: /home/arc/nav2_ws/install/nav2_msgs/include/nav2_msgs/nav2_msgs/action/detail/follow_waypoints__functions.h
[4.859s] -- Up-to-date symlink: /home/arc/nav2_ws/install/nav2_msgs/include/nav2_msgs/nav2_msgs/action/detail/follow_waypoints__struct.h
[4.859s] -- Up-to-date symlink: /home/arc/nav2_ws/install/nav2_msgs/include/nav2_msgs/nav2_msgs/action/detail/follow_waypoints__type_support.h
[4.860s] -- Up-to-date symlink: /home/arc/nav2_ws/install/nav2_msgs/include/nav2_msgs/nav2_msgs/action/detail/navigate_through_poses__functions.h
[4.860s] -- Up-to-date symlink: /home/arc/nav2_ws/install/nav2_msgs/include/nav2_msgs/nav2_msgs/action/detail/navigate_through_poses__struct.h
[4.860s] -- Up-to-date symlink: /home/arc/nav2_ws/install/nav2_msgs/include/nav2_msgs/nav2_msgs/action/detail/navigate_through_poses__type_support.h
[4.860s] -- Up-to-date symlink: /home/arc/nav2_ws/install/nav2_msgs/include/nav2_msgs/nav2_msgs/action/detail/navigate_to_pose__functions.h
[4.860s] -- Up-to-date symlink: /home/arc/nav2_ws/install/nav2_msgs/include/nav2_msgs/nav2_msgs/action/detail/navigate_to_pose__struct.h
[4.861s] -- Up-to-date symlink: /home/arc/nav2_ws/install/nav2_msgs/include/nav2_msgs/nav2_msgs/action/detail/navigate_to_pose__type_support.h
[4.861s] -- Up-to-date symlink: /home/arc/nav2_ws/install/nav2_msgs/include/nav2_msgs/nav2_msgs/action/detail/smooth_path__functions.h
[4.861s] -- Up-to-date symlink: /home/arc/nav2_ws/install/nav2_msgs/include/nav2_msgs/nav2_msgs/action/detail/smooth_path__struct.h
[4.861s] -- Up-to-date symlink: /home/arc/nav2_ws/install/nav2_msgs/include/nav2_msgs/nav2_msgs/action/detail/smooth_path__type_support.h
[4.861s] -- Up-to-date symlink: /home/arc/nav2_ws/install/nav2_msgs/include/nav2_msgs/nav2_msgs/action/detail/spin__functions.h
[4.862s] -- Up-to-date symlink: /home/arc/nav2_ws/install/nav2_msgs/include/nav2_msgs/nav2_msgs/action/detail/spin__struct.h
[4.862s] -- Up-to-date symlink: /home/arc/nav2_ws/install/nav2_msgs/include/nav2_msgs/nav2_msgs/action/detail/spin__type_support.h
[4.862s] -- Up-to-date symlink: /home/arc/nav2_ws/install/nav2_msgs/include/nav2_msgs/nav2_msgs/action/detail/wait__functions.h
[4.862s] -- Up-to-date symlink: /home/arc/nav2_ws/install/nav2_msgs/include/nav2_msgs/nav2_msgs/action/detail/wait__struct.h
[4.862s] -- Up-to-date symlink: /home/arc/nav2_ws/install/nav2_msgs/include/nav2_msgs/nav2_msgs/action/detail/wait__type_support.h
[4.863s] -- Up-to-date symlink: /home/arc/nav2_ws/install/nav2_msgs/include/nav2_msgs/nav2_msgs/action/drive_on_heading.h
[4.863s] -- Up-to-date symlink: /home/arc/nav2_ws/install/nav2_msgs/include/nav2_msgs/nav2_msgs/action/dummy_behavior.h
[4.863s] -- Up-to-date symlink: /home/arc/nav2_ws/install/nav2_msgs/include/nav2_msgs/nav2_msgs/action/follow_path.h
[4.863s] -- Up-to-date symlink: /home/arc/nav2_ws/install/nav2_msgs/include/nav2_msgs/nav2_msgs/action/follow_waypoints.h
[4.863s] -- Up-to-date symlink: /home/arc/nav2_ws/install/nav2_msgs/include/nav2_msgs/nav2_msgs/action/navigate_through_poses.h
[4.864s] -- Up-to-date symlink: /home/arc/nav2_ws/install/nav2_msgs/include/nav2_msgs/nav2_msgs/action/navigate_to_pose.h
[4.864s] -- Up-to-date symlink: /home/arc/nav2_ws/install/nav2_msgs/include/nav2_msgs/nav2_msgs/action/smooth_path.h
[4.864s] -- Up-to-date symlink: /home/arc/nav2_ws/install/nav2_msgs/include/nav2_msgs/nav2_msgs/action/spin.h
[4.864s] -- Up-to-date symlink: /home/arc/nav2_ws/install/nav2_msgs/include/nav2_msgs/nav2_msgs/action/wait.h
[4.865s] -- Up-to-date symlink: /home/arc/nav2_ws/install/nav2_msgs/include/nav2_msgs/nav2_msgs/msg/behavior_tree_log.h
[4.865s] -- Up-to-date symlink: /home/arc/nav2_ws/install/nav2_msgs/include/nav2_msgs/nav2_msgs/msg/behavior_tree_status_change.h
[4.865s] -- Up-to-date symlink: /home/arc/nav2_ws/install/nav2_msgs/include/nav2_msgs/nav2_msgs/msg/costmap.h
[4.865s] -- Up-to-date symlink: /home/arc/nav2_ws/install/nav2_msgs/include/nav2_msgs/nav2_msgs/msg/costmap_filter_info.h
[4.865s] -- Up-to-date symlink: /home/arc/nav2_ws/install/nav2_msgs/include/nav2_msgs/nav2_msgs/msg/costmap_meta_data.h
[4.866s] -- Up-to-date symlink: /home/arc/nav2_ws/install/nav2_msgs/include/nav2_msgs/nav2_msgs/msg/detail/behavior_tree_log__functions.h
[4.866s] -- Up-to-date symlink: /home/arc/nav2_ws/install/nav2_msgs/include/nav2_msgs/nav2_msgs/msg/detail/behavior_tree_log__struct.h
[4.866s] -- Up-to-date symlink: /home/arc/nav2_ws/install/nav2_msgs/include/nav2_msgs/nav2_msgs/msg/detail/behavior_tree_log__type_support.h
[4.866s] -- Up-to-date symlink: /home/arc/nav2_ws/install/nav2_msgs/include/nav2_msgs/nav2_msgs/msg/detail/behavior_tree_status_change__functions.h
[4.867s] -- Up-to-date symlink: /home/arc/nav2_ws/install/nav2_msgs/include/nav2_msgs/nav2_msgs/msg/detail/behavior_tree_status_change__struct.h
[4.867s] -- Up-to-date symlink: /home/arc/nav2_ws/install/nav2_msgs/include/nav2_msgs/nav2_msgs/msg/detail/behavior_tree_status_change__type_support.h
[4.867s] -- Up-to-date symlink: /home/arc/nav2_ws/install/nav2_msgs/include/nav2_msgs/nav2_msgs/msg/detail/costmap__functions.h
[4.867s] -- Up-to-date symlink: /home/arc/nav2_ws/install/nav2_msgs/include/nav2_msgs/nav2_msgs/msg/detail/costmap__struct.h
[4.867s] -- Up-to-date symlink: /home/arc/nav2_ws/install/nav2_msgs/include/nav2_msgs/nav2_msgs/msg/detail/costmap__type_support.h
[4.868s] -- Up-to-date symlink: /home/arc/nav2_ws/install/nav2_msgs/include/nav2_msgs/nav2_msgs/msg/detail/costmap_filter_info__functions.h
[4.868s] -- Up-to-date symlink: /home/arc/nav2_ws/install/nav2_msgs/include/nav2_msgs/nav2_msgs/msg/detail/costmap_filter_info__struct.h
[4.868s] -- Up-to-date symlink: /home/arc/nav2_ws/install/nav2_msgs/include/nav2_msgs/nav2_msgs/msg/detail/costmap_filter_info__type_support.h
[4.868s] -- Up-to-date symlink: /home/arc/nav2_ws/install/nav2_msgs/include/nav2_msgs/nav2_msgs/msg/detail/costmap_meta_data__functions.h
[4.868s] -- Up-to-date symlink: /home/arc/nav2_ws/install/nav2_msgs/include/nav2_msgs/nav2_msgs/msg/detail/costmap_meta_data__struct.h
[4.869s] -- Up-to-date symlink: /home/arc/nav2_ws/install/nav2_msgs/include/nav2_msgs/nav2_msgs/msg/detail/costmap_meta_data__type_support.h
[4.869s] -- Up-to-date symlink: /home/arc/nav2_ws/install/nav2_msgs/include/nav2_msgs/nav2_msgs/msg/detail/particle__functions.h
[4.869s] -- Up-to-date symlink: /home/arc/nav2_ws/install/nav2_msgs/include/nav2_msgs/nav2_msgs/msg/detail/particle__struct.h
[4.869s] -- Up-to-date symlink: /home/arc/nav2_ws/install/nav2_msgs/include/nav2_msgs/nav2_msgs/msg/detail/particle__type_support.h
[4.869s] -- Up-to-date symlink: /home/arc/nav2_ws/install/nav2_msgs/include/nav2_msgs/nav2_msgs/msg/detail/particle_cloud__functions.h
[4.870s] -- Up-to-date symlink: /home/arc/nav2_ws/install/nav2_msgs/include/nav2_msgs/nav2_msgs/msg/detail/particle_cloud__struct.h
[4.870s] -- Up-to-date symlink: /home/arc/nav2_ws/install/nav2_msgs/include/nav2_msgs/nav2_msgs/msg/detail/particle_cloud__type_support.h
[4.870s] -- Up-to-date symlink: /home/arc/nav2_ws/install/nav2_msgs/include/nav2_msgs/nav2_msgs/msg/detail/speed_limit__functions.h
[4.870s] -- Up-to-date symlink: /home/arc/nav2_ws/install/nav2_msgs/include/nav2_msgs/nav2_msgs/msg/detail/speed_limit__struct.h
[4.870s] -- Up-to-date symlink: /home/arc/nav2_ws/install/nav2_msgs/include/nav2_msgs/nav2_msgs/msg/detail/speed_limit__type_support.h
[4.870s] -- Up-to-date symlink: /home/arc/nav2_ws/install/nav2_msgs/include/nav2_msgs/nav2_msgs/msg/detail/voxel_grid__functions.h
[4.871s] -- Up-to-date symlink: /home/arc/nav2_ws/install/nav2_msgs/include/nav2_msgs/nav2_msgs/msg/detail/voxel_grid__struct.h
[4.871s] -- Up-to-date symlink: /home/arc/nav2_ws/install/nav2_msgs/include/nav2_msgs/nav2_msgs/msg/detail/voxel_grid__type_support.h
[4.871s] -- Up-to-date symlink: /home/arc/nav2_ws/install/nav2_msgs/include/nav2_msgs/nav2_msgs/msg/particle.h
[4.871s] -- Up-to-date symlink: /home/arc/nav2_ws/install/nav2_msgs/include/nav2_msgs/nav2_msgs/msg/particle_cloud.h
[4.872s] -- Up-to-date symlink: /home/arc/nav2_ws/install/nav2_msgs/include/nav2_msgs/nav2_msgs/msg/rosidl_generator_c__visibility_control.h
[4.872s] -- Up-to-date symlink: /home/arc/nav2_ws/install/nav2_msgs/include/nav2_msgs/nav2_msgs/msg/speed_limit.h
[4.872s] -- Up-to-date symlink: /home/arc/nav2_ws/install/nav2_msgs/include/nav2_msgs/nav2_msgs/msg/voxel_grid.h
[4.872s] -- Up-to-date symlink: /home/arc/nav2_ws/install/nav2_msgs/include/nav2_msgs/nav2_msgs/srv/clear_costmap_around_robot.h
[4.872s] -- Up-to-date symlink: /home/arc/nav2_ws/install/nav2_msgs/include/nav2_msgs/nav2_msgs/srv/clear_costmap_except_region.h
[4.873s] -- Up-to-date symlink: /home/arc/nav2_ws/install/nav2_msgs/include/nav2_msgs/nav2_msgs/srv/clear_entire_costmap.h
[4.873s] -- Up-to-date symlink: /home/arc/nav2_ws/install/nav2_msgs/include/nav2_msgs/nav2_msgs/srv/detail/clear_costmap_around_robot__functions.h
[4.873s] -- Up-to-date symlink: /home/arc/nav2_ws/install/nav2_msgs/include/nav2_msgs/nav2_msgs/srv/detail/clear_costmap_around_robot__struct.h
[4.873s] -- Up-to-date symlink: /home/arc/nav2_ws/install/nav2_msgs/include/nav2_msgs/nav2_msgs/srv/detail/clear_costmap_around_robot__type_support.h
[4.873s] -- Up-to-date symlink: /home/arc/nav2_ws/install/nav2_msgs/include/nav2_msgs/nav2_msgs/srv/detail/clear_costmap_except_region__functions.h
[4.874s] -- Up-to-date symlink: /home/arc/nav2_ws/install/nav2_msgs/include/nav2_msgs/nav2_msgs/srv/detail/clear_costmap_except_region__struct.h
[4.874s] -- Up-to-date symlink: /home/arc/nav2_ws/install/nav2_msgs/include/nav2_msgs/nav2_msgs/srv/detail/clear_costmap_except_region__type_support.h
[4.874s] -- Up-to-date symlink: /home/arc/nav2_ws/install/nav2_msgs/include/nav2_msgs/nav2_msgs/srv/detail/clear_entire_costmap__functions.h
[4.874s] -- Up-to-date symlink: /home/arc/nav2_ws/install/nav2_msgs/include/nav2_msgs/nav2_msgs/srv/detail/clear_entire_costmap__struct.h
[4.874s] -- Up-to-date symlink: /home/arc/nav2_ws/install/nav2_msgs/include/nav2_msgs/nav2_msgs/srv/detail/clear_entire_costmap__type_support.h
[4.875s] -- Up-to-date symlink: /home/arc/nav2_ws/install/nav2_msgs/include/nav2_msgs/nav2_msgs/srv/detail/get_costmap__functions.h
[4.875s] -- Up-to-date symlink: /home/arc/nav2_ws/install/nav2_msgs/include/nav2_msgs/nav2_msgs/srv/detail/get_costmap__struct.h
[4.875s] -- Up-to-date symlink: /home/arc/nav2_ws/install/nav2_msgs/include/nav2_msgs/nav2_msgs/srv/detail/get_costmap__type_support.h
[4.875s] -- Up-to-date symlink: /home/arc/nav2_ws/install/nav2_msgs/include/nav2_msgs/nav2_msgs/srv/detail/is_path_valid__functions.h
[4.875s] -- Up-to-date symlink: /home/arc/nav2_ws/install/nav2_msgs/include/nav2_msgs/nav2_msgs/srv/detail/is_path_valid__struct.h
[4.876s] -- Up-to-date symlink: /home/arc/nav2_ws/install/nav2_msgs/include/nav2_msgs/nav2_msgs/srv/detail/is_path_valid__type_support.h
[4.876s] -- Up-to-date symlink: /home/arc/nav2_ws/install/nav2_msgs/include/nav2_msgs/nav2_msgs/srv/detail/load_map__functions.h
[4.876s] -- Up-to-date symlink: /home/arc/nav2_ws/install/nav2_msgs/include/nav2_msgs/nav2_msgs/srv/detail/load_map__struct.h
[4.876s] -- Up-to-date symlink: /home/arc/nav2_ws/install/nav2_msgs/include/nav2_msgs/nav2_msgs/srv/detail/load_map__type_support.h
[4.876s] -- Up-to-date symlink: /home/arc/nav2_ws/install/nav2_msgs/include/nav2_msgs/nav2_msgs/srv/detail/manage_lifecycle_nodes__functions.h
[4.876s] -- Up-to-date symlink: /home/arc/nav2_ws/install/nav2_msgs/include/nav2_msgs/nav2_msgs/srv/detail/manage_lifecycle_nodes__struct.h
[4.877s] -- Up-to-date symlink: /home/arc/nav2_ws/install/nav2_msgs/include/nav2_msgs/nav2_msgs/srv/detail/manage_lifecycle_nodes__type_support.h
[4.877s] -- Up-to-date symlink: /home/arc/nav2_ws/install/nav2_msgs/include/nav2_msgs/nav2_msgs/srv/detail/save_map__functions.h
[4.877s] -- Up-to-date symlink: /home/arc/nav2_ws/install/nav2_msgs/include/nav2_msgs/nav2_msgs/srv/detail/save_map__struct.h
[4.877s] -- Up-to-date symlink: /home/arc/nav2_ws/install/nav2_msgs/include/nav2_msgs/nav2_msgs/srv/detail/save_map__type_support.h
[4.877s] -- Up-to-date symlink: /home/arc/nav2_ws/install/nav2_msgs/include/nav2_msgs/nav2_msgs/srv/get_costmap.h
[4.878s] -- Up-to-date symlink: /home/arc/nav2_ws/install/nav2_msgs/include/nav2_msgs/nav2_msgs/srv/is_path_valid.h
[4.878s] -- Up-to-date symlink: /home/arc/nav2_ws/install/nav2_msgs/include/nav2_msgs/nav2_msgs/srv/load_map.h
[4.878s] -- Up-to-date symlink: /home/arc/nav2_ws/install/nav2_msgs/include/nav2_msgs/nav2_msgs/srv/manage_lifecycle_nodes.h
[4.878s] -- Up-to-date symlink: /home/arc/nav2_ws/install/nav2_msgs/include/nav2_msgs/nav2_msgs/srv/save_map.h
[4.878s] -- Up-to-date symlink: /home/arc/nav2_ws/install/nav2_msgs/share/nav2_msgs/environment/library_path.sh
[4.879s] -- Up-to-date symlink: /home/arc/nav2_ws/install/nav2_msgs/share/nav2_msgs/environment/library_path.dsv
[4.879s] -- Up-to-date symlink: /home/arc/nav2_ws/install/nav2_msgs/include/nav2_msgs/nav2_msgs/action/detail/back_up__rosidl_typesupport_fastrtps_c.h
[4.879s] -- Up-to-date symlink: /home/arc/nav2_ws/install/nav2_msgs/include/nav2_msgs/nav2_msgs/action/detail/compute_path_through_poses__rosidl_typesupport_fastrtps_c.h
[4.879s] -- Up-to-date symlink: /home/arc/nav2_ws/install/nav2_msgs/include/nav2_msgs/nav2_msgs/action/detail/compute_path_to_pose__rosidl_typesupport_fastrtps_c.h
[4.879s] -- Up-to-date symlink: /home/arc/nav2_ws/install/nav2_msgs/include/nav2_msgs/nav2_msgs/action/detail/drive_on_heading__rosidl_typesupport_fastrtps_c.h
[4.880s] -- Up-to-date symlink: /home/arc/nav2_ws/install/nav2_msgs/include/nav2_msgs/nav2_msgs/action/detail/dummy_behavior__rosidl_typesupport_fastrtps_c.h
[4.880s] -- Up-to-date symlink: /home/arc/nav2_ws/install/nav2_msgs/include/nav2_msgs/nav2_msgs/action/detail/follow_path__rosidl_typesupport_fastrtps_c.h
[4.880s] -- Up-to-date symlink: /home/arc/nav2_ws/install/nav2_msgs/include/nav2_msgs/nav2_msgs/action/detail/follow_waypoints__rosidl_typesupport_fastrtps_c.h
[4.880s] -- Up-to-date symlink: /home/arc/nav2_ws/install/nav2_msgs/include/nav2_msgs/nav2_msgs/action/detail/navigate_through_poses__rosidl_typesupport_fastrtps_c.h
[4.880s] -- Up-to-date symlink: /home/arc/nav2_ws/install/nav2_msgs/include/nav2_msgs/nav2_msgs/action/detail/navigate_to_pose__rosidl_typesupport_fastrtps_c.h
[4.881s] -- Up-to-date symlink: /home/arc/nav2_ws/install/nav2_msgs/include/nav2_msgs/nav2_msgs/action/detail/smooth_path__rosidl_typesupport_fastrtps_c.h
[4.881s] -- Up-to-date symlink: /home/arc/nav2_ws/install/nav2_msgs/include/nav2_msgs/nav2_msgs/action/detail/spin__rosidl_typesupport_fastrtps_c.h
[4.881s] -- Up-to-date symlink: /home/arc/nav2_ws/install/nav2_msgs/include/nav2_msgs/nav2_msgs/action/detail/wait__rosidl_typesupport_fastrtps_c.h
[4.881s] -- Up-to-date symlink: /home/arc/nav2_ws/install/nav2_msgs/include/nav2_msgs/nav2_msgs/msg/detail/behavior_tree_log__rosidl_typesupport_fastrtps_c.h
[4.881s] -- Up-to-date symlink: /home/arc/nav2_ws/install/nav2_msgs/include/nav2_msgs/nav2_msgs/msg/detail/behavior_tree_status_change__rosidl_typesupport_fastrtps_c.h
[4.881s] -- Up-to-date symlink: /home/arc/nav2_ws/install/nav2_msgs/include/nav2_msgs/nav2_msgs/msg/detail/costmap__rosidl_typesupport_fastrtps_c.h
[4.882s] -- Up-to-date symlink: /home/arc/nav2_ws/install/nav2_msgs/include/nav2_msgs/nav2_msgs/msg/detail/costmap_filter_info__rosidl_typesupport_fastrtps_c.h
[4.882s] -- Up-to-date symlink: /home/arc/nav2_ws/install/nav2_msgs/include/nav2_msgs/nav2_msgs/msg/detail/costmap_meta_data__rosidl_typesupport_fastrtps_c.h
[4.882s] -- Up-to-date symlink: /home/arc/nav2_ws/install/nav2_msgs/include/nav2_msgs/nav2_msgs/msg/detail/particle__rosidl_typesupport_fastrtps_c.h
[4.882s] -- Up-to-date symlink: /home/arc/nav2_ws/install/nav2_msgs/include/nav2_msgs/nav2_msgs/msg/detail/particle_cloud__rosidl_typesupport_fastrtps_c.h
[4.883s] -- Up-to-date symlink: /home/arc/nav2_ws/install/nav2_msgs/include/nav2_msgs/nav2_msgs/msg/detail/speed_limit__rosidl_typesupport_fastrtps_c.h
[4.883s] -- Up-to-date symlink: /home/arc/nav2_ws/install/nav2_msgs/include/nav2_msgs/nav2_msgs/msg/detail/voxel_grid__rosidl_typesupport_fastrtps_c.h
[4.883s] -- Up-to-date symlink: /home/arc/nav2_ws/install/nav2_msgs/include/nav2_msgs/nav2_msgs/msg/rosidl_typesupport_fastrtps_c__visibility_control.h
[4.883s] -- Up-to-date symlink: /home/arc/nav2_ws/install/nav2_msgs/include/nav2_msgs/nav2_msgs/srv/detail/clear_costmap_around_robot__rosidl_typesupport_fastrtps_c.h
[4.883s] -- Up-to-date symlink: /home/arc/nav2_ws/install/nav2_msgs/include/nav2_msgs/nav2_msgs/srv/detail/clear_costmap_except_region__rosidl_typesupport_fastrtps_c.h
[4.883s] -- Up-to-date symlink: /home/arc/nav2_ws/install/nav2_msgs/include/nav2_msgs/nav2_msgs/srv/detail/clear_entire_costmap__rosidl_typesupport_fastrtps_c.h
[4.884s] -- Up-to-date symlink: /home/arc/nav2_ws/install/nav2_msgs/include/nav2_msgs/nav2_msgs/srv/detail/get_costmap__rosidl_typesupport_fastrtps_c.h
[4.884s] -- Up-to-date symlink: /home/arc/nav2_ws/install/nav2_msgs/include/nav2_msgs/nav2_msgs/srv/detail/is_path_valid__rosidl_typesupport_fastrtps_c.h
[4.884s] -- Up-to-date symlink: /home/arc/nav2_ws/install/nav2_msgs/include/nav2_msgs/nav2_msgs/srv/detail/load_map__rosidl_typesupport_fastrtps_c.h
[4.884s] -- Up-to-date symlink: /home/arc/nav2_ws/install/nav2_msgs/include/nav2_msgs/nav2_msgs/srv/detail/manage_lifecycle_nodes__rosidl_typesupport_fastrtps_c.h
[4.884s] -- Up-to-date symlink: /home/arc/nav2_ws/install/nav2_msgs/include/nav2_msgs/nav2_msgs/srv/detail/save_map__rosidl_typesupport_fastrtps_c.h
[4.885s] -- Up-to-date symlink: /home/arc/nav2_ws/install/nav2_msgs/include/nav2_msgs/nav2_msgs/action/back_up.hpp
[4.885s] -- Up-to-date symlink: /home/arc/nav2_ws/install/nav2_msgs/include/nav2_msgs/nav2_msgs/action/compute_path_through_poses.hpp
[4.885s] -- Up-to-date symlink: /home/arc/nav2_ws/install/nav2_msgs/include/nav2_msgs/nav2_msgs/action/compute_path_to_pose.hpp
[4.885s] -- Up-to-date symlink: /home/arc/nav2_ws/install/nav2_msgs/include/nav2_msgs/nav2_msgs/action/detail/back_up__builder.hpp
[4.885s] -- Up-to-date symlink: /home/arc/nav2_ws/install/nav2_msgs/include/nav2_msgs/nav2_msgs/action/detail/back_up__struct.hpp
[4.885s] -- Up-to-date symlink: /home/arc/nav2_ws/install/nav2_msgs/include/nav2_msgs/nav2_msgs/action/detail/back_up__traits.hpp
[4.886s] -- Up-to-date symlink: /home/arc/nav2_ws/install/nav2_msgs/include/nav2_msgs/nav2_msgs/action/detail/compute_path_through_poses__builder.hpp
[4.886s] -- Up-to-date symlink: /home/arc/nav2_ws/install/nav2_msgs/include/nav2_msgs/nav2_msgs/action/detail/compute_path_through_poses__struct.hpp
[4.886s] -- Up-to-date symlink: /home/arc/nav2_ws/install/nav2_msgs/include/nav2_msgs/nav2_msgs/action/detail/compute_path_through_poses__traits.hpp
[4.886s] -- Up-to-date symlink: /home/arc/nav2_ws/install/nav2_msgs/include/nav2_msgs/nav2_msgs/action/detail/compute_path_to_pose__builder.hpp
[4.886s] -- Up-to-date symlink: /home/arc/nav2_ws/install/nav2_msgs/include/nav2_msgs/nav2_msgs/action/detail/compute_path_to_pose__struct.hpp
[4.886s] -- Up-to-date symlink: /home/arc/nav2_ws/install/nav2_msgs/include/nav2_msgs/nav2_msgs/action/detail/compute_path_to_pose__traits.hpp
[4.887s] -- Up-to-date symlink: /home/arc/nav2_ws/install/nav2_msgs/include/nav2_msgs/nav2_msgs/action/detail/drive_on_heading__builder.hpp
[4.887s] -- Up-to-date symlink: /home/arc/nav2_ws/install/nav2_msgs/include/nav2_msgs/nav2_msgs/action/detail/drive_on_heading__struct.hpp
[4.887s] -- Up-to-date symlink: /home/arc/nav2_ws/install/nav2_msgs/include/nav2_msgs/nav2_msgs/action/detail/drive_on_heading__traits.hpp
[4.887s] -- Up-to-date symlink: /home/arc/nav2_ws/install/nav2_msgs/include/nav2_msgs/nav2_msgs/action/detail/dummy_behavior__builder.hpp
[4.887s] -- Up-to-date symlink: /home/arc/nav2_ws/install/nav2_msgs/include/nav2_msgs/nav2_msgs/action/detail/dummy_behavior__struct.hpp
[4.888s] -- Up-to-date symlink: /home/arc/nav2_ws/install/nav2_msgs/include/nav2_msgs/nav2_msgs/action/detail/dummy_behavior__traits.hpp
[4.888s] -- Up-to-date symlink: /home/arc/nav2_ws/install/nav2_msgs/include/nav2_msgs/nav2_msgs/action/detail/follow_path__builder.hpp
[4.888s] -- Up-to-date symlink: /home/arc/nav2_ws/install/nav2_msgs/include/nav2_msgs/nav2_msgs/action/detail/follow_path__struct.hpp
[4.888s] -- Up-to-date symlink: /home/arc/nav2_ws/install/nav2_msgs/include/nav2_msgs/nav2_msgs/action/detail/follow_path__traits.hpp
[4.888s] -- Up-to-date symlink: /home/arc/nav2_ws/install/nav2_msgs/include/nav2_msgs/nav2_msgs/action/detail/follow_waypoints__builder.hpp
[4.888s] -- Up-to-date symlink: /home/arc/nav2_ws/install/nav2_msgs/include/nav2_msgs/nav2_msgs/action/detail/follow_waypoints__struct.hpp
[4.889s] -- Up-to-date symlink: /home/arc/nav2_ws/install/nav2_msgs/include/nav2_msgs/nav2_msgs/action/detail/follow_waypoints__traits.hpp
[4.889s] -- Up-to-date symlink: /home/arc/nav2_ws/install/nav2_msgs/include/nav2_msgs/nav2_msgs/action/detail/navigate_through_poses__builder.hpp
[4.889s] -- Up-to-date symlink: /home/arc/nav2_ws/install/nav2_msgs/include/nav2_msgs/nav2_msgs/action/detail/navigate_through_poses__struct.hpp
[4.889s] -- Up-to-date symlink: /home/arc/nav2_ws/install/nav2_msgs/include/nav2_msgs/nav2_msgs/action/detail/navigate_through_poses__traits.hpp
[4.889s] -- Up-to-date symlink: /home/arc/nav2_ws/install/nav2_msgs/include/nav2_msgs/nav2_msgs/action/detail/navigate_to_pose__builder.hpp
[4.890s] -- Up-to-date symlink: /home/arc/nav2_ws/install/nav2_msgs/include/nav2_msgs/nav2_msgs/action/detail/navigate_to_pose__struct.hpp
[4.890s] -- Up-to-date symlink: /home/arc/nav2_ws/install/nav2_msgs/include/nav2_msgs/nav2_msgs/action/detail/navigate_to_pose__traits.hpp
[4.890s] -- Up-to-date symlink: /home/arc/nav2_ws/install/nav2_msgs/include/nav2_msgs/nav2_msgs/action/detail/smooth_path__builder.hpp
[4.890s] -- Up-to-date symlink: /home/arc/nav2_ws/install/nav2_msgs/include/nav2_msgs/nav2_msgs/action/detail/smooth_path__struct.hpp
[4.891s] -- Up-to-date symlink: /home/arc/nav2_ws/install/nav2_msgs/include/nav2_msgs/nav2_msgs/action/detail/smooth_path__traits.hpp
[4.891s] -- Up-to-date symlink: /home/arc/nav2_ws/install/nav2_msgs/include/nav2_msgs/nav2_msgs/action/detail/spin__builder.hpp
[4.891s] -- Up-to-date symlink: /home/arc/nav2_ws/install/nav2_msgs/include/nav2_msgs/nav2_msgs/action/detail/spin__struct.hpp
[4.891s] -- Up-to-date symlink: /home/arc/nav2_ws/install/nav2_msgs/include/nav2_msgs/nav2_msgs/action/detail/spin__traits.hpp
[4.891s] -- Up-to-date symlink: /home/arc/nav2_ws/install/nav2_msgs/include/nav2_msgs/nav2_msgs/action/detail/wait__builder.hpp
[4.891s] -- Up-to-date symlink: /home/arc/nav2_ws/install/nav2_msgs/include/nav2_msgs/nav2_msgs/action/detail/wait__struct.hpp
[4.892s] -- Up-to-date symlink: /home/arc/nav2_ws/install/nav2_msgs/include/nav2_msgs/nav2_msgs/action/detail/wait__traits.hpp
[4.893s] -- Up-to-date symlink: /home/arc/nav2_ws/install/nav2_msgs/include/nav2_msgs/nav2_msgs/action/drive_on_heading.hpp
[4.893s] -- Up-to-date symlink: /home/arc/nav2_ws/install/nav2_msgs/include/nav2_msgs/nav2_msgs/action/dummy_behavior.hpp
[4.893s] -- Up-to-date symlink: /home/arc/nav2_ws/install/nav2_msgs/include/nav2_msgs/nav2_msgs/action/follow_path.hpp
[4.893s] -- Up-to-date symlink: /home/arc/nav2_ws/install/nav2_msgs/include/nav2_msgs/nav2_msgs/action/follow_waypoints.hpp
[4.894s] -- Up-to-date symlink: /home/arc/nav2_ws/install/nav2_msgs/include/nav2_msgs/nav2_msgs/action/navigate_through_poses.hpp
[4.894s] -- Up-to-date symlink: /home/arc/nav2_ws/install/nav2_msgs/include/nav2_msgs/nav2_msgs/action/navigate_to_pose.hpp
[4.894s] -- Up-to-date symlink: /home/arc/nav2_ws/install/nav2_msgs/include/nav2_msgs/nav2_msgs/action/smooth_path.hpp
[4.895s] -- Up-to-date symlink: /home/arc/nav2_ws/install/nav2_msgs/include/nav2_msgs/nav2_msgs/action/spin.hpp
[4.895s] -- Up-to-date symlink: /home/arc/nav2_ws/install/nav2_msgs/include/nav2_msgs/nav2_msgs/action/wait.hpp
[4.895s] -- Up-to-date symlink: /home/arc/nav2_ws/install/nav2_msgs/include/nav2_msgs/nav2_msgs/msg/behavior_tree_log.hpp
[4.895s] -- Up-to-date symlink: /home/arc/nav2_ws/install/nav2_msgs/include/nav2_msgs/nav2_msgs/msg/behavior_tree_status_change.hpp
[4.895s] -- Up-to-date symlink: /home/arc/nav2_ws/install/nav2_msgs/include/nav2_msgs/nav2_msgs/msg/costmap.hpp
[4.896s] -- Up-to-date symlink: /home/arc/nav2_ws/install/nav2_msgs/include/nav2_msgs/nav2_msgs/msg/costmap_filter_info.hpp
[4.896s] -- Up-to-date symlink: /home/arc/nav2_ws/install/nav2_msgs/include/nav2_msgs/nav2_msgs/msg/costmap_meta_data.hpp
[4.896s] -- Up-to-date symlink: /home/arc/nav2_ws/install/nav2_msgs/include/nav2_msgs/nav2_msgs/msg/detail/behavior_tree_log__builder.hpp
[4.896s] -- Up-to-date symlink: /home/arc/nav2_ws/install/nav2_msgs/include/nav2_msgs/nav2_msgs/msg/detail/behavior_tree_log__struct.hpp
[4.896s] -- Up-to-date symlink: /home/arc/nav2_ws/install/nav2_msgs/include/nav2_msgs/nav2_msgs/msg/detail/behavior_tree_log__traits.hpp
[4.896s] -- Up-to-date symlink: /home/arc/nav2_ws/install/nav2_msgs/include/nav2_msgs/nav2_msgs/msg/detail/behavior_tree_status_change__builder.hpp
[4.897s] -- Up-to-date symlink: /home/arc/nav2_ws/install/nav2_msgs/include/nav2_msgs/nav2_msgs/msg/detail/behavior_tree_status_change__struct.hpp
[4.897s] -- Up-to-date symlink: /home/arc/nav2_ws/install/nav2_msgs/include/nav2_msgs/nav2_msgs/msg/detail/behavior_tree_status_change__traits.hpp
[4.897s] -- Up-to-date symlink: /home/arc/nav2_ws/install/nav2_msgs/include/nav2_msgs/nav2_msgs/msg/detail/costmap__builder.hpp
[4.897s] -- Up-to-date symlink: /home/arc/nav2_ws/install/nav2_msgs/include/nav2_msgs/nav2_msgs/msg/detail/costmap__struct.hpp
[4.898s] -- Up-to-date symlink: /home/arc/nav2_ws/install/nav2_msgs/include/nav2_msgs/nav2_msgs/msg/detail/costmap__traits.hpp
[4.898s] -- Up-to-date symlink: /home/arc/nav2_ws/install/nav2_msgs/include/nav2_msgs/nav2_msgs/msg/detail/costmap_filter_info__builder.hpp
[4.898s] -- Up-to-date symlink: /home/arc/nav2_ws/install/nav2_msgs/include/nav2_msgs/nav2_msgs/msg/detail/costmap_filter_info__struct.hpp
[4.898s] -- Up-to-date symlink: /home/arc/nav2_ws/install/nav2_msgs/include/nav2_msgs/nav2_msgs/msg/detail/costmap_filter_info__traits.hpp
[4.898s] -- Up-to-date symlink: /home/arc/nav2_ws/install/nav2_msgs/include/nav2_msgs/nav2_msgs/msg/detail/costmap_meta_data__builder.hpp
[4.898s] -- Up-to-date symlink: /home/arc/nav2_ws/install/nav2_msgs/include/nav2_msgs/nav2_msgs/msg/detail/costmap_meta_data__struct.hpp
[4.899s] -- Up-to-date symlink: /home/arc/nav2_ws/install/nav2_msgs/include/nav2_msgs/nav2_msgs/msg/detail/costmap_meta_data__traits.hpp
[4.899s] -- Up-to-date symlink: /home/arc/nav2_ws/install/nav2_msgs/include/nav2_msgs/nav2_msgs/msg/detail/particle__builder.hpp
[4.899s] -- Up-to-date symlink: /home/arc/nav2_ws/install/nav2_msgs/include/nav2_msgs/nav2_msgs/msg/detail/particle__struct.hpp
[4.899s] -- Up-to-date symlink: /home/arc/nav2_ws/install/nav2_msgs/include/nav2_msgs/nav2_msgs/msg/detail/particle__traits.hpp
[4.899s] -- Up-to-date symlink: /home/arc/nav2_ws/install/nav2_msgs/include/nav2_msgs/nav2_msgs/msg/detail/particle_cloud__builder.hpp
[4.899s] -- Up-to-date symlink: /home/arc/nav2_ws/install/nav2_msgs/include/nav2_msgs/nav2_msgs/msg/detail/particle_cloud__struct.hpp
[4.900s] -- Up-to-date symlink: /home/arc/nav2_ws/install/nav2_msgs/include/nav2_msgs/nav2_msgs/msg/detail/particle_cloud__traits.hpp
[4.900s] -- Up-to-date symlink: /home/arc/nav2_ws/install/nav2_msgs/include/nav2_msgs/nav2_msgs/msg/detail/speed_limit__builder.hpp
[4.900s] -- Up-to-date symlink: /home/arc/nav2_ws/install/nav2_msgs/include/nav2_msgs/nav2_msgs/msg/detail/speed_limit__struct.hpp
[4.900s] -- Up-to-date symlink: /home/arc/nav2_ws/install/nav2_msgs/include/nav2_msgs/nav2_msgs/msg/detail/speed_limit__traits.hpp
[4.900s] -- Up-to-date symlink: /home/arc/nav2_ws/install/nav2_msgs/include/nav2_msgs/nav2_msgs/msg/detail/voxel_grid__builder.hpp
[4.901s] -- Up-to-date symlink: /home/arc/nav2_ws/install/nav2_msgs/include/nav2_msgs/nav2_msgs/msg/detail/voxel_grid__struct.hpp
[4.901s] -- Up-to-date symlink: /home/arc/nav2_ws/install/nav2_msgs/include/nav2_msgs/nav2_msgs/msg/detail/voxel_grid__traits.hpp
[4.901s] -- Up-to-date symlink: /home/arc/nav2_ws/install/nav2_msgs/include/nav2_msgs/nav2_msgs/msg/particle.hpp
[4.901s] -- Up-to-date symlink: /home/arc/nav2_ws/install/nav2_msgs/include/nav2_msgs/nav2_msgs/msg/particle_cloud.hpp
[4.901s] -- Up-to-date symlink: /home/arc/nav2_ws/install/nav2_msgs/include/nav2_msgs/nav2_msgs/msg/speed_limit.hpp
[4.902s] -- Up-to-date symlink: /home/arc/nav2_ws/install/nav2_msgs/include/nav2_msgs/nav2_msgs/msg/voxel_grid.hpp
[4.902s] -- Up-to-date symlink: /home/arc/nav2_ws/install/nav2_msgs/include/nav2_msgs/nav2_msgs/srv/clear_costmap_around_robot.hpp
[4.902s] -- Up-to-date symlink: /home/arc/nav2_ws/install/nav2_msgs/include/nav2_msgs/nav2_msgs/srv/clear_costmap_except_region.hpp
[4.902s] -- Up-to-date symlink: /home/arc/nav2_ws/install/nav2_msgs/include/nav2_msgs/nav2_msgs/srv/clear_entire_costmap.hpp
[4.902s] -- Up-to-date symlink: /home/arc/nav2_ws/install/nav2_msgs/include/nav2_msgs/nav2_msgs/srv/detail/clear_costmap_around_robot__builder.hpp
[4.902s] -- Up-to-date symlink: /home/arc/nav2_ws/install/nav2_msgs/include/nav2_msgs/nav2_msgs/srv/detail/clear_costmap_around_robot__struct.hpp
[4.903s] -- Up-to-date symlink: /home/arc/nav2_ws/install/nav2_msgs/include/nav2_msgs/nav2_msgs/srv/detail/clear_costmap_around_robot__traits.hpp
[4.903s] -- Up-to-date symlink: /home/arc/nav2_ws/install/nav2_msgs/include/nav2_msgs/nav2_msgs/srv/detail/clear_costmap_except_region__builder.hpp
[4.903s] -- Up-to-date symlink: /home/arc/nav2_ws/install/nav2_msgs/include/nav2_msgs/nav2_msgs/srv/detail/clear_costmap_except_region__struct.hpp
[4.903s] -- Up-to-date symlink: /home/arc/nav2_ws/install/nav2_msgs/include/nav2_msgs/nav2_msgs/srv/detail/clear_costmap_except_region__traits.hpp
[4.903s] -- Up-to-date symlink: /home/arc/nav2_ws/install/nav2_msgs/include/nav2_msgs/nav2_msgs/srv/detail/clear_entire_costmap__builder.hpp
[4.904s] -- Up-to-date symlink: /home/arc/nav2_ws/install/nav2_msgs/include/nav2_msgs/nav2_msgs/srv/detail/clear_entire_costmap__struct.hpp
[4.904s] -- Up-to-date symlink: /home/arc/nav2_ws/install/nav2_msgs/include/nav2_msgs/nav2_msgs/srv/detail/clear_entire_costmap__traits.hpp
[4.904s] -- Up-to-date symlink: /home/arc/nav2_ws/install/nav2_msgs/include/nav2_msgs/nav2_msgs/srv/detail/get_costmap__builder.hpp
[4.904s] -- Up-to-date symlink: /home/arc/nav2_ws/install/nav2_msgs/include/nav2_msgs/nav2_msgs/srv/detail/get_costmap__struct.hpp
[4.904s] -- Up-to-date symlink: /home/arc/nav2_ws/install/nav2_msgs/include/nav2_msgs/nav2_msgs/srv/detail/get_costmap__traits.hpp
[4.904s] -- Up-to-date symlink: /home/arc/nav2_ws/install/nav2_msgs/include/nav2_msgs/nav2_msgs/srv/detail/is_path_valid__builder.hpp
[4.905s] -- Up-to-date symlink: /home/arc/nav2_ws/install/nav2_msgs/include/nav2_msgs/nav2_msgs/srv/detail/is_path_valid__struct.hpp
[4.905s] -- Up-to-date symlink: /home/arc/nav2_ws/install/nav2_msgs/include/nav2_msgs/nav2_msgs/srv/detail/is_path_valid__traits.hpp
[4.905s] -- Up-to-date symlink: /home/arc/nav2_ws/install/nav2_msgs/include/nav2_msgs/nav2_msgs/srv/detail/load_map__builder.hpp
[4.905s] -- Up-to-date symlink: /home/arc/nav2_ws/install/nav2_msgs/include/nav2_msgs/nav2_msgs/srv/detail/load_map__struct.hpp
[4.905s] -- Up-to-date symlink: /home/arc/nav2_ws/install/nav2_msgs/include/nav2_msgs/nav2_msgs/srv/detail/load_map__traits.hpp
[4.905s] -- Up-to-date symlink: /home/arc/nav2_ws/install/nav2_msgs/include/nav2_msgs/nav2_msgs/srv/detail/manage_lifecycle_nodes__builder.hpp
[4.906s] -- Up-to-date symlink: /home/arc/nav2_ws/install/nav2_msgs/include/nav2_msgs/nav2_msgs/srv/detail/manage_lifecycle_nodes__struct.hpp
[4.906s] -- Up-to-date symlink: /home/arc/nav2_ws/install/nav2_msgs/include/nav2_msgs/nav2_msgs/srv/detail/manage_lifecycle_nodes__traits.hpp
[4.906s] -- Up-to-date symlink: /home/arc/nav2_ws/install/nav2_msgs/include/nav2_msgs/nav2_msgs/srv/detail/save_map__builder.hpp
[4.906s] -- Up-to-date symlink: /home/arc/nav2_ws/install/nav2_msgs/include/nav2_msgs/nav2_msgs/srv/detail/save_map__struct.hpp
[4.906s] -- Up-to-date symlink: /home/arc/nav2_ws/install/nav2_msgs/include/nav2_msgs/nav2_msgs/srv/detail/save_map__traits.hpp
[4.906s] -- Up-to-date symlink: /home/arc/nav2_ws/install/nav2_msgs/include/nav2_msgs/nav2_msgs/srv/get_costmap.hpp
[4.907s] -- Up-to-date symlink: /home/arc/nav2_ws/install/nav2_msgs/include/nav2_msgs/nav2_msgs/srv/is_path_valid.hpp
[4.907s] -- Up-to-date symlink: /home/arc/nav2_ws/install/nav2_msgs/include/nav2_msgs/nav2_msgs/srv/load_map.hpp
[4.907s] -- Up-to-date symlink: /home/arc/nav2_ws/install/nav2_msgs/include/nav2_msgs/nav2_msgs/srv/manage_lifecycle_nodes.hpp
[4.907s] -- Up-to-date symlink: /home/arc/nav2_ws/install/nav2_msgs/include/nav2_msgs/nav2_msgs/srv/save_map.hpp
[4.907s] -- Up-to-date symlink: /home/arc/nav2_ws/install/nav2_msgs/include/nav2_msgs/nav2_msgs/action/detail/back_up__rosidl_typesupport_fastrtps_cpp.hpp
[4.908s] -- Up-to-date symlink: /home/arc/nav2_ws/install/nav2_msgs/include/nav2_msgs/nav2_msgs/action/detail/compute_path_through_poses__rosidl_typesupport_fastrtps_cpp.hpp
[4.908s] -- Up-to-date symlink: /home/arc/nav2_ws/install/nav2_msgs/include/nav2_msgs/nav2_msgs/action/detail/compute_path_to_pose__rosidl_typesupport_fastrtps_cpp.hpp
[4.908s] -- Up-to-date symlink: /home/arc/nav2_ws/install/nav2_msgs/include/nav2_msgs/nav2_msgs/action/detail/drive_on_heading__rosidl_typesupport_fastrtps_cpp.hpp
[4.908s] -- Up-to-date symlink: /home/arc/nav2_ws/install/nav2_msgs/include/nav2_msgs/nav2_msgs/action/detail/dummy_behavior__rosidl_typesupport_fastrtps_cpp.hpp
[4.908s] -- Up-to-date symlink: /home/arc/nav2_ws/install/nav2_msgs/include/nav2_msgs/nav2_msgs/action/detail/follow_path__rosidl_typesupport_fastrtps_cpp.hpp
[4.909s] -- Up-to-date symlink: /home/arc/nav2_ws/install/nav2_msgs/include/nav2_msgs/nav2_msgs/action/detail/follow_waypoints__rosidl_typesupport_fastrtps_cpp.hpp
[4.909s] -- Up-to-date symlink: /home/arc/nav2_ws/install/nav2_msgs/include/nav2_msgs/nav2_msgs/action/detail/navigate_through_poses__rosidl_typesupport_fastrtps_cpp.hpp
[4.909s] -- Up-to-date symlink: /home/arc/nav2_ws/install/nav2_msgs/include/nav2_msgs/nav2_msgs/action/detail/navigate_to_pose__rosidl_typesupport_fastrtps_cpp.hpp
[4.909s] -- Up-to-date symlink: /home/arc/nav2_ws/install/nav2_msgs/include/nav2_msgs/nav2_msgs/action/detail/smooth_path__rosidl_typesupport_fastrtps_cpp.hpp
[4.910s] -- Up-to-date symlink: /home/arc/nav2_ws/install/nav2_msgs/include/nav2_msgs/nav2_msgs/action/detail/spin__rosidl_typesupport_fastrtps_cpp.hpp
[4.910s] -- Up-to-date symlink: /home/arc/nav2_ws/install/nav2_msgs/include/nav2_msgs/nav2_msgs/action/detail/wait__rosidl_typesupport_fastrtps_cpp.hpp
[4.910s] -- Up-to-date symlink: /home/arc/nav2_ws/install/nav2_msgs/include/nav2_msgs/nav2_msgs/msg/detail/behavior_tree_log__rosidl_typesupport_fastrtps_cpp.hpp
[4.910s] -- Up-to-date symlink: /home/arc/nav2_ws/install/nav2_msgs/include/nav2_msgs/nav2_msgs/msg/detail/behavior_tree_status_change__rosidl_typesupport_fastrtps_cpp.hpp
[4.910s] -- Up-to-date symlink: /home/arc/nav2_ws/install/nav2_msgs/include/nav2_msgs/nav2_msgs/msg/detail/costmap__rosidl_typesupport_fastrtps_cpp.hpp
[4.911s] -- Up-to-date symlink: /home/arc/nav2_ws/install/nav2_msgs/include/nav2_msgs/nav2_msgs/msg/detail/costmap_filter_info__rosidl_typesupport_fastrtps_cpp.hpp
[4.911s] -- Up-to-date symlink: /home/arc/nav2_ws/install/nav2_msgs/include/nav2_msgs/nav2_msgs/msg/detail/costmap_meta_data__rosidl_typesupport_fastrtps_cpp.hpp
[4.911s] -- Up-to-date symlink: /home/arc/nav2_ws/install/nav2_msgs/include/nav2_msgs/nav2_msgs/msg/detail/particle__rosidl_typesupport_fastrtps_cpp.hpp
[4.911s] -- Up-to-date symlink: /home/arc/nav2_ws/install/nav2_msgs/include/nav2_msgs/nav2_msgs/msg/detail/particle_cloud__rosidl_typesupport_fastrtps_cpp.hpp
[4.911s] -- Up-to-date symlink: /home/arc/nav2_ws/install/nav2_msgs/include/nav2_msgs/nav2_msgs/msg/detail/speed_limit__rosidl_typesupport_fastrtps_cpp.hpp
[4.911s] -- Up-to-date symlink: /home/arc/nav2_ws/install/nav2_msgs/include/nav2_msgs/nav2_msgs/msg/detail/voxel_grid__rosidl_typesupport_fastrtps_cpp.hpp
[4.912s] -- Up-to-date symlink: /home/arc/nav2_ws/install/nav2_msgs/include/nav2_msgs/nav2_msgs/msg/rosidl_typesupport_fastrtps_cpp__visibility_control.h
[4.912s] -- Up-to-date symlink: /home/arc/nav2_ws/install/nav2_msgs/include/nav2_msgs/nav2_msgs/srv/detail/clear_costmap_around_robot__rosidl_typesupport_fastrtps_cpp.hpp
[4.912s] -- Up-to-date symlink: /home/arc/nav2_ws/install/nav2_msgs/include/nav2_msgs/nav2_msgs/srv/detail/clear_costmap_except_region__rosidl_typesupport_fastrtps_cpp.hpp
[4.912s] -- Up-to-date symlink: /home/arc/nav2_ws/install/nav2_msgs/include/nav2_msgs/nav2_msgs/srv/detail/clear_entire_costmap__rosidl_typesupport_fastrtps_cpp.hpp
[4.912s] -- Up-to-date symlink: /home/arc/nav2_ws/install/nav2_msgs/include/nav2_msgs/nav2_msgs/srv/detail/get_costmap__rosidl_typesupport_fastrtps_cpp.hpp
[4.912s] -- Up-to-date symlink: /home/arc/nav2_ws/install/nav2_msgs/include/nav2_msgs/nav2_msgs/srv/detail/is_path_valid__rosidl_typesupport_fastrtps_cpp.hpp
[4.913s] -- Up-to-date symlink: /home/arc/nav2_ws/install/nav2_msgs/include/nav2_msgs/nav2_msgs/srv/detail/load_map__rosidl_typesupport_fastrtps_cpp.hpp
[4.913s] -- Up-to-date symlink: /home/arc/nav2_ws/install/nav2_msgs/include/nav2_msgs/nav2_msgs/srv/detail/manage_lifecycle_nodes__rosidl_typesupport_fastrtps_cpp.hpp
[4.913s] -- Up-to-date symlink: /home/arc/nav2_ws/install/nav2_msgs/include/nav2_msgs/nav2_msgs/srv/detail/save_map__rosidl_typesupport_fastrtps_cpp.hpp
[4.913s] -- Up-to-date symlink: /home/arc/nav2_ws/install/nav2_msgs/include/nav2_msgs/nav2_msgs/action/detail/back_up__rosidl_typesupport_introspection_c.h
[4.913s] -- Up-to-date symlink: /home/arc/nav2_ws/install/nav2_msgs/include/nav2_msgs/nav2_msgs/action/detail/compute_path_through_poses__rosidl_typesupport_introspection_c.h
[4.914s] -- Up-to-date symlink: /home/arc/nav2_ws/install/nav2_msgs/include/nav2_msgs/nav2_msgs/action/detail/compute_path_to_pose__rosidl_typesupport_introspection_c.h
[4.914s] -- Up-to-date symlink: /home/arc/nav2_ws/install/nav2_msgs/include/nav2_msgs/nav2_msgs/action/detail/drive_on_heading__rosidl_typesupport_introspection_c.h
[4.914s] -- Up-to-date symlink: /home/arc/nav2_ws/install/nav2_msgs/include/nav2_msgs/nav2_msgs/action/detail/dummy_behavior__rosidl_typesupport_introspection_c.h
[4.914s] -- Up-to-date symlink: /home/arc/nav2_ws/install/nav2_msgs/include/nav2_msgs/nav2_msgs/action/detail/follow_path__rosidl_typesupport_introspection_c.h
[4.915s] -- Up-to-date symlink: /home/arc/nav2_ws/install/nav2_msgs/include/nav2_msgs/nav2_msgs/action/detail/follow_waypoints__rosidl_typesupport_introspection_c.h
[4.917s] -- Up-to-date symlink: /home/arc/nav2_ws/install/nav2_msgs/include/nav2_msgs/nav2_msgs/action/detail/navigate_through_poses__rosidl_typesupport_introspection_c.h
[4.917s] -- Up-to-date symlink: /home/arc/nav2_ws/install/nav2_msgs/include/nav2_msgs/nav2_msgs/action/detail/navigate_to_pose__rosidl_typesupport_introspection_c.h
[4.918s] -- Up-to-date symlink: /home/arc/nav2_ws/install/nav2_msgs/include/nav2_msgs/nav2_msgs/action/detail/smooth_path__rosidl_typesupport_introspection_c.h
[4.918s] -- Up-to-date symlink: /home/arc/nav2_ws/install/nav2_msgs/include/nav2_msgs/nav2_msgs/action/detail/spin__rosidl_typesupport_introspection_c.h
[4.918s] -- Up-to-date symlink: /home/arc/nav2_ws/install/nav2_msgs/include/nav2_msgs/nav2_msgs/action/detail/wait__rosidl_typesupport_introspection_c.h
[4.918s] -- Up-to-date symlink: /home/arc/nav2_ws/install/nav2_msgs/include/nav2_msgs/nav2_msgs/msg/detail/behavior_tree_log__rosidl_typesupport_introspection_c.h
[4.918s] -- Up-to-date symlink: /home/arc/nav2_ws/install/nav2_msgs/include/nav2_msgs/nav2_msgs/msg/detail/behavior_tree_status_change__rosidl_typesupport_introspection_c.h
[4.918s] -- Up-to-date symlink: /home/arc/nav2_ws/install/nav2_msgs/include/nav2_msgs/nav2_msgs/msg/detail/costmap__rosidl_typesupport_introspection_c.h
[4.918s] -- Up-to-date symlink: /home/arc/nav2_ws/install/nav2_msgs/include/nav2_msgs/nav2_msgs/msg/detail/costmap_filter_info__rosidl_typesupport_introspection_c.h
[4.919s] -- Up-to-date symlink: /home/arc/nav2_ws/install/nav2_msgs/include/nav2_msgs/nav2_msgs/msg/detail/costmap_meta_data__rosidl_typesupport_introspection_c.h
[4.919s] -- Up-to-date symlink: /home/arc/nav2_ws/install/nav2_msgs/include/nav2_msgs/nav2_msgs/msg/detail/particle__rosidl_typesupport_introspection_c.h
[4.919s] -- Up-to-date symlink: /home/arc/nav2_ws/install/nav2_msgs/include/nav2_msgs/nav2_msgs/msg/detail/particle_cloud__rosidl_typesupport_introspection_c.h
[4.919s] -- Up-to-date symlink: /home/arc/nav2_ws/install/nav2_msgs/include/nav2_msgs/nav2_msgs/msg/detail/speed_limit__rosidl_typesupport_introspection_c.h
[4.919s] -- Up-to-date symlink: /home/arc/nav2_ws/install/nav2_msgs/include/nav2_msgs/nav2_msgs/msg/detail/voxel_grid__rosidl_typesupport_introspection_c.h
[4.920s] -- Up-to-date symlink: /home/arc/nav2_ws/install/nav2_msgs/include/nav2_msgs/nav2_msgs/msg/rosidl_typesupport_introspection_c__visibility_control.h
[4.920s] -- Up-to-date symlink: /home/arc/nav2_ws/install/nav2_msgs/include/nav2_msgs/nav2_msgs/srv/detail/clear_costmap_around_robot__rosidl_typesupport_introspection_c.h
[4.920s] -- Up-to-date symlink: /home/arc/nav2_ws/install/nav2_msgs/include/nav2_msgs/nav2_msgs/srv/detail/clear_costmap_except_region__rosidl_typesupport_introspection_c.h
[4.920s] -- Up-to-date symlink: /home/arc/nav2_ws/install/nav2_msgs/include/nav2_msgs/nav2_msgs/srv/detail/clear_entire_costmap__rosidl_typesupport_introspection_c.h
[4.920s] -- Up-to-date symlink: /home/arc/nav2_ws/install/nav2_msgs/include/nav2_msgs/nav2_msgs/srv/detail/get_costmap__rosidl_typesupport_introspection_c.h
[4.921s] -- Up-to-date symlink: /home/arc/nav2_ws/install/nav2_msgs/include/nav2_msgs/nav2_msgs/srv/detail/is_path_valid__rosidl_typesupport_introspection_c.h
[4.921s] -- Up-to-date symlink: /home/arc/nav2_ws/install/nav2_msgs/include/nav2_msgs/nav2_msgs/srv/detail/load_map__rosidl_typesupport_introspection_c.h
[4.921s] -- Up-to-date symlink: /home/arc/nav2_ws/install/nav2_msgs/include/nav2_msgs/nav2_msgs/srv/detail/manage_lifecycle_nodes__rosidl_typesupport_introspection_c.h
[4.921s] -- Up-to-date symlink: /home/arc/nav2_ws/install/nav2_msgs/include/nav2_msgs/nav2_msgs/srv/detail/save_map__rosidl_typesupport_introspection_c.h
[4.921s] -- Up-to-date symlink: /home/arc/nav2_ws/install/nav2_msgs/include/nav2_msgs/nav2_msgs/action/detail/back_up__rosidl_typesupport_introspection_cpp.hpp
[4.922s] -- Up-to-date symlink: /home/arc/nav2_ws/install/nav2_msgs/include/nav2_msgs/nav2_msgs/action/detail/compute_path_through_poses__rosidl_typesupport_introspection_cpp.hpp
[4.922s] -- Up-to-date symlink: /home/arc/nav2_ws/install/nav2_msgs/include/nav2_msgs/nav2_msgs/action/detail/compute_path_to_pose__rosidl_typesupport_introspection_cpp.hpp
[4.922s] -- Up-to-date symlink: /home/arc/nav2_ws/install/nav2_msgs/include/nav2_msgs/nav2_msgs/action/detail/drive_on_heading__rosidl_typesupport_introspection_cpp.hpp
[4.922s] -- Up-to-date symlink: /home/arc/nav2_ws/install/nav2_msgs/include/nav2_msgs/nav2_msgs/action/detail/dummy_behavior__rosidl_typesupport_introspection_cpp.hpp
[4.922s] -- Up-to-date symlink: /home/arc/nav2_ws/install/nav2_msgs/include/nav2_msgs/nav2_msgs/action/detail/follow_path__rosidl_typesupport_introspection_cpp.hpp
[4.923s] -- Up-to-date symlink: /home/arc/nav2_ws/install/nav2_msgs/include/nav2_msgs/nav2_msgs/action/detail/follow_waypoints__rosidl_typesupport_introspection_cpp.hpp
[4.923s] -- Up-to-date symlink: /home/arc/nav2_ws/install/nav2_msgs/include/nav2_msgs/nav2_msgs/action/detail/navigate_through_poses__rosidl_typesupport_introspection_cpp.hpp
[4.923s] -- Up-to-date symlink: /home/arc/nav2_ws/install/nav2_msgs/include/nav2_msgs/nav2_msgs/action/detail/navigate_to_pose__rosidl_typesupport_introspection_cpp.hpp
[4.923s] -- Up-to-date symlink: /home/arc/nav2_ws/install/nav2_msgs/include/nav2_msgs/nav2_msgs/action/detail/smooth_path__rosidl_typesupport_introspection_cpp.hpp
[4.923s] -- Up-to-date symlink: /home/arc/nav2_ws/install/nav2_msgs/include/nav2_msgs/nav2_msgs/action/detail/spin__rosidl_typesupport_introspection_cpp.hpp
[4.924s] -- Up-to-date symlink: /home/arc/nav2_ws/install/nav2_msgs/include/nav2_msgs/nav2_msgs/action/detail/wait__rosidl_typesupport_introspection_cpp.hpp
[4.924s] -- Up-to-date symlink: /home/arc/nav2_ws/install/nav2_msgs/include/nav2_msgs/nav2_msgs/msg/detail/behavior_tree_log__rosidl_typesupport_introspection_cpp.hpp
[4.924s] -- Up-to-date symlink: /home/arc/nav2_ws/install/nav2_msgs/include/nav2_msgs/nav2_msgs/msg/detail/behavior_tree_status_change__rosidl_typesupport_introspection_cpp.hpp
[4.924s] -- Up-to-date symlink: /home/arc/nav2_ws/install/nav2_msgs/include/nav2_msgs/nav2_msgs/msg/detail/costmap__rosidl_typesupport_introspection_cpp.hpp
[4.924s] -- Up-to-date symlink: /home/arc/nav2_ws/install/nav2_msgs/include/nav2_msgs/nav2_msgs/msg/detail/costmap_filter_info__rosidl_typesupport_introspection_cpp.hpp
[4.924s] -- Up-to-date symlink: /home/arc/nav2_ws/install/nav2_msgs/include/nav2_msgs/nav2_msgs/msg/detail/costmap_meta_data__rosidl_typesupport_introspection_cpp.hpp
[4.925s] -- Up-to-date symlink: /home/arc/nav2_ws/install/nav2_msgs/include/nav2_msgs/nav2_msgs/msg/detail/particle__rosidl_typesupport_introspection_cpp.hpp
[4.925s] -- Up-to-date symlink: /home/arc/nav2_ws/install/nav2_msgs/include/nav2_msgs/nav2_msgs/msg/detail/particle_cloud__rosidl_typesupport_introspection_cpp.hpp
[4.925s] -- Up-to-date symlink: /home/arc/nav2_ws/install/nav2_msgs/include/nav2_msgs/nav2_msgs/msg/detail/speed_limit__rosidl_typesupport_introspection_cpp.hpp
[4.925s] -- Up-to-date symlink: /home/arc/nav2_ws/install/nav2_msgs/include/nav2_msgs/nav2_msgs/msg/detail/voxel_grid__rosidl_typesupport_introspection_cpp.hpp
[4.925s] -- Up-to-date symlink: /home/arc/nav2_ws/install/nav2_msgs/include/nav2_msgs/nav2_msgs/srv/detail/clear_costmap_around_robot__rosidl_typesupport_introspection_cpp.hpp
[4.925s] -- Up-to-date symlink: /home/arc/nav2_ws/install/nav2_msgs/include/nav2_msgs/nav2_msgs/srv/detail/clear_costmap_except_region__rosidl_typesupport_introspection_cpp.hpp
[4.926s] -- Up-to-date symlink: /home/arc/nav2_ws/install/nav2_msgs/include/nav2_msgs/nav2_msgs/srv/detail/clear_entire_costmap__rosidl_typesupport_introspection_cpp.hpp
[4.926s] -- Up-to-date symlink: /home/arc/nav2_ws/install/nav2_msgs/include/nav2_msgs/nav2_msgs/srv/detail/get_costmap__rosidl_typesupport_introspection_cpp.hpp
[4.926s] -- Up-to-date symlink: /home/arc/nav2_ws/install/nav2_msgs/include/nav2_msgs/nav2_msgs/srv/detail/is_path_valid__rosidl_typesupport_introspection_cpp.hpp
[4.926s] -- Up-to-date symlink: /home/arc/nav2_ws/install/nav2_msgs/include/nav2_msgs/nav2_msgs/srv/detail/load_map__rosidl_typesupport_introspection_cpp.hpp
[4.926s] -- Up-to-date symlink: /home/arc/nav2_ws/install/nav2_msgs/include/nav2_msgs/nav2_msgs/srv/detail/manage_lifecycle_nodes__rosidl_typesupport_introspection_cpp.hpp
[4.926s] -- Up-to-date symlink: /home/arc/nav2_ws/install/nav2_msgs/include/nav2_msgs/nav2_msgs/srv/detail/save_map__rosidl_typesupport_introspection_cpp.hpp
[4.927s] -- Up-to-date symlink: /home/arc/nav2_ws/install/nav2_msgs/share/nav2_msgs/environment/pythonpath.sh
[4.927s] -- Up-to-date symlink: /home/arc/nav2_ws/install/nav2_msgs/share/nav2_msgs/environment/pythonpath.dsv
[4.927s] -- Up-to-date symlink: /home/arc/nav2_ws/install/nav2_msgs/local/lib/python3.10/dist-packages/nav2_msgs-1.1.2-py3.10.egg-info/PKG-INFO
[4.927s] -- Up-to-date symlink: /home/arc/nav2_ws/install/nav2_msgs/local/lib/python3.10/dist-packages/nav2_msgs-1.1.2-py3.10.egg-info/SOURCES.txt
[4.927s] -- Up-to-date symlink: /home/arc/nav2_ws/install/nav2_msgs/local/lib/python3.10/dist-packages/nav2_msgs-1.1.2-py3.10.egg-info/dependency_links.txt
[4.928s] -- Up-to-date symlink: /home/arc/nav2_ws/install/nav2_msgs/local/lib/python3.10/dist-packages/nav2_msgs-1.1.2-py3.10.egg-info/top_level.txt
[4.928s] -- Up-to-date symlink: /home/arc/nav2_ws/install/nav2_msgs/local/lib/python3.10/dist-packages/nav2_msgs/__init__.py
[4.928s] -- Up-to-date symlink: /home/arc/nav2_ws/install/nav2_msgs/local/lib/python3.10/dist-packages/nav2_msgs/_nav2_msgs_s.ep.rosidl_typesupport_c.c
[4.928s] -- Up-to-date symlink: /home/arc/nav2_ws/install/nav2_msgs/local/lib/python3.10/dist-packages/nav2_msgs/_nav2_msgs_s.ep.rosidl_typesupport_fastrtps_c.c
[4.928s] -- Up-to-date symlink: /home/arc/nav2_ws/install/nav2_msgs/local/lib/python3.10/dist-packages/nav2_msgs/_nav2_msgs_s.ep.rosidl_typesupport_introspection_c.c
[4.929s] -- Up-to-date symlink: /home/arc/nav2_ws/install/nav2_msgs/local/lib/python3.10/dist-packages/nav2_msgs/action/__init__.py
[4.929s] -- Up-to-date symlink: /home/arc/nav2_ws/install/nav2_msgs/local/lib/python3.10/dist-packages/nav2_msgs/action/_back_up.py
[4.929s] -- Up-to-date symlink: /home/arc/nav2_ws/install/nav2_msgs/local/lib/python3.10/dist-packages/nav2_msgs/action/_back_up_s.c
[4.929s] -- Up-to-date symlink: /home/arc/nav2_ws/install/nav2_msgs/local/lib/python3.10/dist-packages/nav2_msgs/action/_compute_path_through_poses.py
[4.929s] -- Up-to-date symlink: /home/arc/nav2_ws/install/nav2_msgs/local/lib/python3.10/dist-packages/nav2_msgs/action/_compute_path_through_poses_s.c
[4.930s] -- Up-to-date symlink: /home/arc/nav2_ws/install/nav2_msgs/local/lib/python3.10/dist-packages/nav2_msgs/action/_compute_path_to_pose.py
[4.930s] -- Up-to-date symlink: /home/arc/nav2_ws/install/nav2_msgs/local/lib/python3.10/dist-packages/nav2_msgs/action/_compute_path_to_pose_s.c
[4.930s] -- Up-to-date symlink: /home/arc/nav2_ws/install/nav2_msgs/local/lib/python3.10/dist-packages/nav2_msgs/action/_drive_on_heading.py
[4.930s] -- Up-to-date symlink: /home/arc/nav2_ws/install/nav2_msgs/local/lib/python3.10/dist-packages/nav2_msgs/action/_drive_on_heading_s.c
[4.930s] -- Up-to-date symlink: /home/arc/nav2_ws/install/nav2_msgs/local/lib/python3.10/dist-packages/nav2_msgs/action/_dummy_behavior.py
[4.931s] -- Up-to-date symlink: /home/arc/nav2_ws/install/nav2_msgs/local/lib/python3.10/dist-packages/nav2_msgs/action/_dummy_behavior_s.c
[4.931s] -- Up-to-date symlink: /home/arc/nav2_ws/install/nav2_msgs/local/lib/python3.10/dist-packages/nav2_msgs/action/_follow_path.py
[4.931s] -- Up-to-date symlink: /home/arc/nav2_ws/install/nav2_msgs/local/lib/python3.10/dist-packages/nav2_msgs/action/_follow_path_s.c
[4.931s] -- Up-to-date symlink: /home/arc/nav2_ws/install/nav2_msgs/local/lib/python3.10/dist-packages/nav2_msgs/action/_follow_waypoints.py
[4.931s] -- Up-to-date symlink: /home/arc/nav2_ws/install/nav2_msgs/local/lib/python3.10/dist-packages/nav2_msgs/action/_follow_waypoints_s.c
[4.931s] -- Up-to-date symlink: /home/arc/nav2_ws/install/nav2_msgs/local/lib/python3.10/dist-packages/nav2_msgs/action/_navigate_through_poses.py
[4.932s] -- Up-to-date symlink: /home/arc/nav2_ws/install/nav2_msgs/local/lib/python3.10/dist-packages/nav2_msgs/action/_navigate_through_poses_s.c
[4.933s] -- Up-to-date symlink: /home/arc/nav2_ws/install/nav2_msgs/local/lib/python3.10/dist-packages/nav2_msgs/action/_navigate_to_pose.py
[4.933s] -- Up-to-date symlink: /home/arc/nav2_ws/install/nav2_msgs/local/lib/python3.10/dist-packages/nav2_msgs/action/_navigate_to_pose_s.c
[4.933s] -- Up-to-date symlink: /home/arc/nav2_ws/install/nav2_msgs/local/lib/python3.10/dist-packages/nav2_msgs/action/_smooth_path.py
[4.934s] -- Up-to-date symlink: /home/arc/nav2_ws/install/nav2_msgs/local/lib/python3.10/dist-packages/nav2_msgs/action/_smooth_path_s.c
[4.934s] -- Up-to-date symlink: /home/arc/nav2_ws/install/nav2_msgs/local/lib/python3.10/dist-packages/nav2_msgs/action/_spin.py
[4.934s] -- Up-to-date symlink: /home/arc/nav2_ws/install/nav2_msgs/local/lib/python3.10/dist-packages/nav2_msgs/action/_spin_s.c
[4.934s] -- Up-to-date symlink: /home/arc/nav2_ws/install/nav2_msgs/local/lib/python3.10/dist-packages/nav2_msgs/action/_wait.py
[4.934s] -- Up-to-date symlink: /home/arc/nav2_ws/install/nav2_msgs/local/lib/python3.10/dist-packages/nav2_msgs/action/_wait_s.c
[4.935s] -- Up-to-date symlink: /home/arc/nav2_ws/install/nav2_msgs/local/lib/python3.10/dist-packages/nav2_msgs/libnav2_msgs__rosidl_generator_py.so
[4.935s] -- Up-to-date symlink: /home/arc/nav2_ws/install/nav2_msgs/local/lib/python3.10/dist-packages/nav2_msgs/msg/__init__.py
[4.935s] -- Up-to-date symlink: /home/arc/nav2_ws/install/nav2_msgs/local/lib/python3.10/dist-packages/nav2_msgs/msg/_behavior_tree_log.py
[4.935s] -- Up-to-date symlink: /home/arc/nav2_ws/install/nav2_msgs/local/lib/python3.10/dist-packages/nav2_msgs/msg/_behavior_tree_log_s.c
[4.935s] -- Up-to-date symlink: /home/arc/nav2_ws/install/nav2_msgs/local/lib/python3.10/dist-packages/nav2_msgs/msg/_behavior_tree_status_change.py
[4.936s] -- Up-to-date symlink: /home/arc/nav2_ws/install/nav2_msgs/local/lib/python3.10/dist-packages/nav2_msgs/msg/_behavior_tree_status_change_s.c
[4.936s] -- Up-to-date symlink: /home/arc/nav2_ws/install/nav2_msgs/local/lib/python3.10/dist-packages/nav2_msgs/msg/_costmap.py
[4.936s] -- Up-to-date symlink: /home/arc/nav2_ws/install/nav2_msgs/local/lib/python3.10/dist-packages/nav2_msgs/msg/_costmap_filter_info.py
[4.936s] -- Up-to-date symlink: /home/arc/nav2_ws/install/nav2_msgs/local/lib/python3.10/dist-packages/nav2_msgs/msg/_costmap_filter_info_s.c
[4.936s] -- Up-to-date symlink: /home/arc/nav2_ws/install/nav2_msgs/local/lib/python3.10/dist-packages/nav2_msgs/msg/_costmap_meta_data.py
[4.937s] -- Up-to-date symlink: /home/arc/nav2_ws/install/nav2_msgs/local/lib/python3.10/dist-packages/nav2_msgs/msg/_costmap_meta_data_s.c
[4.937s] -- Up-to-date symlink: /home/arc/nav2_ws/install/nav2_msgs/local/lib/python3.10/dist-packages/nav2_msgs/msg/_costmap_s.c
[4.937s] -- Up-to-date symlink: /home/arc/nav2_ws/install/nav2_msgs/local/lib/python3.10/dist-packages/nav2_msgs/msg/_particle.py
[4.937s] -- Up-to-date symlink: /home/arc/nav2_ws/install/nav2_msgs/local/lib/python3.10/dist-packages/nav2_msgs/msg/_particle_cloud.py
[4.937s] -- Up-to-date symlink: /home/arc/nav2_ws/install/nav2_msgs/local/lib/python3.10/dist-packages/nav2_msgs/msg/_particle_cloud_s.c
[4.938s] -- Up-to-date symlink: /home/arc/nav2_ws/install/nav2_msgs/local/lib/python3.10/dist-packages/nav2_msgs/msg/_particle_s.c
[4.938s] -- Up-to-date symlink: /home/arc/nav2_ws/install/nav2_msgs/local/lib/python3.10/dist-packages/nav2_msgs/msg/_speed_limit.py
[4.938s] -- Up-to-date symlink: /home/arc/nav2_ws/install/nav2_msgs/local/lib/python3.10/dist-packages/nav2_msgs/msg/_speed_limit_s.c
[4.938s] -- Up-to-date symlink: /home/arc/nav2_ws/install/nav2_msgs/local/lib/python3.10/dist-packages/nav2_msgs/msg/_voxel_grid.py
[4.938s] -- Up-to-date symlink: /home/arc/nav2_ws/install/nav2_msgs/local/lib/python3.10/dist-packages/nav2_msgs/msg/_voxel_grid_s.c
[4.939s] -- Up-to-date symlink: /home/arc/nav2_ws/install/nav2_msgs/local/lib/python3.10/dist-packages/nav2_msgs/nav2_msgs_s__rosidl_typesupport_c.cpython-310-x86_64-linux-gnu.so
[4.939s] -- Up-to-date symlink: /home/arc/nav2_ws/install/nav2_msgs/local/lib/python3.10/dist-packages/nav2_msgs/nav2_msgs_s__rosidl_typesupport_fastrtps_c.cpython-310-x86_64-linux-gnu.so
[4.939s] -- Up-to-date symlink: /home/arc/nav2_ws/install/nav2_msgs/local/lib/python3.10/dist-packages/nav2_msgs/nav2_msgs_s__rosidl_typesupport_introspection_c.cpython-310-x86_64-linux-gnu.so
[4.939s] -- Up-to-date symlink: /home/arc/nav2_ws/install/nav2_msgs/local/lib/python3.10/dist-packages/nav2_msgs/srv/__init__.py
[4.939s] -- Up-to-date symlink: /home/arc/nav2_ws/install/nav2_msgs/local/lib/python3.10/dist-packages/nav2_msgs/srv/_clear_costmap_around_robot.py
[4.939s] -- Up-to-date symlink: /home/arc/nav2_ws/install/nav2_msgs/local/lib/python3.10/dist-packages/nav2_msgs/srv/_clear_costmap_around_robot_s.c
[4.940s] -- Up-to-date symlink: /home/arc/nav2_ws/install/nav2_msgs/local/lib/python3.10/dist-packages/nav2_msgs/srv/_clear_costmap_except_region.py
[4.940s] -- Up-to-date symlink: /home/arc/nav2_ws/install/nav2_msgs/local/lib/python3.10/dist-packages/nav2_msgs/srv/_clear_costmap_except_region_s.c
[4.940s] -- Up-to-date symlink: /home/arc/nav2_ws/install/nav2_msgs/local/lib/python3.10/dist-packages/nav2_msgs/srv/_clear_entire_costmap.py
[4.940s] -- Up-to-date symlink: /home/arc/nav2_ws/install/nav2_msgs/local/lib/python3.10/dist-packages/nav2_msgs/srv/_clear_entire_costmap_s.c
[4.940s] -- Up-to-date symlink: /home/arc/nav2_ws/install/nav2_msgs/local/lib/python3.10/dist-packages/nav2_msgs/srv/_get_costmap.py
[4.941s] -- Up-to-date symlink: /home/arc/nav2_ws/install/nav2_msgs/local/lib/python3.10/dist-packages/nav2_msgs/srv/_get_costmap_s.c
[4.941s] -- Up-to-date symlink: /home/arc/nav2_ws/install/nav2_msgs/local/lib/python3.10/dist-packages/nav2_msgs/srv/_is_path_valid.py
[4.941s] -- Up-to-date symlink: /home/arc/nav2_ws/install/nav2_msgs/local/lib/python3.10/dist-packages/nav2_msgs/srv/_is_path_valid_s.c
[4.941s] -- Up-to-date symlink: /home/arc/nav2_ws/install/nav2_msgs/local/lib/python3.10/dist-packages/nav2_msgs/srv/_load_map.py
[4.941s] -- Up-to-date symlink: /home/arc/nav2_ws/install/nav2_msgs/local/lib/python3.10/dist-packages/nav2_msgs/srv/_load_map_s.c
[4.942s] -- Up-to-date symlink: /home/arc/nav2_ws/install/nav2_msgs/local/lib/python3.10/dist-packages/nav2_msgs/srv/_manage_lifecycle_nodes.py
[4.942s] -- Up-to-date symlink: /home/arc/nav2_ws/install/nav2_msgs/local/lib/python3.10/dist-packages/nav2_msgs/srv/_manage_lifecycle_nodes_s.c
[4.942s] -- Up-to-date symlink: /home/arc/nav2_ws/install/nav2_msgs/local/lib/python3.10/dist-packages/nav2_msgs/srv/_save_map.py
[4.942s] -- Up-to-date symlink: /home/arc/nav2_ws/install/nav2_msgs/local/lib/python3.10/dist-packages/nav2_msgs/srv/_save_map_s.c
[4.942s] -- Up-to-date symlink: /home/arc/nav2_ws/install/nav2_msgs/local/lib/python3.10/dist-packages/nav2_msgs/nav2_msgs_s__rosidl_typesupport_fastrtps_c.cpython-310-x86_64-linux-gnu.so
[4.943s] -- Up-to-date symlink: /home/arc/nav2_ws/install/nav2_msgs/local/lib/python3.10/dist-packages/nav2_msgs/nav2_msgs_s__rosidl_typesupport_introspection_c.cpython-310-x86_64-linux-gnu.so
[4.943s] -- Up-to-date symlink: /home/arc/nav2_ws/install/nav2_msgs/local/lib/python3.10/dist-packages/nav2_msgs/nav2_msgs_s__rosidl_typesupport_c.cpython-310-x86_64-linux-gnu.so
[4.943s] -- Up-to-date symlink: /home/arc/nav2_ws/install/nav2_msgs/share/nav2_msgs/msg/Costmap.idl
[4.943s] -- Up-to-date symlink: /home/arc/nav2_ws/install/nav2_msgs/share/nav2_msgs/msg/CostmapMetaData.idl
[4.943s] -- Up-to-date symlink: /home/arc/nav2_ws/install/nav2_msgs/share/nav2_msgs/msg/CostmapFilterInfo.idl
[4.944s] -- Up-to-date symlink: /home/arc/nav2_ws/install/nav2_msgs/share/nav2_msgs/msg/SpeedLimit.idl
[4.944s] -- Up-to-date symlink: /home/arc/nav2_ws/install/nav2_msgs/share/nav2_msgs/msg/VoxelGrid.idl
[4.944s] -- Up-to-date symlink: /home/arc/nav2_ws/install/nav2_msgs/share/nav2_msgs/msg/BehaviorTreeStatusChange.idl
[4.944s] -- Up-to-date symlink: /home/arc/nav2_ws/install/nav2_msgs/share/nav2_msgs/msg/BehaviorTreeLog.idl
[4.945s] -- Up-to-date symlink: /home/arc/nav2_ws/install/nav2_msgs/share/nav2_msgs/msg/Particle.idl
[4.945s] -- Up-to-date symlink: /home/arc/nav2_ws/install/nav2_msgs/share/nav2_msgs/msg/ParticleCloud.idl
[4.945s] -- Up-to-date symlink: /home/arc/nav2_ws/install/nav2_msgs/share/nav2_msgs/srv/GetCostmap.idl
[4.945s] -- Up-to-date symlink: /home/arc/nav2_ws/install/nav2_msgs/share/nav2_msgs/srv/IsPathValid.idl
[4.946s] -- Up-to-date symlink: /home/arc/nav2_ws/install/nav2_msgs/share/nav2_msgs/srv/ClearCostmapExceptRegion.idl
[4.946s] -- Up-to-date symlink: /home/arc/nav2_ws/install/nav2_msgs/share/nav2_msgs/srv/ClearCostmapAroundRobot.idl
[4.946s] -- Up-to-date symlink: /home/arc/nav2_ws/install/nav2_msgs/share/nav2_msgs/srv/ClearEntireCostmap.idl
[4.946s] -- Up-to-date symlink: /home/arc/nav2_ws/install/nav2_msgs/share/nav2_msgs/srv/ManageLifecycleNodes.idl
[4.946s] -- Up-to-date symlink: /home/arc/nav2_ws/install/nav2_msgs/share/nav2_msgs/srv/LoadMap.idl
[4.947s] -- Up-to-date symlink: /home/arc/nav2_ws/install/nav2_msgs/share/nav2_msgs/srv/SaveMap.idl
[4.947s] -- Up-to-date symlink: /home/arc/nav2_ws/install/nav2_msgs/share/nav2_msgs/action/BackUp.idl
[4.947s] -- Up-to-date symlink: /home/arc/nav2_ws/install/nav2_msgs/share/nav2_msgs/action/ComputePathToPose.idl
[4.947s] -- Up-to-date symlink: /home/arc/nav2_ws/install/nav2_msgs/share/nav2_msgs/action/ComputePathThroughPoses.idl
[4.947s] -- Up-to-date symlink: /home/arc/nav2_ws/install/nav2_msgs/share/nav2_msgs/action/DriveOnHeading.idl
[4.948s] -- Up-to-date symlink: /home/arc/nav2_ws/install/nav2_msgs/share/nav2_msgs/action/SmoothPath.idl
[4.948s] -- Up-to-date symlink: /home/arc/nav2_ws/install/nav2_msgs/share/nav2_msgs/action/FollowPath.idl
[4.948s] -- Up-to-date symlink: /home/arc/nav2_ws/install/nav2_msgs/share/nav2_msgs/action/NavigateToPose.idl
[4.948s] -- Up-to-date symlink: /home/arc/nav2_ws/install/nav2_msgs/share/nav2_msgs/action/NavigateThroughPoses.idl
[4.948s] -- Up-to-date symlink: /home/arc/nav2_ws/install/nav2_msgs/share/nav2_msgs/action/Wait.idl
[4.949s] -- Up-to-date symlink: /home/arc/nav2_ws/install/nav2_msgs/share/nav2_msgs/action/Spin.idl
[4.949s] -- Up-to-date symlink: /home/arc/nav2_ws/install/nav2_msgs/share/nav2_msgs/action/DummyBehavior.idl
[4.949s] -- Up-to-date symlink: /home/arc/nav2_ws/install/nav2_msgs/share/nav2_msgs/action/FollowWaypoints.idl
[4.949s] -- Up-to-date symlink: /home/arc/nav2_ws/install/nav2_msgs/share/nav2_msgs/msg/Costmap.msg
[4.949s] -- Up-to-date symlink: /home/arc/nav2_ws/install/nav2_msgs/share/nav2_msgs/msg/CostmapMetaData.msg
[4.949s] -- Up-to-date symlink: /home/arc/nav2_ws/install/nav2_msgs/share/nav2_msgs/msg/CostmapFilterInfo.msg
[4.950s] -- Up-to-date symlink: /home/arc/nav2_ws/install/nav2_msgs/share/nav2_msgs/msg/SpeedLimit.msg
[4.950s] -- Up-to-date symlink: /home/arc/nav2_ws/install/nav2_msgs/share/nav2_msgs/msg/VoxelGrid.msg
[4.950s] -- Up-to-date symlink: /home/arc/nav2_ws/install/nav2_msgs/share/nav2_msgs/msg/BehaviorTreeStatusChange.msg
[4.950s] -- Up-to-date symlink: /home/arc/nav2_ws/install/nav2_msgs/share/nav2_msgs/msg/BehaviorTreeLog.msg
[4.950s] -- Up-to-date symlink: /home/arc/nav2_ws/install/nav2_msgs/share/nav2_msgs/msg/Particle.msg
[4.951s] -- Up-to-date symlink: /home/arc/nav2_ws/install/nav2_msgs/share/nav2_msgs/msg/ParticleCloud.msg
[4.951s] -- Up-to-date symlink: /home/arc/nav2_ws/install/nav2_msgs/share/nav2_msgs/srv/GetCostmap.srv
[4.951s] -- Up-to-date symlink: /home/arc/nav2_ws/install/nav2_msgs/share/nav2_msgs/srv/GetCostmap_Request.msg
[4.951s] -- Up-to-date symlink: /home/arc/nav2_ws/install/nav2_msgs/share/nav2_msgs/srv/GetCostmap_Response.msg
[4.951s] -- Up-to-date symlink: /home/arc/nav2_ws/install/nav2_msgs/share/nav2_msgs/srv/IsPathValid.srv
[4.951s] -- Up-to-date symlink: /home/arc/nav2_ws/install/nav2_msgs/share/nav2_msgs/srv/IsPathValid_Request.msg
[4.952s] -- Up-to-date symlink: /home/arc/nav2_ws/install/nav2_msgs/share/nav2_msgs/srv/IsPathValid_Response.msg
[4.952s] -- Up-to-date symlink: /home/arc/nav2_ws/install/nav2_msgs/share/nav2_msgs/srv/ClearCostmapExceptRegion.srv
[4.952s] -- Up-to-date symlink: /home/arc/nav2_ws/install/nav2_msgs/share/nav2_msgs/srv/ClearCostmapExceptRegion_Request.msg
[4.952s] -- Up-to-date symlink: /home/arc/nav2_ws/install/nav2_msgs/share/nav2_msgs/srv/ClearCostmapExceptRegion_Response.msg
[4.952s] -- Up-to-date symlink: /home/arc/nav2_ws/install/nav2_msgs/share/nav2_msgs/srv/ClearCostmapAroundRobot.srv
[4.953s] -- Up-to-date symlink: /home/arc/nav2_ws/install/nav2_msgs/share/nav2_msgs/srv/ClearCostmapAroundRobot_Request.msg
[4.953s] -- Up-to-date symlink: /home/arc/nav2_ws/install/nav2_msgs/share/nav2_msgs/srv/ClearCostmapAroundRobot_Response.msg
[4.953s] -- Up-to-date symlink: /home/arc/nav2_ws/install/nav2_msgs/share/nav2_msgs/srv/ClearEntireCostmap.srv
[4.953s] -- Up-to-date symlink: /home/arc/nav2_ws/install/nav2_msgs/share/nav2_msgs/srv/ClearEntireCostmap_Request.msg
[4.953s] -- Up-to-date symlink: /home/arc/nav2_ws/install/nav2_msgs/share/nav2_msgs/srv/ClearEntireCostmap_Response.msg
[4.954s] -- Up-to-date symlink: /home/arc/nav2_ws/install/nav2_msgs/share/nav2_msgs/srv/ManageLifecycleNodes.srv
[4.954s] -- Up-to-date symlink: /home/arc/nav2_ws/install/nav2_msgs/share/nav2_msgs/srv/ManageLifecycleNodes_Request.msg
[4.954s] -- Up-to-date symlink: /home/arc/nav2_ws/install/nav2_msgs/share/nav2_msgs/srv/ManageLifecycleNodes_Response.msg
[4.954s] -- Up-to-date symlink: /home/arc/nav2_ws/install/nav2_msgs/share/nav2_msgs/srv/LoadMap.srv
[4.954s] -- Up-to-date symlink: /home/arc/nav2_ws/install/nav2_msgs/share/nav2_msgs/srv/LoadMap_Request.msg
[4.954s] -- Up-to-date symlink: /home/arc/nav2_ws/install/nav2_msgs/share/nav2_msgs/srv/LoadMap_Response.msg
[4.954s] -- Up-to-date symlink: /home/arc/nav2_ws/install/nav2_msgs/share/nav2_msgs/srv/SaveMap.srv
[4.955s] -- Up-to-date symlink: /home/arc/nav2_ws/install/nav2_msgs/share/nav2_msgs/srv/SaveMap_Request.msg
[4.955s] -- Up-to-date symlink: /home/arc/nav2_ws/install/nav2_msgs/share/nav2_msgs/srv/SaveMap_Response.msg
[4.955s] -- Up-to-date symlink: /home/arc/nav2_ws/install/nav2_msgs/share/nav2_msgs/action/BackUp.action
[4.955s] -- Up-to-date symlink: /home/arc/nav2_ws/install/nav2_msgs/share/nav2_msgs/action/ComputePathToPose.action
[4.955s] -- Up-to-date symlink: /home/arc/nav2_ws/install/nav2_msgs/share/nav2_msgs/action/ComputePathThroughPoses.action
[4.956s] -- Up-to-date symlink: /home/arc/nav2_ws/install/nav2_msgs/share/nav2_msgs/action/DriveOnHeading.action
[4.956s] -- Up-to-date symlink: /home/arc/nav2_ws/install/nav2_msgs/share/nav2_msgs/action/SmoothPath.action
[4.956s] -- Up-to-date symlink: /home/arc/nav2_ws/install/nav2_msgs/share/nav2_msgs/action/FollowPath.action
[4.956s] -- Up-to-date symlink: /home/arc/nav2_ws/install/nav2_msgs/share/nav2_msgs/action/NavigateToPose.action
[4.956s] -- Up-to-date symlink: /home/arc/nav2_ws/install/nav2_msgs/share/nav2_msgs/action/NavigateThroughPoses.action
[4.956s] -- Up-to-date symlink: /home/arc/nav2_ws/install/nav2_msgs/share/nav2_msgs/action/Wait.action
[4.957s] -- Up-to-date symlink: /home/arc/nav2_ws/install/nav2_msgs/share/nav2_msgs/action/Spin.action
[4.957s] -- Up-to-date symlink: /home/arc/nav2_ws/install/nav2_msgs/share/nav2_msgs/action/DummyBehavior.action
[4.957s] -- Up-to-date symlink: /home/arc/nav2_ws/install/nav2_msgs/share/nav2_msgs/action/FollowWaypoints.action
[4.957s] -- Up-to-date symlink: /home/arc/nav2_ws/install/nav2_msgs/share/ament_index/resource_index/package_run_dependencies/nav2_msgs
[4.957s] -- Up-to-date symlink: /home/arc/nav2_ws/install/nav2_msgs/share/ament_index/resource_index/parent_prefix_path/nav2_msgs
[4.958s] -- Up-to-date symlink: /home/arc/nav2_ws/install/nav2_msgs/share/nav2_msgs/environment/ament_prefix_path.sh
[4.958s] -- Up-to-date symlink: /home/arc/nav2_ws/install/nav2_msgs/share/nav2_msgs/environment/ament_prefix_path.dsv
[4.958s] -- Up-to-date symlink: /home/arc/nav2_ws/install/nav2_msgs/share/nav2_msgs/environment/path.sh
[4.958s] -- Up-to-date symlink: /home/arc/nav2_ws/install/nav2_msgs/share/nav2_msgs/environment/path.dsv
[4.958s] -- Up-to-date symlink: /home/arc/nav2_ws/install/nav2_msgs/share/nav2_msgs/local_setup.bash
[4.958s] -- Up-to-date symlink: /home/arc/nav2_ws/install/nav2_msgs/share/nav2_msgs/local_setup.sh
[4.959s] -- Up-to-date symlink: /home/arc/nav2_ws/install/nav2_msgs/share/nav2_msgs/local_setup.zsh
[4.959s] -- Up-to-date symlink: /home/arc/nav2_ws/install/nav2_msgs/share/nav2_msgs/local_setup.dsv
[4.959s] -- Symlinking: /home/arc/nav2_ws/install/nav2_msgs/share/nav2_msgs/package.dsv
[4.968s] -- Up-to-date symlink: /home/arc/nav2_ws/install/nav2_msgs/share/ament_index/resource_index/packages/nav2_msgs
[4.969s] -- Up-to-date symlink: /home/arc/nav2_ws/install/nav2_msgs/share/nav2_msgs/cmake/rosidl_cmake-extras.cmake
[4.969s] -- Up-to-date symlink: /home/arc/nav2_ws/install/nav2_msgs/share/nav2_msgs/cmake/ament_cmake_export_dependencies-extras.cmake
[4.969s] -- Up-to-date symlink: /home/arc/nav2_ws/install/nav2_msgs/share/nav2_msgs/cmake/ament_cmake_export_include_directories-extras.cmake
[4.969s] -- Up-to-date symlink: /home/arc/nav2_ws/install/nav2_msgs/share/nav2_msgs/cmake/ament_cmake_export_libraries-extras.cmake
[4.971s] -- Up-to-date symlink: /home/arc/nav2_ws/install/nav2_msgs/share/nav2_msgs/cmake/ament_cmake_export_targets-extras.cmake
[4.971s] -- Up-to-date symlink: /home/arc/nav2_ws/install/nav2_msgs/share/nav2_msgs/cmake/rosidl_cmake_export_typesupport_targets-extras.cmake
[4.971s] -- Up-to-date symlink: /home/arc/nav2_ws/install/nav2_msgs/share/nav2_msgs/cmake/rosidl_cmake_export_typesupport_libraries-extras.cmake
[4.971s] -- Up-to-date symlink: /home/arc/nav2_ws/install/nav2_msgs/share/nav2_msgs/cmake/nav2_msgsConfig.cmake
[4.971s] -- Up-to-date symlink: /home/arc/nav2_ws/install/nav2_msgs/share/nav2_msgs/cmake/nav2_msgsConfig-version.cmake
[4.972s] -- Up-to-date symlink: /home/arc/nav2_ws/install/nav2_msgs/share/nav2_msgs/package.xml
[4.972s] -- Up-to-date: /home/arc/nav2_ws/install/nav2_msgs/lib/libnav2_msgs__rosidl_generator_c.so
[4.972s] -- Up-to-date: /home/arc/nav2_ws/install/nav2_msgs/lib/libnav2_msgs__rosidl_typesupport_fastrtps_c.so
[4.973s] -- Up-to-date: /home/arc/nav2_ws/install/nav2_msgs/lib/libnav2_msgs__rosidl_typesupport_fastrtps_cpp.so
[4.973s] -- Up-to-date: /home/arc/nav2_ws/install/nav2_msgs/lib/libnav2_msgs__rosidl_typesupport_introspection_c.so
[4.974s] -- Up-to-date: /home/arc/nav2_ws/install/nav2_msgs/lib/libnav2_msgs__rosidl_typesupport_c.so
[4.974s] -- Up-to-date: /home/arc/nav2_ws/install/nav2_msgs/lib/libnav2_msgs__rosidl_typesupport_introspection_cpp.so
[4.974s] -- Up-to-date: /home/arc/nav2_ws/install/nav2_msgs/lib/libnav2_msgs__rosidl_typesupport_cpp.so
[5.020s] Listing '/home/arc/nav2_ws/install/nav2_msgs/local/lib/python3.10/dist-packages/nav2_msgs'...
[5.020s] Compiling '/home/arc/nav2_ws/install/nav2_msgs/local/lib/python3.10/dist-packages/nav2_msgs/__init__.py'...
[5.020s] Listing '/home/arc/nav2_ws/install/nav2_msgs/local/lib/python3.10/dist-packages/nav2_msgs/action'...
[5.021s] Listing '/home/arc/nav2_ws/install/nav2_msgs/local/lib/python3.10/dist-packages/nav2_msgs/msg'...
[5.021s] Listing '/home/arc/nav2_ws/install/nav2_msgs/local/lib/python3.10/dist-packages/nav2_msgs/srv'...
[5.027s] -- Up-to-date: /home/arc/nav2_ws/install/nav2_msgs/lib/libnav2_msgs__rosidl_generator_py.so
[5.027s] -- Up-to-date: /home/arc/nav2_ws/install/nav2_msgs/share/nav2_msgs/cmake/export_nav2_msgs__rosidl_generator_cExport.cmake
[5.028s] -- Up-to-date: /home/arc/nav2_ws/install/nav2_msgs/share/nav2_msgs/cmake/export_nav2_msgs__rosidl_generator_cExport-release.cmake
[5.028s] -- Up-to-date: /home/arc/nav2_ws/install/nav2_msgs/share/nav2_msgs/cmake/export_nav2_msgs__rosidl_typesupport_fastrtps_cExport.cmake
[5.028s] -- Up-to-date: /home/arc/nav2_ws/install/nav2_msgs/share/nav2_msgs/cmake/export_nav2_msgs__rosidl_typesupport_fastrtps_cExport-release.cmake
[5.028s] -- Up-to-date: /home/arc/nav2_ws/install/nav2_msgs/share/nav2_msgs/cmake/export_nav2_msgs__rosidl_generator_cppExport.cmake
[5.029s] -- Up-to-date: /home/arc/nav2_ws/install/nav2_msgs/share/nav2_msgs/cmake/export_nav2_msgs__rosidl_typesupport_fastrtps_cppExport.cmake
[5.029s] -- Up-to-date: /home/arc/nav2_ws/install/nav2_msgs/share/nav2_msgs/cmake/export_nav2_msgs__rosidl_typesupport_fastrtps_cppExport-release.cmake
[5.029s] -- Up-to-date: /home/arc/nav2_ws/install/nav2_msgs/share/nav2_msgs/cmake/nav2_msgs__rosidl_typesupport_introspection_cExport.cmake
[5.029s] -- Up-to-date: /home/arc/nav2_ws/install/nav2_msgs/share/nav2_msgs/cmake/nav2_msgs__rosidl_typesupport_introspection_cExport-release.cmake
[5.029s] -- Up-to-date: /home/arc/nav2_ws/install/nav2_msgs/share/nav2_msgs/cmake/nav2_msgs__rosidl_typesupport_cExport.cmake
[5.030s] -- Up-to-date: /home/arc/nav2_ws/install/nav2_msgs/share/nav2_msgs/cmake/nav2_msgs__rosidl_typesupport_cExport-release.cmake
[5.030s] -- Up-to-date: /home/arc/nav2_ws/install/nav2_msgs/share/nav2_msgs/cmake/nav2_msgs__rosidl_typesupport_introspection_cppExport.cmake
[5.030s] -- Up-to-date: /home/arc/nav2_ws/install/nav2_msgs/share/nav2_msgs/cmake/nav2_msgs__rosidl_typesupport_introspection_cppExport-release.cmake
[5.030s] -- Up-to-date: /home/arc/nav2_ws/install/nav2_msgs/share/nav2_msgs/cmake/nav2_msgs__rosidl_typesupport_cppExport.cmake
[5.030s] -- Up-to-date: /home/arc/nav2_ws/install/nav2_msgs/share/nav2_msgs/cmake/nav2_msgs__rosidl_typesupport_cppExport-release.cmake
[5.030s] -- Up-to-date: /home/arc/nav2_ws/install/nav2_msgs/share/nav2_msgs/cmake/export_nav2_msgs__rosidl_generator_pyExport.cmake
[5.030s] -- Up-to-date: /home/arc/nav2_ws/install/nav2_msgs/share/nav2_msgs/cmake/export_nav2_msgs__rosidl_generator_pyExport-release.cmake
[5.034s] Invoked command in '/home/arc/nav2_ws/build/nav2_msgs' returned '0': AMENT_PREFIX_PATH=/home/arc/nav2_ws/install/nav2_common:${AMENT_PREFIX_PATH} CMAKE_PREFIX_PATH=/home/arc/nav2_ws/install/nav2_common:/home/arc/workspace/install:/opt/ros/humble PYTHONPATH=/home/arc/nav2_ws/install/nav2_common/local/lib/python3.10/dist-packages:${PYTHONPATH} /usr/bin/cmake --install /home/arc/nav2_ws/build/nav2_msgs
