[0.053s] Invoking command in '/home/arc/nav2_ws/build/dwb_plugins': AMENT_PREFIX_PATH=/home/arc/nav2_ws/install/dwb_core:/home/arc/nav2_ws/install/nav2_core:/home/arc/nav2_ws/install/nav2_costmap_2d:/home/arc/nav2_ws/install/nav_2d_utils:/home/arc/nav2_ws/install/nav2_util:/home/arc/nav2_ws/install/nav2_voxel_grid:/home/arc/nav2_ws/install/nav2_msgs:/home/arc/nav2_ws/install/dwb_msgs:/home/arc/nav2_ws/install/nav_2d_msgs:/home/arc/nav2_ws/install/nav2_common:${AMENT_PREFIX_PATH} CMAKE_PREFIX_PATH=/home/arc/nav2_ws/install/dwb_core:/home/arc/nav2_ws/install/nav2_core:/home/arc/nav2_ws/install/nav2_costmap_2d:/home/arc/nav2_ws/install/nav_2d_utils:/home/arc/nav2_ws/install/nav2_util:/home/arc/nav2_ws/install/nav2_voxel_grid:/home/arc/nav2_ws/install/nav2_msgs:/home/arc/nav2_ws/install/dwb_msgs:/home/arc/nav2_ws/install/nav_2d_msgs:/home/arc/nav2_ws/install/nav2_common:/home/arc/workspace/install:/opt/ros/humble LD_LIBRARY_PATH=/home/arc/nav2_ws/install/dwb_core/lib:/home/arc/nav2_ws/install/nav2_costmap_2d/lib:/home/arc/nav2_ws/install/nav_2d_utils/lib:/home/arc/nav2_ws/install/nav2_util/lib:/home/arc/nav2_ws/install/nav2_voxel_grid/lib:/home/arc/nav2_ws/install/nav2_msgs/lib:/home/arc/nav2_ws/install/dwb_msgs/lib:/home/arc/nav2_ws/install/nav_2d_msgs/lib:${LD_LIBRARY_PATH} PYTHONPATH=/home/arc/nav2_ws/install/nav2_msgs/local/lib/python3.10/dist-packages:/home/arc/nav2_ws/install/dwb_msgs/local/lib/python3.10/dist-packages:/home/arc/nav2_ws/install/nav_2d_msgs/local/lib/python3.10/dist-packages:/home/arc/nav2_ws/install/nav2_common/local/lib/python3.10/dist-packages:${PYTHONPATH} /usr/bin/cmake /home/arc/nav2_ws/src/navigation2/nav2_dwb_controller/dwb_plugins -DAMENT_CMAKE_SYMLINK_INSTALL=1 -DCMAKE_INSTALL_PREFIX=/home/arc/nav2_ws/install/dwb_plugins
[0.207s] -- The C compiler identification is GNU 11.2.0
[0.338s] -- The CXX compiler identification is GNU 11.2.0
[0.353s] -- Detecting C compiler ABI info
[0.510s] -- Detecting C compiler ABI info - done
[0.528s] -- Check for working C compiler: /usr/bin/cc - skipped
[0.529s] -- Detecting C compile features
[0.530s] -- Detecting C compile features - done
[0.538s] -- Detecting CXX compiler ABI info
[0.710s] -- Detecting CXX compiler ABI info - done
[0.736s] -- Check for working CXX compiler: /usr/bin/c++ - skipped
[0.737s] -- Detecting CXX compile features
[0.739s] -- Detecting CXX compile features - done
[0.747s] -- Found ament_cmake: 1.3.2 (/opt/ros/humble/share/ament_cmake/cmake)
[2.650s] -- Found Python3: /usr/bin/python3.10 (found version "3.10.6") found components: Interpreter 
[2.819s] -- Override CMake install command with custom implementation using symlinks instead of copying resources
[2.905s] -- Found nav2_common: 1.1.2 (/home/arc/nav2_ws/install/nav2_common/share/nav2_common/cmake)
[2.910s] -- Found angles: 1.15.0 (/opt/ros/humble/share/angles/cmake)
[2.914s] -- Found dwb_core: 1.1.2 (/home/arc/nav2_ws/install/dwb_core/share/dwb_core/cmake)
[3.081s] -- Found rosidl_generator_c: 3.1.3 (/opt/ros/humble/share/rosidl_generator_c/cmake)
[3.099s] -- Found rosidl_adapter: 3.1.3 (/opt/ros/humble/share/rosidl_adapter/cmake)
[3.126s] -- Found rosidl_generator_cpp: 3.1.3 (/opt/ros/humble/share/rosidl_generator_cpp/cmake)
[3.177s] -- Using all available rosidl_typesupport_c: rosidl_typesupport_fastrtps_c;rosidl_typesupport_introspection_c
[3.241s] -- Using all available rosidl_typesupport_cpp: rosidl_typesupport_fastrtps_cpp;rosidl_typesupport_introspection_cpp
[3.461s] -- Found rmw_implementation_cmake: 6.1.0 (/opt/ros/humble/share/rmw_implementation_cmake/cmake)
[3.470s] -- Found rmw_fastrtps_cpp: 6.2.1 (/opt/ros/humble/share/rmw_fastrtps_cpp/cmake)
[3.729s] -- Found OpenSSL: /usr/lib/x86_64-linux-gnu/libcrypto.so (found version "3.0.2")  
[3.800s] -- Found FastRTPS: /opt/ros/humble/include  
[3.917s] -- Using RMW implementation 'rmw_fastrtps_cpp' as default
[7.561s] -- Found Eigen3: TRUE (found version "3.4.0") 
[7.561s] -- Ensuring Eigen3 include directory is part of orocos-kdl CMake target
[18.564s] -- Setting build type to Release as none was specified.
[30.590s] -- Found ament_lint_auto: 0.12.4 (/opt/ros/humble/share/ament_lint_auto/cmake)
[30.806s] -- Found gtest sources under '/opt/ros/humble/src/gtest_vendor': C++ tests using 'Google Test' will be built
[30.811s] -- Looking for pthread.h
[30.948s] -- Looking for pthread.h - found
[30.949s] -- Performing Test CMAKE_HAVE_LIBC_PTHREAD
[31.097s] -- Performing Test CMAKE_HAVE_LIBC_PTHREAD - Success
[31.100s] -- Found Threads: TRUE  
[31.130s] -- Added test 'cppcheck' to perform static code analysis on C / C++ code
[31.132s] -- Configured cppcheck include dirs: /home/arc/nav2_ws/src/navigation2/nav2_dwb_controller/dwb_plugins/include
[31.132s] -- Configured cppcheck exclude dirs and/or files: 
[31.136s] -- Added test 'cpplint' to check C / C++ code against the Google style
[31.136s] -- Configured cpplint exclude dirs and/or files: 
[31.139s] -- Added test 'lint_cmake' to check CMake code style
[31.146s] -- Added test 'uncrustify' to check C / C++ code style
[31.147s] -- Configured uncrustify additional arguments: 
[31.149s] -- Added test 'xmllint' to check XML markup files
[31.156s] -- Configuring done
[31.587s] -- Generating done
[31.594s] -- Build files have been written to: /home/arc/nav2_ws/build/dwb_plugins
[31.630s] Invoked command in '/home/arc/nav2_ws/build/dwb_plugins' returned '0': AMENT_PREFIX_PATH=/home/arc/nav2_ws/install/dwb_core:/home/arc/nav2_ws/install/nav2_core:/home/arc/nav2_ws/install/nav2_costmap_2d:/home/arc/nav2_ws/install/nav_2d_utils:/home/arc/nav2_ws/install/nav2_util:/home/arc/nav2_ws/install/nav2_voxel_grid:/home/arc/nav2_ws/install/nav2_msgs:/home/arc/nav2_ws/install/dwb_msgs:/home/arc/nav2_ws/install/nav_2d_msgs:/home/arc/nav2_ws/install/nav2_common:${AMENT_PREFIX_PATH} CMAKE_PREFIX_PATH=/home/arc/nav2_ws/install/dwb_core:/home/arc/nav2_ws/install/nav2_core:/home/arc/nav2_ws/install/nav2_costmap_2d:/home/arc/nav2_ws/install/nav_2d_utils:/home/arc/nav2_ws/install/nav2_util:/home/arc/nav2_ws/install/nav2_voxel_grid:/home/arc/nav2_ws/install/nav2_msgs:/home/arc/nav2_ws/install/dwb_msgs:/home/arc/nav2_ws/install/nav_2d_msgs:/home/arc/nav2_ws/install/nav2_common:/home/arc/workspace/install:/opt/ros/humble LD_LIBRARY_PATH=/home/arc/nav2_ws/install/dwb_core/lib:/home/arc/nav2_ws/install/nav2_costmap_2d/lib:/home/arc/nav2_ws/install/nav_2d_utils/lib:/home/arc/nav2_ws/install/nav2_util/lib:/home/arc/nav2_ws/install/nav2_voxel_grid/lib:/home/arc/nav2_ws/install/nav2_msgs/lib:/home/arc/nav2_ws/install/dwb_msgs/lib:/home/arc/nav2_ws/install/nav_2d_msgs/lib:${LD_LIBRARY_PATH} PYTHONPATH=/home/arc/nav2_ws/install/nav2_msgs/local/lib/python3.10/dist-packages:/home/arc/nav2_ws/install/dwb_msgs/local/lib/python3.10/dist-packages:/home/arc/nav2_ws/install/nav_2d_msgs/local/lib/python3.10/dist-packages:/home/arc/nav2_ws/install/nav2_common/local/lib/python3.10/dist-packages:${PYTHONPATH} /usr/bin/cmake /home/arc/nav2_ws/src/navigation2/nav2_dwb_controller/dwb_plugins -DAMENT_CMAKE_SYMLINK_INSTALL=1 -DCMAKE_INSTALL_PREFIX=/home/arc/nav2_ws/install/dwb_plugins
[31.631s] Invoking command in '/home/arc/nav2_ws/build/dwb_plugins': AMENT_PREFIX_PATH=/home/arc/nav2_ws/install/dwb_core:/home/arc/nav2_ws/install/nav2_core:/home/arc/nav2_ws/install/nav2_costmap_2d:/home/arc/nav2_ws/install/nav_2d_utils:/home/arc/nav2_ws/install/nav2_util:/home/arc/nav2_ws/install/nav2_voxel_grid:/home/arc/nav2_ws/install/nav2_msgs:/home/arc/nav2_ws/install/dwb_msgs:/home/arc/nav2_ws/install/nav_2d_msgs:/home/arc/nav2_ws/install/nav2_common:${AMENT_PREFIX_PATH} CMAKE_PREFIX_PATH=/home/arc/nav2_ws/install/dwb_core:/home/arc/nav2_ws/install/nav2_core:/home/arc/nav2_ws/install/nav2_costmap_2d:/home/arc/nav2_ws/install/nav_2d_utils:/home/arc/nav2_ws/install/nav2_util:/home/arc/nav2_ws/install/nav2_voxel_grid:/home/arc/nav2_ws/install/nav2_msgs:/home/arc/nav2_ws/install/dwb_msgs:/home/arc/nav2_ws/install/nav_2d_msgs:/home/arc/nav2_ws/install/nav2_common:/home/arc/workspace/install:/opt/ros/humble LD_LIBRARY_PATH=/home/arc/nav2_ws/install/dwb_core/lib:/home/arc/nav2_ws/install/nav2_costmap_2d/lib:/home/arc/nav2_ws/install/nav_2d_utils/lib:/home/arc/nav2_ws/install/nav2_util/lib:/home/arc/nav2_ws/install/nav2_voxel_grid/lib:/home/arc/nav2_ws/install/nav2_msgs/lib:/home/arc/nav2_ws/install/dwb_msgs/lib:/home/arc/nav2_ws/install/nav_2d_msgs/lib:${LD_LIBRARY_PATH} PYTHONPATH=/home/arc/nav2_ws/install/nav2_msgs/local/lib/python3.10/dist-packages:/home/arc/nav2_ws/install/dwb_msgs/local/lib/python3.10/dist-packages:/home/arc/nav2_ws/install/nav_2d_msgs/local/lib/python3.10/dist-packages:/home/arc/nav2_ws/install/nav2_common/local/lib/python3.10/dist-packages:${PYTHONPATH} /usr/bin/cmake --build /home/arc/nav2_ws/build/dwb_plugins -- -j4 -l4
[31.737s] [  5%] [32mBuilding CXX object CMakeFiles/standard_traj_generator.dir/src/standard_traj_generator.cpp.o[0m
[40.693s] [ 11%] [32mBuilding CXX object CMakeFiles/standard_traj_generator.dir/src/limited_accel_generator.cpp.o[0m
[48.499s] [ 17%] [32mBuilding CXX object CMakeFiles/standard_traj_generator.dir/src/kinematic_parameters.cpp.o[0m
[57.603s] [ 23%] [32mBuilding CXX object CMakeFiles/standard_traj_generator.dir/src/xy_theta_iterator.cpp.o[0m
[65.435s] [ 29%] [32m[1mLinking CXX shared library libstandard_traj_generator.so[0m
[65.889s] [ 29%] Built target standard_traj_generator
[65.927s] [ 35%] [32mBuilding CXX object gtest/CMakeFiles/gtest.dir/src/gtest-all.cc.o[0m
[83.877s] [ 41%] [32m[1mLinking CXX static library libgtest.a[0m
[83.951s] [ 41%] Built target gtest
[83.988s] [ 47%] [32mBuilding CXX object gtest/CMakeFiles/gtest_main.dir/src/gtest_main.cc.o[0m
[86.302s] [ 52%] [32m[1mLinking CXX static library libgtest_main.a[0m
[86.362s] [ 52%] Built target gtest_main
[86.403s] [ 58%] [32mBuilding CXX object test/CMakeFiles/vtest.dir/velocity_iterator_test.cpp.o[0m
[89.861s] [ 64%] [32m[1mLinking CXX executable vtest[0m
[90.066s] [ 64%] Built target vtest
[90.107s] [ 70%] [32mBuilding CXX object test/CMakeFiles/speed_limit_test.dir/speed_limit_test.cpp.o[0m
[100.734s] [ 76%] [32m[1mLinking CXX executable speed_limit_test[0m
[101.336s] [ 76%] Built target speed_limit_test
[101.381s] [ 82%] [32mBuilding CXX object test/CMakeFiles/kinematic_parameters_test.dir/kinematic_parameters_test.cpp.o[0m
[112.343s] [ 88%] [32m[1mLinking CXX executable kinematic_parameters_test[0m
[112.905s] [ 88%] Built target kinematic_parameters_test
[112.950s] [ 94%] [32mBuilding CXX object test/CMakeFiles/twist_gen_test.dir/twist_gen.cpp.o[0m
[127.503s] [100%] [32m[1mLinking CXX executable twist_gen_test[0m
[128.081s] [100%] Built target twist_gen_test
[128.102s] Invoked command in '/home/arc/nav2_ws/build/dwb_plugins' returned '0': AMENT_PREFIX_PATH=/home/arc/nav2_ws/install/dwb_core:/home/arc/nav2_ws/install/nav2_core:/home/arc/nav2_ws/install/nav2_costmap_2d:/home/arc/nav2_ws/install/nav_2d_utils:/home/arc/nav2_ws/install/nav2_util:/home/arc/nav2_ws/install/nav2_voxel_grid:/home/arc/nav2_ws/install/nav2_msgs:/home/arc/nav2_ws/install/dwb_msgs:/home/arc/nav2_ws/install/nav_2d_msgs:/home/arc/nav2_ws/install/nav2_common:${AMENT_PREFIX_PATH} CMAKE_PREFIX_PATH=/home/arc/nav2_ws/install/dwb_core:/home/arc/nav2_ws/install/nav2_core:/home/arc/nav2_ws/install/nav2_costmap_2d:/home/arc/nav2_ws/install/nav_2d_utils:/home/arc/nav2_ws/install/nav2_util:/home/arc/nav2_ws/install/nav2_voxel_grid:/home/arc/nav2_ws/install/nav2_msgs:/home/arc/nav2_ws/install/dwb_msgs:/home/arc/nav2_ws/install/nav_2d_msgs:/home/arc/nav2_ws/install/nav2_common:/home/arc/workspace/install:/opt/ros/humble LD_LIBRARY_PATH=/home/arc/nav2_ws/install/dwb_core/lib:/home/arc/nav2_ws/install/nav2_costmap_2d/lib:/home/arc/nav2_ws/install/nav_2d_utils/lib:/home/arc/nav2_ws/install/nav2_util/lib:/home/arc/nav2_ws/install/nav2_voxel_grid/lib:/home/arc/nav2_ws/install/nav2_msgs/lib:/home/arc/nav2_ws/install/dwb_msgs/lib:/home/arc/nav2_ws/install/nav_2d_msgs/lib:${LD_LIBRARY_PATH} PYTHONPATH=/home/arc/nav2_ws/install/nav2_msgs/local/lib/python3.10/dist-packages:/home/arc/nav2_ws/install/dwb_msgs/local/lib/python3.10/dist-packages:/home/arc/nav2_ws/install/nav_2d_msgs/local/lib/python3.10/dist-packages:/home/arc/nav2_ws/install/nav2_common/local/lib/python3.10/dist-packages:${PYTHONPATH} /usr/bin/cmake --build /home/arc/nav2_ws/build/dwb_plugins -- -j4 -l4
[128.170s] Invoking command in '/home/arc/nav2_ws/build/dwb_plugins': AMENT_PREFIX_PATH=/home/arc/nav2_ws/install/dwb_core:/home/arc/nav2_ws/install/nav2_core:/home/arc/nav2_ws/install/nav2_costmap_2d:/home/arc/nav2_ws/install/nav_2d_utils:/home/arc/nav2_ws/install/nav2_util:/home/arc/nav2_ws/install/nav2_voxel_grid:/home/arc/nav2_ws/install/nav2_msgs:/home/arc/nav2_ws/install/dwb_msgs:/home/arc/nav2_ws/install/nav_2d_msgs:/home/arc/nav2_ws/install/nav2_common:${AMENT_PREFIX_PATH} CMAKE_PREFIX_PATH=/home/arc/nav2_ws/install/dwb_core:/home/arc/nav2_ws/install/nav2_core:/home/arc/nav2_ws/install/nav2_costmap_2d:/home/arc/nav2_ws/install/nav_2d_utils:/home/arc/nav2_ws/install/nav2_util:/home/arc/nav2_ws/install/nav2_voxel_grid:/home/arc/nav2_ws/install/nav2_msgs:/home/arc/nav2_ws/install/dwb_msgs:/home/arc/nav2_ws/install/nav_2d_msgs:/home/arc/nav2_ws/install/nav2_common:/home/arc/workspace/install:/opt/ros/humble LD_LIBRARY_PATH=/home/arc/nav2_ws/install/dwb_core/lib:/home/arc/nav2_ws/install/nav2_costmap_2d/lib:/home/arc/nav2_ws/install/nav_2d_utils/lib:/home/arc/nav2_ws/install/nav2_util/lib:/home/arc/nav2_ws/install/nav2_voxel_grid/lib:/home/arc/nav2_ws/install/nav2_msgs/lib:/home/arc/nav2_ws/install/dwb_msgs/lib:/home/arc/nav2_ws/install/nav_2d_msgs/lib:${LD_LIBRARY_PATH} PYTHONPATH=/home/arc/nav2_ws/install/nav2_msgs/local/lib/python3.10/dist-packages:/home/arc/nav2_ws/install/dwb_msgs/local/lib/python3.10/dist-packages:/home/arc/nav2_ws/install/nav_2d_msgs/local/lib/python3.10/dist-packages:/home/arc/nav2_ws/install/nav2_common/local/lib/python3.10/dist-packages:${PYTHONPATH} /usr/bin/cmake --install /home/arc/nav2_ws/build/dwb_plugins
[128.186s] -- Install configuration: "Release"
[128.188s] -- Execute custom install script
[128.189s] -- Symlinking: /home/arc/nav2_ws/install/dwb_plugins/lib/libstandard_traj_generator.so
[128.206s] -- Symlinking: /home/arc/nav2_ws/install/dwb_plugins/include//dwb_plugins/kinematic_parameters.hpp
[128.221s] -- Symlinking: /home/arc/nav2_ws/install/dwb_plugins/include//dwb_plugins/limited_accel_generator.hpp
[128.236s] -- Symlinking: /home/arc/nav2_ws/install/dwb_plugins/include//dwb_plugins/one_d_velocity_iterator.hpp
[128.252s] -- Symlinking: /home/arc/nav2_ws/install/dwb_plugins/include//dwb_plugins/standard_traj_generator.hpp
[128.270s] -- Symlinking: /home/arc/nav2_ws/install/dwb_plugins/include//dwb_plugins/velocity_iterator.hpp
[128.286s] -- Symlinking: /home/arc/nav2_ws/install/dwb_plugins/include//dwb_plugins/xy_theta_iterator.hpp
[128.301s] -- Symlinking: /home/arc/nav2_ws/install/dwb_plugins/share/dwb_plugins/plugins.xml
[128.318s] -- Symlinking: /home/arc/nav2_ws/install/dwb_plugins/share/dwb_plugins/environment/library_path.sh
[128.336s] -- Symlinking: /home/arc/nav2_ws/install/dwb_plugins/share/dwb_plugins/environment/library_path.dsv
[128.351s] -- Up-to-date symlink: /home/arc/nav2_ws/install/dwb_plugins/share/dwb_plugins//plugins.xml
[128.352s] -- Symlinking: /home/arc/nav2_ws/install/dwb_plugins/share/ament_index/resource_index/package_run_dependencies/dwb_plugins
[128.368s] -- Symlinking: /home/arc/nav2_ws/install/dwb_plugins/share/ament_index/resource_index/parent_prefix_path/dwb_plugins
[128.385s] -- Symlinking: /home/arc/nav2_ws/install/dwb_plugins/share/dwb_plugins/environment/ament_prefix_path.sh
[128.401s] -- Symlinking: /home/arc/nav2_ws/install/dwb_plugins/share/dwb_plugins/environment/ament_prefix_path.dsv
[128.417s] -- Symlinking: /home/arc/nav2_ws/install/dwb_plugins/share/dwb_plugins/environment/path.sh
[128.431s] -- Symlinking: /home/arc/nav2_ws/install/dwb_plugins/share/dwb_plugins/environment/path.dsv
[128.446s] -- Symlinking: /home/arc/nav2_ws/install/dwb_plugins/share/dwb_plugins/local_setup.bash
[128.462s] -- Symlinking: /home/arc/nav2_ws/install/dwb_plugins/share/dwb_plugins/local_setup.sh
[128.479s] -- Symlinking: /home/arc/nav2_ws/install/dwb_plugins/share/dwb_plugins/local_setup.zsh
[128.496s] -- Symlinking: /home/arc/nav2_ws/install/dwb_plugins/share/dwb_plugins/local_setup.dsv
[128.513s] -- Symlinking: /home/arc/nav2_ws/install/dwb_plugins/share/dwb_plugins/package.dsv
[128.530s] -- Symlinking: /home/arc/nav2_ws/install/dwb_plugins/share/ament_index/resource_index/packages/dwb_plugins
[128.545s] -- Symlinking: /home/arc/nav2_ws/install/dwb_plugins/share/ament_index/resource_index/dwb_core__pluginlib__plugin/dwb_plugins
[128.562s] -- Symlinking: /home/arc/nav2_ws/install/dwb_plugins/share/dwb_plugins/cmake/ament_cmake_export_include_directories-extras.cmake
[128.579s] -- Symlinking: /home/arc/nav2_ws/install/dwb_plugins/share/dwb_plugins/cmake/ament_cmake_export_libraries-extras.cmake
[128.596s] -- Symlinking: /home/arc/nav2_ws/install/dwb_plugins/share/dwb_plugins/cmake/dwb_pluginsConfig.cmake
[128.613s] -- Symlinking: /home/arc/nav2_ws/install/dwb_plugins/share/dwb_plugins/cmake/dwb_pluginsConfig-version.cmake
[128.629s] -- Symlinking: /home/arc/nav2_ws/install/dwb_plugins/share/dwb_plugins/package.xml
[128.659s] Invoked command in '/home/arc/nav2_ws/build/dwb_plugins' returned '0': AMENT_PREFIX_PATH=/home/arc/nav2_ws/install/dwb_core:/home/arc/nav2_ws/install/nav2_core:/home/arc/nav2_ws/install/nav2_costmap_2d:/home/arc/nav2_ws/install/nav_2d_utils:/home/arc/nav2_ws/install/nav2_util:/home/arc/nav2_ws/install/nav2_voxel_grid:/home/arc/nav2_ws/install/nav2_msgs:/home/arc/nav2_ws/install/dwb_msgs:/home/arc/nav2_ws/install/nav_2d_msgs:/home/arc/nav2_ws/install/nav2_common:${AMENT_PREFIX_PATH} CMAKE_PREFIX_PATH=/home/arc/nav2_ws/install/dwb_core:/home/arc/nav2_ws/install/nav2_core:/home/arc/nav2_ws/install/nav2_costmap_2d:/home/arc/nav2_ws/install/nav_2d_utils:/home/arc/nav2_ws/install/nav2_util:/home/arc/nav2_ws/install/nav2_voxel_grid:/home/arc/nav2_ws/install/nav2_msgs:/home/arc/nav2_ws/install/dwb_msgs:/home/arc/nav2_ws/install/nav_2d_msgs:/home/arc/nav2_ws/install/nav2_common:/home/arc/workspace/install:/opt/ros/humble LD_LIBRARY_PATH=/home/arc/nav2_ws/install/dwb_core/lib:/home/arc/nav2_ws/install/nav2_costmap_2d/lib:/home/arc/nav2_ws/install/nav_2d_utils/lib:/home/arc/nav2_ws/install/nav2_util/lib:/home/arc/nav2_ws/install/nav2_voxel_grid/lib:/home/arc/nav2_ws/install/nav2_msgs/lib:/home/arc/nav2_ws/install/dwb_msgs/lib:/home/arc/nav2_ws/install/nav_2d_msgs/lib:${LD_LIBRARY_PATH} PYTHONPATH=/home/arc/nav2_ws/install/nav2_msgs/local/lib/python3.10/dist-packages:/home/arc/nav2_ws/install/dwb_msgs/local/lib/python3.10/dist-packages:/home/arc/nav2_ws/install/nav_2d_msgs/local/lib/python3.10/dist-packages:/home/arc/nav2_ws/install/nav2_common/local/lib/python3.10/dist-packages:${PYTHONPATH} /usr/bin/cmake --install /home/arc/nav2_ws/build/dwb_plugins
