[0.021s] Invoking command in '/home/arc/nav2_ws/build/nav2_util': AMENT_PREFIX_PATH=/home/arc/nav2_ws/install/nav2_msgs:/home/arc/nav2_ws/install/nav2_common:${AMENT_PREFIX_PATH} CMAKE_PREFIX_PATH=/home/arc/nav2_ws/install/nav2_msgs:/home/arc/nav2_ws/install/nav2_common:/home/arc/workspace/install:/opt/ros/humble LD_LIBRARY_PATH=/home/arc/nav2_ws/install/nav2_msgs/lib:${LD_LIBRARY_PATH} PYTHONPATH=/home/arc/nav2_ws/install/nav2_msgs/local/lib/python3.10/dist-packages:/home/arc/nav2_ws/install/nav2_common/local/lib/python3.10/dist-packages:${PYTHONPATH} /usr/bin/cmake /home/arc/nav2_ws/src/navigation2/nav2_util -DAMENT_CMAKE_SYMLINK_INSTALL=1 -DCMAKE_INSTALL_PREFIX=/home/arc/nav2_ws/install/nav2_util
[0.087s] -- The C compiler identification is GNU 11.2.0
[0.156s] -- The CXX compiler identification is GNU 11.2.0
[0.166s] -- Detecting C compiler ABI info
[0.243s] -- Detecting C compiler ABI info - done
[0.262s] -- Check for working C compiler: /usr/bin/cc - skipped
[0.263s] -- Detecting C compile features
[0.264s] -- Detecting C compile features - done
[0.269s] -- Detecting CXX compiler ABI info
[0.373s] -- Detecting CXX compiler ABI info - done
[0.384s] -- Check for working CXX compiler: /usr/bin/c++ - skipped
[0.384s] -- Detecting CXX compile features
[0.385s] -- Detecting CXX compile features - done
[0.388s] -- Found ament_cmake: 1.3.2 (/opt/ros/humble/share/ament_cmake/cmake)
[1.303s] -- Found Python3: /usr/bin/python3.10 (found version "3.10.6") found components: Interpreter 
[1.387s] -- Override CMake install command with custom implementation using symlinks instead of copying resources
[1.437s] -- Found nav2_common: 1.1.2 (/home/arc/nav2_ws/install/nav2_common/share/nav2_common/cmake)
[1.438s] -- Found nav2_msgs: 1.1.2 (/home/arc/nav2_ws/install/nav2_msgs/share/nav2_msgs/cmake)
[1.499s] -- Found rosidl_generator_c: 3.1.3 (/opt/ros/humble/share/rosidl_generator_c/cmake)
[1.510s] -- Found rosidl_adapter: 3.1.3 (/opt/ros/humble/share/rosidl_adapter/cmake)
[1.529s] -- Found rosidl_generator_cpp: 3.1.3 (/opt/ros/humble/share/rosidl_generator_cpp/cmake)
[1.560s] -- Using all available rosidl_typesupport_c: rosidl_typesupport_fastrtps_c;rosidl_typesupport_introspection_c
[1.585s] -- Using all available rosidl_typesupport_cpp: rosidl_typesupport_fastrtps_cpp;rosidl_typesupport_introspection_cpp
[2.528s] -- Found tf2_ros: 0.25.1 (/opt/ros/humble/share/tf2_ros/cmake)
[2.863s] -- Found rmw_implementation_cmake: 6.1.0 (/opt/ros/humble/share/rmw_implementation_cmake/cmake)
[2.866s] -- Found rmw_fastrtps_cpp: 6.2.1 (/opt/ros/humble/share/rmw_fastrtps_cpp/cmake)
[2.986s] -- Found OpenSSL: /usr/lib/x86_64-linux-gnu/libcrypto.so (found version "3.0.2")  
[3.036s] -- Found FastRTPS: /opt/ros/humble/include  
[3.129s] -- Using RMW implementation 'rmw_fastrtps_cpp' as default
[4.659s] -- Found tf2_geometry_msgs: 0.25.1 (/opt/ros/humble/share/tf2_geometry_msgs/cmake)
[4.774s] -- Found eigen3_cmake_module: 0.1.1 (/opt/ros/humble/share/eigen3_cmake_module/cmake)
[4.818s] -- Found Eigen3: TRUE (found version "3.4.0") 
[4.818s] -- Ensuring Eigen3 include directory is part of orocos-kdl CMake target
[4.850s] -- Found lifecycle_msgs: 1.2.0 (/opt/ros/humble/share/lifecycle_msgs/cmake)
[4.891s] -- Found rclcpp_lifecycle: 16.0.1 (/opt/ros/humble/share/rclcpp_lifecycle/cmake)
[4.922s] -- Found bondcpp: 3.0.2 (/opt/ros/humble/share/bondcpp/cmake)
[5.025s] -- Setting build type to Release as none was specified.
[5.213s] -- Found Boost: /usr/lib/x86_64-linux-gnu/cmake/Boost-1.74.0/BoostConfig.cmake (found version "1.74.0") found components: program_options 
[5.245s] -- Found ament_lint_auto: 0.12.4 (/opt/ros/humble/share/ament_lint_auto/cmake)
[5.247s] -- Found ament_cmake_pytest: 1.3.2 (/opt/ros/humble/share/ament_cmake_pytest/cmake)
[5.289s] -- Found launch_testing_ament_cmake: 1.0.2 (/opt/ros/humble/share/launch_testing_ament_cmake/cmake)
[5.291s] -- Found python_cmake_module: 0.10.0 (/opt/ros/humble/share/python_cmake_module/cmake)
[5.318s] -- Found PythonInterp: /usr/bin/python3 (found suitable version "3.10.6", minimum required is "3.6") 
[5.326s] -- Found PythonLibs: /usr/lib/x86_64-linux-gnu/libpython3.10.so (found suitable version "3.10.6", minimum required is "3.5") 
[5.326s] -- Using PYTHON_EXECUTABLE: /usr/bin/python3
[5.327s] -- Using PYTHON_INCLUDE_DIRS: /usr/include/python3.10
[5.327s] -- Using PYTHON_LIBRARIES: /usr/lib/x86_64-linux-gnu/libpython3.10.so
[5.351s] -- Found PythonExtra: .so  
[5.630s] -- Found gtest sources under '/opt/ros/humble/src/gtest_vendor': C++ tests using 'Google Test' will be built
[5.633s] -- Looking for pthread.h
[5.711s] -- Looking for pthread.h - found
[5.712s] -- Performing Test CMAKE_HAVE_LIBC_PTHREAD
[5.789s] -- Performing Test CMAKE_HAVE_LIBC_PTHREAD - Success
[5.790s] -- Found Threads: TRUE  
[5.825s] -- Added test 'copyright' to check source files copyright and LICENSE
[5.828s] -- Added test 'cppcheck' to perform static code analysis on C / C++ code
[5.828s] -- Configured cppcheck include dirs: /home/arc/nav2_ws/src/navigation2/nav2_util/include
[5.828s] -- Configured cppcheck exclude dirs and/or files: 
[5.830s] -- Added test 'cpplint' to check C / C++ code against the Google style
[5.830s] -- Configured cpplint exclude dirs and/or files: 
[5.831s] -- Added test 'lint_cmake' to check CMake code style
[5.834s] -- Added test 'uncrustify' to check C / C++ code style
[5.834s] -- Configured uncrustify additional arguments: 
[5.835s] -- Added test 'xmllint' to check XML markup files
[5.838s] -- Configuring done
[6.079s] -- Generating done
[6.082s] -- Build files have been written to: /home/arc/nav2_ws/build/nav2_util
[6.103s] Invoked command in '/home/arc/nav2_ws/build/nav2_util' returned '0': AMENT_PREFIX_PATH=/home/arc/nav2_ws/install/nav2_msgs:/home/arc/nav2_ws/install/nav2_common:${AMENT_PREFIX_PATH} CMAKE_PREFIX_PATH=/home/arc/nav2_ws/install/nav2_msgs:/home/arc/nav2_ws/install/nav2_common:/home/arc/workspace/install:/opt/ros/humble LD_LIBRARY_PATH=/home/arc/nav2_ws/install/nav2_msgs/lib:${LD_LIBRARY_PATH} PYTHONPATH=/home/arc/nav2_ws/install/nav2_msgs/local/lib/python3.10/dist-packages:/home/arc/nav2_ws/install/nav2_common/local/lib/python3.10/dist-packages:${PYTHONPATH} /usr/bin/cmake /home/arc/nav2_ws/src/navigation2/nav2_util -DAMENT_CMAKE_SYMLINK_INSTALL=1 -DCMAKE_INSTALL_PREFIX=/home/arc/nav2_ws/install/nav2_util
[6.105s] Invoking command in '/home/arc/nav2_ws/build/nav2_util': AMENT_PREFIX_PATH=/home/arc/nav2_ws/install/nav2_msgs:/home/arc/nav2_ws/install/nav2_common:${AMENT_PREFIX_PATH} CMAKE_PREFIX_PATH=/home/arc/nav2_ws/install/nav2_msgs:/home/arc/nav2_ws/install/nav2_common:/home/arc/workspace/install:/opt/ros/humble LD_LIBRARY_PATH=/home/arc/nav2_ws/install/nav2_msgs/lib:${LD_LIBRARY_PATH} PYTHONPATH=/home/arc/nav2_ws/install/nav2_msgs/local/lib/python3.10/dist-packages:/home/arc/nav2_ws/install/nav2_common/local/lib/python3.10/dist-packages:${PYTHONPATH} /usr/bin/cmake --build /home/arc/nav2_ws/build/nav2_util -- -j4 -l4
[6.160s] [  2%] [32mBuilding CXX object gtest/CMakeFiles/gtest_main.dir/src/gtest_main.cc.o[0m
[6.168s] [  5%] [32mBuilding CXX object gtest/CMakeFiles/gtest.dir/src/gtest-all.cc.o[0m
[6.173s] [  7%] [32mBuilding CXX object src/CMakeFiles/nav2_util_core.dir/costmap.cpp.o[0m
[6.175s] [ 10%] [32mBuilding CXX object src/CMakeFiles/nav2_util_core.dir/node_utils.cpp.o[0m
[8.403s] [ 13%] [32m[1mLinking CXX static library libgtest_main.a[0m
[8.461s] [ 13%] Built target gtest_main
[8.475s] [ 15%] [32mBuilding CXX object src/CMakeFiles/nav2_util_core.dir/lifecycle_service_client.cpp.o[0m
[13.192s] [ 18%] [32mBuilding CXX object src/CMakeFiles/nav2_util_core.dir/string_utils.cpp.o[0m
[13.969s] [ 21%] [32mBuilding CXX object src/CMakeFiles/nav2_util_core.dir/lifecycle_utils.cpp.o[0m
[14.419s] [ 23%] [32mBuilding CXX object src/CMakeFiles/nav2_util_core.dir/lifecycle_node.cpp.o[0m
[19.631s] [ 26%] [32mBuilding CXX object src/CMakeFiles/nav2_util_core.dir/robot_utils.cpp.o[0m
[20.825s] [ 28%] [32mBuilding CXX object src/CMakeFiles/nav2_util_core.dir/node_thread.cpp.o[0m
[22.133s] [ 31%] [32mBuilding CXX object src/CMakeFiles/nav2_util_core.dir/odometry_utils.cpp.o[0m
[23.389s] [ 34%] [32m[1mLinking CXX static library libgtest.a[0m
[23.452s] [ 34%] Built target gtest
[23.487s] [ 36%] [32mBuilding CXX object test/CMakeFiles/test_execution_timer.dir/test_execution_timer.cpp.o[0m
[26.438s] [ 39%] [32m[1mLinking CXX executable test_execution_timer[0m
[26.619s] [ 39%] Built target test_execution_timer
[37.879s] [ 42%] [32m[1mLinking CXX shared library libnav2_util_core.so[0m
[38.389s] [ 42%] Built target nav2_util_core
[38.422s] [ 47%] [32mBuilding CXX object test/CMakeFiles/test_string_utils.dir/test_string_utils.cpp.o[0m
[38.423s] [ 47%] [32mBuilding CXX object src/CMakeFiles/lifecycle_bringup.dir/lifecycle_bringup_commandline.cpp.o[0m
[38.423s] [ 50%] [32mBuilding CXX object test/CMakeFiles/test_service_client.dir/test_service_client.cpp.o[0m
[38.424s] [ 52%] [32mBuilding CXX object test/CMakeFiles/test_node_utils.dir/test_node_utils.cpp.o[0m
[41.802s] [ 55%] [32m[1mLinking CXX executable test_string_utils[0m
[42.145s] [ 55%] Built target test_string_utils
[42.180s] [ 57%] [32mBuilding CXX object test/CMakeFiles/test_lifecycle_utils.dir/test_lifecycle_utils.cpp.o[0m
[44.935s] [ 60%] [32m[1mLinking CXX executable lifecycle_bringup[0m
[45.278s] [ 60%] Built target lifecycle_bringup
[45.313s] [ 63%] [32mBuilding CXX object test/CMakeFiles/test_actions.dir/test_actions.cpp.o[0m
[48.845s] [ 65%] [32m[1mLinking CXX executable test_node_utils[0m
[49.261s] [ 65%] Built target test_node_utils
[49.297s] [ 68%] [32mBuilding CXX object test/CMakeFiles/test_lifecycle_node.dir/test_lifecycle_node.cpp.o[0m
[51.300s] [ 71%] [32m[1mLinking CXX executable test_lifecycle_utils[0m
[51.714s] [ 71%] Built target test_lifecycle_utils
[51.752s] [ 73%] [32mBuilding CXX object test/CMakeFiles/test_lifecycle_cli_node.dir/test_lifecycle_cli_node.cpp.o[0m
[57.878s] [ 76%] [32m[1mLinking CXX executable test_lifecycle_node[0m
[58.278s] [ 76%] Built target test_lifecycle_node
[58.316s] [ 78%] [32mBuilding CXX object test/CMakeFiles/test_geometry_utils.dir/test_geometry_utils.cpp.o[0m
[61.424s] [ 81%] [32m[1mLinking CXX executable test_lifecycle_cli_node[0m
[61.826s] [ 81%] Built target test_lifecycle_cli_node
[61.861s] [ 84%] [32mBuilding CXX object test/CMakeFiles/test_odometry_utils.dir/test_odometry_utils.cpp.o[0m
[67.068s] [ 86%] [32m[1mLinking CXX executable test_geometry_utils[0m
[67.561s] [ 86%] Built target test_geometry_utils
[67.596s] [ 89%] [32mBuilding CXX object test/CMakeFiles/test_robot_utils.dir/test_robot_utils.cpp.o[0m
[68.162s] [ 92%] [32m[1mLinking CXX executable test_service_client[0m
[68.754s] [ 92%] Built target test_service_client
[74.549s] [ 94%] [32m[1mLinking CXX executable test_robot_utils[0m
[74.819s] [ 94%] Built target test_robot_utils
[75.265s] [ 97%] [32m[1mLinking CXX executable test_odometry_utils[0m
[75.524s] [ 97%] Built target test_odometry_utils
[79.829s] [100%] [32m[1mLinking CXX executable test_actions[0m
[80.146s] [100%] Built target test_actions
[80.182s] Invoked command in '/home/arc/nav2_ws/build/nav2_util' returned '0': AMENT_PREFIX_PATH=/home/arc/nav2_ws/install/nav2_msgs:/home/arc/nav2_ws/install/nav2_common:${AMENT_PREFIX_PATH} CMAKE_PREFIX_PATH=/home/arc/nav2_ws/install/nav2_msgs:/home/arc/nav2_ws/install/nav2_common:/home/arc/workspace/install:/opt/ros/humble LD_LIBRARY_PATH=/home/arc/nav2_ws/install/nav2_msgs/lib:${LD_LIBRARY_PATH} PYTHONPATH=/home/arc/nav2_ws/install/nav2_msgs/local/lib/python3.10/dist-packages:/home/arc/nav2_ws/install/nav2_common/local/lib/python3.10/dist-packages:${PYTHONPATH} /usr/bin/cmake --build /home/arc/nav2_ws/build/nav2_util -- -j4 -l4
[80.215s] Invoking command in '/home/arc/nav2_ws/build/nav2_util': AMENT_PREFIX_PATH=/home/arc/nav2_ws/install/nav2_msgs:/home/arc/nav2_ws/install/nav2_common:${AMENT_PREFIX_PATH} CMAKE_PREFIX_PATH=/home/arc/nav2_ws/install/nav2_msgs:/home/arc/nav2_ws/install/nav2_common:/home/arc/workspace/install:/opt/ros/humble LD_LIBRARY_PATH=/home/arc/nav2_ws/install/nav2_msgs/lib:${LD_LIBRARY_PATH} PYTHONPATH=/home/arc/nav2_ws/install/nav2_msgs/local/lib/python3.10/dist-packages:/home/arc/nav2_ws/install/nav2_common/local/lib/python3.10/dist-packages:${PYTHONPATH} /usr/bin/cmake --install /home/arc/nav2_ws/build/nav2_util
[80.224s] -- Install configuration: "Release"
[80.224s] -- Execute custom install script
[80.225s] -- Symlinking: /home/arc/nav2_ws/install/nav2_util/lib/libnav2_util_core.so
[80.234s] -- Symlinking: /home/arc/nav2_ws/install/nav2_util/lib/nav2_util/lifecycle_bringup
[80.244s] -- Symlinking: /home/arc/nav2_ws/install/nav2_util/include//nav2_util/clear_entirely_costmap_service_client.hpp
[80.253s] -- Symlinking: /home/arc/nav2_ws/install/nav2_util/include//nav2_util/costmap.hpp
[80.262s] -- Symlinking: /home/arc/nav2_ws/install/nav2_util/include//nav2_util/execution_timer.hpp
[80.271s] -- Symlinking: /home/arc/nav2_ws/install/nav2_util/include//nav2_util/geometry_utils.hpp
[80.281s] -- Symlinking: /home/arc/nav2_ws/install/nav2_util/include//nav2_util/lifecycle_node.hpp
[80.290s] -- Symlinking: /home/arc/nav2_ws/install/nav2_util/include//nav2_util/lifecycle_service_client.hpp
[80.299s] -- Symlinking: /home/arc/nav2_ws/install/nav2_util/include//nav2_util/lifecycle_utils.hpp
[80.308s] -- Symlinking: /home/arc/nav2_ws/install/nav2_util/include//nav2_util/line_iterator.hpp
[80.318s] -- Symlinking: /home/arc/nav2_ws/install/nav2_util/include//nav2_util/node_thread.hpp
[80.327s] -- Symlinking: /home/arc/nav2_ws/install/nav2_util/include//nav2_util/node_utils.hpp
[80.336s] -- Symlinking: /home/arc/nav2_ws/install/nav2_util/include//nav2_util/occ_grid_values.hpp
[80.347s] -- Symlinking: /home/arc/nav2_ws/install/nav2_util/include//nav2_util/odometry_utils.hpp
[80.356s] -- Symlinking: /home/arc/nav2_ws/install/nav2_util/include//nav2_util/robot_utils.hpp
[80.366s] -- Symlinking: /home/arc/nav2_ws/install/nav2_util/include//nav2_util/service_client.hpp
[80.375s] -- Symlinking: /home/arc/nav2_ws/install/nav2_util/include//nav2_util/simple_action_server.hpp
[80.383s] -- Symlinking: /home/arc/nav2_ws/install/nav2_util/include//nav2_util/string_utils.hpp
[80.392s] -- Symlinking: /home/arc/nav2_ws/install/nav2_util/share/nav2_util/environment/library_path.sh
[80.401s] -- Symlinking: /home/arc/nav2_ws/install/nav2_util/share/nav2_util/environment/library_path.dsv
[80.410s] -- Symlinking: /home/arc/nav2_ws/install/nav2_util/share/ament_index/resource_index/package_run_dependencies/nav2_util
[80.419s] -- Symlinking: /home/arc/nav2_ws/install/nav2_util/share/ament_index/resource_index/parent_prefix_path/nav2_util
[80.428s] -- Symlinking: /home/arc/nav2_ws/install/nav2_util/share/nav2_util/environment/ament_prefix_path.sh
[80.439s] -- Symlinking: /home/arc/nav2_ws/install/nav2_util/share/nav2_util/environment/ament_prefix_path.dsv
[80.447s] -- Symlinking: /home/arc/nav2_ws/install/nav2_util/share/nav2_util/environment/path.sh
[80.457s] -- Symlinking: /home/arc/nav2_ws/install/nav2_util/share/nav2_util/environment/path.dsv
[80.465s] -- Symlinking: /home/arc/nav2_ws/install/nav2_util/share/nav2_util/local_setup.bash
[80.474s] -- Symlinking: /home/arc/nav2_ws/install/nav2_util/share/nav2_util/local_setup.sh
[80.483s] -- Symlinking: /home/arc/nav2_ws/install/nav2_util/share/nav2_util/local_setup.zsh
[80.492s] -- Symlinking: /home/arc/nav2_ws/install/nav2_util/share/nav2_util/local_setup.dsv
[80.501s] -- Symlinking: /home/arc/nav2_ws/install/nav2_util/share/nav2_util/package.dsv
[80.510s] -- Symlinking: /home/arc/nav2_ws/install/nav2_util/share/ament_index/resource_index/packages/nav2_util
[80.518s] -- Symlinking: /home/arc/nav2_ws/install/nav2_util/share/nav2_util/cmake/ament_cmake_export_include_directories-extras.cmake
[80.527s] -- Symlinking: /home/arc/nav2_ws/install/nav2_util/share/nav2_util/cmake/ament_cmake_export_libraries-extras.cmake
[80.536s] -- Symlinking: /home/arc/nav2_ws/install/nav2_util/share/nav2_util/cmake/ament_cmake_export_dependencies-extras.cmake
[80.546s] -- Symlinking: /home/arc/nav2_ws/install/nav2_util/share/nav2_util/cmake/nav2_utilConfig.cmake
[80.554s] -- Symlinking: /home/arc/nav2_ws/install/nav2_util/share/nav2_util/cmake/nav2_utilConfig-version.cmake
[80.564s] -- Symlinking: /home/arc/nav2_ws/install/nav2_util/share/nav2_util/package.xml
[80.577s] Invoked command in '/home/arc/nav2_ws/build/nav2_util' returned '0': AMENT_PREFIX_PATH=/home/arc/nav2_ws/install/nav2_msgs:/home/arc/nav2_ws/install/nav2_common:${AMENT_PREFIX_PATH} CMAKE_PREFIX_PATH=/home/arc/nav2_ws/install/nav2_msgs:/home/arc/nav2_ws/install/nav2_common:/home/arc/workspace/install:/opt/ros/humble LD_LIBRARY_PATH=/home/arc/nav2_ws/install/nav2_msgs/lib:${LD_LIBRARY_PATH} PYTHONPATH=/home/arc/nav2_ws/install/nav2_msgs/local/lib/python3.10/dist-packages:/home/arc/nav2_ws/install/nav2_common/local/lib/python3.10/dist-packages:${PYTHONPATH} /usr/bin/cmake --install /home/arc/nav2_ws/build/nav2_util
