[0.048s] Invoking command in '/home/arc/nav2_ws/build/nav2_theta_star_planner': AMENT_PREFIX_PATH=/home/arc/nav2_ws/install/nav2_core:/home/arc/nav2_ws/install/nav2_costmap_2d:/home/arc/nav2_ws/install/nav2_util:/home/arc/nav2_ws/install/nav2_voxel_grid:/home/arc/nav2_ws/install/nav2_msgs:/home/arc/nav2_ws/install/nav2_common:${AMENT_PREFIX_PATH} CMAKE_PREFIX_PATH=/home/arc/nav2_ws/install/nav2_core:/home/arc/nav2_ws/install/nav2_costmap_2d:/home/arc/nav2_ws/install/nav2_util:/home/arc/nav2_ws/install/nav2_voxel_grid:/home/arc/nav2_ws/install/nav2_msgs:/home/arc/nav2_ws/install/nav2_common:/home/arc/workspace/install:/opt/ros/humble LD_LIBRARY_PATH=/home/arc/nav2_ws/install/nav2_costmap_2d/lib:/home/arc/nav2_ws/install/nav2_util/lib:/home/arc/nav2_ws/install/nav2_voxel_grid/lib:/home/arc/nav2_ws/install/nav2_msgs/lib:${LD_LIBRARY_PATH} PYTHONPATH=/home/arc/nav2_ws/install/nav2_msgs/local/lib/python3.10/dist-packages:/home/arc/nav2_ws/install/nav2_common/local/lib/python3.10/dist-packages:${PYTHONPATH} /usr/bin/cmake /home/arc/nav2_ws/src/navigation2/nav2_theta_star_planner -DCMAKE_INSTALL_PREFIX=/home/arc/nav2_ws/install/nav2_theta_star_planner
[0.074s] -- Found ament_cmake: 1.3.2 (/opt/ros/humble/share/ament_cmake/cmake)
[0.399s] -- Override CMake install command with custom implementation using symlinks instead of copying resources
[0.418s] -- Found builtin_interfaces: 1.2.0 (/opt/ros/humble/share/builtin_interfaces/cmake)
[0.475s] -- Found rosidl_generator_c: 3.1.3 (/opt/ros/humble/share/rosidl_generator_c/cmake)
[0.482s] -- Found rosidl_adapter: 3.1.3 (/opt/ros/humble/share/rosidl_adapter/cmake)
[0.497s] -- Found rosidl_generator_cpp: 3.1.3 (/opt/ros/humble/share/rosidl_generator_cpp/cmake)
[0.531s] -- Using all available rosidl_typesupport_c: rosidl_typesupport_fastrtps_c;rosidl_typesupport_introspection_c
[0.572s] -- Using all available rosidl_typesupport_cpp: rosidl_typesupport_fastrtps_cpp;rosidl_typesupport_introspection_cpp
[0.613s] -- Found nav2_common: 1.1.2 (/home/arc/nav2_ws/install/nav2_common/share/nav2_common/cmake)
[0.614s] -- Found nav2_core: 1.1.2 (/home/arc/nav2_ws/install/nav2_core/share/nav2_core/cmake)
[0.750s] -- Found rmw_implementation_cmake: 6.1.0 (/opt/ros/humble/share/rmw_implementation_cmake/cmake)
[0.754s] -- Found rmw_fastrtps_cpp: 6.2.1 (/opt/ros/humble/share/rmw_fastrtps_cpp/cmake)
[1.039s] -- Using RMW implementation 'rmw_fastrtps_cpp' as default
[4.115s] -- Ensuring Eigen3 include directory is part of orocos-kdl CMake target
[19.636s] -- Found ament_lint_auto: 0.12.4 (/opt/ros/humble/share/ament_lint_auto/cmake)
[19.803s] -- Found gtest sources under '/opt/ros/humble/src/gtest_vendor': C++ tests using 'Google Test' will be built
[30.513s] -- Added test 'copyright' to check source files copyright and LICENSE
[30.515s] -- Added test 'cppcheck' to perform static code analysis on C / C++ code
[30.517s] -- Configured cppcheck include dirs: /home/arc/nav2_ws/src/navigation2/nav2_theta_star_planner/include
[30.517s] -- Configured cppcheck exclude dirs and/or files: 
[30.519s] -- Added test 'cpplint' to check C / C++ code against the Google style
[30.519s] -- Configured cpplint exclude dirs and/or files: 
[30.520s] -- Added test 'lint_cmake' to check CMake code style
[30.523s] -- Added test 'uncrustify' to check C / C++ code style
[30.523s] -- Configured uncrustify additional arguments: 
[30.524s] -- Added test 'xmllint' to check XML markup files
[30.529s] -- Configuring done
[30.750s] -- Generating done
[30.756s] -- Build files have been written to: /home/arc/nav2_ws/build/nav2_theta_star_planner
[30.780s] Invoked command in '/home/arc/nav2_ws/build/nav2_theta_star_planner' returned '0': AMENT_PREFIX_PATH=/home/arc/nav2_ws/install/nav2_core:/home/arc/nav2_ws/install/nav2_costmap_2d:/home/arc/nav2_ws/install/nav2_util:/home/arc/nav2_ws/install/nav2_voxel_grid:/home/arc/nav2_ws/install/nav2_msgs:/home/arc/nav2_ws/install/nav2_common:${AMENT_PREFIX_PATH} CMAKE_PREFIX_PATH=/home/arc/nav2_ws/install/nav2_core:/home/arc/nav2_ws/install/nav2_costmap_2d:/home/arc/nav2_ws/install/nav2_util:/home/arc/nav2_ws/install/nav2_voxel_grid:/home/arc/nav2_ws/install/nav2_msgs:/home/arc/nav2_ws/install/nav2_common:/home/arc/workspace/install:/opt/ros/humble LD_LIBRARY_PATH=/home/arc/nav2_ws/install/nav2_costmap_2d/lib:/home/arc/nav2_ws/install/nav2_util/lib:/home/arc/nav2_ws/install/nav2_voxel_grid/lib:/home/arc/nav2_ws/install/nav2_msgs/lib:${LD_LIBRARY_PATH} PYTHONPATH=/home/arc/nav2_ws/install/nav2_msgs/local/lib/python3.10/dist-packages:/home/arc/nav2_ws/install/nav2_common/local/lib/python3.10/dist-packages:${PYTHONPATH} /usr/bin/cmake /home/arc/nav2_ws/src/navigation2/nav2_theta_star_planner -DCMAKE_INSTALL_PREFIX=/home/arc/nav2_ws/install/nav2_theta_star_planner
[30.781s] Invoking command in '/home/arc/nav2_ws/build/nav2_theta_star_planner': AMENT_PREFIX_PATH=/home/arc/nav2_ws/install/nav2_core:/home/arc/nav2_ws/install/nav2_costmap_2d:/home/arc/nav2_ws/install/nav2_util:/home/arc/nav2_ws/install/nav2_voxel_grid:/home/arc/nav2_ws/install/nav2_msgs:/home/arc/nav2_ws/install/nav2_common:${AMENT_PREFIX_PATH} CMAKE_PREFIX_PATH=/home/arc/nav2_ws/install/nav2_core:/home/arc/nav2_ws/install/nav2_costmap_2d:/home/arc/nav2_ws/install/nav2_util:/home/arc/nav2_ws/install/nav2_voxel_grid:/home/arc/nav2_ws/install/nav2_msgs:/home/arc/nav2_ws/install/nav2_common:/home/arc/workspace/install:/opt/ros/humble LD_LIBRARY_PATH=/home/arc/nav2_ws/install/nav2_costmap_2d/lib:/home/arc/nav2_ws/install/nav2_util/lib:/home/arc/nav2_ws/install/nav2_voxel_grid/lib:/home/arc/nav2_ws/install/nav2_msgs/lib:${LD_LIBRARY_PATH} PYTHONPATH=/home/arc/nav2_ws/install/nav2_msgs/local/lib/python3.10/dist-packages:/home/arc/nav2_ws/install/nav2_common/local/lib/python3.10/dist-packages:${PYTHONPATH} /usr/bin/cmake --build /home/arc/nav2_ws/build/nav2_theta_star_planner -- -j4 -l4
[30.865s] [35m[1mConsolidate compiler generated dependencies of target nav2_theta_star_planner[0m
[30.913s] [ 33%] Built target nav2_theta_star_planner
[30.931s] [35m[1mConsolidate compiler generated dependencies of target gtest[0m
[30.958s] [ 55%] Built target gtest
[30.976s] [35m[1mConsolidate compiler generated dependencies of target gtest_main[0m
[31.001s] [ 77%] Built target gtest_main
[31.025s] [35m[1mConsolidate compiler generated dependencies of target test_theta_star[0m
[31.066s] [100%] Built target test_theta_star
[31.089s] Invoked command in '/home/arc/nav2_ws/build/nav2_theta_star_planner' returned '0': AMENT_PREFIX_PATH=/home/arc/nav2_ws/install/nav2_core:/home/arc/nav2_ws/install/nav2_costmap_2d:/home/arc/nav2_ws/install/nav2_util:/home/arc/nav2_ws/install/nav2_voxel_grid:/home/arc/nav2_ws/install/nav2_msgs:/home/arc/nav2_ws/install/nav2_common:${AMENT_PREFIX_PATH} CMAKE_PREFIX_PATH=/home/arc/nav2_ws/install/nav2_core:/home/arc/nav2_ws/install/nav2_costmap_2d:/home/arc/nav2_ws/install/nav2_util:/home/arc/nav2_ws/install/nav2_voxel_grid:/home/arc/nav2_ws/install/nav2_msgs:/home/arc/nav2_ws/install/nav2_common:/home/arc/workspace/install:/opt/ros/humble LD_LIBRARY_PATH=/home/arc/nav2_ws/install/nav2_costmap_2d/lib:/home/arc/nav2_ws/install/nav2_util/lib:/home/arc/nav2_ws/install/nav2_voxel_grid/lib:/home/arc/nav2_ws/install/nav2_msgs/lib:${LD_LIBRARY_PATH} PYTHONPATH=/home/arc/nav2_ws/install/nav2_msgs/local/lib/python3.10/dist-packages:/home/arc/nav2_ws/install/nav2_common/local/lib/python3.10/dist-packages:${PYTHONPATH} /usr/bin/cmake --build /home/arc/nav2_ws/build/nav2_theta_star_planner -- -j4 -l4
[31.145s] Invoking command in '/home/arc/nav2_ws/build/nav2_theta_star_planner': AMENT_PREFIX_PATH=/home/arc/nav2_ws/install/nav2_core:/home/arc/nav2_ws/install/nav2_costmap_2d:/home/arc/nav2_ws/install/nav2_util:/home/arc/nav2_ws/install/nav2_voxel_grid:/home/arc/nav2_ws/install/nav2_msgs:/home/arc/nav2_ws/install/nav2_common:${AMENT_PREFIX_PATH} CMAKE_PREFIX_PATH=/home/arc/nav2_ws/install/nav2_core:/home/arc/nav2_ws/install/nav2_costmap_2d:/home/arc/nav2_ws/install/nav2_util:/home/arc/nav2_ws/install/nav2_voxel_grid:/home/arc/nav2_ws/install/nav2_msgs:/home/arc/nav2_ws/install/nav2_common:/home/arc/workspace/install:/opt/ros/humble LD_LIBRARY_PATH=/home/arc/nav2_ws/install/nav2_costmap_2d/lib:/home/arc/nav2_ws/install/nav2_util/lib:/home/arc/nav2_ws/install/nav2_voxel_grid/lib:/home/arc/nav2_ws/install/nav2_msgs/lib:${LD_LIBRARY_PATH} PYTHONPATH=/home/arc/nav2_ws/install/nav2_msgs/local/lib/python3.10/dist-packages:/home/arc/nav2_ws/install/nav2_common/local/lib/python3.10/dist-packages:${PYTHONPATH} /usr/bin/cmake --install /home/arc/nav2_ws/build/nav2_theta_star_planner
[31.160s] -- Install configuration: "Release"
[31.161s] -- Execute custom install script
[31.162s] -- Up-to-date symlink: /home/arc/nav2_ws/install/nav2_theta_star_planner/share/nav2_theta_star_planner//theta_star_planner.xml
[31.162s] -- Up-to-date symlink: /home/arc/nav2_ws/install/nav2_theta_star_planner/lib/libnav2_theta_star_planner.so
[31.163s] -- Up-to-date symlink: /home/arc/nav2_ws/install/nav2_theta_star_planner/include//nav2_theta_star_planner/theta_star.hpp
[31.163s] -- Up-to-date symlink: /home/arc/nav2_ws/install/nav2_theta_star_planner/include//nav2_theta_star_planner/theta_star_planner.hpp
[31.164s] -- Up-to-date symlink: /home/arc/nav2_ws/install/nav2_theta_star_planner/share/nav2_theta_star_planner/theta_star_planner.xml
[31.164s] -- Up-to-date symlink: /home/arc/nav2_ws/install/nav2_theta_star_planner/share/nav2_theta_star_planner/environment/library_path.sh
[31.164s] -- Up-to-date symlink: /home/arc/nav2_ws/install/nav2_theta_star_planner/share/nav2_theta_star_planner/environment/library_path.dsv
[31.165s] -- Up-to-date symlink: /home/arc/nav2_ws/install/nav2_theta_star_planner/share/ament_index/resource_index/package_run_dependencies/nav2_theta_star_planner
[31.165s] -- Up-to-date symlink: /home/arc/nav2_ws/install/nav2_theta_star_planner/share/ament_index/resource_index/parent_prefix_path/nav2_theta_star_planner
[31.166s] -- Up-to-date symlink: /home/arc/nav2_ws/install/nav2_theta_star_planner/share/nav2_theta_star_planner/environment/ament_prefix_path.sh
[31.166s] -- Up-to-date symlink: /home/arc/nav2_ws/install/nav2_theta_star_planner/share/nav2_theta_star_planner/environment/ament_prefix_path.dsv
[31.166s] -- Up-to-date symlink: /home/arc/nav2_ws/install/nav2_theta_star_planner/share/nav2_theta_star_planner/environment/path.sh
[31.167s] -- Up-to-date symlink: /home/arc/nav2_ws/install/nav2_theta_star_planner/share/nav2_theta_star_planner/environment/path.dsv
[31.167s] -- Up-to-date symlink: /home/arc/nav2_ws/install/nav2_theta_star_planner/share/nav2_theta_star_planner/local_setup.bash
[31.167s] -- Up-to-date symlink: /home/arc/nav2_ws/install/nav2_theta_star_planner/share/nav2_theta_star_planner/local_setup.sh
[31.168s] -- Up-to-date symlink: /home/arc/nav2_ws/install/nav2_theta_star_planner/share/nav2_theta_star_planner/local_setup.zsh
[31.168s] -- Up-to-date symlink: /home/arc/nav2_ws/install/nav2_theta_star_planner/share/nav2_theta_star_planner/local_setup.dsv
[31.168s] -- Symlinking: /home/arc/nav2_ws/install/nav2_theta_star_planner/share/nav2_theta_star_planner/package.dsv
[31.184s] -- Up-to-date symlink: /home/arc/nav2_ws/install/nav2_theta_star_planner/share/ament_index/resource_index/packages/nav2_theta_star_planner
[31.184s] -- Up-to-date symlink: /home/arc/nav2_ws/install/nav2_theta_star_planner/share/ament_index/resource_index/nav2_core__pluginlib__plugin/nav2_theta_star_planner
[31.185s] -- Up-to-date symlink: /home/arc/nav2_ws/install/nav2_theta_star_planner/share/nav2_theta_star_planner/cmake/ament_cmake_export_include_directories-extras.cmake
[31.186s] -- Up-to-date symlink: /home/arc/nav2_ws/install/nav2_theta_star_planner/share/nav2_theta_star_planner/cmake/ament_cmake_export_libraries-extras.cmake
[31.186s] -- Up-to-date symlink: /home/arc/nav2_ws/install/nav2_theta_star_planner/share/nav2_theta_star_planner/cmake/ament_cmake_export_dependencies-extras.cmake
[31.187s] -- Up-to-date symlink: /home/arc/nav2_ws/install/nav2_theta_star_planner/share/nav2_theta_star_planner/cmake/nav2_theta_star_plannerConfig.cmake
[31.187s] -- Up-to-date symlink: /home/arc/nav2_ws/install/nav2_theta_star_planner/share/nav2_theta_star_planner/cmake/nav2_theta_star_plannerConfig-version.cmake
[31.187s] -- Up-to-date symlink: /home/arc/nav2_ws/install/nav2_theta_star_planner/share/nav2_theta_star_planner/package.xml
[31.191s] Invoked command in '/home/arc/nav2_ws/build/nav2_theta_star_planner' returned '0': AMENT_PREFIX_PATH=/home/arc/nav2_ws/install/nav2_core:/home/arc/nav2_ws/install/nav2_costmap_2d:/home/arc/nav2_ws/install/nav2_util:/home/arc/nav2_ws/install/nav2_voxel_grid:/home/arc/nav2_ws/install/nav2_msgs:/home/arc/nav2_ws/install/nav2_common:${AMENT_PREFIX_PATH} CMAKE_PREFIX_PATH=/home/arc/nav2_ws/install/nav2_core:/home/arc/nav2_ws/install/nav2_costmap_2d:/home/arc/nav2_ws/install/nav2_util:/home/arc/nav2_ws/install/nav2_voxel_grid:/home/arc/nav2_ws/install/nav2_msgs:/home/arc/nav2_ws/install/nav2_common:/home/arc/workspace/install:/opt/ros/humble LD_LIBRARY_PATH=/home/arc/nav2_ws/install/nav2_costmap_2d/lib:/home/arc/nav2_ws/install/nav2_util/lib:/home/arc/nav2_ws/install/nav2_voxel_grid/lib:/home/arc/nav2_ws/install/nav2_msgs/lib:${LD_LIBRARY_PATH} PYTHONPATH=/home/arc/nav2_ws/install/nav2_msgs/local/lib/python3.10/dist-packages:/home/arc/nav2_ws/install/nav2_common/local/lib/python3.10/dist-packages:${PYTHONPATH} /usr/bin/cmake --install /home/arc/nav2_ws/build/nav2_theta_star_planner
