[0.062s] Invoking command in '/home/arc/nav2_ws/build/dwb_critics': AMENT_PREFIX_PATH=/home/arc/nav2_ws/install/dwb_core:/home/arc/nav2_ws/install/nav2_core:/home/arc/nav2_ws/install/costmap_queue:/home/arc/nav2_ws/install/nav2_costmap_2d:/home/arc/nav2_ws/install/nav_2d_utils:/home/arc/nav2_ws/install/nav2_util:/home/arc/nav2_ws/install/nav2_voxel_grid:/home/arc/nav2_ws/install/nav2_msgs:/home/arc/nav2_ws/install/dwb_msgs:/home/arc/nav2_ws/install/nav_2d_msgs:/home/arc/nav2_ws/install/nav2_common:${AMENT_PREFIX_PATH} CMAKE_PREFIX_PATH=/home/arc/nav2_ws/install/dwb_core:/home/arc/nav2_ws/install/nav2_core:/home/arc/nav2_ws/install/costmap_queue:/home/arc/nav2_ws/install/nav2_costmap_2d:/home/arc/nav2_ws/install/nav_2d_utils:/home/arc/nav2_ws/install/nav2_util:/home/arc/nav2_ws/install/nav2_voxel_grid:/home/arc/nav2_ws/install/nav2_msgs:/home/arc/nav2_ws/install/dwb_msgs:/home/arc/nav2_ws/install/nav_2d_msgs:/home/arc/nav2_ws/install/nav2_common:/home/arc/workspace/install:/opt/ros/humble LD_LIBRARY_PATH=/home/arc/nav2_ws/install/dwb_core/lib:/home/arc/nav2_ws/install/costmap_queue/lib:/home/arc/nav2_ws/install/nav2_costmap_2d/lib:/home/arc/nav2_ws/install/nav_2d_utils/lib:/home/arc/nav2_ws/install/nav2_util/lib:/home/arc/nav2_ws/install/nav2_voxel_grid/lib:/home/arc/nav2_ws/install/nav2_msgs/lib:/home/arc/nav2_ws/install/dwb_msgs/lib:/home/arc/nav2_ws/install/nav_2d_msgs/lib:${LD_LIBRARY_PATH} PYTHONPATH=/home/arc/nav2_ws/install/nav2_msgs/local/lib/python3.10/dist-packages:/home/arc/nav2_ws/install/dwb_msgs/local/lib/python3.10/dist-packages:/home/arc/nav2_ws/install/nav_2d_msgs/local/lib/python3.10/dist-packages:/home/arc/nav2_ws/install/nav2_common/local/lib/python3.10/dist-packages:${PYTHONPATH} /usr/bin/cmake /home/arc/nav2_ws/src/navigation2/nav2_dwb_controller/dwb_critics -DAMENT_CMAKE_SYMLINK_INSTALL=1 -DCMAKE_INSTALL_PREFIX=/home/arc/nav2_ws/install/dwb_critics
[0.190s] -- The C compiler identification is GNU 11.2.0
[0.312s] -- The CXX compiler identification is GNU 11.2.0
[0.327s] -- Detecting C compiler ABI info
[0.459s] -- Detecting C compiler ABI info - done
[0.481s] -- Check for working C compiler: /usr/bin/cc - skipped
[0.482s] -- Detecting C compile features
[0.483s] -- Detecting C compile features - done
[0.490s] -- Detecting CXX compiler ABI info
[0.658s] -- Detecting CXX compiler ABI info - done
[0.680s] -- Check for working CXX compiler: /usr/bin/c++ - skipped
[0.681s] -- Detecting CXX compile features
[0.682s] -- Detecting CXX compile features - done
[0.690s] -- Found ament_cmake: 1.3.2 (/opt/ros/humble/share/ament_cmake/cmake)
[2.458s] -- Found Python3: /usr/bin/python3.10 (found version "3.10.6") found components: Interpreter 
[2.613s] -- Override CMake install command with custom implementation using symlinks instead of copying resources
[2.695s] -- Found nav2_common: 1.1.2 (/home/arc/nav2_ws/install/nav2_common/share/nav2_common/cmake)
[2.701s] -- Found angles: 1.15.0 (/opt/ros/humble/share/angles/cmake)
[2.705s] -- Found nav2_costmap_2d: 1.1.2 (/home/arc/nav2_ws/install/nav2_costmap_2d/share/nav2_costmap_2d/cmake)
[2.863s] -- Found rosidl_generator_c: 3.1.3 (/opt/ros/humble/share/rosidl_generator_c/cmake)
[2.879s] -- Found rosidl_adapter: 3.1.3 (/opt/ros/humble/share/rosidl_adapter/cmake)
[2.905s] -- Found rosidl_generator_cpp: 3.1.3 (/opt/ros/humble/share/rosidl_generator_cpp/cmake)
[2.946s] -- Using all available rosidl_typesupport_c: rosidl_typesupport_fastrtps_c;rosidl_typesupport_introspection_c
[3.010s] -- Using all available rosidl_typesupport_cpp: rosidl_typesupport_fastrtps_cpp;rosidl_typesupport_introspection_cpp
[3.586s] -- Found rmw_implementation_cmake: 6.1.0 (/opt/ros/humble/share/rmw_implementation_cmake/cmake)
[3.595s] -- Found rmw_fastrtps_cpp: 6.2.1 (/opt/ros/humble/share/rmw_fastrtps_cpp/cmake)
[3.833s] -- Found OpenSSL: /usr/lib/x86_64-linux-gnu/libcrypto.so (found version "3.0.2")  
[3.899s] -- Found FastRTPS: /opt/ros/humble/include  
[4.014s] -- Using RMW implementation 'rmw_fastrtps_cpp' as default
[6.790s] -- Found Eigen3: TRUE (found version "3.4.0") 
[6.790s] -- Ensuring Eigen3 include directory is part of orocos-kdl CMake target
[8.908s] -- Found costmap_queue: 1.1.2 (/home/arc/nav2_ws/install/costmap_queue/share/costmap_queue/cmake)
[8.908s] -- Found dwb_core: 1.1.2 (/home/arc/nav2_ws/install/dwb_core/share/dwb_core/cmake)
[18.910s] -- Setting build type to Release as none was specified.
[40.773s] -- Found ament_lint_auto: 0.12.4 (/opt/ros/humble/share/ament_lint_auto/cmake)
[41.000s] -- Found gtest sources under '/opt/ros/humble/src/gtest_vendor': C++ tests using 'Google Test' will be built
[41.012s] -- Looking for pthread.h
[41.153s] -- Looking for pthread.h - found
[41.153s] -- Performing Test CMAKE_HAVE_LIBC_PTHREAD
[41.297s] -- Performing Test CMAKE_HAVE_LIBC_PTHREAD - Success
[41.298s] -- Found Threads: TRUE  
[41.333s] -- Added test 'cppcheck' to perform static code analysis on C / C++ code
[41.334s] -- Configured cppcheck include dirs: /home/arc/nav2_ws/src/navigation2/nav2_dwb_controller/dwb_critics/include
[41.335s] -- Configured cppcheck exclude dirs and/or files: 
[41.339s] -- Added test 'cpplint' to check C / C++ code against the Google style
[41.339s] -- Configured cpplint exclude dirs and/or files: 
[41.343s] -- Added test 'lint_cmake' to check CMake code style
[41.349s] -- Added test 'uncrustify' to check C / C++ code style
[41.349s] -- Configured uncrustify additional arguments: 
[41.351s] -- Added test 'xmllint' to check XML markup files
[41.360s] -- Configuring done
[41.862s] -- Generating done
[41.869s] -- Build files have been written to: /home/arc/nav2_ws/build/dwb_critics
[41.907s] Invoked command in '/home/arc/nav2_ws/build/dwb_critics' returned '0': AMENT_PREFIX_PATH=/home/arc/nav2_ws/install/dwb_core:/home/arc/nav2_ws/install/nav2_core:/home/arc/nav2_ws/install/costmap_queue:/home/arc/nav2_ws/install/nav2_costmap_2d:/home/arc/nav2_ws/install/nav_2d_utils:/home/arc/nav2_ws/install/nav2_util:/home/arc/nav2_ws/install/nav2_voxel_grid:/home/arc/nav2_ws/install/nav2_msgs:/home/arc/nav2_ws/install/dwb_msgs:/home/arc/nav2_ws/install/nav_2d_msgs:/home/arc/nav2_ws/install/nav2_common:${AMENT_PREFIX_PATH} CMAKE_PREFIX_PATH=/home/arc/nav2_ws/install/dwb_core:/home/arc/nav2_ws/install/nav2_core:/home/arc/nav2_ws/install/costmap_queue:/home/arc/nav2_ws/install/nav2_costmap_2d:/home/arc/nav2_ws/install/nav_2d_utils:/home/arc/nav2_ws/install/nav2_util:/home/arc/nav2_ws/install/nav2_voxel_grid:/home/arc/nav2_ws/install/nav2_msgs:/home/arc/nav2_ws/install/dwb_msgs:/home/arc/nav2_ws/install/nav_2d_msgs:/home/arc/nav2_ws/install/nav2_common:/home/arc/workspace/install:/opt/ros/humble LD_LIBRARY_PATH=/home/arc/nav2_ws/install/dwb_core/lib:/home/arc/nav2_ws/install/costmap_queue/lib:/home/arc/nav2_ws/install/nav2_costmap_2d/lib:/home/arc/nav2_ws/install/nav_2d_utils/lib:/home/arc/nav2_ws/install/nav2_util/lib:/home/arc/nav2_ws/install/nav2_voxel_grid/lib:/home/arc/nav2_ws/install/nav2_msgs/lib:/home/arc/nav2_ws/install/dwb_msgs/lib:/home/arc/nav2_ws/install/nav_2d_msgs/lib:${LD_LIBRARY_PATH} PYTHONPATH=/home/arc/nav2_ws/install/nav2_msgs/local/lib/python3.10/dist-packages:/home/arc/nav2_ws/install/dwb_msgs/local/lib/python3.10/dist-packages:/home/arc/nav2_ws/install/nav_2d_msgs/local/lib/python3.10/dist-packages:/home/arc/nav2_ws/install/nav2_common/local/lib/python3.10/dist-packages:${PYTHONPATH} /usr/bin/cmake /home/arc/nav2_ws/src/navigation2/nav2_dwb_controller/dwb_critics -DAMENT_CMAKE_SYMLINK_INSTALL=1 -DCMAKE_INSTALL_PREFIX=/home/arc/nav2_ws/install/dwb_critics
[41.908s] Invoking command in '/home/arc/nav2_ws/build/dwb_critics': AMENT_PREFIX_PATH=/home/arc/nav2_ws/install/dwb_core:/home/arc/nav2_ws/install/nav2_core:/home/arc/nav2_ws/install/costmap_queue:/home/arc/nav2_ws/install/nav2_costmap_2d:/home/arc/nav2_ws/install/nav_2d_utils:/home/arc/nav2_ws/install/nav2_util:/home/arc/nav2_ws/install/nav2_voxel_grid:/home/arc/nav2_ws/install/nav2_msgs:/home/arc/nav2_ws/install/dwb_msgs:/home/arc/nav2_ws/install/nav_2d_msgs:/home/arc/nav2_ws/install/nav2_common:${AMENT_PREFIX_PATH} CMAKE_PREFIX_PATH=/home/arc/nav2_ws/install/dwb_core:/home/arc/nav2_ws/install/nav2_core:/home/arc/nav2_ws/install/costmap_queue:/home/arc/nav2_ws/install/nav2_costmap_2d:/home/arc/nav2_ws/install/nav_2d_utils:/home/arc/nav2_ws/install/nav2_util:/home/arc/nav2_ws/install/nav2_voxel_grid:/home/arc/nav2_ws/install/nav2_msgs:/home/arc/nav2_ws/install/dwb_msgs:/home/arc/nav2_ws/install/nav_2d_msgs:/home/arc/nav2_ws/install/nav2_common:/home/arc/workspace/install:/opt/ros/humble LD_LIBRARY_PATH=/home/arc/nav2_ws/install/dwb_core/lib:/home/arc/nav2_ws/install/costmap_queue/lib:/home/arc/nav2_ws/install/nav2_costmap_2d/lib:/home/arc/nav2_ws/install/nav_2d_utils/lib:/home/arc/nav2_ws/install/nav2_util/lib:/home/arc/nav2_ws/install/nav2_voxel_grid/lib:/home/arc/nav2_ws/install/nav2_msgs/lib:/home/arc/nav2_ws/install/dwb_msgs/lib:/home/arc/nav2_ws/install/nav_2d_msgs/lib:${LD_LIBRARY_PATH} PYTHONPATH=/home/arc/nav2_ws/install/nav2_msgs/local/lib/python3.10/dist-packages:/home/arc/nav2_ws/install/dwb_msgs/local/lib/python3.10/dist-packages:/home/arc/nav2_ws/install/nav_2d_msgs/local/lib/python3.10/dist-packages:/home/arc/nav2_ws/install/nav2_common/local/lib/python3.10/dist-packages:${PYTHONPATH} /usr/bin/cmake --build /home/arc/nav2_ws/build/dwb_critics -- -j4 -l4
[42.011s] [  3%] [32mBuilding CXX object CMakeFiles/dwb_critics.dir/src/alignment_util.cpp.o[0m
[43.636s] [  7%] [32mBuilding CXX object CMakeFiles/dwb_critics.dir/src/map_grid.cpp.o[0m
[56.305s] [ 11%] [32mBuilding CXX object CMakeFiles/dwb_critics.dir/src/goal_dist.cpp.o[0m
[67.337s] [ 14%] [32mBuilding CXX object CMakeFiles/dwb_critics.dir/src/path_dist.cpp.o[0m
[78.694s] [ 18%] [32mBuilding CXX object CMakeFiles/dwb_critics.dir/src/goal_align.cpp.o[0m
[91.301s] [ 22%] [32mBuilding CXX object CMakeFiles/dwb_critics.dir/src/path_align.cpp.o[0m
[103.571s] [ 25%] [32mBuilding CXX object CMakeFiles/dwb_critics.dir/src/base_obstacle.cpp.o[0m
[116.119s] [ 29%] [32mBuilding CXX object CMakeFiles/dwb_critics.dir/src/obstacle_footprint.cpp.o[0m
[127.536s] [ 33%] [32mBuilding CXX object CMakeFiles/dwb_critics.dir/src/oscillation.cpp.o[0m
[140.222s] [ 37%] [32mBuilding CXX object CMakeFiles/dwb_critics.dir/src/prefer_forward.cpp.o[0m
[153.105s] [ 40%] [32mBuilding CXX object CMakeFiles/dwb_critics.dir/src/rotate_to_goal.cpp.o[0m
[165.804s] [ 44%] [32mBuilding CXX object CMakeFiles/dwb_critics.dir/src/twirling.cpp.o[0m
[177.320s] [ 48%] [32m[1mLinking CXX shared library libdwb_critics.so[0m
[177.942s] [ 48%] Built target dwb_critics
[177.990s] [ 51%] [32mBuilding CXX object gtest/CMakeFiles/gtest.dir/src/gtest-all.cc.o[0m
[196.312s] [ 55%] [32m[1mLinking CXX static library libgtest.a[0m
[196.405s] [ 55%] Built target gtest
[196.449s] [ 59%] [32mBuilding CXX object gtest/CMakeFiles/gtest_main.dir/src/gtest_main.cc.o[0m
[198.951s] [ 62%] [32m[1mLinking CXX static library libgtest_main.a[0m
[199.018s] [ 62%] Built target gtest_main
[199.082s] [ 66%] [32mBuilding CXX object test/CMakeFiles/prefer_forward_tests.dir/prefer_forward_test.cpp.o[0m
[215.130s] [ 70%] [32m[1mLinking CXX executable prefer_forward_tests[0m
[215.942s] [ 70%] Built target prefer_forward_tests
[215.984s] [ 74%] [32mBuilding CXX object test/CMakeFiles/alignment_util_tests.dir/alignment_util_test.cpp.o[0m
[224.323s] [ 77%] [32m[1mLinking CXX executable alignment_util_tests[0m
[224.829s] [ 77%] Built target alignment_util_tests
[224.870s] [ 81%] [32mBuilding CXX object test/CMakeFiles/twirling_tests.dir/twirling_test.cpp.o[0m
[238.617s] [ 85%] [32m[1mLinking CXX executable twirling_tests[0m
[239.358s] [ 85%] Built target twirling_tests
[239.402s] [ 88%] [32mBuilding CXX object test/CMakeFiles/obstacle_footprint_tests.dir/obstacle_footprint_test.cpp.o[0m
[255.603s] [ 92%] [32m[1mLinking CXX executable obstacle_footprint_tests[0m
[256.237s] [ 92%] Built target obstacle_footprint_tests
[256.278s] [ 96%] [32mBuilding CXX object test/CMakeFiles/base_obstacle_tests.dir/base_obstacle_test.cpp.o[0m
[271.192s] [100%] [32m[1mLinking CXX executable base_obstacle_tests[0m
[271.900s] [100%] Built target base_obstacle_tests
[271.926s] Invoked command in '/home/arc/nav2_ws/build/dwb_critics' returned '0': AMENT_PREFIX_PATH=/home/arc/nav2_ws/install/dwb_core:/home/arc/nav2_ws/install/nav2_core:/home/arc/nav2_ws/install/costmap_queue:/home/arc/nav2_ws/install/nav2_costmap_2d:/home/arc/nav2_ws/install/nav_2d_utils:/home/arc/nav2_ws/install/nav2_util:/home/arc/nav2_ws/install/nav2_voxel_grid:/home/arc/nav2_ws/install/nav2_msgs:/home/arc/nav2_ws/install/dwb_msgs:/home/arc/nav2_ws/install/nav_2d_msgs:/home/arc/nav2_ws/install/nav2_common:${AMENT_PREFIX_PATH} CMAKE_PREFIX_PATH=/home/arc/nav2_ws/install/dwb_core:/home/arc/nav2_ws/install/nav2_core:/home/arc/nav2_ws/install/costmap_queue:/home/arc/nav2_ws/install/nav2_costmap_2d:/home/arc/nav2_ws/install/nav_2d_utils:/home/arc/nav2_ws/install/nav2_util:/home/arc/nav2_ws/install/nav2_voxel_grid:/home/arc/nav2_ws/install/nav2_msgs:/home/arc/nav2_ws/install/dwb_msgs:/home/arc/nav2_ws/install/nav_2d_msgs:/home/arc/nav2_ws/install/nav2_common:/home/arc/workspace/install:/opt/ros/humble LD_LIBRARY_PATH=/home/arc/nav2_ws/install/dwb_core/lib:/home/arc/nav2_ws/install/costmap_queue/lib:/home/arc/nav2_ws/install/nav2_costmap_2d/lib:/home/arc/nav2_ws/install/nav_2d_utils/lib:/home/arc/nav2_ws/install/nav2_util/lib:/home/arc/nav2_ws/install/nav2_voxel_grid/lib:/home/arc/nav2_ws/install/nav2_msgs/lib:/home/arc/nav2_ws/install/dwb_msgs/lib:/home/arc/nav2_ws/install/nav_2d_msgs/lib:${LD_LIBRARY_PATH} PYTHONPATH=/home/arc/nav2_ws/install/nav2_msgs/local/lib/python3.10/dist-packages:/home/arc/nav2_ws/install/dwb_msgs/local/lib/python3.10/dist-packages:/home/arc/nav2_ws/install/nav_2d_msgs/local/lib/python3.10/dist-packages:/home/arc/nav2_ws/install/nav2_common/local/lib/python3.10/dist-packages:${PYTHONPATH} /usr/bin/cmake --build /home/arc/nav2_ws/build/dwb_critics -- -j4 -l4
[272.022s] Invoking command in '/home/arc/nav2_ws/build/dwb_critics': AMENT_PREFIX_PATH=/home/arc/nav2_ws/install/dwb_core:/home/arc/nav2_ws/install/nav2_core:/home/arc/nav2_ws/install/costmap_queue:/home/arc/nav2_ws/install/nav2_costmap_2d:/home/arc/nav2_ws/install/nav_2d_utils:/home/arc/nav2_ws/install/nav2_util:/home/arc/nav2_ws/install/nav2_voxel_grid:/home/arc/nav2_ws/install/nav2_msgs:/home/arc/nav2_ws/install/dwb_msgs:/home/arc/nav2_ws/install/nav_2d_msgs:/home/arc/nav2_ws/install/nav2_common:${AMENT_PREFIX_PATH} CMAKE_PREFIX_PATH=/home/arc/nav2_ws/install/dwb_core:/home/arc/nav2_ws/install/nav2_core:/home/arc/nav2_ws/install/costmap_queue:/home/arc/nav2_ws/install/nav2_costmap_2d:/home/arc/nav2_ws/install/nav_2d_utils:/home/arc/nav2_ws/install/nav2_util:/home/arc/nav2_ws/install/nav2_voxel_grid:/home/arc/nav2_ws/install/nav2_msgs:/home/arc/nav2_ws/install/dwb_msgs:/home/arc/nav2_ws/install/nav_2d_msgs:/home/arc/nav2_ws/install/nav2_common:/home/arc/workspace/install:/opt/ros/humble LD_LIBRARY_PATH=/home/arc/nav2_ws/install/dwb_core/lib:/home/arc/nav2_ws/install/costmap_queue/lib:/home/arc/nav2_ws/install/nav2_costmap_2d/lib:/home/arc/nav2_ws/install/nav_2d_utils/lib:/home/arc/nav2_ws/install/nav2_util/lib:/home/arc/nav2_ws/install/nav2_voxel_grid/lib:/home/arc/nav2_ws/install/nav2_msgs/lib:/home/arc/nav2_ws/install/dwb_msgs/lib:/home/arc/nav2_ws/install/nav_2d_msgs/lib:${LD_LIBRARY_PATH} PYTHONPATH=/home/arc/nav2_ws/install/nav2_msgs/local/lib/python3.10/dist-packages:/home/arc/nav2_ws/install/dwb_msgs/local/lib/python3.10/dist-packages:/home/arc/nav2_ws/install/nav_2d_msgs/local/lib/python3.10/dist-packages:/home/arc/nav2_ws/install/nav2_common/local/lib/python3.10/dist-packages:${PYTHONPATH} /usr/bin/cmake --install /home/arc/nav2_ws/build/dwb_critics
[272.037s] -- Install configuration: "Release"
[272.039s] -- Execute custom install script
[272.039s] -- Symlinking: /home/arc/nav2_ws/install/dwb_critics/lib/libdwb_critics.so
[272.056s] -- Symlinking: /home/arc/nav2_ws/install/dwb_critics/include//dwb_critics/alignment_util.hpp
[272.073s] -- Symlinking: /home/arc/nav2_ws/install/dwb_critics/include//dwb_critics/base_obstacle.hpp
[272.091s] -- Symlinking: /home/arc/nav2_ws/install/dwb_critics/include//dwb_critics/goal_align.hpp
[272.106s] -- Symlinking: /home/arc/nav2_ws/install/dwb_critics/include//dwb_critics/goal_dist.hpp
[272.123s] -- Symlinking: /home/arc/nav2_ws/install/dwb_critics/include//dwb_critics/line_iterator.hpp
[272.139s] -- Symlinking: /home/arc/nav2_ws/install/dwb_critics/include//dwb_critics/map_grid.hpp
[272.158s] -- Symlinking: /home/arc/nav2_ws/install/dwb_critics/include//dwb_critics/obstacle_footprint.hpp
[272.174s] -- Symlinking: /home/arc/nav2_ws/install/dwb_critics/include//dwb_critics/oscillation.hpp
[272.191s] -- Symlinking: /home/arc/nav2_ws/install/dwb_critics/include//dwb_critics/path_align.hpp
[272.208s] -- Symlinking: /home/arc/nav2_ws/install/dwb_critics/include//dwb_critics/path_dist.hpp
[272.226s] -- Symlinking: /home/arc/nav2_ws/install/dwb_critics/include//dwb_critics/prefer_forward.hpp
[272.243s] -- Symlinking: /home/arc/nav2_ws/install/dwb_critics/include//dwb_critics/rotate_to_goal.hpp
[272.259s] -- Symlinking: /home/arc/nav2_ws/install/dwb_critics/include//dwb_critics/twirling.hpp
[272.275s] -- Symlinking: /home/arc/nav2_ws/install/dwb_critics/share/dwb_critics/default_critics.xml
[272.294s] -- Symlinking: /home/arc/nav2_ws/install/dwb_critics/share/dwb_critics/environment/library_path.sh
[272.310s] -- Symlinking: /home/arc/nav2_ws/install/dwb_critics/share/dwb_critics/environment/library_path.dsv
[272.327s] -- Up-to-date symlink: /home/arc/nav2_ws/install/dwb_critics/share/dwb_critics//default_critics.xml
[272.328s] -- Symlinking: /home/arc/nav2_ws/install/dwb_critics/share/ament_index/resource_index/package_run_dependencies/dwb_critics
[272.347s] -- Symlinking: /home/arc/nav2_ws/install/dwb_critics/share/ament_index/resource_index/parent_prefix_path/dwb_critics
[272.364s] -- Symlinking: /home/arc/nav2_ws/install/dwb_critics/share/dwb_critics/environment/ament_prefix_path.sh
[272.381s] -- Symlinking: /home/arc/nav2_ws/install/dwb_critics/share/dwb_critics/environment/ament_prefix_path.dsv
[272.397s] -- Symlinking: /home/arc/nav2_ws/install/dwb_critics/share/dwb_critics/environment/path.sh
[272.415s] -- Symlinking: /home/arc/nav2_ws/install/dwb_critics/share/dwb_critics/environment/path.dsv
[272.432s] -- Symlinking: /home/arc/nav2_ws/install/dwb_critics/share/dwb_critics/local_setup.bash
[272.449s] -- Symlinking: /home/arc/nav2_ws/install/dwb_critics/share/dwb_critics/local_setup.sh
[272.465s] -- Symlinking: /home/arc/nav2_ws/install/dwb_critics/share/dwb_critics/local_setup.zsh
[272.484s] -- Symlinking: /home/arc/nav2_ws/install/dwb_critics/share/dwb_critics/local_setup.dsv
[272.500s] -- Symlinking: /home/arc/nav2_ws/install/dwb_critics/share/dwb_critics/package.dsv
[272.516s] -- Symlinking: /home/arc/nav2_ws/install/dwb_critics/share/ament_index/resource_index/packages/dwb_critics
[272.532s] -- Symlinking: /home/arc/nav2_ws/install/dwb_critics/share/ament_index/resource_index/dwb_core__pluginlib__plugin/dwb_critics
[272.551s] -- Symlinking: /home/arc/nav2_ws/install/dwb_critics/share/dwb_critics/cmake/ament_cmake_export_include_directories-extras.cmake
[272.567s] -- Symlinking: /home/arc/nav2_ws/install/dwb_critics/share/dwb_critics/cmake/ament_cmake_export_libraries-extras.cmake
[272.582s] -- Symlinking: /home/arc/nav2_ws/install/dwb_critics/share/dwb_critics/cmake/ament_cmake_export_dependencies-extras.cmake
[272.599s] -- Symlinking: /home/arc/nav2_ws/install/dwb_critics/share/dwb_critics/cmake/dwb_criticsConfig.cmake
[272.617s] -- Symlinking: /home/arc/nav2_ws/install/dwb_critics/share/dwb_critics/cmake/dwb_criticsConfig-version.cmake
[272.633s] -- Symlinking: /home/arc/nav2_ws/install/dwb_critics/share/dwb_critics/package.xml
[272.658s] Invoked command in '/home/arc/nav2_ws/build/dwb_critics' returned '0': AMENT_PREFIX_PATH=/home/arc/nav2_ws/install/dwb_core:/home/arc/nav2_ws/install/nav2_core:/home/arc/nav2_ws/install/costmap_queue:/home/arc/nav2_ws/install/nav2_costmap_2d:/home/arc/nav2_ws/install/nav_2d_utils:/home/arc/nav2_ws/install/nav2_util:/home/arc/nav2_ws/install/nav2_voxel_grid:/home/arc/nav2_ws/install/nav2_msgs:/home/arc/nav2_ws/install/dwb_msgs:/home/arc/nav2_ws/install/nav_2d_msgs:/home/arc/nav2_ws/install/nav2_common:${AMENT_PREFIX_PATH} CMAKE_PREFIX_PATH=/home/arc/nav2_ws/install/dwb_core:/home/arc/nav2_ws/install/nav2_core:/home/arc/nav2_ws/install/costmap_queue:/home/arc/nav2_ws/install/nav2_costmap_2d:/home/arc/nav2_ws/install/nav_2d_utils:/home/arc/nav2_ws/install/nav2_util:/home/arc/nav2_ws/install/nav2_voxel_grid:/home/arc/nav2_ws/install/nav2_msgs:/home/arc/nav2_ws/install/dwb_msgs:/home/arc/nav2_ws/install/nav_2d_msgs:/home/arc/nav2_ws/install/nav2_common:/home/arc/workspace/install:/opt/ros/humble LD_LIBRARY_PATH=/home/arc/nav2_ws/install/dwb_core/lib:/home/arc/nav2_ws/install/costmap_queue/lib:/home/arc/nav2_ws/install/nav2_costmap_2d/lib:/home/arc/nav2_ws/install/nav_2d_utils/lib:/home/arc/nav2_ws/install/nav2_util/lib:/home/arc/nav2_ws/install/nav2_voxel_grid/lib:/home/arc/nav2_ws/install/nav2_msgs/lib:/home/arc/nav2_ws/install/dwb_msgs/lib:/home/arc/nav2_ws/install/nav_2d_msgs/lib:${LD_LIBRARY_PATH} PYTHONPATH=/home/arc/nav2_ws/install/nav2_msgs/local/lib/python3.10/dist-packages:/home/arc/nav2_ws/install/dwb_msgs/local/lib/python3.10/dist-packages:/home/arc/nav2_ws/install/nav_2d_msgs/local/lib/python3.10/dist-packages:/home/arc/nav2_ws/install/nav2_common/local/lib/python3.10/dist-packages:${PYTHONPATH} /usr/bin/cmake --install /home/arc/nav2_ws/build/dwb_critics
