[0.080s] Invoking command in '/home/arc/nav2_ws/build/dwb_critics': AMENT_PREFIX_PATH=/home/arc/nav2_ws/install/dwb_core:/home/arc/nav2_ws/install/nav2_core:/home/arc/nav2_ws/install/costmap_queue:/home/arc/nav2_ws/install/nav2_costmap_2d:/home/arc/nav2_ws/install/nav_2d_utils:/home/arc/nav2_ws/install/nav2_util:/home/arc/nav2_ws/install/nav2_voxel_grid:/home/arc/nav2_ws/install/nav2_msgs:/home/arc/nav2_ws/install/dwb_msgs:/home/arc/nav2_ws/install/nav_2d_msgs:/home/arc/nav2_ws/install/nav2_common:${AMENT_PREFIX_PATH} CMAKE_PREFIX_PATH=/home/arc/nav2_ws/install/dwb_core:/home/arc/nav2_ws/install/nav2_core:/home/arc/nav2_ws/install/costmap_queue:/home/arc/nav2_ws/install/nav2_costmap_2d:/home/arc/nav2_ws/install/nav_2d_utils:/home/arc/nav2_ws/install/nav2_util:/home/arc/nav2_ws/install/nav2_voxel_grid:/home/arc/nav2_ws/install/nav2_msgs:/home/arc/nav2_ws/install/dwb_msgs:/home/arc/nav2_ws/install/nav_2d_msgs:/home/arc/nav2_ws/install/nav2_common:/home/arc/workspace/install:/opt/ros/humble LD_LIBRARY_PATH=/home/arc/nav2_ws/install/dwb_core/lib:/home/arc/nav2_ws/install/costmap_queue/lib:/home/arc/nav2_ws/install/nav2_costmap_2d/lib:/home/arc/nav2_ws/install/nav_2d_utils/lib:/home/arc/nav2_ws/install/nav2_util/lib:/home/arc/nav2_ws/install/nav2_voxel_grid/lib:/home/arc/nav2_ws/install/nav2_msgs/lib:/home/arc/nav2_ws/install/dwb_msgs/lib:/home/arc/nav2_ws/install/nav_2d_msgs/lib:${LD_LIBRARY_PATH} PYTHONPATH=/home/arc/nav2_ws/install/nav2_msgs/local/lib/python3.10/dist-packages:/home/arc/nav2_ws/install/dwb_msgs/local/lib/python3.10/dist-packages:/home/arc/nav2_ws/install/nav_2d_msgs/local/lib/python3.10/dist-packages:/home/arc/nav2_ws/install/nav2_common/local/lib/python3.10/dist-packages:${PYTHONPATH} /usr/bin/cmake /home/arc/nav2_ws/src/navigation2/nav2_dwb_controller/dwb_critics -DCMAKE_INSTALL_PREFIX=/home/arc/nav2_ws/install/dwb_critics
[0.104s] -- Found ament_cmake: 1.3.2 (/opt/ros/humble/share/ament_cmake/cmake)
[0.388s] -- Override CMake install command with custom implementation using symlinks instead of copying resources
[0.402s] -- Found nav2_common: 1.1.2 (/home/arc/nav2_ws/install/nav2_common/share/nav2_common/cmake)
[0.404s] -- Found angles: 1.15.0 (/opt/ros/humble/share/angles/cmake)
[0.407s] -- Found nav2_costmap_2d: 1.1.2 (/home/arc/nav2_ws/install/nav2_costmap_2d/share/nav2_costmap_2d/cmake)
[0.465s] -- Found rosidl_generator_c: 3.1.3 (/opt/ros/humble/share/rosidl_generator_c/cmake)
[0.473s] -- Found rosidl_adapter: 3.1.3 (/opt/ros/humble/share/rosidl_adapter/cmake)
[0.487s] -- Found rosidl_generator_cpp: 3.1.3 (/opt/ros/humble/share/rosidl_generator_cpp/cmake)
[0.513s] -- Using all available rosidl_typesupport_c: rosidl_typesupport_fastrtps_c;rosidl_typesupport_introspection_c
[0.552s] -- Using all available rosidl_typesupport_cpp: rosidl_typesupport_fastrtps_cpp;rosidl_typesupport_introspection_cpp
[0.965s] -- Found rmw_implementation_cmake: 6.1.0 (/opt/ros/humble/share/rmw_implementation_cmake/cmake)
[0.970s] -- Found rmw_fastrtps_cpp: 6.2.1 (/opt/ros/humble/share/rmw_fastrtps_cpp/cmake)
[1.238s] -- Using RMW implementation 'rmw_fastrtps_cpp' as default
[3.730s] -- Ensuring Eigen3 include directory is part of orocos-kdl CMake target
[5.616s] -- Found costmap_queue: 1.1.2 (/home/arc/nav2_ws/install/costmap_queue/share/costmap_queue/cmake)
[5.620s] -- Found dwb_core: 1.1.2 (/home/arc/nav2_ws/install/dwb_core/share/dwb_core/cmake)
[36.010s] -- Found ament_lint_auto: 0.12.4 (/opt/ros/humble/share/ament_lint_auto/cmake)
[36.161s] -- Found gtest sources under '/opt/ros/humble/src/gtest_vendor': C++ tests using 'Google Test' will be built
[36.197s] -- Added test 'cppcheck' to perform static code analysis on C / C++ code
[36.198s] -- Configured cppcheck include dirs: /home/arc/nav2_ws/src/navigation2/nav2_dwb_controller/dwb_critics/include
[36.198s] -- Configured cppcheck exclude dirs and/or files: 
[36.202s] -- Added test 'cpplint' to check C / C++ code against the Google style
[36.202s] -- Configured cpplint exclude dirs and/or files: 
[36.204s] -- Added test 'lint_cmake' to check CMake code style
[36.207s] -- Added test 'uncrustify' to check C / C++ code style
[36.208s] -- Configured uncrustify additional arguments: 
[36.209s] -- Added test 'xmllint' to check XML markup files
[36.214s] -- Configuring done
[36.688s] -- Generating done
[36.695s] -- Build files have been written to: /home/arc/nav2_ws/build/dwb_critics
[36.721s] Invoked command in '/home/arc/nav2_ws/build/dwb_critics' returned '0': AMENT_PREFIX_PATH=/home/arc/nav2_ws/install/dwb_core:/home/arc/nav2_ws/install/nav2_core:/home/arc/nav2_ws/install/costmap_queue:/home/arc/nav2_ws/install/nav2_costmap_2d:/home/arc/nav2_ws/install/nav_2d_utils:/home/arc/nav2_ws/install/nav2_util:/home/arc/nav2_ws/install/nav2_voxel_grid:/home/arc/nav2_ws/install/nav2_msgs:/home/arc/nav2_ws/install/dwb_msgs:/home/arc/nav2_ws/install/nav_2d_msgs:/home/arc/nav2_ws/install/nav2_common:${AMENT_PREFIX_PATH} CMAKE_PREFIX_PATH=/home/arc/nav2_ws/install/dwb_core:/home/arc/nav2_ws/install/nav2_core:/home/arc/nav2_ws/install/costmap_queue:/home/arc/nav2_ws/install/nav2_costmap_2d:/home/arc/nav2_ws/install/nav_2d_utils:/home/arc/nav2_ws/install/nav2_util:/home/arc/nav2_ws/install/nav2_voxel_grid:/home/arc/nav2_ws/install/nav2_msgs:/home/arc/nav2_ws/install/dwb_msgs:/home/arc/nav2_ws/install/nav_2d_msgs:/home/arc/nav2_ws/install/nav2_common:/home/arc/workspace/install:/opt/ros/humble LD_LIBRARY_PATH=/home/arc/nav2_ws/install/dwb_core/lib:/home/arc/nav2_ws/install/costmap_queue/lib:/home/arc/nav2_ws/install/nav2_costmap_2d/lib:/home/arc/nav2_ws/install/nav_2d_utils/lib:/home/arc/nav2_ws/install/nav2_util/lib:/home/arc/nav2_ws/install/nav2_voxel_grid/lib:/home/arc/nav2_ws/install/nav2_msgs/lib:/home/arc/nav2_ws/install/dwb_msgs/lib:/home/arc/nav2_ws/install/nav_2d_msgs/lib:${LD_LIBRARY_PATH} PYTHONPATH=/home/arc/nav2_ws/install/nav2_msgs/local/lib/python3.10/dist-packages:/home/arc/nav2_ws/install/dwb_msgs/local/lib/python3.10/dist-packages:/home/arc/nav2_ws/install/nav_2d_msgs/local/lib/python3.10/dist-packages:/home/arc/nav2_ws/install/nav2_common/local/lib/python3.10/dist-packages:${PYTHONPATH} /usr/bin/cmake /home/arc/nav2_ws/src/navigation2/nav2_dwb_controller/dwb_critics -DCMAKE_INSTALL_PREFIX=/home/arc/nav2_ws/install/dwb_critics
[36.722s] Invoking command in '/home/arc/nav2_ws/build/dwb_critics': AMENT_PREFIX_PATH=/home/arc/nav2_ws/install/dwb_core:/home/arc/nav2_ws/install/nav2_core:/home/arc/nav2_ws/install/costmap_queue:/home/arc/nav2_ws/install/nav2_costmap_2d:/home/arc/nav2_ws/install/nav_2d_utils:/home/arc/nav2_ws/install/nav2_util:/home/arc/nav2_ws/install/nav2_voxel_grid:/home/arc/nav2_ws/install/nav2_msgs:/home/arc/nav2_ws/install/dwb_msgs:/home/arc/nav2_ws/install/nav_2d_msgs:/home/arc/nav2_ws/install/nav2_common:${AMENT_PREFIX_PATH} CMAKE_PREFIX_PATH=/home/arc/nav2_ws/install/dwb_core:/home/arc/nav2_ws/install/nav2_core:/home/arc/nav2_ws/install/costmap_queue:/home/arc/nav2_ws/install/nav2_costmap_2d:/home/arc/nav2_ws/install/nav_2d_utils:/home/arc/nav2_ws/install/nav2_util:/home/arc/nav2_ws/install/nav2_voxel_grid:/home/arc/nav2_ws/install/nav2_msgs:/home/arc/nav2_ws/install/dwb_msgs:/home/arc/nav2_ws/install/nav_2d_msgs:/home/arc/nav2_ws/install/nav2_common:/home/arc/workspace/install:/opt/ros/humble LD_LIBRARY_PATH=/home/arc/nav2_ws/install/dwb_core/lib:/home/arc/nav2_ws/install/costmap_queue/lib:/home/arc/nav2_ws/install/nav2_costmap_2d/lib:/home/arc/nav2_ws/install/nav_2d_utils/lib:/home/arc/nav2_ws/install/nav2_util/lib:/home/arc/nav2_ws/install/nav2_voxel_grid/lib:/home/arc/nav2_ws/install/nav2_msgs/lib:/home/arc/nav2_ws/install/dwb_msgs/lib:/home/arc/nav2_ws/install/nav_2d_msgs/lib:${LD_LIBRARY_PATH} PYTHONPATH=/home/arc/nav2_ws/install/nav2_msgs/local/lib/python3.10/dist-packages:/home/arc/nav2_ws/install/dwb_msgs/local/lib/python3.10/dist-packages:/home/arc/nav2_ws/install/nav_2d_msgs/local/lib/python3.10/dist-packages:/home/arc/nav2_ws/install/nav2_common/local/lib/python3.10/dist-packages:${PYTHONPATH} /usr/bin/cmake --build /home/arc/nav2_ws/build/dwb_critics -- -j4 -l4
[36.825s] [35m[1mConsolidate compiler generated dependencies of target dwb_critics[0m
[36.848s] [35m[1mConsolidate compiler generated dependencies of target gtest_main[0m
[36.921s] [  7%] Built target gtest_main
[36.945s] [35m[1mConsolidate compiler generated dependencies of target gtest[0m
[36.971s] [ 55%] Built target dwb_critics
[36.972s] [ 62%] Built target gtest
[36.995s] [35m[1mConsolidate compiler generated dependencies of target prefer_forward_tests[0m
[37.037s] [ 70%] Built target prefer_forward_tests
[37.060s] [35m[1mConsolidate compiler generated dependencies of target alignment_util_tests[0m
[37.096s] [ 77%] Built target alignment_util_tests
[37.119s] [35m[1mConsolidate compiler generated dependencies of target twirling_tests[0m
[37.162s] [ 85%] Built target twirling_tests
[37.185s] [35m[1mConsolidate compiler generated dependencies of target obstacle_footprint_tests[0m
[37.227s] [ 92%] Built target obstacle_footprint_tests
[37.252s] [35m[1mConsolidate compiler generated dependencies of target base_obstacle_tests[0m
[37.295s] [100%] Built target base_obstacle_tests
[37.316s] Invoked command in '/home/arc/nav2_ws/build/dwb_critics' returned '0': AMENT_PREFIX_PATH=/home/arc/nav2_ws/install/dwb_core:/home/arc/nav2_ws/install/nav2_core:/home/arc/nav2_ws/install/costmap_queue:/home/arc/nav2_ws/install/nav2_costmap_2d:/home/arc/nav2_ws/install/nav_2d_utils:/home/arc/nav2_ws/install/nav2_util:/home/arc/nav2_ws/install/nav2_voxel_grid:/home/arc/nav2_ws/install/nav2_msgs:/home/arc/nav2_ws/install/dwb_msgs:/home/arc/nav2_ws/install/nav_2d_msgs:/home/arc/nav2_ws/install/nav2_common:${AMENT_PREFIX_PATH} CMAKE_PREFIX_PATH=/home/arc/nav2_ws/install/dwb_core:/home/arc/nav2_ws/install/nav2_core:/home/arc/nav2_ws/install/costmap_queue:/home/arc/nav2_ws/install/nav2_costmap_2d:/home/arc/nav2_ws/install/nav_2d_utils:/home/arc/nav2_ws/install/nav2_util:/home/arc/nav2_ws/install/nav2_voxel_grid:/home/arc/nav2_ws/install/nav2_msgs:/home/arc/nav2_ws/install/dwb_msgs:/home/arc/nav2_ws/install/nav_2d_msgs:/home/arc/nav2_ws/install/nav2_common:/home/arc/workspace/install:/opt/ros/humble LD_LIBRARY_PATH=/home/arc/nav2_ws/install/dwb_core/lib:/home/arc/nav2_ws/install/costmap_queue/lib:/home/arc/nav2_ws/install/nav2_costmap_2d/lib:/home/arc/nav2_ws/install/nav_2d_utils/lib:/home/arc/nav2_ws/install/nav2_util/lib:/home/arc/nav2_ws/install/nav2_voxel_grid/lib:/home/arc/nav2_ws/install/nav2_msgs/lib:/home/arc/nav2_ws/install/dwb_msgs/lib:/home/arc/nav2_ws/install/nav_2d_msgs/lib:${LD_LIBRARY_PATH} PYTHONPATH=/home/arc/nav2_ws/install/nav2_msgs/local/lib/python3.10/dist-packages:/home/arc/nav2_ws/install/dwb_msgs/local/lib/python3.10/dist-packages:/home/arc/nav2_ws/install/nav_2d_msgs/local/lib/python3.10/dist-packages:/home/arc/nav2_ws/install/nav2_common/local/lib/python3.10/dist-packages:${PYTHONPATH} /usr/bin/cmake --build /home/arc/nav2_ws/build/dwb_critics -- -j4 -l4
[37.406s] Invoking command in '/home/arc/nav2_ws/build/dwb_critics': AMENT_PREFIX_PATH=/home/arc/nav2_ws/install/dwb_core:/home/arc/nav2_ws/install/nav2_core:/home/arc/nav2_ws/install/costmap_queue:/home/arc/nav2_ws/install/nav2_costmap_2d:/home/arc/nav2_ws/install/nav_2d_utils:/home/arc/nav2_ws/install/nav2_util:/home/arc/nav2_ws/install/nav2_voxel_grid:/home/arc/nav2_ws/install/nav2_msgs:/home/arc/nav2_ws/install/dwb_msgs:/home/arc/nav2_ws/install/nav_2d_msgs:/home/arc/nav2_ws/install/nav2_common:${AMENT_PREFIX_PATH} CMAKE_PREFIX_PATH=/home/arc/nav2_ws/install/dwb_core:/home/arc/nav2_ws/install/nav2_core:/home/arc/nav2_ws/install/costmap_queue:/home/arc/nav2_ws/install/nav2_costmap_2d:/home/arc/nav2_ws/install/nav_2d_utils:/home/arc/nav2_ws/install/nav2_util:/home/arc/nav2_ws/install/nav2_voxel_grid:/home/arc/nav2_ws/install/nav2_msgs:/home/arc/nav2_ws/install/dwb_msgs:/home/arc/nav2_ws/install/nav_2d_msgs:/home/arc/nav2_ws/install/nav2_common:/home/arc/workspace/install:/opt/ros/humble LD_LIBRARY_PATH=/home/arc/nav2_ws/install/dwb_core/lib:/home/arc/nav2_ws/install/costmap_queue/lib:/home/arc/nav2_ws/install/nav2_costmap_2d/lib:/home/arc/nav2_ws/install/nav_2d_utils/lib:/home/arc/nav2_ws/install/nav2_util/lib:/home/arc/nav2_ws/install/nav2_voxel_grid/lib:/home/arc/nav2_ws/install/nav2_msgs/lib:/home/arc/nav2_ws/install/dwb_msgs/lib:/home/arc/nav2_ws/install/nav_2d_msgs/lib:${LD_LIBRARY_PATH} PYTHONPATH=/home/arc/nav2_ws/install/nav2_msgs/local/lib/python3.10/dist-packages:/home/arc/nav2_ws/install/dwb_msgs/local/lib/python3.10/dist-packages:/home/arc/nav2_ws/install/nav_2d_msgs/local/lib/python3.10/dist-packages:/home/arc/nav2_ws/install/nav2_common/local/lib/python3.10/dist-packages:${PYTHONPATH} /usr/bin/cmake --install /home/arc/nav2_ws/build/dwb_critics
[37.421s] -- Install configuration: "Release"
[37.422s] -- Execute custom install script
[37.423s] -- Up-to-date symlink: /home/arc/nav2_ws/install/dwb_critics/lib/libdwb_critics.so
[37.425s] -- Up-to-date symlink: /home/arc/nav2_ws/install/dwb_critics/include//dwb_critics/alignment_util.hpp
[37.426s] -- Up-to-date symlink: /home/arc/nav2_ws/install/dwb_critics/include//dwb_critics/base_obstacle.hpp
[37.426s] -- Up-to-date symlink: /home/arc/nav2_ws/install/dwb_critics/include//dwb_critics/goal_align.hpp
[37.427s] -- Up-to-date symlink: /home/arc/nav2_ws/install/dwb_critics/include//dwb_critics/goal_dist.hpp
[37.427s] -- Up-to-date symlink: /home/arc/nav2_ws/install/dwb_critics/include//dwb_critics/line_iterator.hpp
[37.428s] -- Up-to-date symlink: /home/arc/nav2_ws/install/dwb_critics/include//dwb_critics/map_grid.hpp
[37.428s] -- Up-to-date symlink: /home/arc/nav2_ws/install/dwb_critics/include//dwb_critics/obstacle_footprint.hpp
[37.429s] -- Up-to-date symlink: /home/arc/nav2_ws/install/dwb_critics/include//dwb_critics/oscillation.hpp
[37.429s] -- Up-to-date symlink: /home/arc/nav2_ws/install/dwb_critics/include//dwb_critics/path_align.hpp
[37.430s] -- Up-to-date symlink: /home/arc/nav2_ws/install/dwb_critics/include//dwb_critics/path_dist.hpp
[37.430s] -- Up-to-date symlink: /home/arc/nav2_ws/install/dwb_critics/include//dwb_critics/prefer_forward.hpp
[37.431s] -- Up-to-date symlink: /home/arc/nav2_ws/install/dwb_critics/include//dwb_critics/rotate_to_goal.hpp
[37.431s] -- Up-to-date symlink: /home/arc/nav2_ws/install/dwb_critics/include//dwb_critics/twirling.hpp
[37.432s] -- Up-to-date symlink: /home/arc/nav2_ws/install/dwb_critics/share/dwb_critics/default_critics.xml
[37.433s] -- Up-to-date symlink: /home/arc/nav2_ws/install/dwb_critics/share/dwb_critics/environment/library_path.sh
[37.433s] -- Up-to-date symlink: /home/arc/nav2_ws/install/dwb_critics/share/dwb_critics/environment/library_path.dsv
[37.434s] -- Up-to-date symlink: /home/arc/nav2_ws/install/dwb_critics/share/dwb_critics//default_critics.xml
[37.435s] -- Up-to-date symlink: /home/arc/nav2_ws/install/dwb_critics/share/ament_index/resource_index/package_run_dependencies/dwb_critics
[37.435s] -- Up-to-date symlink: /home/arc/nav2_ws/install/dwb_critics/share/ament_index/resource_index/parent_prefix_path/dwb_critics
[37.436s] -- Up-to-date symlink: /home/arc/nav2_ws/install/dwb_critics/share/dwb_critics/environment/ament_prefix_path.sh
[37.437s] -- Up-to-date symlink: /home/arc/nav2_ws/install/dwb_critics/share/dwb_critics/environment/ament_prefix_path.dsv
[37.437s] -- Up-to-date symlink: /home/arc/nav2_ws/install/dwb_critics/share/dwb_critics/environment/path.sh
[37.438s] -- Up-to-date symlink: /home/arc/nav2_ws/install/dwb_critics/share/dwb_critics/environment/path.dsv
[37.438s] -- Up-to-date symlink: /home/arc/nav2_ws/install/dwb_critics/share/dwb_critics/local_setup.bash
[37.439s] -- Up-to-date symlink: /home/arc/nav2_ws/install/dwb_critics/share/dwb_critics/local_setup.sh
[37.440s] -- Up-to-date symlink: /home/arc/nav2_ws/install/dwb_critics/share/dwb_critics/local_setup.zsh
[37.440s] -- Up-to-date symlink: /home/arc/nav2_ws/install/dwb_critics/share/dwb_critics/local_setup.dsv
[37.441s] -- Symlinking: /home/arc/nav2_ws/install/dwb_critics/share/dwb_critics/package.dsv
[37.457s] -- Up-to-date symlink: /home/arc/nav2_ws/install/dwb_critics/share/ament_index/resource_index/packages/dwb_critics
[37.458s] -- Up-to-date symlink: /home/arc/nav2_ws/install/dwb_critics/share/ament_index/resource_index/dwb_core__pluginlib__plugin/dwb_critics
[37.458s] -- Up-to-date symlink: /home/arc/nav2_ws/install/dwb_critics/share/dwb_critics/cmake/ament_cmake_export_include_directories-extras.cmake
[37.458s] -- Up-to-date symlink: /home/arc/nav2_ws/install/dwb_critics/share/dwb_critics/cmake/ament_cmake_export_libraries-extras.cmake
[37.459s] -- Up-to-date symlink: /home/arc/nav2_ws/install/dwb_critics/share/dwb_critics/cmake/ament_cmake_export_dependencies-extras.cmake
[37.459s] -- Up-to-date symlink: /home/arc/nav2_ws/install/dwb_critics/share/dwb_critics/cmake/dwb_criticsConfig.cmake
[37.460s] -- Up-to-date symlink: /home/arc/nav2_ws/install/dwb_critics/share/dwb_critics/cmake/dwb_criticsConfig-version.cmake
[37.460s] -- Up-to-date symlink: /home/arc/nav2_ws/install/dwb_critics/share/dwb_critics/package.xml
[37.473s] Invoked command in '/home/arc/nav2_ws/build/dwb_critics' returned '0': AMENT_PREFIX_PATH=/home/arc/nav2_ws/install/dwb_core:/home/arc/nav2_ws/install/nav2_core:/home/arc/nav2_ws/install/costmap_queue:/home/arc/nav2_ws/install/nav2_costmap_2d:/home/arc/nav2_ws/install/nav_2d_utils:/home/arc/nav2_ws/install/nav2_util:/home/arc/nav2_ws/install/nav2_voxel_grid:/home/arc/nav2_ws/install/nav2_msgs:/home/arc/nav2_ws/install/dwb_msgs:/home/arc/nav2_ws/install/nav_2d_msgs:/home/arc/nav2_ws/install/nav2_common:${AMENT_PREFIX_PATH} CMAKE_PREFIX_PATH=/home/arc/nav2_ws/install/dwb_core:/home/arc/nav2_ws/install/nav2_core:/home/arc/nav2_ws/install/costmap_queue:/home/arc/nav2_ws/install/nav2_costmap_2d:/home/arc/nav2_ws/install/nav_2d_utils:/home/arc/nav2_ws/install/nav2_util:/home/arc/nav2_ws/install/nav2_voxel_grid:/home/arc/nav2_ws/install/nav2_msgs:/home/arc/nav2_ws/install/dwb_msgs:/home/arc/nav2_ws/install/nav_2d_msgs:/home/arc/nav2_ws/install/nav2_common:/home/arc/workspace/install:/opt/ros/humble LD_LIBRARY_PATH=/home/arc/nav2_ws/install/dwb_core/lib:/home/arc/nav2_ws/install/costmap_queue/lib:/home/arc/nav2_ws/install/nav2_costmap_2d/lib:/home/arc/nav2_ws/install/nav_2d_utils/lib:/home/arc/nav2_ws/install/nav2_util/lib:/home/arc/nav2_ws/install/nav2_voxel_grid/lib:/home/arc/nav2_ws/install/nav2_msgs/lib:/home/arc/nav2_ws/install/dwb_msgs/lib:/home/arc/nav2_ws/install/nav_2d_msgs/lib:${LD_LIBRARY_PATH} PYTHONPATH=/home/arc/nav2_ws/install/nav2_msgs/local/lib/python3.10/dist-packages:/home/arc/nav2_ws/install/dwb_msgs/local/lib/python3.10/dist-packages:/home/arc/nav2_ws/install/nav_2d_msgs/local/lib/python3.10/dist-packages:/home/arc/nav2_ws/install/nav2_common/local/lib/python3.10/dist-packages:${PYTHONPATH} /usr/bin/cmake --install /home/arc/nav2_ws/build/dwb_critics
