[0.043s] Invoking command in '/home/arc/nav2_ws/build/dwb_msgs': AMENT_PREFIX_PATH=/home/arc/nav2_ws/install/nav_2d_msgs:${AMENT_PREFIX_PATH} CMAKE_PREFIX_PATH=/home/arc/nav2_ws/install/nav_2d_msgs:/home/arc/workspace/install:/opt/ros/humble LD_LIBRARY_PATH=/home/arc/nav2_ws/install/nav_2d_msgs/lib:${LD_LIBRARY_PATH} PYTHONPATH=/home/arc/nav2_ws/install/nav_2d_msgs/local/lib/python3.10/dist-packages:${PYTHONPATH} /usr/bin/cmake /home/arc/nav2_ws/src/navigation2/nav2_dwb_controller/dwb_msgs -DAMENT_CMAKE_SYMLINK_INSTALL=1 -DCMAKE_INSTALL_PREFIX=/home/arc/nav2_ws/install/dwb_msgs
[0.155s] -- The C compiler identification is GNU 11.2.0
[0.269s] -- The CXX compiler identification is GNU 11.2.0
[0.284s] -- Detecting C compiler ABI info
[0.416s] -- Detecting C compiler ABI info - done
[0.438s] -- Check for working C compiler: /usr/bin/cc - skipped
[0.439s] -- Detecting C compile features
[0.440s] -- Detecting C compile features - done
[0.447s] -- Detecting CXX compiler ABI info
[0.602s] -- Detecting CXX compiler ABI info - done
[0.626s] -- Check for working CXX compiler: /usr/bin/c++ - skipped
[0.627s] -- Detecting CXX compile features
[0.628s] -- Detecting CXX compile features - done
[0.633s] -- Found builtin_interfaces: 1.2.0 (/opt/ros/humble/share/builtin_interfaces/cmake)
[2.262s] -- Found Python3: /usr/bin/python3.10 (found version "3.10.6") found components: Interpreter 
[2.428s] -- Override CMake install command with custom implementation using symlinks instead of copying resources
[2.573s] -- Found rosidl_generator_c: 3.1.3 (/opt/ros/humble/share/rosidl_generator_c/cmake)
[2.587s] -- Found rosidl_adapter: 3.1.3 (/opt/ros/humble/share/rosidl_adapter/cmake)
[2.610s] -- Found rosidl_generator_cpp: 3.1.3 (/opt/ros/humble/share/rosidl_generator_cpp/cmake)
[2.647s] -- Using all available rosidl_typesupport_c: rosidl_typesupport_fastrtps_c;rosidl_typesupport_introspection_c
[2.701s] -- Using all available rosidl_typesupport_cpp: rosidl_typesupport_fastrtps_cpp;rosidl_typesupport_introspection_cpp
[2.752s] -- Found geometry_msgs: 4.2.2 (/opt/ros/humble/share/geometry_msgs/cmake)
[3.079s] -- Found nav_2d_msgs: 1.1.2 (/home/arc/nav2_ws/install/nav_2d_msgs/share/nav_2d_msgs/cmake)
[3.342s] -- Found nav_msgs: 4.2.2 (/opt/ros/humble/share/nav_msgs/cmake)
[3.778s] -- Found rosidl_default_generators: 1.2.0 (/opt/ros/humble/share/rosidl_default_generators/cmake)
[4.936s] -- Found ament_cmake_ros: 0.10.0 (/opt/ros/humble/share/ament_cmake_ros/cmake)
[6.273s] -- Using all available rosidl_typesupport_c: rosidl_typesupport_fastrtps_c;rosidl_typesupport_introspection_c
[6.826s] -- Using all available rosidl_typesupport_cpp: rosidl_typesupport_fastrtps_cpp;rosidl_typesupport_introspection_cpp
[6.879s] -- Found PythonInterp: /usr/bin/python3 (found suitable version "3.10.6", minimum required is "3.6") 
[6.883s] -- Found python_cmake_module: 0.10.0 (/opt/ros/humble/share/python_cmake_module/cmake)
[7.006s] -- Found PythonLibs: /usr/lib/x86_64-linux-gnu/libpython3.10.so (found suitable version "3.10.6", minimum required is "3.5") 
[7.007s] -- Using PYTHON_EXECUTABLE: /usr/bin/python3
[7.007s] -- Using PYTHON_INCLUDE_DIRS: /usr/include/python3.10
[7.007s] -- Using PYTHON_LIBRARIES: /usr/lib/x86_64-linux-gnu/libpython3.10.so
[7.102s] -- Found PythonExtra: .so  
[7.510s] -- Configuring done
[7.670s] -- Generating done
[7.679s] -- Build files have been written to: /home/arc/nav2_ws/build/dwb_msgs
[7.719s] Invoked command in '/home/arc/nav2_ws/build/dwb_msgs' returned '0': AMENT_PREFIX_PATH=/home/arc/nav2_ws/install/nav_2d_msgs:${AMENT_PREFIX_PATH} CMAKE_PREFIX_PATH=/home/arc/nav2_ws/install/nav_2d_msgs:/home/arc/workspace/install:/opt/ros/humble LD_LIBRARY_PATH=/home/arc/nav2_ws/install/nav_2d_msgs/lib:${LD_LIBRARY_PATH} PYTHONPATH=/home/arc/nav2_ws/install/nav_2d_msgs/local/lib/python3.10/dist-packages:${PYTHONPATH} /usr/bin/cmake /home/arc/nav2_ws/src/navigation2/nav2_dwb_controller/dwb_msgs -DAMENT_CMAKE_SYMLINK_INSTALL=1 -DCMAKE_INSTALL_PREFIX=/home/arc/nav2_ws/install/dwb_msgs
[7.726s] Invoking command in '/home/arc/nav2_ws/build/dwb_msgs': AMENT_PREFIX_PATH=/home/arc/nav2_ws/install/nav_2d_msgs:${AMENT_PREFIX_PATH} CMAKE_PREFIX_PATH=/home/arc/nav2_ws/install/nav_2d_msgs:/home/arc/workspace/install:/opt/ros/humble LD_LIBRARY_PATH=/home/arc/nav2_ws/install/nav_2d_msgs/lib:${LD_LIBRARY_PATH} PYTHONPATH=/home/arc/nav2_ws/install/nav_2d_msgs/local/lib/python3.10/dist-packages:${PYTHONPATH} /usr/bin/cmake --build /home/arc/nav2_ws/build/dwb_msgs -- -j4 -l4
[7.976s] [  1%] [34m[1mGenerating C++ code for ROS interfaces[0m
[11.882s] [  1%] Built target dwb_msgs__cpp
[11.972s] [  1%] Built target ament_cmake_python_symlink_dwb_msgs
[11.990s] [  2%] [34m[1mGenerating C++ type support for eProsima Fast-RTPS[0m
[14.287s] [  3%] [32mBuilding CXX object CMakeFiles/dwb_msgs__rosidl_typesupport_fastrtps_cpp.dir/rosidl_typesupport_fastrtps_cpp/dwb_msgs/msg/detail/dds_fastrtps/critic_score__type_support.cpp.o[0m
[14.795s] [  4%] [32mBuilding CXX object CMakeFiles/dwb_msgs__rosidl_typesupport_fastrtps_cpp.dir/rosidl_typesupport_fastrtps_cpp/dwb_msgs/msg/detail/dds_fastrtps/local_plan_evaluation__type_support.cpp.o[0m
[15.289s] [  5%] [34m[1mGenerating C++ introspection for ROS interfaces[0m
[15.524s] [  6%] [32mBuilding CXX object CMakeFiles/dwb_msgs__rosidl_typesupport_fastrtps_cpp.dir/rosidl_typesupport_fastrtps_cpp/dwb_msgs/msg/detail/dds_fastrtps/trajectory2_d__type_support.cpp.o[0m
[16.329s] [  7%] [34m[1mGenerating C++ type support dispatch for ROS interfaces[0m
[16.714s] [  8%] [32mBuilding CXX object CMakeFiles/dwb_msgs__rosidl_typesupport_fastrtps_cpp.dir/rosidl_typesupport_fastrtps_cpp/dwb_msgs/msg/detail/dds_fastrtps/trajectory_score__type_support.cpp.o[0m
[17.355s] [  9%] [34m[1mGenerating C code for ROS interfaces[0m
[18.462s] [ 10%] [32mBuilding CXX object CMakeFiles/dwb_msgs__rosidl_typesupport_introspection_cpp.dir/rosidl_typesupport_introspection_cpp/dwb_msgs/msg/detail/critic_score__type_support.cpp.o[0m
[18.578s] [ 11%] [32mBuilding CXX object CMakeFiles/dwb_msgs__rosidl_typesupport_fastrtps_cpp.dir/rosidl_typesupport_fastrtps_cpp/dwb_msgs/srv/detail/dds_fastrtps/debug_local_plan__type_support.cpp.o[0m
[19.699s] [ 12%] [32mBuilding CXX object CMakeFiles/dwb_msgs__rosidl_typesupport_cpp.dir/rosidl_typesupport_cpp/dwb_msgs/msg/critic_score__type_support.cpp.o[0m
[20.062s] [ 13%] [32mBuilding CXX object CMakeFiles/dwb_msgs__rosidl_typesupport_fastrtps_cpp.dir/rosidl_typesupport_fastrtps_cpp/dwb_msgs/srv/detail/dds_fastrtps/generate_trajectory__type_support.cpp.o[0m
[20.360s] [ 14%] [32mBuilding CXX object CMakeFiles/dwb_msgs__rosidl_typesupport_introspection_cpp.dir/rosidl_typesupport_introspection_cpp/dwb_msgs/msg/detail/local_plan_evaluation__type_support.cpp.o[0m
[21.046s] [ 15%] [32mBuilding CXX object CMakeFiles/dwb_msgs__rosidl_typesupport_cpp.dir/rosidl_typesupport_cpp/dwb_msgs/msg/local_plan_evaluation__type_support.cpp.o[0m
[21.508s] [ 16%] [32mBuilding CXX object CMakeFiles/dwb_msgs__rosidl_typesupport_fastrtps_cpp.dir/rosidl_typesupport_fastrtps_cpp/dwb_msgs/srv/detail/dds_fastrtps/generate_twists__type_support.cpp.o[0m
[22.055s] [ 17%] [32mBuilding CXX object CMakeFiles/dwb_msgs__rosidl_typesupport_cpp.dir/rosidl_typesupport_cpp/dwb_msgs/msg/trajectory2_d__type_support.cpp.o[0m
[22.817s] [ 18%] [32mBuilding CXX object CMakeFiles/dwb_msgs__rosidl_typesupport_cpp.dir/rosidl_typesupport_cpp/dwb_msgs/msg/trajectory_score__type_support.cpp.o[0m
[23.382s] [ 20%] [32mBuilding CXX object CMakeFiles/dwb_msgs__rosidl_typesupport_introspection_cpp.dir/rosidl_typesupport_introspection_cpp/dwb_msgs/msg/detail/trajectory2_d__type_support.cpp.o[0m
[23.695s] [ 21%] [32mBuilding CXX object CMakeFiles/dwb_msgs__rosidl_typesupport_fastrtps_cpp.dir/rosidl_typesupport_fastrtps_cpp/dwb_msgs/srv/detail/dds_fastrtps/get_critic_score__type_support.cpp.o[0m
[23.717s] [ 22%] [32mBuilding CXX object CMakeFiles/dwb_msgs__rosidl_typesupport_cpp.dir/rosidl_typesupport_cpp/dwb_msgs/srv/debug_local_plan__type_support.cpp.o[0m
[24.439s] [ 23%] [32mBuilding C object CMakeFiles/dwb_msgs__rosidl_generator_c.dir/rosidl_generator_c/dwb_msgs/msg/detail/critic_score__functions.c.o[0m
[24.751s] [ 24%] [32mBuilding C object CMakeFiles/dwb_msgs__rosidl_generator_c.dir/rosidl_generator_c/dwb_msgs/msg/detail/local_plan_evaluation__functions.c.o[0m
[24.790s] [ 25%] [32mBuilding CXX object CMakeFiles/dwb_msgs__rosidl_typesupport_introspection_cpp.dir/rosidl_typesupport_introspection_cpp/dwb_msgs/msg/detail/trajectory_score__type_support.cpp.o[0m
[24.801s] [ 26%] [32mBuilding CXX object CMakeFiles/dwb_msgs__rosidl_typesupport_cpp.dir/rosidl_typesupport_cpp/dwb_msgs/srv/generate_trajectory__type_support.cpp.o[0m
[24.998s] [ 27%] [32mBuilding C object CMakeFiles/dwb_msgs__rosidl_generator_c.dir/rosidl_generator_c/dwb_msgs/msg/detail/trajectory2_d__functions.c.o[0m
[25.295s] [ 28%] [32mBuilding C object CMakeFiles/dwb_msgs__rosidl_generator_c.dir/rosidl_generator_c/dwb_msgs/msg/detail/trajectory_score__functions.c.o[0m
[25.622s] [ 29%] [32mBuilding C object CMakeFiles/dwb_msgs__rosidl_generator_c.dir/rosidl_generator_c/dwb_msgs/srv/detail/debug_local_plan__functions.c.o[0m
[25.629s] [ 30%] [32mBuilding CXX object CMakeFiles/dwb_msgs__rosidl_typesupport_fastrtps_cpp.dir/rosidl_typesupport_fastrtps_cpp/dwb_msgs/srv/detail/dds_fastrtps/score_trajectory__type_support.cpp.o[0m
[25.962s] [ 31%] [32mBuilding C object CMakeFiles/dwb_msgs__rosidl_generator_c.dir/rosidl_generator_c/dwb_msgs/srv/detail/generate_trajectory__functions.c.o[0m
[26.066s] [ 32%] [32mBuilding CXX object CMakeFiles/dwb_msgs__rosidl_typesupport_introspection_cpp.dir/rosidl_typesupport_introspection_cpp/dwb_msgs/srv/detail/debug_local_plan__type_support.cpp.o[0m
[26.123s] [ 33%] [32mBuilding CXX object CMakeFiles/dwb_msgs__rosidl_typesupport_cpp.dir/rosidl_typesupport_cpp/dwb_msgs/srv/generate_twists__type_support.cpp.o[0m
[26.272s] [ 34%] [32mBuilding C object CMakeFiles/dwb_msgs__rosidl_generator_c.dir/rosidl_generator_c/dwb_msgs/srv/detail/generate_twists__functions.c.o[0m
[26.560s] [ 35%] [32mBuilding C object CMakeFiles/dwb_msgs__rosidl_generator_c.dir/rosidl_generator_c/dwb_msgs/srv/detail/get_critic_score__functions.c.o[0m
[26.913s] [ 36%] [32mBuilding C object CMakeFiles/dwb_msgs__rosidl_generator_c.dir/rosidl_generator_c/dwb_msgs/srv/detail/score_trajectory__functions.c.o[0m
[27.029s] [ 37%] [32m[1mLinking CXX shared library libdwb_msgs__rosidl_typesupport_fastrtps_cpp.so[0m
[27.266s] [ 38%] [32m[1mLinking C shared library libdwb_msgs__rosidl_generator_c.so[0m
[27.482s] [ 38%] Built target dwb_msgs__rosidl_typesupport_fastrtps_cpp
[27.482s] [ 38%] Built target dwb_msgs__rosidl_generator_c
[27.506s] [ 40%] [32mBuilding CXX object CMakeFiles/dwb_msgs__rosidl_typesupport_cpp.dir/rosidl_typesupport_cpp/dwb_msgs/srv/get_critic_score__type_support.cpp.o[0m
[27.859s] [ 41%] [32mBuilding CXX object CMakeFiles/dwb_msgs__rosidl_typesupport_introspection_cpp.dir/rosidl_typesupport_introspection_cpp/dwb_msgs/srv/detail/generate_trajectory__type_support.cpp.o[0m
[28.294s] [ 42%] [32mBuilding CXX object CMakeFiles/dwb_msgs__rosidl_typesupport_cpp.dir/rosidl_typesupport_cpp/dwb_msgs/srv/score_trajectory__type_support.cpp.o[0m
[29.182s] [ 43%] [32mBuilding CXX object CMakeFiles/dwb_msgs__rosidl_typesupport_introspection_cpp.dir/rosidl_typesupport_introspection_cpp/dwb_msgs/srv/detail/generate_twists__type_support.cpp.o[0m
[29.335s] [ 44%] [32m[1mLinking CXX shared library libdwb_msgs__rosidl_typesupport_cpp.so[0m
[29.504s] [ 44%] Built target dwb_msgs__rosidl_typesupport_cpp
[30.503s] [ 45%] [32mBuilding CXX object CMakeFiles/dwb_msgs__rosidl_typesupport_introspection_cpp.dir/rosidl_typesupport_introspection_cpp/dwb_msgs/srv/detail/score_trajectory__type_support.cpp.o[0m
[31.667s] [ 46%] [32mBuilding CXX object CMakeFiles/dwb_msgs__rosidl_typesupport_introspection_cpp.dir/rosidl_typesupport_introspection_cpp/dwb_msgs/srv/detail/get_critic_score__type_support.cpp.o[0m
[32.654s] [ 47%] [32m[1mLinking CXX shared library libdwb_msgs__rosidl_typesupport_introspection_cpp.so[0m
[32.859s] [ 47%] Built target dwb_msgs__rosidl_typesupport_introspection_cpp
[32.876s] [ 48%] [34m[1mGenerating C introspection for ROS interfaces[0m
[35.731s] [ 49%] [32mBuilding C object CMakeFiles/dwb_msgs__rosidl_typesupport_introspection_c.dir/rosidl_typesupport_introspection_c/dwb_msgs/msg/detail/critic_score__type_support.c.o[0m
[35.795s] [ 50%] [32mBuilding C object CMakeFiles/dwb_msgs__rosidl_typesupport_introspection_c.dir/rosidl_typesupport_introspection_c/dwb_msgs/msg/detail/local_plan_evaluation__type_support.c.o[0m
[35.871s] [ 51%] [32mBuilding C object CMakeFiles/dwb_msgs__rosidl_typesupport_introspection_c.dir/rosidl_typesupport_introspection_c/dwb_msgs/msg/detail/trajectory2_d__type_support.c.o[0m
[36.002s] [ 52%] [32mBuilding C object CMakeFiles/dwb_msgs__rosidl_typesupport_introspection_c.dir/rosidl_typesupport_introspection_c/dwb_msgs/msg/detail/trajectory_score__type_support.c.o[0m
[36.077s] [ 53%] [32mBuilding C object CMakeFiles/dwb_msgs__rosidl_typesupport_introspection_c.dir/rosidl_typesupport_introspection_c/dwb_msgs/srv/detail/debug_local_plan__type_support.c.o[0m
[36.177s] [ 54%] [32mBuilding C object CMakeFiles/dwb_msgs__rosidl_typesupport_introspection_c.dir/rosidl_typesupport_introspection_c/dwb_msgs/srv/detail/generate_trajectory__type_support.c.o[0m
[36.255s] [ 55%] [32mBuilding C object CMakeFiles/dwb_msgs__rosidl_typesupport_introspection_c.dir/rosidl_typesupport_introspection_c/dwb_msgs/srv/detail/generate_twists__type_support.c.o[0m
[36.335s] [ 56%] [32mBuilding C object CMakeFiles/dwb_msgs__rosidl_typesupport_introspection_c.dir/rosidl_typesupport_introspection_c/dwb_msgs/srv/detail/get_critic_score__type_support.c.o[0m
[36.420s] [ 57%] [32mBuilding C object CMakeFiles/dwb_msgs__rosidl_typesupport_introspection_c.dir/rosidl_typesupport_introspection_c/dwb_msgs/srv/detail/score_trajectory__type_support.c.o[0m
[36.500s] [ 58%] [32m[1mLinking C shared library libdwb_msgs__rosidl_typesupport_introspection_c.so[0m
[36.591s] [ 58%] Built target dwb_msgs__rosidl_typesupport_introspection_c
[36.612s] [ 60%] [34m[1mGenerating C type support dispatch for ROS interfaces[0m
[38.417s] [ 61%] [32mBuilding CXX object CMakeFiles/dwb_msgs__rosidl_typesupport_c.dir/rosidl_typesupport_c/dwb_msgs/msg/critic_score__type_support.cpp.o[0m
[38.473s] [ 62%] [32mBuilding CXX object CMakeFiles/dwb_msgs__rosidl_typesupport_c.dir/rosidl_typesupport_c/dwb_msgs/msg/local_plan_evaluation__type_support.cpp.o[0m
[38.533s] [ 63%] [32mBuilding CXX object CMakeFiles/dwb_msgs__rosidl_typesupport_c.dir/rosidl_typesupport_c/dwb_msgs/msg/trajectory2_d__type_support.cpp.o[0m
[38.590s] [ 64%] [32mBuilding CXX object CMakeFiles/dwb_msgs__rosidl_typesupport_c.dir/rosidl_typesupport_c/dwb_msgs/msg/trajectory_score__type_support.cpp.o[0m
[38.647s] [ 65%] [32mBuilding CXX object CMakeFiles/dwb_msgs__rosidl_typesupport_c.dir/rosidl_typesupport_c/dwb_msgs/srv/debug_local_plan__type_support.cpp.o[0m
[38.732s] [ 66%] [32mBuilding CXX object CMakeFiles/dwb_msgs__rosidl_typesupport_c.dir/rosidl_typesupport_c/dwb_msgs/srv/generate_trajectory__type_support.cpp.o[0m
[38.797s] [ 67%] [32mBuilding CXX object CMakeFiles/dwb_msgs__rosidl_typesupport_c.dir/rosidl_typesupport_c/dwb_msgs/srv/generate_twists__type_support.cpp.o[0m
[38.860s] [ 68%] [32mBuilding CXX object CMakeFiles/dwb_msgs__rosidl_typesupport_c.dir/rosidl_typesupport_c/dwb_msgs/srv/get_critic_score__type_support.cpp.o[0m
[38.928s] [ 69%] [32mBuilding CXX object CMakeFiles/dwb_msgs__rosidl_typesupport_c.dir/rosidl_typesupport_c/dwb_msgs/srv/score_trajectory__type_support.cpp.o[0m
[38.998s] [ 70%] [32m[1mLinking CXX shared library libdwb_msgs__rosidl_typesupport_c.so[0m
[39.111s] [ 70%] Built target dwb_msgs__rosidl_typesupport_c
[39.129s] [ 71%] [34m[1mGenerating C type support for eProsima Fast-RTPS[0m
[41.537s] [ 72%] [32mBuilding CXX object CMakeFiles/dwb_msgs__rosidl_typesupport_fastrtps_c.dir/rosidl_typesupport_fastrtps_c/dwb_msgs/msg/detail/critic_score__type_support_c.cpp.o[0m
[42.250s] [ 73%] [32mBuilding CXX object CMakeFiles/dwb_msgs__rosidl_typesupport_fastrtps_c.dir/rosidl_typesupport_fastrtps_c/dwb_msgs/msg/detail/trajectory2_d__type_support_c.cpp.o[0m
[43.002s] [ 74%] [32mBuilding CXX object CMakeFiles/dwb_msgs__rosidl_typesupport_fastrtps_c.dir/rosidl_typesupport_fastrtps_c/dwb_msgs/msg/detail/trajectory_score__type_support_c.cpp.o[0m
[43.777s] [ 75%] [32mBuilding CXX object CMakeFiles/dwb_msgs__rosidl_typesupport_fastrtps_c.dir/rosidl_typesupport_fastrtps_c/dwb_msgs/srv/detail/debug_local_plan__type_support_c.cpp.o[0m
[44.516s] [ 76%] [32mBuilding CXX object CMakeFiles/dwb_msgs__rosidl_typesupport_fastrtps_c.dir/rosidl_typesupport_fastrtps_c/dwb_msgs/srv/detail/generate_trajectory__type_support_c.cpp.o[0m
[45.281s] [ 77%] [32mBuilding CXX object CMakeFiles/dwb_msgs__rosidl_typesupport_fastrtps_c.dir/rosidl_typesupport_fastrtps_c/dwb_msgs/srv/detail/generate_twists__type_support_c.cpp.o[0m
[46.030s] [ 78%] [32mBuilding CXX object CMakeFiles/dwb_msgs__rosidl_typesupport_fastrtps_c.dir/rosidl_typesupport_fastrtps_c/dwb_msgs/srv/detail/get_critic_score__type_support_c.cpp.o[0m
[46.802s] [ 80%] [32mBuilding CXX object CMakeFiles/dwb_msgs__rosidl_typesupport_fastrtps_c.dir/rosidl_typesupport_fastrtps_c/dwb_msgs/srv/detail/score_trajectory__type_support_c.cpp.o[0m
[47.514s] [ 81%] [32mBuilding CXX object CMakeFiles/dwb_msgs__rosidl_typesupport_fastrtps_c.dir/rosidl_typesupport_fastrtps_c/dwb_msgs/msg/detail/local_plan_evaluation__type_support_c.cpp.o[0m
[48.242s] [ 82%] [32m[1mLinking CXX shared library libdwb_msgs__rosidl_typesupport_fastrtps_c.so[0m
[48.442s] [ 82%] Built target dwb_msgs__rosidl_typesupport_fastrtps_c
[49.288s] running egg_info
[49.290s] creating dwb_msgs.egg-info
[49.324s] writing dwb_msgs.egg-info/PKG-INFO
[49.324s] writing dependency_links to dwb_msgs.egg-info/dependency_links.txt
[49.324s] writing top-level names to dwb_msgs.egg-info/top_level.txt
[49.325s] writing manifest file 'dwb_msgs.egg-info/SOURCES.txt'
[49.420s] reading manifest file 'dwb_msgs.egg-info/SOURCES.txt'
[49.421s] writing manifest file 'dwb_msgs.egg-info/SOURCES.txt'
[49.523s] [ 82%] Built target ament_cmake_python_build_dwb_msgs_egg
[49.558s] [ 82%] Built target dwb_msgs
[49.592s] [ 83%] [34m[1mGenerating Python code for ROS interfaces[0m
[54.791s] [ 83%] Built target dwb_msgs__py
[54.825s] [ 84%] [32mBuilding C object CMakeFiles/dwb_msgs__rosidl_generator_py.dir/rosidl_generator_py/dwb_msgs/msg/_critic_score_s.c.o[0m
[55.056s] [ 85%] [32mBuilding C object CMakeFiles/dwb_msgs__rosidl_generator_py.dir/rosidl_generator_py/dwb_msgs/msg/_trajectory_score_s.c.o[0m
[55.314s] [ 86%] [32mBuilding C object CMakeFiles/dwb_msgs__rosidl_generator_py.dir/rosidl_generator_py/dwb_msgs/srv/_debug_local_plan_s.c.o[0m
[55.559s] [ 87%] [32mBuilding C object CMakeFiles/dwb_msgs__rosidl_generator_py.dir/rosidl_generator_py/dwb_msgs/srv/_generate_trajectory_s.c.o[0m
[55.827s] [ 88%] [32mBuilding C object CMakeFiles/dwb_msgs__rosidl_generator_py.dir/rosidl_generator_py/dwb_msgs/srv/_generate_twists_s.c.o[0m
[56.148s] [ 89%] [32mBuilding C object CMakeFiles/dwb_msgs__rosidl_generator_py.dir/rosidl_generator_py/dwb_msgs/srv/_get_critic_score_s.c.o[0m
[56.459s] [ 90%] [32mBuilding C object CMakeFiles/dwb_msgs__rosidl_generator_py.dir/rosidl_generator_py/dwb_msgs/srv/_score_trajectory_s.c.o[0m
[56.707s] [ 91%] [32mBuilding C object CMakeFiles/dwb_msgs__rosidl_generator_py.dir/rosidl_generator_py/dwb_msgs/msg/_trajectory2_d_s.c.o[0m
[56.959s] [ 92%] [32mBuilding C object CMakeFiles/dwb_msgs__rosidl_generator_py.dir/rosidl_generator_py/dwb_msgs/msg/_local_plan_evaluation_s.c.o[0m
[57.262s] [ 93%] [32m[1mLinking C shared library rosidl_generator_py/dwb_msgs/libdwb_msgs__rosidl_generator_py.so[0m
[57.387s] [ 93%] Built target dwb_msgs__rosidl_generator_py
[57.424s] [ 94%] [32mBuilding C object CMakeFiles/dwb_msgs__rosidl_typesupport_fastrtps_c__pyext.dir/rosidl_generator_py/dwb_msgs/_dwb_msgs_s.ep.rosidl_typesupport_fastrtps_c.c.o[0m
[57.774s] [ 95%] [32m[1mLinking C shared library rosidl_generator_py/dwb_msgs/dwb_msgs_s__rosidl_typesupport_fastrtps_c.cpython-310-x86_64-linux-gnu.so[0m
[57.869s] [ 95%] Built target dwb_msgs__rosidl_typesupport_fastrtps_c__pyext
[57.902s] [ 96%] [32mBuilding C object CMakeFiles/dwb_msgs__rosidl_typesupport_c__pyext.dir/rosidl_generator_py/dwb_msgs/_dwb_msgs_s.ep.rosidl_typesupport_c.c.o[0m
[58.229s] [ 97%] [32m[1mLinking C shared library rosidl_generator_py/dwb_msgs/dwb_msgs_s__rosidl_typesupport_c.cpython-310-x86_64-linux-gnu.so[0m
[58.311s] [ 97%] Built target dwb_msgs__rosidl_typesupport_c__pyext
[58.346s] [ 98%] [32mBuilding C object CMakeFiles/dwb_msgs__rosidl_typesupport_introspection_c__pyext.dir/rosidl_generator_py/dwb_msgs/_dwb_msgs_s.ep.rosidl_typesupport_introspection_c.c.o[0m
[58.689s] [100%] [32m[1mLinking C shared library rosidl_generator_py/dwb_msgs/dwb_msgs_s__rosidl_typesupport_introspection_c.cpython-310-x86_64-linux-gnu.so[0m
[58.776s] [100%] Built target dwb_msgs__rosidl_typesupport_introspection_c__pyext
[58.798s] Invoked command in '/home/arc/nav2_ws/build/dwb_msgs' returned '0': AMENT_PREFIX_PATH=/home/arc/nav2_ws/install/nav_2d_msgs:${AMENT_PREFIX_PATH} CMAKE_PREFIX_PATH=/home/arc/nav2_ws/install/nav_2d_msgs:/home/arc/workspace/install:/opt/ros/humble LD_LIBRARY_PATH=/home/arc/nav2_ws/install/nav_2d_msgs/lib:${LD_LIBRARY_PATH} PYTHONPATH=/home/arc/nav2_ws/install/nav_2d_msgs/local/lib/python3.10/dist-packages:${PYTHONPATH} /usr/bin/cmake --build /home/arc/nav2_ws/build/dwb_msgs -- -j4 -l4
[59.140s] Invoking command in '/home/arc/nav2_ws/build/dwb_msgs': AMENT_PREFIX_PATH=/home/arc/nav2_ws/install/nav_2d_msgs:${AMENT_PREFIX_PATH} CMAKE_PREFIX_PATH=/home/arc/nav2_ws/install/nav_2d_msgs:/home/arc/workspace/install:/opt/ros/humble LD_LIBRARY_PATH=/home/arc/nav2_ws/install/nav_2d_msgs/lib:${LD_LIBRARY_PATH} PYTHONPATH=/home/arc/nav2_ws/install/nav_2d_msgs/local/lib/python3.10/dist-packages:${PYTHONPATH} /usr/bin/cmake --install /home/arc/nav2_ws/build/dwb_msgs
[59.155s] -- Install configuration: ""
[59.155s] -- Execute custom install script
[59.156s] -- Symlinking: /home/arc/nav2_ws/install/dwb_msgs/share/ament_index/resource_index/rosidl_interfaces/dwb_msgs
[59.172s] -- Symlinking: /home/arc/nav2_ws/install/dwb_msgs/include/dwb_msgs/dwb_msgs/msg/critic_score.h
[59.186s] -- Symlinking: /home/arc/nav2_ws/install/dwb_msgs/include/dwb_msgs/dwb_msgs/msg/detail/critic_score__functions.h
[59.200s] -- Symlinking: /home/arc/nav2_ws/install/dwb_msgs/include/dwb_msgs/dwb_msgs/msg/detail/critic_score__struct.h
[59.215s] -- Symlinking: /home/arc/nav2_ws/install/dwb_msgs/include/dwb_msgs/dwb_msgs/msg/detail/critic_score__type_support.h
[59.231s] -- Symlinking: /home/arc/nav2_ws/install/dwb_msgs/include/dwb_msgs/dwb_msgs/msg/detail/local_plan_evaluation__functions.h
[59.245s] -- Symlinking: /home/arc/nav2_ws/install/dwb_msgs/include/dwb_msgs/dwb_msgs/msg/detail/local_plan_evaluation__struct.h
[59.260s] -- Symlinking: /home/arc/nav2_ws/install/dwb_msgs/include/dwb_msgs/dwb_msgs/msg/detail/local_plan_evaluation__type_support.h
[59.275s] -- Symlinking: /home/arc/nav2_ws/install/dwb_msgs/include/dwb_msgs/dwb_msgs/msg/detail/trajectory2_d__functions.h
[59.290s] -- Symlinking: /home/arc/nav2_ws/install/dwb_msgs/include/dwb_msgs/dwb_msgs/msg/detail/trajectory2_d__struct.h
[59.305s] -- Symlinking: /home/arc/nav2_ws/install/dwb_msgs/include/dwb_msgs/dwb_msgs/msg/detail/trajectory2_d__type_support.h
[59.319s] -- Symlinking: /home/arc/nav2_ws/install/dwb_msgs/include/dwb_msgs/dwb_msgs/msg/detail/trajectory_score__functions.h
[59.335s] -- Symlinking: /home/arc/nav2_ws/install/dwb_msgs/include/dwb_msgs/dwb_msgs/msg/detail/trajectory_score__struct.h
[59.349s] -- Symlinking: /home/arc/nav2_ws/install/dwb_msgs/include/dwb_msgs/dwb_msgs/msg/detail/trajectory_score__type_support.h
[59.364s] -- Symlinking: /home/arc/nav2_ws/install/dwb_msgs/include/dwb_msgs/dwb_msgs/msg/local_plan_evaluation.h
[59.379s] -- Symlinking: /home/arc/nav2_ws/install/dwb_msgs/include/dwb_msgs/dwb_msgs/msg/rosidl_generator_c__visibility_control.h
[59.394s] -- Symlinking: /home/arc/nav2_ws/install/dwb_msgs/include/dwb_msgs/dwb_msgs/msg/trajectory2_d.h
[59.408s] -- Symlinking: /home/arc/nav2_ws/install/dwb_msgs/include/dwb_msgs/dwb_msgs/msg/trajectory_score.h
[59.423s] -- Symlinking: /home/arc/nav2_ws/install/dwb_msgs/include/dwb_msgs/dwb_msgs/srv/debug_local_plan.h
[59.439s] -- Symlinking: /home/arc/nav2_ws/install/dwb_msgs/include/dwb_msgs/dwb_msgs/srv/detail/debug_local_plan__functions.h
[59.453s] -- Symlinking: /home/arc/nav2_ws/install/dwb_msgs/include/dwb_msgs/dwb_msgs/srv/detail/debug_local_plan__struct.h
[59.469s] -- Symlinking: /home/arc/nav2_ws/install/dwb_msgs/include/dwb_msgs/dwb_msgs/srv/detail/debug_local_plan__type_support.h
[59.530s] -- Symlinking: /home/arc/nav2_ws/install/dwb_msgs/include/dwb_msgs/dwb_msgs/srv/detail/generate_trajectory__functions.h
[59.545s] -- Symlinking: /home/arc/nav2_ws/install/dwb_msgs/include/dwb_msgs/dwb_msgs/srv/detail/generate_trajectory__struct.h
[59.559s] -- Symlinking: /home/arc/nav2_ws/install/dwb_msgs/include/dwb_msgs/dwb_msgs/srv/detail/generate_trajectory__type_support.h
[59.575s] -- Symlinking: /home/arc/nav2_ws/install/dwb_msgs/include/dwb_msgs/dwb_msgs/srv/detail/generate_twists__functions.h
[59.590s] -- Symlinking: /home/arc/nav2_ws/install/dwb_msgs/include/dwb_msgs/dwb_msgs/srv/detail/generate_twists__struct.h
[59.605s] -- Symlinking: /home/arc/nav2_ws/install/dwb_msgs/include/dwb_msgs/dwb_msgs/srv/detail/generate_twists__type_support.h
[59.620s] -- Symlinking: /home/arc/nav2_ws/install/dwb_msgs/include/dwb_msgs/dwb_msgs/srv/detail/get_critic_score__functions.h
[59.638s] -- Symlinking: /home/arc/nav2_ws/install/dwb_msgs/include/dwb_msgs/dwb_msgs/srv/detail/get_critic_score__struct.h
[59.655s] -- Symlinking: /home/arc/nav2_ws/install/dwb_msgs/include/dwb_msgs/dwb_msgs/srv/detail/get_critic_score__type_support.h
[59.675s] -- Symlinking: /home/arc/nav2_ws/install/dwb_msgs/include/dwb_msgs/dwb_msgs/srv/detail/score_trajectory__functions.h
[59.690s] -- Symlinking: /home/arc/nav2_ws/install/dwb_msgs/include/dwb_msgs/dwb_msgs/srv/detail/score_trajectory__struct.h
[59.705s] -- Symlinking: /home/arc/nav2_ws/install/dwb_msgs/include/dwb_msgs/dwb_msgs/srv/detail/score_trajectory__type_support.h
[59.721s] -- Symlinking: /home/arc/nav2_ws/install/dwb_msgs/include/dwb_msgs/dwb_msgs/srv/generate_trajectory.h
[59.739s] -- Symlinking: /home/arc/nav2_ws/install/dwb_msgs/include/dwb_msgs/dwb_msgs/srv/generate_twists.h
[59.754s] -- Symlinking: /home/arc/nav2_ws/install/dwb_msgs/include/dwb_msgs/dwb_msgs/srv/get_critic_score.h
[59.772s] -- Symlinking: /home/arc/nav2_ws/install/dwb_msgs/include/dwb_msgs/dwb_msgs/srv/score_trajectory.h
[59.788s] -- Symlinking: /home/arc/nav2_ws/install/dwb_msgs/share/dwb_msgs/environment/library_path.sh
[59.806s] -- Symlinking: /home/arc/nav2_ws/install/dwb_msgs/share/dwb_msgs/environment/library_path.dsv
[59.822s] -- Symlinking: /home/arc/nav2_ws/install/dwb_msgs/include/dwb_msgs/dwb_msgs/msg/detail/critic_score__rosidl_typesupport_fastrtps_c.h
[59.832s] -- Symlinking: /home/arc/nav2_ws/install/dwb_msgs/include/dwb_msgs/dwb_msgs/msg/detail/local_plan_evaluation__rosidl_typesupport_fastrtps_c.h
[59.844s] -- Symlinking: /home/arc/nav2_ws/install/dwb_msgs/include/dwb_msgs/dwb_msgs/msg/detail/trajectory2_d__rosidl_typesupport_fastrtps_c.h
[59.861s] -- Symlinking: /home/arc/nav2_ws/install/dwb_msgs/include/dwb_msgs/dwb_msgs/msg/detail/trajectory_score__rosidl_typesupport_fastrtps_c.h
[59.895s] -- Symlinking: /home/arc/nav2_ws/install/dwb_msgs/include/dwb_msgs/dwb_msgs/msg/rosidl_typesupport_fastrtps_c__visibility_control.h
[59.909s] -- Symlinking: /home/arc/nav2_ws/install/dwb_msgs/include/dwb_msgs/dwb_msgs/srv/detail/debug_local_plan__rosidl_typesupport_fastrtps_c.h
[59.924s] -- Symlinking: /home/arc/nav2_ws/install/dwb_msgs/include/dwb_msgs/dwb_msgs/srv/detail/generate_trajectory__rosidl_typesupport_fastrtps_c.h
[59.939s] -- Symlinking: /home/arc/nav2_ws/install/dwb_msgs/include/dwb_msgs/dwb_msgs/srv/detail/generate_twists__rosidl_typesupport_fastrtps_c.h
[59.953s] -- Symlinking: /home/arc/nav2_ws/install/dwb_msgs/include/dwb_msgs/dwb_msgs/srv/detail/get_critic_score__rosidl_typesupport_fastrtps_c.h
[59.969s] -- Symlinking: /home/arc/nav2_ws/install/dwb_msgs/include/dwb_msgs/dwb_msgs/srv/detail/score_trajectory__rosidl_typesupport_fastrtps_c.h
[59.984s] -- Symlinking: /home/arc/nav2_ws/install/dwb_msgs/include/dwb_msgs/dwb_msgs/msg/critic_score.hpp
[59.998s] -- Symlinking: /home/arc/nav2_ws/install/dwb_msgs/include/dwb_msgs/dwb_msgs/msg/detail/critic_score__builder.hpp
[60.013s] -- Symlinking: /home/arc/nav2_ws/install/dwb_msgs/include/dwb_msgs/dwb_msgs/msg/detail/critic_score__struct.hpp
[60.027s] -- Symlinking: /home/arc/nav2_ws/install/dwb_msgs/include/dwb_msgs/dwb_msgs/msg/detail/critic_score__traits.hpp
[60.042s] -- Symlinking: /home/arc/nav2_ws/install/dwb_msgs/include/dwb_msgs/dwb_msgs/msg/detail/local_plan_evaluation__builder.hpp
[60.057s] -- Symlinking: /home/arc/nav2_ws/install/dwb_msgs/include/dwb_msgs/dwb_msgs/msg/detail/local_plan_evaluation__struct.hpp
[60.074s] -- Symlinking: /home/arc/nav2_ws/install/dwb_msgs/include/dwb_msgs/dwb_msgs/msg/detail/local_plan_evaluation__traits.hpp
[60.089s] -- Symlinking: /home/arc/nav2_ws/install/dwb_msgs/include/dwb_msgs/dwb_msgs/msg/detail/trajectory2_d__builder.hpp
[60.103s] -- Symlinking: /home/arc/nav2_ws/install/dwb_msgs/include/dwb_msgs/dwb_msgs/msg/detail/trajectory2_d__struct.hpp
[60.118s] -- Symlinking: /home/arc/nav2_ws/install/dwb_msgs/include/dwb_msgs/dwb_msgs/msg/detail/trajectory2_d__traits.hpp
[60.133s] -- Symlinking: /home/arc/nav2_ws/install/dwb_msgs/include/dwb_msgs/dwb_msgs/msg/detail/trajectory_score__builder.hpp
[60.148s] -- Symlinking: /home/arc/nav2_ws/install/dwb_msgs/include/dwb_msgs/dwb_msgs/msg/detail/trajectory_score__struct.hpp
[60.166s] -- Symlinking: /home/arc/nav2_ws/install/dwb_msgs/include/dwb_msgs/dwb_msgs/msg/detail/trajectory_score__traits.hpp
[60.181s] -- Symlinking: /home/arc/nav2_ws/install/dwb_msgs/include/dwb_msgs/dwb_msgs/msg/local_plan_evaluation.hpp
[60.197s] -- Symlinking: /home/arc/nav2_ws/install/dwb_msgs/include/dwb_msgs/dwb_msgs/msg/trajectory2_d.hpp
[60.212s] -- Symlinking: /home/arc/nav2_ws/install/dwb_msgs/include/dwb_msgs/dwb_msgs/msg/trajectory_score.hpp
[60.228s] -- Symlinking: /home/arc/nav2_ws/install/dwb_msgs/include/dwb_msgs/dwb_msgs/srv/debug_local_plan.hpp
[60.245s] -- Symlinking: /home/arc/nav2_ws/install/dwb_msgs/include/dwb_msgs/dwb_msgs/srv/detail/debug_local_plan__builder.hpp
[60.261s] -- Symlinking: /home/arc/nav2_ws/install/dwb_msgs/include/dwb_msgs/dwb_msgs/srv/detail/debug_local_plan__struct.hpp
[60.276s] -- Symlinking: /home/arc/nav2_ws/install/dwb_msgs/include/dwb_msgs/dwb_msgs/srv/detail/debug_local_plan__traits.hpp
[60.292s] -- Symlinking: /home/arc/nav2_ws/install/dwb_msgs/include/dwb_msgs/dwb_msgs/srv/detail/generate_trajectory__builder.hpp
[60.307s] -- Symlinking: /home/arc/nav2_ws/install/dwb_msgs/include/dwb_msgs/dwb_msgs/srv/detail/generate_trajectory__struct.hpp
[60.323s] -- Symlinking: /home/arc/nav2_ws/install/dwb_msgs/include/dwb_msgs/dwb_msgs/srv/detail/generate_trajectory__traits.hpp
[60.339s] -- Symlinking: /home/arc/nav2_ws/install/dwb_msgs/include/dwb_msgs/dwb_msgs/srv/detail/generate_twists__builder.hpp
[60.354s] -- Symlinking: /home/arc/nav2_ws/install/dwb_msgs/include/dwb_msgs/dwb_msgs/srv/detail/generate_twists__struct.hpp
[60.371s] -- Symlinking: /home/arc/nav2_ws/install/dwb_msgs/include/dwb_msgs/dwb_msgs/srv/detail/generate_twists__traits.hpp
[60.386s] -- Symlinking: /home/arc/nav2_ws/install/dwb_msgs/include/dwb_msgs/dwb_msgs/srv/detail/get_critic_score__builder.hpp
[60.401s] -- Symlinking: /home/arc/nav2_ws/install/dwb_msgs/include/dwb_msgs/dwb_msgs/srv/detail/get_critic_score__struct.hpp
[60.417s] -- Symlinking: /home/arc/nav2_ws/install/dwb_msgs/include/dwb_msgs/dwb_msgs/srv/detail/get_critic_score__traits.hpp
[60.432s] -- Symlinking: /home/arc/nav2_ws/install/dwb_msgs/include/dwb_msgs/dwb_msgs/srv/detail/score_trajectory__builder.hpp
[60.448s] -- Symlinking: /home/arc/nav2_ws/install/dwb_msgs/include/dwb_msgs/dwb_msgs/srv/detail/score_trajectory__struct.hpp
[60.465s] -- Symlinking: /home/arc/nav2_ws/install/dwb_msgs/include/dwb_msgs/dwb_msgs/srv/detail/score_trajectory__traits.hpp
[60.480s] -- Symlinking: /home/arc/nav2_ws/install/dwb_msgs/include/dwb_msgs/dwb_msgs/srv/generate_trajectory.hpp
[60.495s] -- Symlinking: /home/arc/nav2_ws/install/dwb_msgs/include/dwb_msgs/dwb_msgs/srv/generate_twists.hpp
[60.510s] -- Symlinking: /home/arc/nav2_ws/install/dwb_msgs/include/dwb_msgs/dwb_msgs/srv/get_critic_score.hpp
[60.524s] -- Symlinking: /home/arc/nav2_ws/install/dwb_msgs/include/dwb_msgs/dwb_msgs/srv/score_trajectory.hpp
[60.541s] -- Symlinking: /home/arc/nav2_ws/install/dwb_msgs/include/dwb_msgs/dwb_msgs/msg/detail/critic_score__rosidl_typesupport_fastrtps_cpp.hpp
[60.557s] -- Symlinking: /home/arc/nav2_ws/install/dwb_msgs/include/dwb_msgs/dwb_msgs/msg/detail/local_plan_evaluation__rosidl_typesupport_fastrtps_cpp.hpp
[60.574s] -- Symlinking: /home/arc/nav2_ws/install/dwb_msgs/include/dwb_msgs/dwb_msgs/msg/detail/trajectory2_d__rosidl_typesupport_fastrtps_cpp.hpp
[60.588s] -- Symlinking: /home/arc/nav2_ws/install/dwb_msgs/include/dwb_msgs/dwb_msgs/msg/detail/trajectory_score__rosidl_typesupport_fastrtps_cpp.hpp
[60.603s] -- Symlinking: /home/arc/nav2_ws/install/dwb_msgs/include/dwb_msgs/dwb_msgs/msg/rosidl_typesupport_fastrtps_cpp__visibility_control.h
[60.618s] -- Symlinking: /home/arc/nav2_ws/install/dwb_msgs/include/dwb_msgs/dwb_msgs/srv/detail/debug_local_plan__rosidl_typesupport_fastrtps_cpp.hpp
[60.635s] -- Symlinking: /home/arc/nav2_ws/install/dwb_msgs/include/dwb_msgs/dwb_msgs/srv/detail/generate_trajectory__rosidl_typesupport_fastrtps_cpp.hpp
[60.650s] -- Symlinking: /home/arc/nav2_ws/install/dwb_msgs/include/dwb_msgs/dwb_msgs/srv/detail/generate_twists__rosidl_typesupport_fastrtps_cpp.hpp
[60.668s] -- Symlinking: /home/arc/nav2_ws/install/dwb_msgs/include/dwb_msgs/dwb_msgs/srv/detail/get_critic_score__rosidl_typesupport_fastrtps_cpp.hpp
[60.684s] -- Symlinking: /home/arc/nav2_ws/install/dwb_msgs/include/dwb_msgs/dwb_msgs/srv/detail/score_trajectory__rosidl_typesupport_fastrtps_cpp.hpp
[60.701s] -- Symlinking: /home/arc/nav2_ws/install/dwb_msgs/include/dwb_msgs/dwb_msgs/msg/detail/critic_score__rosidl_typesupport_introspection_c.h
[60.716s] -- Symlinking: /home/arc/nav2_ws/install/dwb_msgs/include/dwb_msgs/dwb_msgs/msg/detail/local_plan_evaluation__rosidl_typesupport_introspection_c.h
[60.732s] -- Symlinking: /home/arc/nav2_ws/install/dwb_msgs/include/dwb_msgs/dwb_msgs/msg/detail/trajectory2_d__rosidl_typesupport_introspection_c.h
[60.749s] -- Symlinking: /home/arc/nav2_ws/install/dwb_msgs/include/dwb_msgs/dwb_msgs/msg/detail/trajectory_score__rosidl_typesupport_introspection_c.h
[60.767s] -- Symlinking: /home/arc/nav2_ws/install/dwb_msgs/include/dwb_msgs/dwb_msgs/msg/rosidl_typesupport_introspection_c__visibility_control.h
[60.784s] -- Symlinking: /home/arc/nav2_ws/install/dwb_msgs/include/dwb_msgs/dwb_msgs/srv/detail/debug_local_plan__rosidl_typesupport_introspection_c.h
[60.801s] -- Symlinking: /home/arc/nav2_ws/install/dwb_msgs/include/dwb_msgs/dwb_msgs/srv/detail/generate_trajectory__rosidl_typesupport_introspection_c.h
[60.816s] -- Symlinking: /home/arc/nav2_ws/install/dwb_msgs/include/dwb_msgs/dwb_msgs/srv/detail/generate_twists__rosidl_typesupport_introspection_c.h
[60.831s] -- Symlinking: /home/arc/nav2_ws/install/dwb_msgs/include/dwb_msgs/dwb_msgs/srv/detail/get_critic_score__rosidl_typesupport_introspection_c.h
[60.847s] -- Symlinking: /home/arc/nav2_ws/install/dwb_msgs/include/dwb_msgs/dwb_msgs/srv/detail/score_trajectory__rosidl_typesupport_introspection_c.h
[60.865s] -- Symlinking: /home/arc/nav2_ws/install/dwb_msgs/include/dwb_msgs/dwb_msgs/msg/detail/critic_score__rosidl_typesupport_introspection_cpp.hpp
[60.885s] -- Symlinking: /home/arc/nav2_ws/install/dwb_msgs/include/dwb_msgs/dwb_msgs/msg/detail/local_plan_evaluation__rosidl_typesupport_introspection_cpp.hpp
[60.901s] -- Symlinking: /home/arc/nav2_ws/install/dwb_msgs/include/dwb_msgs/dwb_msgs/msg/detail/trajectory2_d__rosidl_typesupport_introspection_cpp.hpp
[60.917s] -- Symlinking: /home/arc/nav2_ws/install/dwb_msgs/include/dwb_msgs/dwb_msgs/msg/detail/trajectory_score__rosidl_typesupport_introspection_cpp.hpp
[60.933s] -- Symlinking: /home/arc/nav2_ws/install/dwb_msgs/include/dwb_msgs/dwb_msgs/srv/detail/debug_local_plan__rosidl_typesupport_introspection_cpp.hpp
[60.949s] -- Symlinking: /home/arc/nav2_ws/install/dwb_msgs/include/dwb_msgs/dwb_msgs/srv/detail/generate_trajectory__rosidl_typesupport_introspection_cpp.hpp
[60.966s] -- Symlinking: /home/arc/nav2_ws/install/dwb_msgs/include/dwb_msgs/dwb_msgs/srv/detail/generate_twists__rosidl_typesupport_introspection_cpp.hpp
[60.981s] -- Symlinking: /home/arc/nav2_ws/install/dwb_msgs/include/dwb_msgs/dwb_msgs/srv/detail/get_critic_score__rosidl_typesupport_introspection_cpp.hpp
[60.996s] -- Symlinking: /home/arc/nav2_ws/install/dwb_msgs/include/dwb_msgs/dwb_msgs/srv/detail/score_trajectory__rosidl_typesupport_introspection_cpp.hpp
[61.011s] -- Symlinking: /home/arc/nav2_ws/install/dwb_msgs/share/dwb_msgs/environment/pythonpath.sh
[61.026s] -- Symlinking: /home/arc/nav2_ws/install/dwb_msgs/share/dwb_msgs/environment/pythonpath.dsv
[61.043s] -- Symlinking: /home/arc/nav2_ws/install/dwb_msgs/local/lib/python3.10/dist-packages/dwb_msgs-1.1.2-py3.10.egg-info/PKG-INFO
[61.060s] -- Symlinking: /home/arc/nav2_ws/install/dwb_msgs/local/lib/python3.10/dist-packages/dwb_msgs-1.1.2-py3.10.egg-info/SOURCES.txt
[61.075s] -- Symlinking: /home/arc/nav2_ws/install/dwb_msgs/local/lib/python3.10/dist-packages/dwb_msgs-1.1.2-py3.10.egg-info/dependency_links.txt
[61.089s] -- Symlinking: /home/arc/nav2_ws/install/dwb_msgs/local/lib/python3.10/dist-packages/dwb_msgs-1.1.2-py3.10.egg-info/top_level.txt
[61.105s] -- Symlinking: /home/arc/nav2_ws/install/dwb_msgs/local/lib/python3.10/dist-packages/dwb_msgs/__init__.py
[61.121s] -- Symlinking: /home/arc/nav2_ws/install/dwb_msgs/local/lib/python3.10/dist-packages/dwb_msgs/_dwb_msgs_s.ep.rosidl_typesupport_c.c
[61.137s] -- Symlinking: /home/arc/nav2_ws/install/dwb_msgs/local/lib/python3.10/dist-packages/dwb_msgs/_dwb_msgs_s.ep.rosidl_typesupport_fastrtps_c.c
[61.153s] -- Symlinking: /home/arc/nav2_ws/install/dwb_msgs/local/lib/python3.10/dist-packages/dwb_msgs/_dwb_msgs_s.ep.rosidl_typesupport_introspection_c.c
[61.170s] -- Symlinking: /home/arc/nav2_ws/install/dwb_msgs/local/lib/python3.10/dist-packages/dwb_msgs/dwb_msgs_s__rosidl_typesupport_c.cpython-310-x86_64-linux-gnu.so
[61.186s] -- Symlinking: /home/arc/nav2_ws/install/dwb_msgs/local/lib/python3.10/dist-packages/dwb_msgs/dwb_msgs_s__rosidl_typesupport_fastrtps_c.cpython-310-x86_64-linux-gnu.so
[61.201s] -- Symlinking: /home/arc/nav2_ws/install/dwb_msgs/local/lib/python3.10/dist-packages/dwb_msgs/dwb_msgs_s__rosidl_typesupport_introspection_c.cpython-310-x86_64-linux-gnu.so
[61.215s] -- Symlinking: /home/arc/nav2_ws/install/dwb_msgs/local/lib/python3.10/dist-packages/dwb_msgs/libdwb_msgs__rosidl_generator_py.so
[61.229s] -- Symlinking: /home/arc/nav2_ws/install/dwb_msgs/local/lib/python3.10/dist-packages/dwb_msgs/msg/__init__.py
[61.245s] -- Symlinking: /home/arc/nav2_ws/install/dwb_msgs/local/lib/python3.10/dist-packages/dwb_msgs/msg/_critic_score.py
[61.261s] -- Symlinking: /home/arc/nav2_ws/install/dwb_msgs/local/lib/python3.10/dist-packages/dwb_msgs/msg/_critic_score_s.c
[61.275s] -- Symlinking: /home/arc/nav2_ws/install/dwb_msgs/local/lib/python3.10/dist-packages/dwb_msgs/msg/_local_plan_evaluation.py
[61.289s] -- Symlinking: /home/arc/nav2_ws/install/dwb_msgs/local/lib/python3.10/dist-packages/dwb_msgs/msg/_local_plan_evaluation_s.c
[61.303s] -- Symlinking: /home/arc/nav2_ws/install/dwb_msgs/local/lib/python3.10/dist-packages/dwb_msgs/msg/_trajectory2_d.py
[61.318s] -- Symlinking: /home/arc/nav2_ws/install/dwb_msgs/local/lib/python3.10/dist-packages/dwb_msgs/msg/_trajectory2_d_s.c
[61.333s] -- Symlinking: /home/arc/nav2_ws/install/dwb_msgs/local/lib/python3.10/dist-packages/dwb_msgs/msg/_trajectory_score.py
[61.348s] -- Symlinking: /home/arc/nav2_ws/install/dwb_msgs/local/lib/python3.10/dist-packages/dwb_msgs/msg/_trajectory_score_s.c
[61.364s] -- Symlinking: /home/arc/nav2_ws/install/dwb_msgs/local/lib/python3.10/dist-packages/dwb_msgs/srv/__init__.py
[61.379s] -- Symlinking: /home/arc/nav2_ws/install/dwb_msgs/local/lib/python3.10/dist-packages/dwb_msgs/srv/_debug_local_plan.py
[61.395s] -- Symlinking: /home/arc/nav2_ws/install/dwb_msgs/local/lib/python3.10/dist-packages/dwb_msgs/srv/_debug_local_plan_s.c
[61.410s] -- Symlinking: /home/arc/nav2_ws/install/dwb_msgs/local/lib/python3.10/dist-packages/dwb_msgs/srv/_generate_trajectory.py
[61.424s] -- Symlinking: /home/arc/nav2_ws/install/dwb_msgs/local/lib/python3.10/dist-packages/dwb_msgs/srv/_generate_trajectory_s.c
[61.438s] -- Symlinking: /home/arc/nav2_ws/install/dwb_msgs/local/lib/python3.10/dist-packages/dwb_msgs/srv/_generate_twists.py
[61.453s] -- Symlinking: /home/arc/nav2_ws/install/dwb_msgs/local/lib/python3.10/dist-packages/dwb_msgs/srv/_generate_twists_s.c
[61.469s] -- Symlinking: /home/arc/nav2_ws/install/dwb_msgs/local/lib/python3.10/dist-packages/dwb_msgs/srv/_get_critic_score.py
[61.484s] -- Symlinking: /home/arc/nav2_ws/install/dwb_msgs/local/lib/python3.10/dist-packages/dwb_msgs/srv/_get_critic_score_s.c
[61.497s] -- Symlinking: /home/arc/nav2_ws/install/dwb_msgs/local/lib/python3.10/dist-packages/dwb_msgs/srv/_score_trajectory.py
[61.511s] -- Symlinking: /home/arc/nav2_ws/install/dwb_msgs/local/lib/python3.10/dist-packages/dwb_msgs/srv/_score_trajectory_s.c
[61.525s] -- Up-to-date symlink: /home/arc/nav2_ws/install/dwb_msgs/local/lib/python3.10/dist-packages/dwb_msgs/dwb_msgs_s__rosidl_typesupport_fastrtps_c.cpython-310-x86_64-linux-gnu.so
[61.525s] -- Up-to-date symlink: /home/arc/nav2_ws/install/dwb_msgs/local/lib/python3.10/dist-packages/dwb_msgs/dwb_msgs_s__rosidl_typesupport_introspection_c.cpython-310-x86_64-linux-gnu.so
[61.526s] -- Up-to-date symlink: /home/arc/nav2_ws/install/dwb_msgs/local/lib/python3.10/dist-packages/dwb_msgs/dwb_msgs_s__rosidl_typesupport_c.cpython-310-x86_64-linux-gnu.so
[61.526s] -- Symlinking: /home/arc/nav2_ws/install/dwb_msgs/share/dwb_msgs/msg/CriticScore.idl
[61.542s] -- Symlinking: /home/arc/nav2_ws/install/dwb_msgs/share/dwb_msgs/msg/LocalPlanEvaluation.idl
[61.557s] -- Symlinking: /home/arc/nav2_ws/install/dwb_msgs/share/dwb_msgs/msg/Trajectory2D.idl
[61.574s] -- Symlinking: /home/arc/nav2_ws/install/dwb_msgs/share/dwb_msgs/msg/TrajectoryScore.idl
[61.589s] -- Symlinking: /home/arc/nav2_ws/install/dwb_msgs/share/dwb_msgs/srv/DebugLocalPlan.idl
[61.604s] -- Symlinking: /home/arc/nav2_ws/install/dwb_msgs/share/dwb_msgs/srv/GenerateTrajectory.idl
[61.618s] -- Symlinking: /home/arc/nav2_ws/install/dwb_msgs/share/dwb_msgs/srv/GenerateTwists.idl
[61.633s] -- Symlinking: /home/arc/nav2_ws/install/dwb_msgs/share/dwb_msgs/srv/GetCriticScore.idl
[61.648s] -- Symlinking: /home/arc/nav2_ws/install/dwb_msgs/share/dwb_msgs/srv/ScoreTrajectory.idl
[61.666s] -- Symlinking: /home/arc/nav2_ws/install/dwb_msgs/share/dwb_msgs/msg/CriticScore.msg
[61.680s] -- Symlinking: /home/arc/nav2_ws/install/dwb_msgs/share/dwb_msgs/msg/LocalPlanEvaluation.msg
[61.695s] -- Symlinking: /home/arc/nav2_ws/install/dwb_msgs/share/dwb_msgs/msg/Trajectory2D.msg
[61.710s] -- Symlinking: /home/arc/nav2_ws/install/dwb_msgs/share/dwb_msgs/msg/TrajectoryScore.msg
[61.725s] -- Symlinking: /home/arc/nav2_ws/install/dwb_msgs/share/dwb_msgs/srv/DebugLocalPlan.srv
[61.740s] -- Symlinking: /home/arc/nav2_ws/install/dwb_msgs/share/dwb_msgs/srv/DebugLocalPlan_Request.msg
[61.755s] -- Symlinking: /home/arc/nav2_ws/install/dwb_msgs/share/dwb_msgs/srv/DebugLocalPlan_Response.msg
[61.773s] -- Symlinking: /home/arc/nav2_ws/install/dwb_msgs/share/dwb_msgs/srv/GenerateTrajectory.srv
[61.788s] -- Symlinking: /home/arc/nav2_ws/install/dwb_msgs/share/dwb_msgs/srv/GenerateTrajectory_Request.msg
[61.803s] -- Symlinking: /home/arc/nav2_ws/install/dwb_msgs/share/dwb_msgs/srv/GenerateTrajectory_Response.msg
[61.818s] -- Symlinking: /home/arc/nav2_ws/install/dwb_msgs/share/dwb_msgs/srv/GenerateTwists.srv
[61.833s] -- Symlinking: /home/arc/nav2_ws/install/dwb_msgs/share/dwb_msgs/srv/GenerateTwists_Request.msg
[61.849s] -- Symlinking: /home/arc/nav2_ws/install/dwb_msgs/share/dwb_msgs/srv/GenerateTwists_Response.msg
[61.865s] -- Symlinking: /home/arc/nav2_ws/install/dwb_msgs/share/dwb_msgs/srv/GetCriticScore.srv
[61.885s] -- Symlinking: /home/arc/nav2_ws/install/dwb_msgs/share/dwb_msgs/srv/GetCriticScore_Request.msg
[61.901s] -- Symlinking: /home/arc/nav2_ws/install/dwb_msgs/share/dwb_msgs/srv/GetCriticScore_Response.msg
[61.916s] -- Symlinking: /home/arc/nav2_ws/install/dwb_msgs/share/dwb_msgs/srv/ScoreTrajectory.srv
[61.931s] -- Symlinking: /home/arc/nav2_ws/install/dwb_msgs/share/dwb_msgs/srv/ScoreTrajectory_Request.msg
[61.947s] -- Symlinking: /home/arc/nav2_ws/install/dwb_msgs/share/dwb_msgs/srv/ScoreTrajectory_Response.msg
[61.963s] -- Symlinking: /home/arc/nav2_ws/install/dwb_msgs/share/ament_index/resource_index/package_run_dependencies/dwb_msgs
[61.978s] -- Symlinking: /home/arc/nav2_ws/install/dwb_msgs/share/ament_index/resource_index/parent_prefix_path/dwb_msgs
[61.993s] -- Symlinking: /home/arc/nav2_ws/install/dwb_msgs/share/dwb_msgs/environment/ament_prefix_path.sh
[62.008s] -- Symlinking: /home/arc/nav2_ws/install/dwb_msgs/share/dwb_msgs/environment/ament_prefix_path.dsv
[62.023s] -- Symlinking: /home/arc/nav2_ws/install/dwb_msgs/share/dwb_msgs/environment/path.sh
[62.039s] -- Symlinking: /home/arc/nav2_ws/install/dwb_msgs/share/dwb_msgs/environment/path.dsv
[62.055s] -- Symlinking: /home/arc/nav2_ws/install/dwb_msgs/share/dwb_msgs/local_setup.bash
[62.071s] -- Symlinking: /home/arc/nav2_ws/install/dwb_msgs/share/dwb_msgs/local_setup.sh
[62.086s] -- Symlinking: /home/arc/nav2_ws/install/dwb_msgs/share/dwb_msgs/local_setup.zsh
[62.101s] -- Symlinking: /home/arc/nav2_ws/install/dwb_msgs/share/dwb_msgs/local_setup.dsv
[62.116s] -- Symlinking: /home/arc/nav2_ws/install/dwb_msgs/share/dwb_msgs/package.dsv
[62.131s] -- Symlinking: /home/arc/nav2_ws/install/dwb_msgs/share/ament_index/resource_index/packages/dwb_msgs
[62.146s] -- Symlinking: /home/arc/nav2_ws/install/dwb_msgs/share/dwb_msgs/cmake/rosidl_cmake-extras.cmake
[62.161s] -- Symlinking: /home/arc/nav2_ws/install/dwb_msgs/share/dwb_msgs/cmake/ament_cmake_export_dependencies-extras.cmake
[62.171s] -- Symlinking: /home/arc/nav2_ws/install/dwb_msgs/share/dwb_msgs/cmake/ament_cmake_export_include_directories-extras.cmake
[62.180s] -- Symlinking: /home/arc/nav2_ws/install/dwb_msgs/share/dwb_msgs/cmake/ament_cmake_export_libraries-extras.cmake
[62.193s] -- Symlinking: /home/arc/nav2_ws/install/dwb_msgs/share/dwb_msgs/cmake/ament_cmake_export_targets-extras.cmake
[62.207s] -- Symlinking: /home/arc/nav2_ws/install/dwb_msgs/share/dwb_msgs/cmake/rosidl_cmake_export_typesupport_targets-extras.cmake
[62.223s] -- Symlinking: /home/arc/nav2_ws/install/dwb_msgs/share/dwb_msgs/cmake/rosidl_cmake_export_typesupport_libraries-extras.cmake
[62.238s] -- Symlinking: /home/arc/nav2_ws/install/dwb_msgs/share/dwb_msgs/cmake/dwb_msgsConfig.cmake
[62.252s] -- Symlinking: /home/arc/nav2_ws/install/dwb_msgs/share/dwb_msgs/cmake/dwb_msgsConfig-version.cmake
[62.269s] -- Symlinking: /home/arc/nav2_ws/install/dwb_msgs/share/dwb_msgs/package.xml
[62.284s] -- Installing: /home/arc/nav2_ws/install/dwb_msgs/lib/libdwb_msgs__rosidl_generator_c.so
[62.285s] -- Set runtime path of "/home/arc/nav2_ws/install/dwb_msgs/lib/libdwb_msgs__rosidl_generator_c.so" to ""
[62.285s] -- Installing: /home/arc/nav2_ws/install/dwb_msgs/lib/libdwb_msgs__rosidl_typesupport_fastrtps_c.so
[62.287s] -- Set runtime path of "/home/arc/nav2_ws/install/dwb_msgs/lib/libdwb_msgs__rosidl_typesupport_fastrtps_c.so" to ""
[62.287s] -- Installing: /home/arc/nav2_ws/install/dwb_msgs/lib/libdwb_msgs__rosidl_typesupport_fastrtps_cpp.so
[62.290s] -- Set runtime path of "/home/arc/nav2_ws/install/dwb_msgs/lib/libdwb_msgs__rosidl_typesupport_fastrtps_cpp.so" to ""
[62.291s] -- Installing: /home/arc/nav2_ws/install/dwb_msgs/lib/libdwb_msgs__rosidl_typesupport_introspection_c.so
[62.292s] -- Set runtime path of "/home/arc/nav2_ws/install/dwb_msgs/lib/libdwb_msgs__rosidl_typesupport_introspection_c.so" to ""
[62.292s] -- Installing: /home/arc/nav2_ws/install/dwb_msgs/lib/libdwb_msgs__rosidl_typesupport_c.so
[62.293s] -- Set runtime path of "/home/arc/nav2_ws/install/dwb_msgs/lib/libdwb_msgs__rosidl_typesupport_c.so" to ""
[62.293s] -- Installing: /home/arc/nav2_ws/install/dwb_msgs/lib/libdwb_msgs__rosidl_typesupport_introspection_cpp.so
[62.295s] -- Set runtime path of "/home/arc/nav2_ws/install/dwb_msgs/lib/libdwb_msgs__rosidl_typesupport_introspection_cpp.so" to ""
[62.295s] -- Installing: /home/arc/nav2_ws/install/dwb_msgs/lib/libdwb_msgs__rosidl_typesupport_cpp.so
[62.296s] -- Set runtime path of "/home/arc/nav2_ws/install/dwb_msgs/lib/libdwb_msgs__rosidl_typesupport_cpp.so" to ""
[62.396s] Listing '/home/arc/nav2_ws/install/dwb_msgs/local/lib/python3.10/dist-packages/dwb_msgs'...
[62.397s] Compiling '/home/arc/nav2_ws/install/dwb_msgs/local/lib/python3.10/dist-packages/dwb_msgs/__init__.py'...
[62.397s] Listing '/home/arc/nav2_ws/install/dwb_msgs/local/lib/python3.10/dist-packages/dwb_msgs/msg'...
[62.397s] Compiling '/home/arc/nav2_ws/install/dwb_msgs/local/lib/python3.10/dist-packages/dwb_msgs/msg/__init__.py'...
[62.397s] Compiling '/home/arc/nav2_ws/install/dwb_msgs/local/lib/python3.10/dist-packages/dwb_msgs/msg/_critic_score.py'...
[62.397s] Compiling '/home/arc/nav2_ws/install/dwb_msgs/local/lib/python3.10/dist-packages/dwb_msgs/msg/_local_plan_evaluation.py'...
[62.397s] Compiling '/home/arc/nav2_ws/install/dwb_msgs/local/lib/python3.10/dist-packages/dwb_msgs/msg/_trajectory2_d.py'...
[62.398s] Compiling '/home/arc/nav2_ws/install/dwb_msgs/local/lib/python3.10/dist-packages/dwb_msgs/msg/_trajectory_score.py'...
[62.398s] Listing '/home/arc/nav2_ws/install/dwb_msgs/local/lib/python3.10/dist-packages/dwb_msgs/srv'...
[62.398s] Compiling '/home/arc/nav2_ws/install/dwb_msgs/local/lib/python3.10/dist-packages/dwb_msgs/srv/__init__.py'...
[62.398s] Compiling '/home/arc/nav2_ws/install/dwb_msgs/local/lib/python3.10/dist-packages/dwb_msgs/srv/_debug_local_plan.py'...
[62.398s] Compiling '/home/arc/nav2_ws/install/dwb_msgs/local/lib/python3.10/dist-packages/dwb_msgs/srv/_generate_trajectory.py'...
[62.398s] Compiling '/home/arc/nav2_ws/install/dwb_msgs/local/lib/python3.10/dist-packages/dwb_msgs/srv/_generate_twists.py'...
[62.399s] Compiling '/home/arc/nav2_ws/install/dwb_msgs/local/lib/python3.10/dist-packages/dwb_msgs/srv/_get_critic_score.py'...
[62.399s] Compiling '/home/arc/nav2_ws/install/dwb_msgs/local/lib/python3.10/dist-packages/dwb_msgs/srv/_score_trajectory.py'...
[62.410s] -- Installing: /home/arc/nav2_ws/install/dwb_msgs/lib/libdwb_msgs__rosidl_generator_py.so
[62.410s] -- Set runtime path of "/home/arc/nav2_ws/install/dwb_msgs/lib/libdwb_msgs__rosidl_generator_py.so" to ""
[62.411s] -- Installing: /home/arc/nav2_ws/install/dwb_msgs/share/dwb_msgs/cmake/export_dwb_msgs__rosidl_generator_cExport.cmake
[62.411s] -- Installing: /home/arc/nav2_ws/install/dwb_msgs/share/dwb_msgs/cmake/export_dwb_msgs__rosidl_generator_cExport-noconfig.cmake
[62.411s] -- Installing: /home/arc/nav2_ws/install/dwb_msgs/share/dwb_msgs/cmake/export_dwb_msgs__rosidl_typesupport_fastrtps_cExport.cmake
[62.411s] -- Installing: /home/arc/nav2_ws/install/dwb_msgs/share/dwb_msgs/cmake/export_dwb_msgs__rosidl_typesupport_fastrtps_cExport-noconfig.cmake
[62.411s] -- Installing: /home/arc/nav2_ws/install/dwb_msgs/share/dwb_msgs/cmake/export_dwb_msgs__rosidl_generator_cppExport.cmake
[62.412s] -- Installing: /home/arc/nav2_ws/install/dwb_msgs/share/dwb_msgs/cmake/export_dwb_msgs__rosidl_typesupport_fastrtps_cppExport.cmake
[62.412s] -- Installing: /home/arc/nav2_ws/install/dwb_msgs/share/dwb_msgs/cmake/export_dwb_msgs__rosidl_typesupport_fastrtps_cppExport-noconfig.cmake
[62.412s] -- Installing: /home/arc/nav2_ws/install/dwb_msgs/share/dwb_msgs/cmake/dwb_msgs__rosidl_typesupport_introspection_cExport.cmake
[62.412s] -- Installing: /home/arc/nav2_ws/install/dwb_msgs/share/dwb_msgs/cmake/dwb_msgs__rosidl_typesupport_introspection_cExport-noconfig.cmake
[62.412s] -- Installing: /home/arc/nav2_ws/install/dwb_msgs/share/dwb_msgs/cmake/dwb_msgs__rosidl_typesupport_cExport.cmake
[62.412s] -- Installing: /home/arc/nav2_ws/install/dwb_msgs/share/dwb_msgs/cmake/dwb_msgs__rosidl_typesupport_cExport-noconfig.cmake
[62.413s] -- Installing: /home/arc/nav2_ws/install/dwb_msgs/share/dwb_msgs/cmake/dwb_msgs__rosidl_typesupport_introspection_cppExport.cmake
[62.413s] -- Installing: /home/arc/nav2_ws/install/dwb_msgs/share/dwb_msgs/cmake/dwb_msgs__rosidl_typesupport_introspection_cppExport-noconfig.cmake
[62.413s] -- Installing: /home/arc/nav2_ws/install/dwb_msgs/share/dwb_msgs/cmake/dwb_msgs__rosidl_typesupport_cppExport.cmake
[62.413s] -- Installing: /home/arc/nav2_ws/install/dwb_msgs/share/dwb_msgs/cmake/dwb_msgs__rosidl_typesupport_cppExport-noconfig.cmake
[62.413s] -- Installing: /home/arc/nav2_ws/install/dwb_msgs/share/dwb_msgs/cmake/export_dwb_msgs__rosidl_generator_pyExport.cmake
[62.413s] -- Installing: /home/arc/nav2_ws/install/dwb_msgs/share/dwb_msgs/cmake/export_dwb_msgs__rosidl_generator_pyExport-noconfig.cmake
[62.423s] Invoked command in '/home/arc/nav2_ws/build/dwb_msgs' returned '0': AMENT_PREFIX_PATH=/home/arc/nav2_ws/install/nav_2d_msgs:${AMENT_PREFIX_PATH} CMAKE_PREFIX_PATH=/home/arc/nav2_ws/install/nav_2d_msgs:/home/arc/workspace/install:/opt/ros/humble LD_LIBRARY_PATH=/home/arc/nav2_ws/install/nav_2d_msgs/lib:${LD_LIBRARY_PATH} PYTHONPATH=/home/arc/nav2_ws/install/nav_2d_msgs/local/lib/python3.10/dist-packages:${PYTHONPATH} /usr/bin/cmake --install /home/arc/nav2_ws/build/dwb_msgs
