[0.059s] Invoking command in '/home/arc/nav2_ws/build/nav2_collision_monitor': AMENT_PREFIX_PATH=/home/arc/nav2_ws/install/nav2_costmap_2d:/home/arc/nav2_ws/install/nav2_util:/home/arc/nav2_ws/install/nav2_voxel_grid:/home/arc/nav2_ws/install/nav2_msgs:/home/arc/nav2_ws/install/nav2_common:${AMENT_PREFIX_PATH} CMAKE_PREFIX_PATH=/home/arc/nav2_ws/install/nav2_costmap_2d:/home/arc/nav2_ws/install/nav2_util:/home/arc/nav2_ws/install/nav2_voxel_grid:/home/arc/nav2_ws/install/nav2_msgs:/home/arc/nav2_ws/install/nav2_common:/home/arc/workspace/install:/opt/ros/humble LD_LIBRARY_PATH=/home/arc/nav2_ws/install/nav2_costmap_2d/lib:/home/arc/nav2_ws/install/nav2_util/lib:/home/arc/nav2_ws/install/nav2_voxel_grid/lib:/home/arc/nav2_ws/install/nav2_msgs/lib:${LD_LIBRARY_PATH} PYTHONPATH=/home/arc/nav2_ws/install/nav2_msgs/local/lib/python3.10/dist-packages:/home/arc/nav2_ws/install/nav2_common/local/lib/python3.10/dist-packages:${PYTHONPATH} /usr/bin/cmake /home/arc/nav2_ws/src/navigation2/nav2_collision_monitor -DAMENT_CMAKE_SYMLINK_INSTALL=1 -DCMAKE_INSTALL_PREFIX=/home/arc/nav2_ws/install/nav2_collision_monitor
[0.176s] -- The C compiler identification is GNU 11.2.0
[0.315s] -- The CXX compiler identification is GNU 11.2.0
[0.330s] -- Detecting C compiler ABI info
[0.472s] -- Detecting C compiler ABI info - done
[0.492s] -- Check for working C compiler: /usr/bin/cc - skipped
[0.493s] -- Detecting C compile features
[0.494s] -- Detecting C compile features - done
[0.500s] -- Detecting CXX compiler ABI info
[0.657s] -- Detecting CXX compiler ABI info - done
[0.678s] -- Check for working CXX compiler: /usr/bin/c++ - skipped
[0.678s] -- Detecting CXX compile features
[0.680s] -- Detecting CXX compile features - done
[0.686s] -- Found ament_cmake: 1.3.2 (/opt/ros/humble/share/ament_cmake/cmake)
[2.429s] -- Found Python3: /usr/bin/python3.10 (found version "3.10.6") found components: Interpreter 
[2.574s] -- Override CMake install command with custom implementation using symlinks instead of copying resources
[2.641s] -- Found rclcpp: 16.0.1 (/opt/ros/humble/share/rclcpp/cmake)
[2.758s] -- Found rosidl_generator_c: 3.1.3 (/opt/ros/humble/share/rosidl_generator_c/cmake)
[2.771s] -- Found rosidl_adapter: 3.1.3 (/opt/ros/humble/share/rosidl_adapter/cmake)
[2.794s] -- Found rosidl_generator_cpp: 3.1.3 (/opt/ros/humble/share/rosidl_generator_cpp/cmake)
[2.829s] -- Using all available rosidl_typesupport_c: rosidl_typesupport_fastrtps_c;rosidl_typesupport_introspection_c
[2.881s] -- Using all available rosidl_typesupport_cpp: rosidl_typesupport_fastrtps_cpp;rosidl_typesupport_introspection_cpp
[3.066s] -- Found rmw_implementation_cmake: 6.1.0 (/opt/ros/humble/share/rmw_implementation_cmake/cmake)
[3.073s] -- Found rmw_fastrtps_cpp: 6.2.1 (/opt/ros/humble/share/rmw_fastrtps_cpp/cmake)
[3.279s] -- Found OpenSSL: /usr/lib/x86_64-linux-gnu/libcrypto.so (found version "3.0.2")  
[3.340s] -- Found FastRTPS: /opt/ros/humble/include  
[3.443s] -- Using RMW implementation 'rmw_fastrtps_cpp' as default
[3.852s] -- Found rclcpp_components: 16.0.1 (/opt/ros/humble/share/rclcpp_components/cmake)
[4.033s] -- Found sensor_msgs: 4.2.2 (/opt/ros/humble/share/sensor_msgs/cmake)
[4.406s] -- Found tf2: 0.25.1 (/opt/ros/humble/share/tf2/cmake)
[4.430s] -- Found tf2_ros: 0.25.1 (/opt/ros/humble/share/tf2_ros/cmake)
[5.103s] -- Found tf2_geometry_msgs: 0.25.1 (/opt/ros/humble/share/tf2_geometry_msgs/cmake)
[5.173s] -- Found eigen3_cmake_module: 0.1.1 (/opt/ros/humble/share/eigen3_cmake_module/cmake)
[5.173s] -- Found Eigen3: TRUE (found version "3.4.0") 
[5.173s] -- Ensuring Eigen3 include directory is part of orocos-kdl CMake target
[5.174s] -- Found nav2_common: 1.1.2 (/home/arc/nav2_ws/install/nav2_common/share/nav2_common/cmake)
[5.174s] -- Found nav2_util: 1.1.2 (/home/arc/nav2_ws/install/nav2_util/share/nav2_util/cmake)
[6.632s] -- Found nav2_costmap_2d: 1.1.2 (/home/arc/nav2_ws/install/nav2_costmap_2d/share/nav2_costmap_2d/cmake)
[9.042s] -- Setting build type to Release as none was specified.
[19.436s] -- Found ament_lint_auto: 0.12.4 (/opt/ros/humble/share/ament_lint_auto/cmake)
[19.624s] -- Found gtest sources under '/opt/ros/humble/src/gtest_vendor': C++ tests using 'Google Test' will be built
[19.629s] -- Looking for pthread.h
[19.763s] -- Looking for pthread.h - found
[19.764s] -- Performing Test CMAKE_HAVE_LIBC_PTHREAD
[19.896s] -- Performing Test CMAKE_HAVE_LIBC_PTHREAD - Success
[19.898s] -- Found Threads: TRUE  
[40.246s] -- Added test 'cppcheck' to perform static code analysis on C / C++ code
[40.247s] -- Configured cppcheck include dirs: /home/arc/nav2_ws/src/navigation2/nav2_collision_monitor/include
[40.248s] -- Configured cppcheck exclude dirs and/or files: 
[40.249s] -- Added test 'flake8' to check Python code syntax and style conventions
[40.251s] -- Added test 'lint_cmake' to check CMake code style
[40.252s] -- Added test 'pep257' to check Python code against some of the docstring style conventions in PEP 257
[40.256s] -- Added test 'uncrustify' to check C / C++ code style
[40.256s] -- Configured uncrustify additional arguments: 
[40.257s] -- Added test 'xmllint' to check XML markup files
[40.265s] -- Configuring done
[40.837s] -- Generating done
[40.843s] -- Build files have been written to: /home/arc/nav2_ws/build/nav2_collision_monitor
[40.889s] Invoked command in '/home/arc/nav2_ws/build/nav2_collision_monitor' returned '0': AMENT_PREFIX_PATH=/home/arc/nav2_ws/install/nav2_costmap_2d:/home/arc/nav2_ws/install/nav2_util:/home/arc/nav2_ws/install/nav2_voxel_grid:/home/arc/nav2_ws/install/nav2_msgs:/home/arc/nav2_ws/install/nav2_common:${AMENT_PREFIX_PATH} CMAKE_PREFIX_PATH=/home/arc/nav2_ws/install/nav2_costmap_2d:/home/arc/nav2_ws/install/nav2_util:/home/arc/nav2_ws/install/nav2_voxel_grid:/home/arc/nav2_ws/install/nav2_msgs:/home/arc/nav2_ws/install/nav2_common:/home/arc/workspace/install:/opt/ros/humble LD_LIBRARY_PATH=/home/arc/nav2_ws/install/nav2_costmap_2d/lib:/home/arc/nav2_ws/install/nav2_util/lib:/home/arc/nav2_ws/install/nav2_voxel_grid/lib:/home/arc/nav2_ws/install/nav2_msgs/lib:${LD_LIBRARY_PATH} PYTHONPATH=/home/arc/nav2_ws/install/nav2_msgs/local/lib/python3.10/dist-packages:/home/arc/nav2_ws/install/nav2_common/local/lib/python3.10/dist-packages:${PYTHONPATH} /usr/bin/cmake /home/arc/nav2_ws/src/navigation2/nav2_collision_monitor -DAMENT_CMAKE_SYMLINK_INSTALL=1 -DCMAKE_INSTALL_PREFIX=/home/arc/nav2_ws/install/nav2_collision_monitor
[40.890s] Invoking command in '/home/arc/nav2_ws/build/nav2_collision_monitor': AMENT_PREFIX_PATH=/home/arc/nav2_ws/install/nav2_costmap_2d:/home/arc/nav2_ws/install/nav2_util:/home/arc/nav2_ws/install/nav2_voxel_grid:/home/arc/nav2_ws/install/nav2_msgs:/home/arc/nav2_ws/install/nav2_common:${AMENT_PREFIX_PATH} CMAKE_PREFIX_PATH=/home/arc/nav2_ws/install/nav2_costmap_2d:/home/arc/nav2_ws/install/nav2_util:/home/arc/nav2_ws/install/nav2_voxel_grid:/home/arc/nav2_ws/install/nav2_msgs:/home/arc/nav2_ws/install/nav2_common:/home/arc/workspace/install:/opt/ros/humble LD_LIBRARY_PATH=/home/arc/nav2_ws/install/nav2_costmap_2d/lib:/home/arc/nav2_ws/install/nav2_util/lib:/home/arc/nav2_ws/install/nav2_voxel_grid/lib:/home/arc/nav2_ws/install/nav2_msgs/lib:${LD_LIBRARY_PATH} PYTHONPATH=/home/arc/nav2_ws/install/nav2_msgs/local/lib/python3.10/dist-packages:/home/arc/nav2_ws/install/nav2_common/local/lib/python3.10/dist-packages:${PYTHONPATH} /usr/bin/cmake --build /home/arc/nav2_ws/build/nav2_collision_monitor -- -j4 -l4
[40.995s] [  4%] [32mBuilding CXX object CMakeFiles/collision_monitor_core.dir/src/collision_monitor_node.cpp.o[0m
[69.803s] [  9%] [32mBuilding CXX object CMakeFiles/collision_monitor_core.dir/src/polygon.cpp.o[0m
[85.466s] [ 13%] [32mBuilding CXX object CMakeFiles/collision_monitor_core.dir/src/circle.cpp.o[0m
[94.367s] [ 18%] [32mBuilding CXX object CMakeFiles/collision_monitor_core.dir/src/source.cpp.o[0m
[102.841s] [ 22%] [32mBuilding CXX object CMakeFiles/collision_monitor_core.dir/src/scan.cpp.o[0m
[126.913s] [ 27%] [32mBuilding CXX object CMakeFiles/collision_monitor_core.dir/src/pointcloud.cpp.o[0m
[152.312s] [ 31%] [32mBuilding CXX object CMakeFiles/collision_monitor_core.dir/src/kinematics.cpp.o[0m
[152.846s] [ 36%] [32m[1mLinking CXX shared library libcollision_monitor_core.so[0m
[153.775s] [ 36%] Built target collision_monitor_core
[153.810s] [ 40%] [32mBuilding CXX object gtest/CMakeFiles/gtest_main.dir/src/gtest_main.cc.o[0m
[156.067s] [ 45%] [32m[1mLinking CXX static library libgtest_main.a[0m
[156.123s] [ 45%] Built target gtest_main
[156.164s] [ 50%] [32mBuilding CXX object CMakeFiles/collision_monitor.dir/src/main.cpp.o[0m
[165.013s] [ 54%] [32m[1mLinking CXX executable collision_monitor[0m
[165.557s] [ 54%] Built target collision_monitor
[165.592s] [ 59%] [32mBuilding CXX object gtest/CMakeFiles/gtest.dir/src/gtest-all.cc.o[0m
[183.674s] [ 63%] [32m[1mLinking CXX static library libgtest.a[0m
[183.737s] [ 63%] Built target gtest
[183.775s] [ 68%] [32mBuilding CXX object test/CMakeFiles/kinematics_test.dir/kinematics_test.cpp.o[0m
[192.542s] [ 72%] [32m[1mLinking CXX executable kinematics_test[0m
[193.461s] [ 72%] Built target kinematics_test
[193.503s] [ 77%] [32mBuilding CXX object test/CMakeFiles/collision_monitor_node_test.dir/collision_monitor_node_test.cpp.o[0m
[233.913s] [ 81%] [32m[1mLinking CXX executable collision_monitor_node_test[0m
[234.944s] [ 81%] Built target collision_monitor_node_test
[234.985s] [ 86%] [32mBuilding CXX object test/CMakeFiles/polygons_test.dir/polygons_test.cpp.o[0m
[268.118s] [ 90%] [32m[1mLinking CXX executable polygons_test[0m
[269.343s] [ 90%] Built target polygons_test
[269.378s] [ 95%] [32mBuilding CXX object test/CMakeFiles/sources_test.dir/sources_test.cpp.o[0m
[289.089s] [100%] [32m[1mLinking CXX executable sources_test[0m
[290.101s] [100%] Built target sources_test
[290.121s] Invoked command in '/home/arc/nav2_ws/build/nav2_collision_monitor' returned '0': AMENT_PREFIX_PATH=/home/arc/nav2_ws/install/nav2_costmap_2d:/home/arc/nav2_ws/install/nav2_util:/home/arc/nav2_ws/install/nav2_voxel_grid:/home/arc/nav2_ws/install/nav2_msgs:/home/arc/nav2_ws/install/nav2_common:${AMENT_PREFIX_PATH} CMAKE_PREFIX_PATH=/home/arc/nav2_ws/install/nav2_costmap_2d:/home/arc/nav2_ws/install/nav2_util:/home/arc/nav2_ws/install/nav2_voxel_grid:/home/arc/nav2_ws/install/nav2_msgs:/home/arc/nav2_ws/install/nav2_common:/home/arc/workspace/install:/opt/ros/humble LD_LIBRARY_PATH=/home/arc/nav2_ws/install/nav2_costmap_2d/lib:/home/arc/nav2_ws/install/nav2_util/lib:/home/arc/nav2_ws/install/nav2_voxel_grid/lib:/home/arc/nav2_ws/install/nav2_msgs/lib:${LD_LIBRARY_PATH} PYTHONPATH=/home/arc/nav2_ws/install/nav2_msgs/local/lib/python3.10/dist-packages:/home/arc/nav2_ws/install/nav2_common/local/lib/python3.10/dist-packages:${PYTHONPATH} /usr/bin/cmake --build /home/arc/nav2_ws/build/nav2_collision_monitor -- -j4 -l4
[290.209s] Invoking command in '/home/arc/nav2_ws/build/nav2_collision_monitor': AMENT_PREFIX_PATH=/home/arc/nav2_ws/install/nav2_costmap_2d:/home/arc/nav2_ws/install/nav2_util:/home/arc/nav2_ws/install/nav2_voxel_grid:/home/arc/nav2_ws/install/nav2_msgs:/home/arc/nav2_ws/install/nav2_common:${AMENT_PREFIX_PATH} CMAKE_PREFIX_PATH=/home/arc/nav2_ws/install/nav2_costmap_2d:/home/arc/nav2_ws/install/nav2_util:/home/arc/nav2_ws/install/nav2_voxel_grid:/home/arc/nav2_ws/install/nav2_msgs:/home/arc/nav2_ws/install/nav2_common:/home/arc/workspace/install:/opt/ros/humble LD_LIBRARY_PATH=/home/arc/nav2_ws/install/nav2_costmap_2d/lib:/home/arc/nav2_ws/install/nav2_util/lib:/home/arc/nav2_ws/install/nav2_voxel_grid/lib:/home/arc/nav2_ws/install/nav2_msgs/lib:${LD_LIBRARY_PATH} PYTHONPATH=/home/arc/nav2_ws/install/nav2_msgs/local/lib/python3.10/dist-packages:/home/arc/nav2_ws/install/nav2_common/local/lib/python3.10/dist-packages:${PYTHONPATH} /usr/bin/cmake --install /home/arc/nav2_ws/build/nav2_collision_monitor
[290.224s] -- Install configuration: "Release"
[290.225s] -- Execute custom install script
[290.226s] -- Symlinking: /home/arc/nav2_ws/install/nav2_collision_monitor/lib/libcollision_monitor_core.so
[290.242s] -- Symlinking: /home/arc/nav2_ws/install/nav2_collision_monitor/lib/nav2_collision_monitor/collision_monitor
[290.258s] -- Symlinking: /home/arc/nav2_ws/install/nav2_collision_monitor/include//nav2_collision_monitor/circle.hpp
[290.273s] -- Symlinking: /home/arc/nav2_ws/install/nav2_collision_monitor/include//nav2_collision_monitor/collision_monitor_node.hpp
[290.288s] -- Symlinking: /home/arc/nav2_ws/install/nav2_collision_monitor/include//nav2_collision_monitor/kinematics.hpp
[290.303s] -- Symlinking: /home/arc/nav2_ws/install/nav2_collision_monitor/include//nav2_collision_monitor/pointcloud.hpp
[290.317s] -- Symlinking: /home/arc/nav2_ws/install/nav2_collision_monitor/include//nav2_collision_monitor/polygon.hpp
[290.331s] -- Symlinking: /home/arc/nav2_ws/install/nav2_collision_monitor/include//nav2_collision_monitor/scan.hpp
[290.348s] -- Symlinking: /home/arc/nav2_ws/install/nav2_collision_monitor/include//nav2_collision_monitor/source.hpp
[290.365s] -- Symlinking: /home/arc/nav2_ws/install/nav2_collision_monitor/include//nav2_collision_monitor/types.hpp
[290.384s] -- Symlinking: /home/arc/nav2_ws/install/nav2_collision_monitor/share/nav2_collision_monitor/launch/collision_monitor_node.launch.py
[290.401s] -- Symlinking: /home/arc/nav2_ws/install/nav2_collision_monitor/share/nav2_collision_monitor/params/collision_monitor_params.yaml
[290.417s] -- Symlinking: /home/arc/nav2_ws/install/nav2_collision_monitor/share/nav2_collision_monitor/environment/library_path.sh
[290.433s] -- Symlinking: /home/arc/nav2_ws/install/nav2_collision_monitor/share/nav2_collision_monitor/environment/library_path.dsv
[290.455s] -- Symlinking: /home/arc/nav2_ws/install/nav2_collision_monitor/share/ament_index/resource_index/package_run_dependencies/nav2_collision_monitor
[290.475s] -- Symlinking: /home/arc/nav2_ws/install/nav2_collision_monitor/share/ament_index/resource_index/parent_prefix_path/nav2_collision_monitor
[290.490s] -- Symlinking: /home/arc/nav2_ws/install/nav2_collision_monitor/share/nav2_collision_monitor/environment/ament_prefix_path.sh
[290.506s] -- Symlinking: /home/arc/nav2_ws/install/nav2_collision_monitor/share/nav2_collision_monitor/environment/ament_prefix_path.dsv
[290.525s] -- Symlinking: /home/arc/nav2_ws/install/nav2_collision_monitor/share/nav2_collision_monitor/environment/path.sh
[290.546s] -- Symlinking: /home/arc/nav2_ws/install/nav2_collision_monitor/share/nav2_collision_monitor/environment/path.dsv
[290.562s] -- Symlinking: /home/arc/nav2_ws/install/nav2_collision_monitor/share/nav2_collision_monitor/local_setup.bash
[290.576s] -- Symlinking: /home/arc/nav2_ws/install/nav2_collision_monitor/share/nav2_collision_monitor/local_setup.sh
[290.594s] -- Symlinking: /home/arc/nav2_ws/install/nav2_collision_monitor/share/nav2_collision_monitor/local_setup.zsh
[290.612s] -- Symlinking: /home/arc/nav2_ws/install/nav2_collision_monitor/share/nav2_collision_monitor/local_setup.dsv
[290.629s] -- Symlinking: /home/arc/nav2_ws/install/nav2_collision_monitor/share/nav2_collision_monitor/package.dsv
[290.645s] -- Symlinking: /home/arc/nav2_ws/install/nav2_collision_monitor/share/ament_index/resource_index/packages/nav2_collision_monitor
[290.662s] -- Symlinking: /home/arc/nav2_ws/install/nav2_collision_monitor/share/ament_index/resource_index/rclcpp_components/nav2_collision_monitor
[290.680s] -- Symlinking: /home/arc/nav2_ws/install/nav2_collision_monitor/share/nav2_collision_monitor/cmake/ament_cmake_export_include_directories-extras.cmake
[290.697s] -- Symlinking: /home/arc/nav2_ws/install/nav2_collision_monitor/share/nav2_collision_monitor/cmake/ament_cmake_export_libraries-extras.cmake
[290.712s] -- Symlinking: /home/arc/nav2_ws/install/nav2_collision_monitor/share/nav2_collision_monitor/cmake/ament_cmake_export_dependencies-extras.cmake
[290.727s] -- Symlinking: /home/arc/nav2_ws/install/nav2_collision_monitor/share/nav2_collision_monitor/cmake/nav2_collision_monitorConfig.cmake
[290.746s] -- Symlinking: /home/arc/nav2_ws/install/nav2_collision_monitor/share/nav2_collision_monitor/cmake/nav2_collision_monitorConfig-version.cmake
[290.764s] -- Symlinking: /home/arc/nav2_ws/install/nav2_collision_monitor/share/nav2_collision_monitor/package.xml
[290.789s] Invoked command in '/home/arc/nav2_ws/build/nav2_collision_monitor' returned '0': AMENT_PREFIX_PATH=/home/arc/nav2_ws/install/nav2_costmap_2d:/home/arc/nav2_ws/install/nav2_util:/home/arc/nav2_ws/install/nav2_voxel_grid:/home/arc/nav2_ws/install/nav2_msgs:/home/arc/nav2_ws/install/nav2_common:${AMENT_PREFIX_PATH} CMAKE_PREFIX_PATH=/home/arc/nav2_ws/install/nav2_costmap_2d:/home/arc/nav2_ws/install/nav2_util:/home/arc/nav2_ws/install/nav2_voxel_grid:/home/arc/nav2_ws/install/nav2_msgs:/home/arc/nav2_ws/install/nav2_common:/home/arc/workspace/install:/opt/ros/humble LD_LIBRARY_PATH=/home/arc/nav2_ws/install/nav2_costmap_2d/lib:/home/arc/nav2_ws/install/nav2_util/lib:/home/arc/nav2_ws/install/nav2_voxel_grid/lib:/home/arc/nav2_ws/install/nav2_msgs/lib:${LD_LIBRARY_PATH} PYTHONPATH=/home/arc/nav2_ws/install/nav2_msgs/local/lib/python3.10/dist-packages:/home/arc/nav2_ws/install/nav2_common/local/lib/python3.10/dist-packages:${PYTHONPATH} /usr/bin/cmake --install /home/arc/nav2_ws/build/nav2_collision_monitor
